{
  "/home/lucasbarque/projects/photolink/photolink-frontend/src/errors/ErrorBoundary.tsx": {
    "path": "/home/lucasbarque/projects/photolink/photolink-frontend/src/errors/ErrorBoundary.tsx",
    "statementMap": {
      "0": {
        "start": {
          "line": 3,
          "column": 0
        },
        "end": {
          "line": 3,
          "column": 104
        }
      },
      "1": {
        "start": {
          "line": 3,
          "column": 26
        },
        "end": {
          "line": 3,
          "column": 104
        }
      },
      "2": {
        "start": {
          "line": 4,
          "column": 23
        },
        "end": {
          "line": 4,
          "column": 42
        }
      },
      "3": {
        "start": {
          "line": 5,
          "column": 23
        },
        "end": {
          "line": 5,
          "column": 42
        }
      },
      "4": {
        "start": {
          "line": 6,
          "column": 0
        },
        "end": {
          "line": 6,
          "column": 139
        }
      },
      "5": {
        "start": {
          "line": 7,
          "column": 0
        },
        "end": {
          "line": 7,
          "column": 73
        }
      },
      "6": {
        "start": {
          "line": 10,
          "column": 9
        },
        "end": {
          "line": 10,
          "column": 23
        }
      },
      "7": {
        "start": {
          "line": 13,
          "column": 4
        },
        "end": {
          "line": 13,
          "column": 9
        }
      },
      "8": {
        "start": {
          "line": 14,
          "column": 36
        },
        "end": {
          "line": 14,
          "column": 51
        }
      },
      "9": {
        "start": {
          "line": 15,
          "column": 4
        },
        "end": {
          "line": 22,
          "column": 11
        }
      },
      "10": {
        "start": {
          "line": 16,
          "column": 29
        },
        "end": {
          "line": 19,
          "column": 9
        }
      },
      "11": {
        "start": {
          "line": 17,
          "column": 12
        },
        "end": {
          "line": 17,
          "column": 33
        }
      },
      "12": {
        "start": {
          "line": 18,
          "column": 12
        },
        "end": {
          "line": 18,
          "column": 30
        }
      },
      "13": {
        "start": {
          "line": 20,
          "column": 8
        },
        "end": {
          "line": 20,
          "column": 55
        }
      },
      "14": {
        "start": {
          "line": 21,
          "column": 8
        },
        "end": {
          "line": 21,
          "column": 69
        }
      },
      "15": {
        "start": {
          "line": 21,
          "column": 19
        },
        "end": {
          "line": 21,
          "column": 68
        }
      },
      "16": {
        "start": {
          "line": 23,
          "column": 4
        },
        "end": {
          "line": 32,
          "column": 22
        }
      },
      "17": {
        "start": {
          "line": 34,
          "column": 0
        },
        "end": {
          "line": 34,
          "column": 50
        }
      },
      "18": {
        "start": {
          "line": 35,
          "column": 0
        },
        "end": {
          "line": 35,
          "column": 19
        }
      },
      "19": {
        "start": {
          "line": 37,
          "column": 0
        },
        "end": {
          "line": 37,
          "column": 34
        }
      },
      "20": {
        "start": {
          "line": 40,
          "column": 0
        },
        "end": {
          "line": 40,
          "column": 37
        }
      },
      "21": {
        "start": {
          "line": 41,
          "column": 0
        },
        "end": {
          "line": 41,
          "column": 37
        }
      },
      "22": {
        "start": {
          "line": 42,
          "column": 0
        },
        "end": {
          "line": 49,
          "column": 3
        }
      },
      "23": {
        "start": {
          "line": 43,
          "column": 2
        },
        "end": {
          "line": 43,
          "column": 152
        }
      },
      "24": {
        "start": {
          "line": 44,
          "column": 2
        },
        "end": {
          "line": 48,
          "column": 5
        }
      },
      "25": {
        "start": {
          "line": 45,
          "column": 4
        },
        "end": {
          "line": 45,
          "column": 29
        }
      },
      "26": {
        "start": {
          "line": 45,
          "column": 22
        },
        "end": {
          "line": 45,
          "column": 29
        }
      },
      "27": {
        "start": {
          "line": 46,
          "column": 30
        },
        "end": {
          "line": 46,
          "column": 113
        }
      },
      "28": {
        "start": {
          "line": 47,
          "column": 4
        },
        "end": {
          "line": 47,
          "column": 73
        }
      },
      "29": {
        "start": {
          "line": 47,
          "column": 27
        },
        "end": {
          "line": 47,
          "column": 73
        }
      }
    },
    "fnMap": {
      "0": {
        "name": "ErrorBoundary",
        "decl": {
          "start": {
            "line": 12,
            "column": 16
          },
          "end": {
            "line": 12,
            "column": 29
          }
        },
        "loc": {
          "start": {
            "line": 12,
            "column": 45
          },
          "end": {
            "line": 33,
            "column": 1
          }
        },
        "line": 12
      },
      "1": {
        "name": "(anonymous_1)",
        "decl": {
          "start": {
            "line": 15,
            "column": 14
          },
          "end": {
            "line": 15,
            "column": 15
          }
        },
        "loc": {
          "start": {
            "line": 15,
            "column": 18
          },
          "end": {
            "line": 22,
            "column": 5
          }
        },
        "line": 15
      },
      "2": {
        "name": "(anonymous_2)",
        "decl": {
          "start": {
            "line": 16,
            "column": 29
          },
          "end": {
            "line": 16,
            "column": 30
          }
        },
        "loc": {
          "start": {
            "line": 16,
            "column": 38
          },
          "end": {
            "line": 19,
            "column": 9
          }
        },
        "line": 16
      },
      "3": {
        "name": "(anonymous_3)",
        "decl": {
          "start": {
            "line": 21,
            "column": 15
          },
          "end": {
            "line": 21,
            "column": 16
          }
        },
        "loc": {
          "start": {
            "line": 21,
            "column": 19
          },
          "end": {
            "line": 21,
            "column": 68
          }
        },
        "line": 21
      },
      "4": {
        "name": "(anonymous_4)",
        "decl": {
          "start": {
            "line": 42,
            "column": 50
          },
          "end": {
            "line": 42,
            "column": 51
          }
        },
        "loc": {
          "start": {
            "line": 42,
            "column": 70
          },
          "end": {
            "line": 49,
            "column": 1
          }
        },
        "line": 42
      },
      "5": {
        "name": "(anonymous_5)",
        "decl": {
          "start": {
            "line": 44,
            "column": 25
          },
          "end": {
            "line": 44,
            "column": 26
          }
        },
        "loc": {
          "start": {
            "line": 44,
            "column": 42
          },
          "end": {
            "line": 48,
            "column": 3
          }
        },
        "line": 44
      }
    },
    "branchMap": {
      "0": {
        "loc": {
          "start": {
            "line": 3,
            "column": 0
          },
          "end": {
            "line": 3,
            "column": 104
          }
        },
        "type": "if",
        "locations": [
          {
            "start": {
              "line": 3,
              "column": 0
            },
            "end": {
              "line": 3,
              "column": 104
            }
          },
          {
            "start": {},
            "end": {}
          }
        ],
        "line": 3
      },
      "1": {
        "loc": {
          "start": {
            "line": 23,
            "column": 11
          },
          "end": {
            "line": 32,
            "column": 21
          }
        },
        "type": "cond-expr",
        "locations": [
          {
            "start": {
              "line": 23,
              "column": 36
            },
            "end": {
              "line": 30,
              "column": 12
            }
          },
          {
            "start": {
              "line": 30,
              "column": 29
            },
            "end": {
              "line": 32,
              "column": 21
            }
          }
        ],
        "line": 23
      },
      "2": {
        "loc": {
          "start": {
            "line": 45,
            "column": 4
          },
          "end": {
            "line": 45,
            "column": 29
          }
        },
        "type": "if",
        "locations": [
          {
            "start": {
              "line": 45,
              "column": 4
            },
            "end": {
              "line": 45,
              "column": 29
            }
          },
          {
            "start": {},
            "end": {}
          }
        ],
        "line": 45
      },
      "3": {
        "loc": {
          "start": {
            "line": 47,
            "column": 4
          },
          "end": {
            "line": 47,
            "column": 73
          }
        },
        "type": "if",
        "locations": [
          {
            "start": {
              "line": 47,
              "column": 4
            },
            "end": {
              "line": 47,
              "column": 73
            }
          },
          {
            "start": {},
            "end": {}
          }
        ],
        "line": 47
      }
    },
    "s": {
      "0": 4,
      "1": 0,
      "2": 4,
      "3": 4,
      "4": 4,
      "5": 4,
      "6": 4,
      "7": 8,
      "8": 8,
      "9": 8,
      "10": 8,
      "11": 0,
      "12": 0,
      "13": 8,
      "14": 8,
      "15": 4,
      "16": 8,
      "17": 4,
      "18": 4,
      "19": 4,
      "20": 4,
      "21": 4,
      "22": 4,
      "23": 4,
      "24": 4,
      "25": 0,
      "26": 0,
      "27": 0,
      "28": 0,
      "29": 0
    },
    "f": {
      "0": 8,
      "1": 8,
      "2": 0,
      "3": 4,
      "4": 4,
      "5": 0
    },
    "b": {
      "0": [
        0,
        4
      ],
      "1": [
        0,
        8
      ],
      "2": [
        0,
        0
      ],
      "3": [
        0,
        0
      ]
    },
    "inputSourceMap": {
      "version": 3,
      "sources": [
        "/home/lucasbarque/projects/photolink/photolink-frontend/src/errors/ErrorBoundary.tsx"
      ],
      "names": [
        "React",
        "useEffect",
        "useState",
        "ErrorBoundary",
        "children",
        "hasError",
        "setHasError",
        "errorHandler",
        "error",
        "console",
        "window",
        "addEventListener",
        "removeEventListener",
        "div",
        "className"
      ],
      "mappings": ";;;;;;;;;;AAAA,OAAOA,SAASC,SAAS,EAAEC,QAAQ,QAAQ,QAAQ;AAMnD,OAAO,SAASC,cAAc,EAAEC,SAAQ,EAAsB;;IAC5D,MAAM,CAACC,UAAUC,YAAY,GAAGJ,SAAS;IAEzCD,UAAU;QACR,MAAMM,eAAe,CAACC;YACpBC,QAAQD,MAAMA;YACdF,YAAY;QACd;QACAI,OAAOC,iBAAiB,SAASJ;QACjC,OAAO,IAAMG,OAAOE,oBAAoB,SAASL;IACnD,GAAG,EAAE;IAEL,OAAOF,yBACL,QAACQ;QAAIC,WAAU;kBAAqD;;;;;6BAIpE;kBAAGV;;AAEP;GAnBgBD;KAAAA"
    },
    "_coverageSchema": "1a1c01bbd47fc00a2c39e90264f33305004495a9",
    "hash": "8c001be917b31517d12edfc8f35b5d73041af6e1"
  },
  "/home/lucasbarque/projects/photolink/photolink-frontend/src/model/storage/keys.ts": {
    "path": "/home/lucasbarque/projects/photolink/photolink-frontend/src/model/storage/keys.ts",
    "statementMap": {
      "0": {
        "start": {
          "line": 2,
          "column": 0
        },
        "end": {
          "line": 4,
          "column": 48
        }
      },
      "1": {
        "start": {
          "line": 3,
          "column": 4
        },
        "end": {
          "line": 3,
          "column": 55
        }
      },
      "2": {
        "start": {
          "line": 6,
          "column": 0
        },
        "end": {
          "line": 6,
          "column": 83
        }
      }
    },
    "fnMap": {
      "0": {
        "name": "(anonymous_0)",
        "decl": {
          "start": {
            "line": 2,
            "column": 1
          },
          "end": {
            "line": 2,
            "column": 2
          }
        },
        "loc": {
          "start": {
            "line": 2,
            "column": 28
          },
          "end": {
            "line": 4,
            "column": 1
          }
        },
        "line": 2
      },
      "1": {
        "name": "(anonymous_1)",
        "decl": {
          "start": {
            "line": 6,
            "column": 1
          },
          "end": {
            "line": 6,
            "column": 2
          }
        },
        "loc": {
          "start": {
            "line": 6,
            "column": 30
          },
          "end": {
            "line": 6,
            "column": 32
          }
        },
        "line": 6
      }
    },
    "branchMap": {
      "0": {
        "loc": {
          "start": {
            "line": 4,
            "column": 3
          },
          "end": {
            "line": 4,
            "column": 46
          }
        },
        "type": "binary-expr",
        "locations": [
          {
            "start": {
              "line": 4,
              "column": 3
            },
            "end": {
              "line": 4,
              "column": 19
            }
          },
          {
            "start": {
              "line": 4,
              "column": 24
            },
            "end": {
              "line": 4,
              "column": 45
            }
          }
        ],
        "line": 4
      },
      "1": {
        "loc": {
          "start": {
            "line": 6,
            "column": 34
          },
          "end": {
            "line": 6,
            "column": 81
          }
        },
        "type": "binary-expr",
        "locations": [
          {
            "start": {
              "line": 6,
              "column": 34
            },
            "end": {
              "line": 6,
              "column": 52
            }
          },
          {
            "start": {
              "line": 6,
              "column": 57
            },
            "end": {
              "line": 6,
              "column": 80
            }
          }
        ],
        "line": 6
      }
    },
    "s": {
      "0": 4,
      "1": 4,
      "2": 4
    },
    "f": {
      "0": 4,
      "1": 4
    },
    "b": {
      "0": [
        4,
        4
      ],
      "1": [
        4,
        4
      ]
    },
    "inputSourceMap": {
      "version": 3,
      "sources": [
        "/home/lucasbarque/projects/photolink/photolink-frontend/src/model/storage/keys.ts"
      ],
      "names": [
        "LocalStorageKeys",
        "token",
        "SessionStorageKeys"
      ],
      "mappings": "WAAO;UAAKA,gBAAgB;IAAhBA,iBACVC,WAAQ;GADED,qBAAAA;WAIL;UAAKE,kBAAkB,MAAlBA,uBAAAA"
    },
    "_coverageSchema": "1a1c01bbd47fc00a2c39e90264f33305004495a9",
    "hash": "21df6e01bf514569a312ddc258b71e0998a70492"
  },
  "/home/lucasbarque/projects/photolink/photolink-frontend/src/infrastructure/http/client/axios-http-client.ts": {
    "path": "/home/lucasbarque/projects/photolink/photolink-frontend/src/infrastructure/http/client/axios-http-client.ts",
    "statementMap": {
      "0": {
        "start": {
          "line": 2,
          "column": 4
        },
        "end": {
          "line": 11,
          "column": 5
        }
      },
      "1": {
        "start": {
          "line": 3,
          "column": 8
        },
        "end": {
          "line": 8,
          "column": 11
        }
      },
      "2": {
        "start": {
          "line": 10,
          "column": 8
        },
        "end": {
          "line": 10,
          "column": 25
        }
      },
      "3": {
        "start": {
          "line": 12,
          "column": 4
        },
        "end": {
          "line": 12,
          "column": 15
        }
      },
      "4": {
        "start": {
          "line": 16,
          "column": 30
        },
        "end": {
          "line": 16,
          "column": 45
        }
      },
      "5": {
        "start": {
          "line": 19,
          "column": 26
        },
        "end": {
          "line": 21,
          "column": 16
        }
      },
      "6": {
        "start": {
          "line": 22,
          "column": 8
        },
        "end": {
          "line": 26,
          "column": 10
        }
      },
      "7": {
        "start": {
          "line": 29,
          "column": 8
        },
        "end": {
          "line": 51,
          "column": 9
        }
      },
      "8": {
        "start": {
          "line": 30,
          "column": 29
        },
        "end": {
          "line": 41,
          "column": 14
        }
      },
      "9": {
        "start": {
          "line": 42,
          "column": 12
        },
        "end": {
          "line": 45,
          "column": 14
        }
      },
      "10": {
        "start": {
          "line": 47,
          "column": 12
        },
        "end": {
          "line": 50,
          "column": 14
        }
      },
      "11": {
        "start": {
          "line": 54,
          "column": 22
        },
        "end": {
          "line": 54,
          "column": 66
        }
      },
      "12": {
        "start": {
          "line": 55,
          "column": 8
        },
        "end": {
          "line": 59,
          "column": 9
        }
      },
      "13": {
        "start": {
          "line": 56,
          "column": 12
        },
        "end": {
          "line": 56,
          "column": 37
        }
      },
      "14": {
        "start": {
          "line": 58,
          "column": 12
        },
        "end": {
          "line": 58,
          "column": 24
        }
      },
      "15": {
        "start": {
          "line": 62,
          "column": 8
        },
        "end": {
          "line": 62,
          "column": 50
        }
      },
      "16": {
        "start": {
          "line": 63,
          "column": 8
        },
        "end": {
          "line": 63,
          "column": 40
        }
      }
    },
    "fnMap": {
      "0": {
        "name": "_define_property",
        "decl": {
          "start": {
            "line": 1,
            "column": 9
          },
          "end": {
            "line": 1,
            "column": 25
          }
        },
        "loc": {
          "start": {
            "line": 1,
            "column": 43
          },
          "end": {
            "line": 13,
            "column": 1
          }
        },
        "line": 1
      },
      "1": {
        "name": "(anonymous_1)",
        "decl": {
          "start": {
            "line": 18,
            "column": 4
          },
          "end": {
            "line": 18,
            "column": 5
          }
        },
        "loc": {
          "start": {
            "line": 18,
            "column": 40
          },
          "end": {
            "line": 27,
            "column": 5
          }
        },
        "line": 18
      },
      "2": {
        "name": "(anonymous_2)",
        "decl": {
          "start": {
            "line": 28,
            "column": 4
          },
          "end": {
            "line": 28,
            "column": 5
          }
        },
        "loc": {
          "start": {
            "line": 28,
            "column": 24
          },
          "end": {
            "line": 52,
            "column": 5
          }
        },
        "line": 28
      },
      "3": {
        "name": "(anonymous_3)",
        "decl": {
          "start": {
            "line": 53,
            "column": 4
          },
          "end": {
            "line": 53,
            "column": 5
          }
        },
        "loc": {
          "start": {
            "line": 53,
            "column": 21
          },
          "end": {
            "line": 60,
            "column": 5
          }
        },
        "line": 53
      },
      "4": {
        "name": "(anonymous_4)",
        "decl": {
          "start": {
            "line": 61,
            "column": 4
          },
          "end": {
            "line": 61,
            "column": 5
          }
        },
        "loc": {
          "start": {
            "line": 61,
            "column": 17
          },
          "end": {
            "line": 64,
            "column": 5
          }
        },
        "line": 61
      }
    },
    "branchMap": {
      "0": {
        "loc": {
          "start": {
            "line": 2,
            "column": 4
          },
          "end": {
            "line": 11,
            "column": 5
          }
        },
        "type": "if",
        "locations": [
          {
            "start": {
              "line": 2,
              "column": 4
            },
            "end": {
              "line": 11,
              "column": 5
            }
          },
          {
            "start": {
              "line": 9,
              "column": 11
            },
            "end": {
              "line": 11,
              "column": 5
            }
          }
        ],
        "line": 2
      },
      "1": {
        "loc": {
          "start": {
            "line": 19,
            "column": 26
          },
          "end": {
            "line": 21,
            "column": 16
          }
        },
        "type": "cond-expr",
        "locations": [
          {
            "start": {
              "line": 19,
              "column": 34
            },
            "end": {
              "line": 21,
              "column": 9
            }
          },
          {
            "start": {
              "line": 21,
              "column": 12
            },
            "end": {
              "line": 21,
              "column": 16
            }
          }
        ],
        "line": 19
      },
      "2": {
        "loc": {
          "start": {
            "line": 25,
            "column": 15
          },
          "end": {
            "line": 25,
            "column": 33
          }
        },
        "type": "binary-expr",
        "locations": [
          {
            "start": {
              "line": 25,
              "column": 15
            },
            "end": {
              "line": 25,
              "column": 22
            }
          },
          {
            "start": {
              "line": 25,
              "column": 26
            },
            "end": {
              "line": 25,
              "column": 33
            }
          }
        ],
        "line": 25
      },
      "3": {
        "loc": {
          "start": {
            "line": 55,
            "column": 8
          },
          "end": {
            "line": 59,
            "column": 9
          }
        },
        "type": "if",
        "locations": [
          {
            "start": {
              "line": 55,
              "column": 8
            },
            "end": {
              "line": 59,
              "column": 9
            }
          },
          {
            "start": {
              "line": 57,
              "column": 15
            },
            "end": {
              "line": 59,
              "column": 9
            }
          }
        ],
        "line": 55
      }
    },
    "s": {
      "0": 46,
      "1": 0,
      "2": 46,
      "3": 46,
      "4": 4,
      "5": 4,
      "6": 4,
      "7": 4,
      "8": 4,
      "9": 2,
      "10": 2,
      "11": 4,
      "12": 4,
      "13": 0,
      "14": 4,
      "15": 46,
      "16": 46
    },
    "f": {
      "0": 46,
      "1": 4,
      "2": 4,
      "3": 4,
      "4": 46
    },
    "b": {
      "0": [
        0,
        46
      ],
      "1": [
        0,
        4
      ],
      "2": [
        4,
        0
      ],
      "3": [
        0,
        4
      ]
    },
    "inputSourceMap": {
      "version": 3,
      "sources": [
        "/home/lucasbarque/projects/photolink/photolink-frontend/src/infrastructure/http/client/axios-http-client.ts"
      ],
      "names": [
        "LocalStorageKeys",
        "axios",
        "VITE_BACKEND_URL",
        "env",
        "AxiosHttpClient",
        "createHeaders",
        "token",
        "headers",
        "tokenAuth",
        "Authorization",
        "request",
        "data",
        "response",
        "baseURL",
        "baseUrl",
        "url",
        "method",
        "body",
        "params",
        "getToken",
        "timeoutErrorMessage",
        "statusCode",
        "status",
        "err",
        "localStorage",
        "getItem",
        "JSON",
        "parse",
        "constructor"
      ],
      "mappings": ";;;;;;;;;;;;;AAKA,SAASA,gBAAgB,QAAQ,sBAAsB;AACvD,OAAOC,WAAW,QAAQ;AAE1B,MAAM,EAAEC,iBAAgB,EAAE,GAAG,YAAYC;AAOzC,OAAO,MAAMC;IAOHC,cAAc,EAAEC,MAAK,EAAEC,QAAO,EAAsB,EAAE;QAC5D,MAAMC,YAAYF,QAAQ;YAAEG,eAAe,CAAC,OAAO,EAAEH,MAAM,CAAC;QAAC,IAAI;QACjE,OAAO;YACL,gBAAgB;YAChB,GAAGE,SAAS;YACZ,GAAID,WAAWA,OAAO;QACxB;IACF;IAEA,MAAMG,QAAQC,IAAkB,EAAyB;QACvD,IAAI;YACF,MAAMC,WAAW,MAAMX,MAAMS,QAAQ;gBACnCG,SAAS,IAAI,CAACC;gBACdC,KAAKJ,KAAKI;gBACVC,QAAQL,KAAKK;gBACbL,MAAMA,KAAKM;gBACXC,QAAQP,KAAKO;gBACbX,SAAS,IAAI,CAACF,cAAc;oBAC1BC,OAAO,MAAM,IAAI,CAACa;oBAClBZ,SAASI,KAAKJ;gBAChB;gBACAa,qBAAqB;YACvB;YAEA,OAAO;gBACLC,YAAYT,SAASU;gBACrBL,MAAML,SAASD;YACjB;QACF,EAAE,OAAOY,KAAU;YACjB,OAAO;gBACLF,YAAYE,KAAKX,UAAUU;gBAC3BL,MAAMM,KAAKX,UAAUD;YACvB;QACF;IACF;IAEA,MAAcQ,WAAmC;QAC/C,MAAMb,QAAQkB,aAAaC,QAAQzB,iBAAiBM;QAEpD,IAAIA,OAAO;YACT,OAAOoB,KAAKC,MAAMrB;QACpB,OAAO;YACL,OAAO;QACT;IACF;IAhDAsB,aAAc;QAFd,uBAAQd,WAAR,KAAA;QAGE,IAAI,CAACA,UAAUZ;IACjB;AAmDF"
    },
    "_coverageSchema": "1a1c01bbd47fc00a2c39e90264f33305004495a9",
    "hash": "da3bf710e441219f406358982a8f3c220bbfae2d"
  },
  "/home/lucasbarque/projects/photolink/photolink-frontend/src/infrastructure/http/factories/ApiFactory.ts": {
    "path": "/home/lucasbarque/projects/photolink/photolink-frontend/src/infrastructure/http/factories/ApiFactory.ts",
    "statementMap": {
      "0": {
        "start": {
          "line": 2,
          "column": 19
        },
        "end": {
          "line": 4,
          "column": 1
        }
      },
      "1": {
        "start": {
          "line": 3,
          "column": 4
        },
        "end": {
          "line": 3,
          "column": 33
        }
      }
    },
    "fnMap": {
      "0": {
        "name": "(anonymous_0)",
        "decl": {
          "start": {
            "line": 2,
            "column": 19
          },
          "end": {
            "line": 2,
            "column": 20
          }
        },
        "loc": {
          "start": {
            "line": 2,
            "column": 23
          },
          "end": {
            "line": 4,
            "column": 1
          }
        },
        "line": 2
      }
    },
    "branchMap": {},
    "s": {
      "0": 4,
      "1": 46
    },
    "f": {
      "0": 46
    },
    "b": {},
    "inputSourceMap": {
      "version": 3,
      "sources": [
        "/home/lucasbarque/projects/photolink/photolink-frontend/src/infrastructure/http/factories/ApiFactory.ts"
      ],
      "names": [
        "AxiosHttpClient",
        "ApiFactory"
      ],
      "mappings": "AAAA,SAASA,eAAe,QAAQ,gDAAgD;AAGhF,MAAMC,aAAa;IACjB,OAAO,IAAID;AACb;AAEA,eAAeC,WAAW"
    },
    "_coverageSchema": "1a1c01bbd47fc00a2c39e90264f33305004495a9",
    "hash": "dc3348aaf13fbb5e8597aba0144c52bf29643985"
  },
  "/home/lucasbarque/projects/photolink/photolink-frontend/src/infrastructure/services/auth/index.ts": {
    "path": "/home/lucasbarque/projects/photolink/photolink-frontend/src/infrastructure/services/auth/index.ts",
    "statementMap": {
      "0": {
        "start": {
          "line": 2,
          "column": 4
        },
        "end": {
          "line": 11,
          "column": 5
        }
      },
      "1": {
        "start": {
          "line": 3,
          "column": 8
        },
        "end": {
          "line": 8,
          "column": 11
        }
      },
      "2": {
        "start": {
          "line": 10,
          "column": 8
        },
        "end": {
          "line": 10,
          "column": 25
        }
      },
      "3": {
        "start": {
          "line": 12,
          "column": 4
        },
        "end": {
          "line": 12,
          "column": 15
        }
      },
      "4": {
        "start": {
          "line": 17,
          "column": 8
        },
        "end": {
          "line": 21,
          "column": 11
        }
      },
      "5": {
        "start": {
          "line": 24,
          "column": 8
        },
        "end": {
          "line": 27,
          "column": 11
        }
      },
      "6": {
        "start": {
          "line": 30,
          "column": 8
        },
        "end": {
          "line": 30,
          "column": 59
        }
      }
    },
    "fnMap": {
      "0": {
        "name": "_define_property",
        "decl": {
          "start": {
            "line": 1,
            "column": 9
          },
          "end": {
            "line": 1,
            "column": 25
          }
        },
        "loc": {
          "start": {
            "line": 1,
            "column": 43
          },
          "end": {
            "line": 13,
            "column": 1
          }
        },
        "line": 1
      },
      "1": {
        "name": "(anonymous_1)",
        "decl": {
          "start": {
            "line": 16,
            "column": 4
          },
          "end": {
            "line": 16,
            "column": 5
          }
        },
        "loc": {
          "start": {
            "line": 16,
            "column": 29
          },
          "end": {
            "line": 22,
            "column": 5
          }
        },
        "line": 16
      },
      "2": {
        "name": "(anonymous_2)",
        "decl": {
          "start": {
            "line": 23,
            "column": 4
          },
          "end": {
            "line": 23,
            "column": 5
          }
        },
        "loc": {
          "start": {
            "line": 23,
            "column": 15
          },
          "end": {
            "line": 28,
            "column": 5
          }
        },
        "line": 23
      },
      "3": {
        "name": "(anonymous_3)",
        "decl": {
          "start": {
            "line": 29,
            "column": 4
          },
          "end": {
            "line": 29,
            "column": 5
          }
        },
        "loc": {
          "start": {
            "line": 29,
            "column": 17
          },
          "end": {
            "line": 31,
            "column": 5
          }
        },
        "line": 29
      }
    },
    "branchMap": {
      "0": {
        "loc": {
          "start": {
            "line": 2,
            "column": 4
          },
          "end": {
            "line": 11,
            "column": 5
          }
        },
        "type": "if",
        "locations": [
          {
            "start": {
              "line": 2,
              "column": 4
            },
            "end": {
              "line": 11,
              "column": 5
            }
          },
          {
            "start": {
              "line": 9,
              "column": 11
            },
            "end": {
              "line": 11,
              "column": 5
            }
          }
        ],
        "line": 2
      }
    },
    "s": {
      "0": 20,
      "1": 0,
      "2": 20,
      "3": 20,
      "4": 1,
      "5": 1,
      "6": 20
    },
    "f": {
      "0": 20,
      "1": 1,
      "2": 1,
      "3": 20
    },
    "b": {
      "0": [
        0,
        20
      ]
    },
    "inputSourceMap": {
      "version": 3,
      "sources": [
        "/home/lucasbarque/projects/photolink/photolink-frontend/src/infrastructure/services/auth/index.ts"
      ],
      "names": [
        "ApiFactory",
        "AuthService",
        "authenticate",
        "data",
        "httpClient",
        "request",
        "method",
        "url",
        "body",
        "me"
      ],
      "mappings": ";;;;;;;;;;;;;AAAA,OAAOA,gBAAgB,4CAA4C;AAQpD,MAAMC;IAGnB,MAAaC,aACXC,IAA4B,EACoB;QAChD,OAAO,MAAM,IAAI,CAACC,WAAWC,QAAQ;YACnCC,QAAQ;YACRC,KAAK;YACLC,MAAML;QACR;IACF;IAEA,MAAaM,KAA2C;QACtD,OAAO,MAAM,IAAI,CAACL,WAAWC,QAAQ;YACnCC,QAAQ;YACRC,KAAK;QACP;IACF;;QAjBAH,uBAAAA,cAAaJ;;AAkBf;AAnBA,SAAqBC,yBAmBpB"
    },
    "_coverageSchema": "1a1c01bbd47fc00a2c39e90264f33305004495a9",
    "hash": "6d7e8227c7c1876457cfe8750be004ab08f1b903"
  },
  "/home/lucasbarque/projects/photolink/photolink-frontend/src/hooks/useToast.tsx": {
    "path": "/home/lucasbarque/projects/photolink/photolink-frontend/src/hooks/useToast.tsx",
    "statementMap": {
      "0": {
        "start": {
          "line": 4,
          "column": 24
        },
        "end": {
          "line": 15,
          "column": 1
        }
      },
      "1": {
        "start": {
          "line": 5,
          "column": 18
        },
        "end": {
          "line": 11,
          "column": 5
        }
      },
      "2": {
        "start": {
          "line": 6,
          "column": 8
        },
        "end": {
          "line": 10,
          "column": 11
        }
      },
      "3": {
        "start": {
          "line": 12,
          "column": 4
        },
        "end": {
          "line": 14,
          "column": 6
        }
      }
    },
    "fnMap": {
      "0": {
        "name": "(anonymous_0)",
        "decl": {
          "start": {
            "line": 4,
            "column": 24
          },
          "end": {
            "line": 4,
            "column": 25
          }
        },
        "loc": {
          "start": {
            "line": 4,
            "column": 28
          },
          "end": {
            "line": 15,
            "column": 1
          }
        },
        "line": 4
      },
      "1": {
        "name": "(anonymous_1)",
        "decl": {
          "start": {
            "line": 5,
            "column": 18
          },
          "end": {
            "line": 5,
            "column": 19
          }
        },
        "loc": {
          "start": {
            "line": 5,
            "column": 66
          },
          "end": {
            "line": 11,
            "column": 5
          }
        },
        "line": 5
      }
    },
    "branchMap": {
      "0": {
        "loc": {
          "start": {
            "line": 5,
            "column": 31
          },
          "end": {
            "line": 5,
            "column": 44
          }
        },
        "type": "default-arg",
        "locations": [
          {
            "start": {
              "line": 5,
              "column": 37
            },
            "end": {
              "line": 5,
              "column": 44
            }
          }
        ],
        "line": 5
      },
      "1": {
        "loc": {
          "start": {
            "line": 5,
            "column": 47
          },
          "end": {
            "line": 5,
            "column": 60
          }
        },
        "type": "default-arg",
        "locations": [
          {
            "start": {
              "line": 5,
              "column": 56
            },
            "end": {
              "line": 5,
              "column": 60
            }
          }
        ],
        "line": 5
      }
    },
    "s": {
      "0": 4,
      "1": 46,
      "2": 1,
      "3": 46
    },
    "f": {
      "0": 46,
      "1": 1
    },
    "b": {
      "0": [
        0
      ],
      "1": [
        1
      ]
    },
    "inputSourceMap": {
      "version": 3,
      "sources": [
        "/home/lucasbarque/projects/photolink/photolink-frontend/src/hooks/useToast.tsx"
      ],
      "names": [
        "createToast",
        "useToast",
        "toast",
        "message",
        "type",
        "timeout",
        "cancel"
      ],
      "mappings": "AAAA,SAASA,WAAW,QAAQ,eAAe;AAC3C,OAAO,mBAAmB;AAE1B,OAAO,sBAAsB;AAS7B,OAAO,MAAMC,WAAW;IACtB,MAAMC,QAAQ,CAAC,EAAEC,QAAO,EAAEC,MAAO,QAAO,EAAEC,SAAU,KAAI,EAAc;QACpEL,YAAYG,SAAS;YACnBE;YACAD;YACAE,QAAQ;QACV;IACF;IACA,OAAO;QACLJ;IACF;AACF,EAAE"
    },
    "_coverageSchema": "1a1c01bbd47fc00a2c39e90264f33305004495a9",
    "hash": "adcaec12b7e978f60e85b135f000e56e3766e24e"
  },
  "/home/lucasbarque/projects/photolink/photolink-frontend/src/model/http/http-client.ts": {
    "path": "/home/lucasbarque/projects/photolink/photolink-frontend/src/model/http/http-client.ts",
    "statementMap": {
      "0": {
        "start": {
          "line": 2,
          "column": 0
        },
        "end": {
          "line": 16,
          "column": 44
        }
      },
      "1": {
        "start": {
          "line": 3,
          "column": 4
        },
        "end": {
          "line": 3,
          "column": 54
        }
      },
      "2": {
        "start": {
          "line": 4,
          "column": 4
        },
        "end": {
          "line": 4,
          "column": 64
        }
      },
      "3": {
        "start": {
          "line": 5,
          "column": 4
        },
        "end": {
          "line": 5,
          "column": 66
        }
      },
      "4": {
        "start": {
          "line": 6,
          "column": 4
        },
        "end": {
          "line": 6,
          "column": 68
        }
      },
      "5": {
        "start": {
          "line": 7,
          "column": 4
        },
        "end": {
          "line": 7,
          "column": 70
        }
      },
      "6": {
        "start": {
          "line": 8,
          "column": 4
        },
        "end": {
          "line": 8,
          "column": 74
        }
      },
      "7": {
        "start": {
          "line": 9,
          "column": 4
        },
        "end": {
          "line": 9,
          "column": 68
        }
      },
      "8": {
        "start": {
          "line": 10,
          "column": 4
        },
        "end": {
          "line": 10,
          "column": 66
        }
      },
      "9": {
        "start": {
          "line": 11,
          "column": 4
        },
        "end": {
          "line": 11,
          "column": 58
        }
      },
      "10": {
        "start": {
          "line": 12,
          "column": 4
        },
        "end": {
          "line": 12,
          "column": 66
        }
      },
      "11": {
        "start": {
          "line": 13,
          "column": 4
        },
        "end": {
          "line": 13,
          "column": 70
        }
      },
      "12": {
        "start": {
          "line": 14,
          "column": 4
        },
        "end": {
          "line": 14,
          "column": 72
        }
      },
      "13": {
        "start": {
          "line": 15,
          "column": 4
        },
        "end": {
          "line": 15,
          "column": 86
        }
      }
    },
    "fnMap": {
      "0": {
        "name": "(anonymous_0)",
        "decl": {
          "start": {
            "line": 2,
            "column": 1
          },
          "end": {
            "line": 2,
            "column": 2
          }
        },
        "loc": {
          "start": {
            "line": 2,
            "column": 26
          },
          "end": {
            "line": 16,
            "column": 1
          }
        },
        "line": 2
      }
    },
    "branchMap": {
      "0": {
        "loc": {
          "start": {
            "line": 16,
            "column": 3
          },
          "end": {
            "line": 16,
            "column": 42
          }
        },
        "type": "binary-expr",
        "locations": [
          {
            "start": {
              "line": 16,
              "column": 3
            },
            "end": {
              "line": 16,
              "column": 17
            }
          },
          {
            "start": {
              "line": 16,
              "column": 22
            },
            "end": {
              "line": 16,
              "column": 41
            }
          }
        ],
        "line": 16
      }
    },
    "s": {
      "0": 4,
      "1": 4,
      "2": 4,
      "3": 4,
      "4": 4,
      "5": 4,
      "6": 4,
      "7": 4,
      "8": 4,
      "9": 4,
      "10": 4,
      "11": 4,
      "12": 4,
      "13": 4
    },
    "f": {
      "0": 4
    },
    "b": {
      "0": [
        4,
        4
      ]
    },
    "inputSourceMap": {
      "version": 3,
      "sources": [
        "/home/lucasbarque/projects/photolink/photolink-frontend/src/model/http/http-client.ts"
      ],
      "names": [
        "HttpStatusCode",
        "ok",
        "created",
        "accepted",
        "noContent",
        "badRequest",
        "unauthorized",
        "forbidden",
        "notFound",
        "rule",
        "conflict",
        "validation",
        "serverError",
        "serviceUnavailable"
      ],
      "mappings": "WAmBO;UAAKA,cAAc;IAAdA,eAAAA,eACVC,QAAK,OAALA;IADUD,eAAAA,eAEVE,aAAU,OAAVA;IAFUF,eAAAA,eAGVG,cAAW,OAAXA;IAHUH,eAAAA,eAIVI,eAAY,OAAZA;IAJUJ,eAAAA,eAKVK,gBAAa,OAAbA;IALUL,eAAAA,eAMVM,kBAAe,OAAfA;IANUN,eAAAA,eAOVO,eAAY,OAAZA;IAPUP,eAAAA,eAQVQ,cAAW,OAAXA;IARUR,eAAAA,eASVS,UAAO,OAAPA;IATUT,eAAAA,eAUVU,cAAW,OAAXA;IAVUV,eAAAA,eAWVW,gBAAa,OAAbA;IAXUX,eAAAA,eAYVY,iBAAc,OAAdA;IAZUZ,eAAAA,eAaVa,wBAAqB,OAArBA;GAbUb,mBAAAA"
    },
    "_coverageSchema": "1a1c01bbd47fc00a2c39e90264f33305004495a9",
    "hash": "ed823b79eb13947264ab4d3c03b55ba6eaccb9dc"
  },
  "/home/lucasbarque/projects/photolink/photolink-frontend/src/model/loading/states.ts": {
    "path": "/home/lucasbarque/projects/photolink/photolink-frontend/src/model/loading/states.ts",
    "statementMap": {
      "0": {
        "start": {
          "line": 2,
          "column": 0
        },
        "end": {
          "line": 7,
          "column": 50
        }
      },
      "1": {
        "start": {
          "line": 3,
          "column": 4
        },
        "end": {
          "line": 3,
          "column": 39
        }
      },
      "2": {
        "start": {
          "line": 4,
          "column": 4
        },
        "end": {
          "line": 4,
          "column": 41
        }
      },
      "3": {
        "start": {
          "line": 5,
          "column": 4
        },
        "end": {
          "line": 5,
          "column": 47
        }
      },
      "4": {
        "start": {
          "line": 6,
          "column": 4
        },
        "end": {
          "line": 6,
          "column": 45
        }
      }
    },
    "fnMap": {
      "0": {
        "name": "(anonymous_0)",
        "decl": {
          "start": {
            "line": 2,
            "column": 1
          },
          "end": {
            "line": 2,
            "column": 2
          }
        },
        "loc": {
          "start": {
            "line": 2,
            "column": 29
          },
          "end": {
            "line": 7,
            "column": 1
          }
        },
        "line": 2
      }
    },
    "branchMap": {
      "0": {
        "loc": {
          "start": {
            "line": 7,
            "column": 3
          },
          "end": {
            "line": 7,
            "column": 48
          }
        },
        "type": "binary-expr",
        "locations": [
          {
            "start": {
              "line": 7,
              "column": 3
            },
            "end": {
              "line": 7,
              "column": 20
            }
          },
          {
            "start": {
              "line": 7,
              "column": 25
            },
            "end": {
              "line": 7,
              "column": 47
            }
          }
        ],
        "line": 7
      }
    },
    "s": {
      "0": 4,
      "1": 4,
      "2": 4,
      "3": 4,
      "4": 4
    },
    "f": {
      "0": 4
    },
    "b": {
      "0": [
        4,
        4
      ]
    },
    "inputSourceMap": {
      "version": 3,
      "sources": [
        "/home/lucasbarque/projects/photolink/photolink-frontend/src/model/loading/states.ts"
      ],
      "names": [
        "LoadingStatesEnum",
        "DONE",
        "ERROR",
        "STAND_BY",
        "PENDING"
      ],
      "mappings": "WAEO;UAAKA,iBAAiB;IAAjBA,kBACVC,UAAO;IADGD,kBAEVE,WAAQ;IAFEF,kBAGVG,cAAW;IAHDH,kBAIVI,aAAU;GAJAJ,sBAAAA"
    },
    "_coverageSchema": "1a1c01bbd47fc00a2c39e90264f33305004495a9",
    "hash": "838a8906ecdddd1a18284abb6ad3d1ac577c2e18"
  },
  "/home/lucasbarque/projects/photolink/photolink-frontend/src/contexts/AuthContext.tsx": {
    "path": "/home/lucasbarque/projects/photolink/photolink-frontend/src/contexts/AuthContext.tsx",
    "statementMap": {
      "0": {
        "start": {
          "line": 3,
          "column": 0
        },
        "end": {
          "line": 3,
          "column": 104
        }
      },
      "1": {
        "start": {
          "line": 3,
          "column": 26
        },
        "end": {
          "line": 3,
          "column": 104
        }
      },
      "2": {
        "start": {
          "line": 4,
          "column": 23
        },
        "end": {
          "line": 4,
          "column": 42
        }
      },
      "3": {
        "start": {
          "line": 5,
          "column": 23
        },
        "end": {
          "line": 5,
          "column": 42
        }
      },
      "4": {
        "start": {
          "line": 6,
          "column": 0
        },
        "end": {
          "line": 6,
          "column": 139
        }
      },
      "5": {
        "start": {
          "line": 7,
          "column": 0
        },
        "end": {
          "line": 7,
          "column": 73
        }
      },
      "6": {
        "start": {
          "line": 10,
          "column": 9
        },
        "end": {
          "line": 10,
          "column": 23
        }
      },
      "7": {
        "start": {
          "line": 17,
          "column": 41
        },
        "end": {
          "line": 17,
          "column": 58
        }
      },
      "8": {
        "start": {
          "line": 18,
          "column": 28
        },
        "end": {
          "line": 96,
          "column": 1
        }
      },
      "9": {
        "start": {
          "line": 19,
          "column": 4
        },
        "end": {
          "line": 19,
          "column": 9
        }
      },
      "10": {
        "start": {
          "line": 20,
          "column": 20
        },
        "end": {
          "line": 20,
          "column": 37
        }
      },
      "11": {
        "start": {
          "line": 21,
          "column": 28
        },
        "end": {
          "line": 21,
          "column": 42
        }
      },
      "12": {
        "start": {
          "line": 22,
          "column": 50
        },
        "end": {
          "line": 22,
          "column": 65
        }
      },
      "13": {
        "start": {
          "line": 23,
          "column": 24
        },
        "end": {
          "line": 23,
          "column": 39
        }
      },
      "14": {
        "start": {
          "line": 24,
          "column": 44
        },
        "end": {
          "line": 24,
          "column": 80
        }
      },
      "15": {
        "start": {
          "line": 25,
          "column": 23
        },
        "end": {
          "line": 25,
          "column": 33
        }
      },
      "16": {
        "start": {
          "line": 27,
          "column": 25
        },
        "end": {
          "line": 27,
          "column": 43
        }
      },
      "17": {
        "start": {
          "line": 28,
          "column": 8
        },
        "end": {
          "line": 30,
          "column": 9
        }
      },
      "18": {
        "start": {
          "line": 29,
          "column": 12
        },
        "end": {
          "line": 29,
          "column": 40
        }
      },
      "19": {
        "start": {
          "line": 33,
          "column": 8
        },
        "end": {
          "line": 33,
          "column": 51
        }
      },
      "20": {
        "start": {
          "line": 34,
          "column": 22
        },
        "end": {
          "line": 37,
          "column": 10
        }
      },
      "21": {
        "start": {
          "line": 38,
          "column": 8
        },
        "end": {
          "line": 66,
          "column": 9
        }
      },
      "22": {
        "start": {
          "line": 40,
          "column": 16
        },
        "end": {
          "line": 40,
          "column": 32
        }
      },
      "23": {
        "start": {
          "line": 41,
          "column": 16
        },
        "end": {
          "line": 41,
          "column": 41
        }
      },
      "24": {
        "start": {
          "line": 42,
          "column": 16
        },
        "end": {
          "line": 42,
          "column": 56
        }
      },
      "25": {
        "start": {
          "line": 43,
          "column": 16
        },
        "end": {
          "line": 43,
          "column": 95
        }
      },
      "26": {
        "start": {
          "line": 44,
          "column": 16
        },
        "end": {
          "line": 44,
          "column": 22
        }
      },
      "27": {
        "start": {
          "line": 46,
          "column": 16
        },
        "end": {
          "line": 49,
          "column": 19
        }
      },
      "28": {
        "start": {
          "line": 50,
          "column": 16
        },
        "end": {
          "line": 50,
          "column": 57
        }
      },
      "29": {
        "start": {
          "line": 51,
          "column": 16
        },
        "end": {
          "line": 51,
          "column": 22
        }
      },
      "30": {
        "start": {
          "line": 53,
          "column": 16
        },
        "end": {
          "line": 56,
          "column": 19
        }
      },
      "31": {
        "start": {
          "line": 57,
          "column": 16
        },
        "end": {
          "line": 57,
          "column": 57
        }
      },
      "32": {
        "start": {
          "line": 58,
          "column": 16
        },
        "end": {
          "line": 58,
          "column": 22
        }
      },
      "33": {
        "start": {
          "line": 60,
          "column": 16
        },
        "end": {
          "line": 63,
          "column": 19
        }
      },
      "34": {
        "start": {
          "line": 64,
          "column": 16
        },
        "end": {
          "line": 64,
          "column": 57
        }
      },
      "35": {
        "start": {
          "line": 65,
          "column": 16
        },
        "end": {
          "line": 65,
          "column": 22
        }
      },
      "36": {
        "start": {
          "line": 69,
          "column": 8
        },
        "end": {
          "line": 69,
          "column": 22
        }
      },
      "37": {
        "start": {
          "line": 70,
          "column": 8
        },
        "end": {
          "line": 70,
          "column": 34
        }
      },
      "38": {
        "start": {
          "line": 71,
          "column": 8
        },
        "end": {
          "line": 71,
          "column": 56
        }
      },
      "39": {
        "start": {
          "line": 73,
          "column": 4
        },
        "end": {
          "line": 79,
          "column": 11
        }
      },
      "40": {
        "start": {
          "line": 74,
          "column": 22
        },
        "end": {
          "line": 74,
          "column": 66
        }
      },
      "41": {
        "start": {
          "line": 75,
          "column": 8
        },
        "end": {
          "line": 77,
          "column": 9
        }
      },
      "42": {
        "start": {
          "line": 76,
          "column": 12
        },
        "end": {
          "line": 76,
          "column": 37
        }
      },
      "43": {
        "start": {
          "line": 78,
          "column": 8
        },
        "end": {
          "line": 78,
          "column": 48
        }
      },
      "44": {
        "start": {
          "line": 80,
          "column": 4
        },
        "end": {
          "line": 95,
          "column": 13
        }
      },
      "45": {
        "start": {
          "line": 97,
          "column": 0
        },
        "end": {
          "line": 101,
          "column": 3
        }
      },
      "46": {
        "start": {
          "line": 98,
          "column": 4
        },
        "end": {
          "line": 100,
          "column": 6
        }
      },
      "47": {
        "start": {
          "line": 102,
          "column": 0
        },
        "end": {
          "line": 102,
          "column": 18
        }
      },
      "48": {
        "start": {
          "line": 104,
          "column": 0
        },
        "end": {
          "line": 104,
          "column": 33
        }
      },
      "49": {
        "start": {
          "line": 107,
          "column": 0
        },
        "end": {
          "line": 107,
          "column": 37
        }
      },
      "50": {
        "start": {
          "line": 108,
          "column": 0
        },
        "end": {
          "line": 108,
          "column": 37
        }
      },
      "51": {
        "start": {
          "line": 109,
          "column": 0
        },
        "end": {
          "line": 116,
          "column": 3
        }
      },
      "52": {
        "start": {
          "line": 110,
          "column": 2
        },
        "end": {
          "line": 110,
          "column": 152
        }
      },
      "53": {
        "start": {
          "line": 111,
          "column": 2
        },
        "end": {
          "line": 115,
          "column": 5
        }
      },
      "54": {
        "start": {
          "line": 112,
          "column": 4
        },
        "end": {
          "line": 112,
          "column": 29
        }
      },
      "55": {
        "start": {
          "line": 112,
          "column": 22
        },
        "end": {
          "line": 112,
          "column": 29
        }
      },
      "56": {
        "start": {
          "line": 113,
          "column": 30
        },
        "end": {
          "line": 113,
          "column": 113
        }
      },
      "57": {
        "start": {
          "line": 114,
          "column": 4
        },
        "end": {
          "line": 114,
          "column": 73
        }
      },
      "58": {
        "start": {
          "line": 114,
          "column": 27
        },
        "end": {
          "line": 114,
          "column": 73
        }
      }
    },
    "fnMap": {
      "0": {
        "name": "(anonymous_0)",
        "decl": {
          "start": {
            "line": 18,
            "column": 28
          },
          "end": {
            "line": 18,
            "column": 29
          }
        },
        "loc": {
          "start": {
            "line": 18,
            "column": 45
          },
          "end": {
            "line": 96,
            "column": 1
          }
        },
        "line": 18
      },
      "1": {
        "name": "getUser",
        "decl": {
          "start": {
            "line": 26,
            "column": 19
          },
          "end": {
            "line": 26,
            "column": 26
          }
        },
        "loc": {
          "start": {
            "line": 26,
            "column": 29
          },
          "end": {
            "line": 31,
            "column": 5
          }
        },
        "line": 26
      },
      "2": {
        "name": "signIn",
        "decl": {
          "start": {
            "line": 32,
            "column": 19
          },
          "end": {
            "line": 32,
            "column": 25
          }
        },
        "loc": {
          "start": {
            "line": 32,
            "column": 43
          },
          "end": {
            "line": 67,
            "column": 5
          }
        },
        "line": 32
      },
      "3": {
        "name": "signOut",
        "decl": {
          "start": {
            "line": 68,
            "column": 13
          },
          "end": {
            "line": 68,
            "column": 20
          }
        },
        "loc": {
          "start": {
            "line": 68,
            "column": 23
          },
          "end": {
            "line": 72,
            "column": 5
          }
        },
        "line": 68
      },
      "4": {
        "name": "(anonymous_4)",
        "decl": {
          "start": {
            "line": 73,
            "column": 14
          },
          "end": {
            "line": 73,
            "column": 15
          }
        },
        "loc": {
          "start": {
            "line": 73,
            "column": 18
          },
          "end": {
            "line": 79,
            "column": 5
          }
        },
        "line": 73
      },
      "5": {
        "name": "(anonymous_5)",
        "decl": {
          "start": {
            "line": 97,
            "column": 56
          },
          "end": {
            "line": 97,
            "column": 57
          }
        },
        "loc": {
          "start": {
            "line": 97,
            "column": 67
          },
          "end": {
            "line": 101,
            "column": 1
          }
        },
        "line": 97
      },
      "6": {
        "name": "(anonymous_6)",
        "decl": {
          "start": {
            "line": 109,
            "column": 50
          },
          "end": {
            "line": 109,
            "column": 51
          }
        },
        "loc": {
          "start": {
            "line": 109,
            "column": 70
          },
          "end": {
            "line": 116,
            "column": 1
          }
        },
        "line": 109
      },
      "7": {
        "name": "(anonymous_7)",
        "decl": {
          "start": {
            "line": 111,
            "column": 25
          },
          "end": {
            "line": 111,
            "column": 26
          }
        },
        "loc": {
          "start": {
            "line": 111,
            "column": 42
          },
          "end": {
            "line": 115,
            "column": 3
          }
        },
        "line": 111
      }
    },
    "branchMap": {
      "0": {
        "loc": {
          "start": {
            "line": 3,
            "column": 0
          },
          "end": {
            "line": 3,
            "column": 104
          }
        },
        "type": "if",
        "locations": [
          {
            "start": {
              "line": 3,
              "column": 0
            },
            "end": {
              "line": 3,
              "column": 104
            }
          },
          {
            "start": {},
            "end": {}
          }
        ],
        "line": 3
      },
      "1": {
        "loc": {
          "start": {
            "line": 28,
            "column": 8
          },
          "end": {
            "line": 30,
            "column": 9
          }
        },
        "type": "if",
        "locations": [
          {
            "start": {
              "line": 28,
              "column": 8
            },
            "end": {
              "line": 30,
              "column": 9
            }
          },
          {
            "start": {},
            "end": {}
          }
        ],
        "line": 28
      },
      "2": {
        "loc": {
          "start": {
            "line": 38,
            "column": 8
          },
          "end": {
            "line": 66,
            "column": 9
          }
        },
        "type": "switch",
        "locations": [
          {
            "start": {
              "line": 39,
              "column": 12
            },
            "end": {
              "line": 44,
              "column": 22
            }
          },
          {
            "start": {
              "line": 45,
              "column": 12
            },
            "end": {
              "line": 51,
              "column": 22
            }
          },
          {
            "start": {
              "line": 52,
              "column": 12
            },
            "end": {
              "line": 58,
              "column": 22
            }
          },
          {
            "start": {
              "line": 59,
              "column": 12
            },
            "end": {
              "line": 65,
              "column": 22
            }
          }
        ],
        "line": 38
      },
      "3": {
        "loc": {
          "start": {
            "line": 75,
            "column": 8
          },
          "end": {
            "line": 77,
            "column": 9
          }
        },
        "type": "if",
        "locations": [
          {
            "start": {
              "line": 75,
              "column": 8
            },
            "end": {
              "line": 77,
              "column": 9
            }
          },
          {
            "start": {},
            "end": {}
          }
        ],
        "line": 75
      },
      "4": {
        "loc": {
          "start": {
            "line": 112,
            "column": 4
          },
          "end": {
            "line": 112,
            "column": 29
          }
        },
        "type": "if",
        "locations": [
          {
            "start": {
              "line": 112,
              "column": 4
            },
            "end": {
              "line": 112,
              "column": 29
            }
          },
          {
            "start": {},
            "end": {}
          }
        ],
        "line": 112
      },
      "5": {
        "loc": {
          "start": {
            "line": 114,
            "column": 4
          },
          "end": {
            "line": 114,
            "column": 73
          }
        },
        "type": "if",
        "locations": [
          {
            "start": {
              "line": 114,
              "column": 4
            },
            "end": {
              "line": 114,
              "column": 73
            }
          },
          {
            "start": {},
            "end": {}
          }
        ],
        "line": 114
      }
    },
    "s": {
      "0": 4,
      "1": 0,
      "2": 4,
      "3": 4,
      "4": 4,
      "5": 4,
      "6": 4,
      "7": 4,
      "8": 4,
      "9": 20,
      "10": 20,
      "11": 20,
      "12": 20,
      "13": 20,
      "14": 20,
      "15": 20,
      "16": 1,
      "17": 1,
      "18": 0,
      "19": 1,
      "20": 1,
      "21": 1,
      "22": 1,
      "23": 1,
      "24": 1,
      "25": 1,
      "26": 1,
      "27": 0,
      "28": 0,
      "29": 0,
      "30": 0,
      "31": 0,
      "32": 0,
      "33": 0,
      "34": 0,
      "35": 0,
      "36": 0,
      "37": 0,
      "38": 0,
      "39": 20,
      "40": 8,
      "41": 8,
      "42": 0,
      "43": 8,
      "44": 20,
      "45": 4,
      "46": 4,
      "47": 4,
      "48": 4,
      "49": 4,
      "50": 4,
      "51": 4,
      "52": 4,
      "53": 4,
      "54": 0,
      "55": 0,
      "56": 0,
      "57": 0,
      "58": 0
    },
    "f": {
      "0": 20,
      "1": 1,
      "2": 1,
      "3": 0,
      "4": 8,
      "5": 4,
      "6": 4,
      "7": 0
    },
    "b": {
      "0": [
        0,
        4
      ],
      "1": [
        0,
        1
      ],
      "2": [
        1,
        0,
        0,
        0
      ],
      "3": [
        0,
        8
      ],
      "4": [
        0,
        0
      ],
      "5": [
        0,
        0
      ]
    },
    "inputSourceMap": {
      "version": 3,
      "sources": [
        "/home/lucasbarque/projects/photolink/photolink-frontend/src/contexts/AuthContext.tsx"
      ],
      "names": [
        "createContext",
        "useEffect",
        "useState",
        "AuthService",
        "useToast",
        "HttpStatusCode",
        "LoadingStatesEnum",
        "LocalStorageKeys",
        "AuthContext",
        "AuthProvider",
        "children",
        "service",
        "user",
        "setUser",
        "isAuthenticated",
        "setIsAuthenticated",
        "isBlocked",
        "loadingState",
        "setLoadingState",
        "STAND_BY",
        "toast",
        "getUser",
        "response",
        "me",
        "statusCode",
        "ok",
        "body",
        "signIn",
        "email",
        "password",
        "PENDING",
        "login",
        "authenticate",
        "DONE",
        "localStorage",
        "setItem",
        "token",
        "JSON",
        "stringify",
        "unauthorized",
        "message",
        "type",
        "ERROR",
        "badRequest",
        "signOut",
        "removeItem",
        "getItem",
        "Provider",
        "value"
      ],
      "mappings": ";;;;;;;;;;AAAA,SAAoBA,aAAa,EAAEC,SAAS,EAAEC,QAAQ,QAAQ,QAAQ;AAEtE,OAAOC,iBAAiB,gCAAgC;AAGxD,SAASC,QAAQ,QAAQ,kBAAkB;AAE3C,SAASC,cAAc,QAAQ,0BAA0B;AACzD,SAASC,iBAAiB,QAAQ,wBAAwB;AAC1D,SAASC,gBAAgB,QAAQ,sBAAsB;AAGvD,OAAO,MAAMC,4BAAcR,cAAwB,CAAC,GAAe;AAkBnE,OAAO,MAAMS,eAAe,CAAC,EAAEC,SAAQ,EAAiB;;IACtD,MAAMC,UAAU,IAAIR;IAEpB,MAAM,CAACS,MAAMC,QAAQ,GAAGX,SAAuB;IAC/C,MAAM,CAACY,iBAAiBC,mBAAmB,GAAGb,SAAS;IACvD,MAAM,CAACc,UAAU,GAAGd,SAAS;IAC7B,MAAM,CAACe,cAAcC,gBAAgB,GAAGhB,SACtCI,kBAAkBa;IAEpB,MAAM,EAAEC,MAAK,EAAE,GAAGhB;IAElB,eAAeiB;QACb,MAAMC,WAAW,MAAMX,QAAQY;QAE/B,IAAID,SAASE,eAAenB,eAAeoB,IAAI;YAC7CZ,QAAQS,SAASI,KAAKd;QACxB;IACF;IAEA,eAAee,OAAOC,KAAa,EAAEC,QAAgB;QACnDX,gBAAgBZ,kBAAkBwB;QAElC,MAAMC,QAAQ,MAAMpB,QAAQqB,aAAa;YAAEJ;YAAOC;QAAS;QAE3D,OAAQE,MAAMP;YACZ,KAAKnB,eAAeoB;gBAClB,MAAMJ;gBACNN,mBAAmB;gBACnBG,gBAAgBZ,kBAAkB2B;gBAClCC,aAAaC,QACX5B,iBAAiB6B,OACjBC,KAAKC,UAAUP,MAAML,KAAKU;gBAE5B;YACF,KAAK/B,eAAekC;gBAClBnB,MAAM;oBAAEoB,SAAS;oBAA8BC,MAAM;gBAAQ;gBAC7DvB,gBAAgBZ,kBAAkBoC;gBAClC;YAEF,KAAKrC,eAAesC;gBAClBvB,MAAM;oBAAEoB,SAAS;oBAA8BC,MAAM;gBAAQ;gBAC7DvB,gBAAgBZ,kBAAkBoC;gBAClC;YAEF;gBACEtB,MAAM;oBACJoB,SAAS;oBACTC,MAAM;gBACR;gBACAvB,gBAAgBZ,kBAAkBoC;gBAClC;QACJ;IACF;IAEA,SAASE;QACP/B,QAAQ;QACRE,mBAAmB;QACnBmB,aAAaW,WAAWtC,iBAAiB6B;IAC3C;IAEAnC,UAAU;QACR,MAAMmC,QAAQF,aAAaY,QAAQvC,iBAAiB6B;QAEpD,IAAIA,OAAO;YACTrB,mBAAmB;QACrB;QAEAG,gBAAgBZ,kBAAkB2B;IACpC,GAAG,EAAE;IAEL,qBACE,QAACzB,YAAYuC;QACXC,OAAO;YACLpC;YACAe;YACAiB;YACA/B;YACAC;YACAE;YACAC;QACF;kBAECP;;;;;;AAGP,EAAE;GArFWD;;QASOL;;;KATPK"
    },
    "_coverageSchema": "1a1c01bbd47fc00a2c39e90264f33305004495a9",
    "hash": "1388787de6a05f566fb3f7df5cc1116671a414f2"
  },
  "/home/lucasbarque/projects/photolink/photolink-frontend/src/providers/index.tsx": {
    "path": "/home/lucasbarque/projects/photolink/photolink-frontend/src/providers/index.tsx",
    "statementMap": {
      "0": {
        "start": {
          "line": 3,
          "column": 0
        },
        "end": {
          "line": 3,
          "column": 104
        }
      },
      "1": {
        "start": {
          "line": 3,
          "column": 26
        },
        "end": {
          "line": 3,
          "column": 104
        }
      },
      "2": {
        "start": {
          "line": 4,
          "column": 23
        },
        "end": {
          "line": 4,
          "column": 42
        }
      },
      "3": {
        "start": {
          "line": 5,
          "column": 23
        },
        "end": {
          "line": 5,
          "column": 42
        }
      },
      "4": {
        "start": {
          "line": 6,
          "column": 0
        },
        "end": {
          "line": 6,
          "column": 134
        }
      },
      "5": {
        "start": {
          "line": 7,
          "column": 0
        },
        "end": {
          "line": 7,
          "column": 73
        }
      },
      "6": {
        "start": {
          "line": 12,
          "column": 4
        },
        "end": {
          "line": 18,
          "column": 13
        }
      },
      "7": {
        "start": {
          "line": 20,
          "column": 0
        },
        "end": {
          "line": 20,
          "column": 15
        }
      },
      "8": {
        "start": {
          "line": 22,
          "column": 0
        },
        "end": {
          "line": 22,
          "column": 30
        }
      },
      "9": {
        "start": {
          "line": 25,
          "column": 0
        },
        "end": {
          "line": 25,
          "column": 37
        }
      },
      "10": {
        "start": {
          "line": 26,
          "column": 0
        },
        "end": {
          "line": 26,
          "column": 37
        }
      },
      "11": {
        "start": {
          "line": 27,
          "column": 0
        },
        "end": {
          "line": 34,
          "column": 3
        }
      },
      "12": {
        "start": {
          "line": 28,
          "column": 2
        },
        "end": {
          "line": 28,
          "column": 147
        }
      },
      "13": {
        "start": {
          "line": 29,
          "column": 2
        },
        "end": {
          "line": 33,
          "column": 5
        }
      },
      "14": {
        "start": {
          "line": 30,
          "column": 4
        },
        "end": {
          "line": 30,
          "column": 29
        }
      },
      "15": {
        "start": {
          "line": 30,
          "column": 22
        },
        "end": {
          "line": 30,
          "column": 29
        }
      },
      "16": {
        "start": {
          "line": 31,
          "column": 30
        },
        "end": {
          "line": 31,
          "column": 113
        }
      },
      "17": {
        "start": {
          "line": 32,
          "column": 4
        },
        "end": {
          "line": 32,
          "column": 73
        }
      },
      "18": {
        "start": {
          "line": 32,
          "column": 27
        },
        "end": {
          "line": 32,
          "column": 73
        }
      }
    },
    "fnMap": {
      "0": {
        "name": "Providers",
        "decl": {
          "start": {
            "line": 11,
            "column": 16
          },
          "end": {
            "line": 11,
            "column": 25
          }
        },
        "loc": {
          "start": {
            "line": 11,
            "column": 41
          },
          "end": {
            "line": 19,
            "column": 1
          }
        },
        "line": 11
      },
      "1": {
        "name": "(anonymous_1)",
        "decl": {
          "start": {
            "line": 27,
            "column": 50
          },
          "end": {
            "line": 27,
            "column": 51
          }
        },
        "loc": {
          "start": {
            "line": 27,
            "column": 70
          },
          "end": {
            "line": 34,
            "column": 1
          }
        },
        "line": 27
      },
      "2": {
        "name": "(anonymous_2)",
        "decl": {
          "start": {
            "line": 29,
            "column": 25
          },
          "end": {
            "line": 29,
            "column": 26
          }
        },
        "loc": {
          "start": {
            "line": 29,
            "column": 42
          },
          "end": {
            "line": 33,
            "column": 3
          }
        },
        "line": 29
      }
    },
    "branchMap": {
      "0": {
        "loc": {
          "start": {
            "line": 3,
            "column": 0
          },
          "end": {
            "line": 3,
            "column": 104
          }
        },
        "type": "if",
        "locations": [
          {
            "start": {
              "line": 3,
              "column": 0
            },
            "end": {
              "line": 3,
              "column": 104
            }
          },
          {
            "start": {},
            "end": {}
          }
        ],
        "line": 3
      },
      "1": {
        "loc": {
          "start": {
            "line": 30,
            "column": 4
          },
          "end": {
            "line": 30,
            "column": 29
          }
        },
        "type": "if",
        "locations": [
          {
            "start": {
              "line": 30,
              "column": 4
            },
            "end": {
              "line": 30,
              "column": 29
            }
          },
          {
            "start": {},
            "end": {}
          }
        ],
        "line": 30
      },
      "2": {
        "loc": {
          "start": {
            "line": 32,
            "column": 4
          },
          "end": {
            "line": 32,
            "column": 73
          }
        },
        "type": "if",
        "locations": [
          {
            "start": {
              "line": 32,
              "column": 4
            },
            "end": {
              "line": 32,
              "column": 73
            }
          },
          {
            "start": {},
            "end": {}
          }
        ],
        "line": 32
      }
    },
    "s": {
      "0": 4,
      "1": 0,
      "2": 4,
      "3": 4,
      "4": 4,
      "5": 4,
      "6": 8,
      "7": 4,
      "8": 4,
      "9": 4,
      "10": 4,
      "11": 4,
      "12": 4,
      "13": 4,
      "14": 0,
      "15": 0,
      "16": 0,
      "17": 0,
      "18": 0
    },
    "f": {
      "0": 8,
      "1": 4,
      "2": 0
    },
    "b": {
      "0": [
        0,
        4
      ],
      "1": [
        0,
        0
      ],
      "2": [
        0,
        0
      ]
    },
    "inputSourceMap": {
      "version": 3,
      "sources": [
        "/home/lucasbarque/projects/photolink/photolink-frontend/src/providers/index.tsx"
      ],
      "names": [
        "AuthProvider",
        "Providers",
        "children"
      ],
      "mappings": ";;;;;;;;;AAAA,SAASA,YAAY,QAAQ,wBAAwB;AAMrD,OAAO,SAASC,UAAU,EAAEC,SAAQ,EAAkB;IACpD,qBAAO,QAACF;kBAAcE;;;;;;AACxB;KAFgBD"
    },
    "_coverageSchema": "1a1c01bbd47fc00a2c39e90264f33305004495a9",
    "hash": "995e38887d3c5737915cd58736c77be84b5c9a38"
  },
  "/home/lucasbarque/projects/photolink/photolink-frontend/src/hooks/useAuth.tsx": {
    "path": "/home/lucasbarque/projects/photolink/photolink-frontend/src/hooks/useAuth.tsx",
    "statementMap": {
      "0": {
        "start": {
          "line": 3,
          "column": 0
        },
        "end": {
          "line": 3,
          "column": 104
        }
      },
      "1": {
        "start": {
          "line": 3,
          "column": 26
        },
        "end": {
          "line": 3,
          "column": 104
        }
      },
      "2": {
        "start": {
          "line": 4,
          "column": 23
        },
        "end": {
          "line": 4,
          "column": 42
        }
      },
      "3": {
        "start": {
          "line": 5,
          "column": 23
        },
        "end": {
          "line": 5,
          "column": 42
        }
      },
      "4": {
        "start": {
          "line": 6,
          "column": 0
        },
        "end": {
          "line": 6,
          "column": 132
        }
      },
      "5": {
        "start": {
          "line": 7,
          "column": 0
        },
        "end": {
          "line": 7,
          "column": 73
        }
      },
      "6": {
        "start": {
          "line": 9,
          "column": 9
        },
        "end": {
          "line": 9,
          "column": 23
        }
      },
      "7": {
        "start": {
          "line": 12,
          "column": 23
        },
        "end": {
          "line": 15,
          "column": 1
        }
      },
      "8": {
        "start": {
          "line": 13,
          "column": 4
        },
        "end": {
          "line": 13,
          "column": 9
        }
      },
      "9": {
        "start": {
          "line": 14,
          "column": 4
        },
        "end": {
          "line": 14,
          "column": 35
        }
      },
      "10": {
        "start": {
          "line": 16,
          "column": 0
        },
        "end": {
          "line": 16,
          "column": 44
        }
      },
      "11": {
        "start": {
          "line": 19,
          "column": 0
        },
        "end": {
          "line": 19,
          "column": 37
        }
      },
      "12": {
        "start": {
          "line": 20,
          "column": 0
        },
        "end": {
          "line": 20,
          "column": 37
        }
      },
      "13": {
        "start": {
          "line": 21,
          "column": 0
        },
        "end": {
          "line": 28,
          "column": 3
        }
      },
      "14": {
        "start": {
          "line": 22,
          "column": 2
        },
        "end": {
          "line": 22,
          "column": 145
        }
      },
      "15": {
        "start": {
          "line": 23,
          "column": 2
        },
        "end": {
          "line": 27,
          "column": 5
        }
      },
      "16": {
        "start": {
          "line": 24,
          "column": 4
        },
        "end": {
          "line": 24,
          "column": 29
        }
      },
      "17": {
        "start": {
          "line": 24,
          "column": 22
        },
        "end": {
          "line": 24,
          "column": 29
        }
      },
      "18": {
        "start": {
          "line": 25,
          "column": 30
        },
        "end": {
          "line": 25,
          "column": 113
        }
      },
      "19": {
        "start": {
          "line": 26,
          "column": 4
        },
        "end": {
          "line": 26,
          "column": 73
        }
      },
      "20": {
        "start": {
          "line": 26,
          "column": 27
        },
        "end": {
          "line": 26,
          "column": 73
        }
      }
    },
    "fnMap": {
      "0": {
        "name": "(anonymous_0)",
        "decl": {
          "start": {
            "line": 12,
            "column": 23
          },
          "end": {
            "line": 12,
            "column": 24
          }
        },
        "loc": {
          "start": {
            "line": 12,
            "column": 27
          },
          "end": {
            "line": 15,
            "column": 1
          }
        },
        "line": 12
      },
      "1": {
        "name": "(anonymous_1)",
        "decl": {
          "start": {
            "line": 21,
            "column": 50
          },
          "end": {
            "line": 21,
            "column": 51
          }
        },
        "loc": {
          "start": {
            "line": 21,
            "column": 70
          },
          "end": {
            "line": 28,
            "column": 1
          }
        },
        "line": 21
      },
      "2": {
        "name": "(anonymous_2)",
        "decl": {
          "start": {
            "line": 23,
            "column": 25
          },
          "end": {
            "line": 23,
            "column": 26
          }
        },
        "loc": {
          "start": {
            "line": 23,
            "column": 42
          },
          "end": {
            "line": 27,
            "column": 3
          }
        },
        "line": 23
      }
    },
    "branchMap": {
      "0": {
        "loc": {
          "start": {
            "line": 3,
            "column": 0
          },
[...]
        "end": {
          "line": 155,
          "column": 37
        }
      },
      "19": {
        "start": {
          "line": 156,
          "column": 0
        },
        "end": {
          "line": 156,
          "column": 37
        }
      },
      "20": {
        "start": {
          "line": 157,
          "column": 0
        },
        "end": {
          "line": 164,
          "column": 3
        }
      },
      "21": {
        "start": {
          "line": 158,
          "column": 2
        },
        "end": {
          "line": 158,
          "column": 144
        }
      },
      "22": {
        "start": {
          "line": 159,
          "column": 2
        },
        "end": {
          "line": 163,
          "column": 5
        }
      },
      "23": {
        "start": {
          "line": 160,
          "column": 4
        },
        "end": {
          "line": 160,
          "column": 29
        }
      },
      "24": {
        "start": {
          "line": 160,
          "column": 22
        },
        "end": {
          "line": 160,
          "column": 29
        }
      },
      "25": {
        "start": {
          "line": 161,
          "column": 30
        },
        "end": {
          "line": 161,
          "column": 113
        }
      },
      "26": {
        "start": {
          "line": 162,
          "column": 4
        },
        "end": {
          "line": 162,
          "column": 73
        }
      },
      "27": {
        "start": {
          "line": 162,
          "column": 27
        },
        "end": {
          "line": 162,
          "column": 73
        }
      }
    },
    "fnMap": {
      "0": {
        "name": "MainRoutes",
        "decl": {
          "start": {
            "line": 20,
            "column": 24
          },
          "end": {
            "line": 20,
            "column": 34
          }
        },
        "loc": {
          "start": {
            "line": 20,
            "column": 37
          },
          "end": {
            "line": 144,
            "column": 1
          }
        },
        "line": 20
      },
      "1": {
        "name": "ProtectedRoute",
        "decl": {
          "start": {
            "line": 23,
            "column": 13
          },
          "end": {
            "line": 23,
            "column": 27
          }
        },
        "loc": {
          "start": {
            "line": 23,
            "column": 30
          },
          "end": {
            "line": 35,
            "column": 5
          }
        },
        "line": 23
      },
      "2": {
        "name": "CheckLoggedUser",
        "decl": {
          "start": {
            "line": 36,
            "column": 13
          },
          "end": {
            "line": 36,
            "column": 28
          }
        },
        "loc": {
          "start": {
            "line": 36,
            "column": 31
          },
          "end": {
            "line": 48,
            "column": 5
          }
        },
        "line": 36
      },
      "3": {
        "name": "(anonymous_3)",
        "decl": {
          "start": {
            "line": 49,
            "column": 14
          },
          "end": {
            "line": 49,
            "column": 15
          }
        },
        "loc": {
          "start": {
            "line": 49,
            "column": 18
          },
          "end": {
            "line": 61,
            "column": 5
          }
        },
        "line": 49
      },
      "4": {
        "name": "(anonymous_4)",
        "decl": {
          "start": {
            "line": 145,
            "column": 54
          },
          "end": {
            "line": 145,
            "column": 55
          }
        },
        "loc": {
          "start": {
            "line": 145,
            "column": 65
          },
          "end": {
            "line": 149,
            "column": 1
          }
        },
        "line": 145
      },
      "5": {
        "name": "(anonymous_5)",
        "decl": {
          "start": {
            "line": 157,
            "column": 50
          },
          "end": {
            "line": 157,
            "column": 51
          }
        },
        "loc": {
          "start": {
            "line": 157,
            "column": 70
          },
          "end": {
            "line": 164,
            "column": 1
          }
        },
        "line": 157
      },
      "6": {
        "name": "(anonymous_6)",
        "decl": {
          "start": {
            "line": 159,
            "column": 25
          },
          "end": {
            "line": 159,
            "column": 26
          }
        },
        "loc": {
          "start": {
            "line": 159,
            "column": 42
          },
          "end": {
            "line": 163,
            "column": 3
          }
        },
        "line": 159
      }
    },
    "branchMap": {
      "0": {
        "loc": {
          "start": {
            "line": 3,
            "column": 0
          },
          "end": {
            "line": 3,
            "column": 104
          }
        },
        "type": "if",
        "locations": [
          {
            "start": {
              "line": 3,
              "column": 0
            },
            "end": {
              "line": 3,
              "column": 104
            }
          },
          {
            "start": {},
            "end": {}
          }
        ],
        "line": 3
      },
      "1": {
        "loc": {
          "start": {
            "line": 24,
            "column": 15
          },
          "end": {
            "line": 34,
            "column": 16
          }
        },
        "type": "cond-expr",
        "locations": [
          {
            "start": {
              "line": 24,
              "column": 47
            },
            "end": {
              "line": 28,
              "column": 16
            }
          },
          {
            "start": {
              "line": 28,
              "column": 33
            },
            "end": {
              "line": 34,
              "column": 16
            }
          }
        ],
        "line": 24
      },
      "2": {
        "loc": {
          "start": {
            "line": 37,
            "column": 15
          },
          "end": {
            "line": 47,
            "column": 16
          }
        },
        "type": "cond-expr",
        "locations": [
          {
            "start": {
              "line": 37,
              "column": 47
            },
            "end": {
              "line": 43,
              "column": 16
            }
          },
          {
            "start": {
              "line": 43,
              "column": 33
            },
            "end": {
              "line": 47,
              "column": 16
            }
          }
        ],
        "line": 37
      },
      "3": {
        "loc": {
          "start": {
            "line": 50,
            "column": 8
          },
          "end": {
            "line": 60,
            "column": 16
          }
        },
        "type": "cond-expr",
        "locations": [
          {
            "start": {
              "line": 50,
              "column": 40
            },
            "end": {
              "line": 56,
              "column": 16
            }
          },
          {
            "start": {
              "line": 56,
              "column": 33
            },
            "end": {
              "line": 60,
              "column": 16
            }
          }
        ],
        "line": 50
      },
      "4": {
        "loc": {
          "start": {
            "line": 160,
            "column": 4
          },
          "end": {
            "line": 160,
            "column": 29
          }
        },
        "type": "if",
        "locations": [
          {
            "start": {
              "line": 160,
              "column": 4
            },
            "end": {
              "line": 160,
              "column": 29
            }
          },
          {
            "start": {},
            "end": {}
          }
        ],
        "line": 160
      },
      "5": {
        "loc": {
          "start": {
            "line": 162,
            "column": 4
          },
          "end": {
            "line": 162,
            "column": 73
          }
        },
        "type": "if",
        "locations": [
          {
            "start": {
              "line": 162,
              "column": 4
            },
            "end": {
              "line": 162,
              "column": 73
            }
          },
          {
            "start": {},
            "end": {}
          }
        ],
        "line": 162
      }
    },
    "s": {
      "0": 4,
      "1": 0,
      "2": 4,
      "3": 4,
      "4": 4,
      "5": 4,
      "6": 4,
      "7": 22,
      "8": 22,
      "9": 2,
      "10": 22,
      "11": 20,
      "12": 9,
      "13": 20,
      "14": 4,
      "15": 4,
      "16": 4,
      "17": 4,
      "18": 4,
      "19": 4,
      "20": 4,
      "21": 4,
      "22": 4,
      "23": 0,
      "24": 0,
      "25": 0,
      "26": 0,
      "27": 0
    },
    "f": {
      "0": 22,
      "1": 2,
      "2": 22,
      "3": 9,
      "4": 4,
      "5": 4,
      "6": 0
    },
    "b": {
      "0": [
        0,
        4
      ],
      "1": [
        2,
        0
      ],
      "2": [
        2,
        20
      ],
      "3": [
        1,
        8
      ],
      "4": [
        0,
        0
      ],
      "5": [
        0,
        0
      ]
    },
    "inputSourceMap": {
      "version": 3,
      "sources": [
        "/home/lucasbarque/projects/photolink/photolink-frontend/src/routes/index.tsx"
      ],
      "names": [
        "useEffect",
        "BrowserRouter",
        "Navigate",
        "Outlet",
        "Route",
        "Routes",
        "useAuth",
        "ForgotPassword",
        "Galleries",
        "GalleriesEdit",
        "Login",
        "PasswordChange",
        "Register",
        "MainRoutes",
        "isAuthenticated",
        "ProtectedRoute",
        "to",
        "CheckLoggedUser",
        "element",
        "index",
        "path"
      ],
      "mappings": ";;;;;;;;;;AAAA,SAASA,SAAS,QAAQ,QAAQ;AAElC,SACEC,aAAa,EACbC,QAAQ,EACRC,MAAM,EACNC,KAAK,EACLC,MAAM,QACD,mBAAmB;AAE1B,SAASC,OAAO,QAAQ,iBAAiB;AAEzC,SAASC,cAAc,QAAQ,wBAAwB;AACvD,SAASC,SAAS,QAAQ,mBAAmB;AAC7C,SAASC,aAAa,QAAQ,uBAAuB;AACrD,SAASC,KAAK,QAAQ,eAAe;AACrC,SAASC,cAAc,QAAQ,wBAAwB;AACvD,SAASC,QAAQ,QAAQ,kBAAkB;AAE3C,eAAe,SAASC;;IACtB,MAAM,EAAEC,gBAAe,EAAE,GAAGR;IAE5B,SAASS;QACP,OAAOD,gCAAkB,QAACX;;;;iCAAY,QAACD;YAASc,IAAG;;;;;;IACrD;IAEA,SAASC;QACP,OAAOH,gCAAkB,QAACZ;YAASc,IAAG;;;;;iCAAkB,QAACb;;;;;IAC3D;IAEAH,UAAU;QACRc,gCAAkB,QAACZ;YAASc,IAAG;;;;;iCAAkB,QAACb;;;;;IACpD,GAAG;QAACW;KAAgB;IAEpB,qBACE,QAACb;kBACC,cAAA,QAACI;;8BAEC,QAACD;oBAAMc,uBAAS,QAACD;;sCACf,QAACb;4BAAMe,KAAK;4BAACD,uBAAS,QAACR;;;;;;sCACvB,QAACN;4BAAMgB,MAAK;4BAAYF,uBAAS,QAACN;;;;;;sCAClC,QAACR;4BAAMgB,MAAK;4BAAmBF,uBAAS,QAACX;;;;;;sCACzC,QAACH;4BAAMgB,MAAK;4BAAmBF,uBAAS,QAACP;;;;;;;;;;;;8BAI3C,QAACP;oBAAMc,uBAAS,QAACH;;sCACf,QAACX;4BAAMgB,MAAK;4BAAaF,uBAAS,QAACV;;;;;;sCACnC,QAACJ;4BAAMgB,MAAK;4BAAiBF,uBAAS,QAACT;;;;;;;;;;;;;;;;;;;;;;;AAKjD;GAlCwBI;;QACMP;;;KADNO"
    },
    "_coverageSchema": "1a1c01bbd47fc00a2c39e90264f33305004495a9",
    "hash": "be1afaf79bb40f642155b77a4d6689fdf8746be9"
  },
  "/home/lucasbarque/projects/photolink/photolink-frontend/src/App.tsx": {
    "path": "/home/lucasbarque/projects/photolink/photolink-frontend/src/App.tsx",
    "statementMap": {
      "0": {
        "start": {
          "line": 3,
          "column": 0
        },
        "end": {
          "line": 3,
          "column": 104
        }
      },
      "1": {
        "start": {
          "line": 3,
          "column": 26
        },
        "end": {
          "line": 3,
          "column": 104
        }
      },
      "2": {
        "start": {
          "line": 4,
          "column": 23
        },
        "end": {
          "line": 4,
          "column": 42
        }
      },
      "3": {
        "start": {
          "line": 5,
          "column": 23
        },
        "end": {
          "line": 5,
          "column": 42
        }
      },
      "4": {
        "start": {
          "line": 6,
          "column": 0
        },
        "end": {
          "line": 6,
          "column": 122
        }
      },
      "5": {
        "start": {
          "line": 7,
          "column": 0
        },
        "end": {
          "line": 7,
          "column": 73
        }
      },
      "6": {
        "start": {
          "line": 14,
          "column": 4
        },
        "end": {
          "line": 30,
          "column": 13
        }
      },
      "7": {
        "start": {
          "line": 32,
          "column": 0
        },
        "end": {
          "line": 32,
          "column": 9
        }
      },
      "8": {
        "start": {
          "line": 34,
          "column": 0
        },
        "end": {
          "line": 34,
          "column": 24
        }
      },
      "9": {
        "start": {
          "line": 37,
          "column": 0
        },
        "end": {
          "line": 37,
          "column": 37
        }
      },
      "10": {
        "start": {
          "line": 38,
          "column": 0
        },
        "end": {
          "line": 38,
          "column": 37
        }
      },
      "11": {
        "start": {
          "line": 39,
          "column": 0
        },
        "end": {
          "line": 46,
          "column": 3
        }
      },
      "12": {
        "start": {
          "line": 40,
          "column": 2
        },
        "end": {
          "line": 40,
          "column": 135
        }
      },
      "13": {
        "start": {
          "line": 41,
          "column": 2
        },
        "end": {
          "line": 45,
          "column": 5
        }
      },
      "14": {
        "start": {
          "line": 42,
          "column": 4
        },
        "end": {
          "line": 42,
          "column": 29
        }
      },
      "15": {
        "start": {
          "line": 42,
          "column": 22
        },
        "end": {
          "line": 42,
          "column": 29
        }
      },
      "16": {
        "start": {
          "line": 43,
          "column": 30
        },
        "end": {
          "line": 43,
          "column": 113
        }
      },
      "17": {
        "start": {
          "line": 44,
          "column": 4
        },
        "end": {
          "line": 44,
          "column": 73
        }
      },
      "18": {
        "start": {
          "line": 44,
          "column": 27
        },
        "end": {
          "line": 44,
          "column": 73
        }
      }
    },
    "fnMap": {
      "0": {
        "name": "App",
        "decl": {
          "start": {
            "line": 13,
            "column": 16
          },
          "end": {
            "line": 13,
            "column": 19
          }
        },
        "loc": {
          "start": {
            "line": 13,
            "column": 22
          },
          "end": {
            "line": 31,
            "column": 1
          }
        },
        "line": 13
      },
      "1": {
        "name": "(anonymous_1)",
        "decl": {
          "start": {
            "line": 39,
            "column": 50
          },
          "end": {
            "line": 39,
            "column": 51
          }
        },
        "loc": {
          "start": {
            "line": 39,
            "column": 70
          },
          "end": {
            "line": 46,
            "column": 1
          }
        },
        "line": 39
      },
      "2": {
        "name": "(anonymous_2)",
        "decl": {
          "start": {
            "line": 41,
            "column": 25
          },
          "end": {
            "line": 41,
            "column": 26
          }
        },
        "loc": {
          "start": {
            "line": 41,
            "column": 42
          },
          "end": {
            "line": 45,
            "column": 3
          }
        },
        "line": 41
      }
    },
    "branchMap": {
      "0": {
        "loc": {
          "start": {
            "line": 3,
            "column": 0
          },
          "end": {
            "line": 3,
            "column": 104
          }
        },
        "type": "if",
        "locations": [
          {
            "start": {
              "line": 3,
              "column": 0
            },
            "end": {
              "line": 3,
              "column": 104
            }
          },
          {
            "start": {},
            "end": {}
          }
        ],
        "line": 3
      },
      "1": {
        "loc": {
          "start": {
            "line": 42,
            "column": 4
          },
          "end": {
            "line": 42,
            "column": 29
          }
        },
        "type": "if",
        "locations": [
          {
            "start": {
              "line": 42,
              "column": 4
            },
            "end": {
              "line": 42,
              "column": 29
            }
          },
          {
            "start": {},
            "end": {}
          }
        ],
        "line": 42
      },
      "2": {
        "loc": {
          "start": {
            "line": 44,
            "column": 4
          },
          "end": {
            "line": 44,
            "column": 73
          }
        },
        "type": "if",
        "locations": [
          {
            "start": {
              "line": 44,
              "column": 4
            },
            "end": {
              "line": 44,
              "column": 73
            }
          },
          {
            "start": {},
            "end": {}
          }
        ],
        "line": 44
      }
    },
    "s": {
      "0": 4,
      "1": 0,
      "2": 4,
      "3": 4,
      "4": 4,
      "5": 4,
      "6": 10,
      "7": 4,
      "8": 4,
      "9": 4,
      "10": 4,
      "11": 4,
      "12": 4,
      "13": 4,
      "14": 0,
      "15": 0,
      "16": 0,
      "17": 0,
      "18": 0
    },
    "f": {
      "0": 10,
      "1": 4,
      "2": 0
    },
    "b": {
      "0": [
        0,
        4
      ],
      "1": [
        0,
        0
      ],
      "2": [
        0,
        0
      ]
    },
    "inputSourceMap": {
      "version": 3,
      "sources": [
        "/home/lucasbarque/projects/photolink/photolink-frontend/src/App.tsx"
      ],
      "names": [
        "ErrorBoundary",
        "Providers",
        "MainRoutes",
        "App"
      ],
      "mappings": ";;;;;;;;;AAAA,SAASA,aAAa,QAAQ,wBAAwB;AAEtD,SAASC,SAAS,QAAQ,cAAc;AACxC,OAAOC,gBAAgB,WAAW;AAElC,OAAO,SAASC;IACd,qBACE,QAACH;kBACC,cAAA,QAACC;sBACC,cAAA,QAACC;;;;;;;;;;;;;;;AAIT;KARgBC"
    },
    "_coverageSchema": "1a1c01bbd47fc00a2c39e90264f33305004495a9",
    "hash": "63bfd61cca3cc8ce3211c6e4c4898df7e0afca31"
  },
  "/home/lucasbarque/projects/photolink/photolink-frontend/src/main.tsx": {
    "path": "/home/lucasbarque/projects/photolink/photolink-frontend/src/main.tsx",
    "statementMap": {
      "0": {
        "start": {
          "line": 6,
          "column": 0
        },
        "end": {
          "line": 16,
          "column": 10
        }
      }
    },
    "fnMap": {},
    "branchMap": {},
    "s": {
      "0": 4
    },
    "f": {},
    "b": {},
    "inputSourceMap": {
      "version": 3,
      "sources": [
        "/home/lucasbarque/projects/photolink/photolink-frontend/src/main.tsx"
      ],
      "names": [
        "React",
        "ReactDOM",
        "App",
        "createRoot",
        "document",
        "getElementById",
        "render",
        "StrictMode"
      ],
      "mappings": ";AAAA,OAAOA,WAAW,QAAO;AACzB,OAAOC,cAAc,mBAAkB;AACvC,SAASC,GAAG,QAAQ,YAAW;AAE/B,OAAO,qBAAqB;AAE5BD,SAASE,WAAWC,SAASC,eAAe,SAAwBC,qBAClE,QAACN,MAAMO;cACL,cAAA,QAACL"
    },
    "_coverageSchema": "1a1c01bbd47fc00a2c39e90264f33305004495a9",
    "hash": "d89cd0cc9e3b5cabaf65c92b013011b90ba8b5da"
  }
}