{
  "/home/lucasbarque/projects/photolink/photolink-frontend/src/errors/ErrorBoundary.tsx": {
    "path": "/home/lucasbarque/projects/photolink/photolink-frontend/src/errors/ErrorBoundary.tsx",
    "statementMap": {
      "0": {
        "start": {
          "line": 3,
          "column": 0
        },
        "end": {
          "line": 3,
          "column": 104
        }
      },
      "1": {
        "start": {
          "line": 3,
          "column": 26
        },
        "end": {
          "line": 3,
          "column": 104
        }
      },
      "2": {
        "start": {
          "line": 4,
          "column": 23
        },
        "end": {
          "line": 4,
          "column": 42
        }
      },
      "3": {
        "start": {
          "line": 5,
          "column": 23
        },
        "end": {
          "line": 5,
          "column": 42
        }
      },
      "4": {
        "start": {
          "line": 6,
          "column": 0
        },
        "end": {
          "line": 6,
          "column": 139
        }
      },
      "5": {
        "start": {
          "line": 7,
          "column": 0
        },
        "end": {
          "line": 7,
          "column": 73
        }
      },
      "6": {
        "start": {
          "line": 10,
          "column": 9
        },
        "end": {
          "line": 10,
          "column": 23
        }
      },
      "7": {
        "start": {
          "line": 13,
          "column": 4
        },
        "end": {
          "line": 13,
          "column": 9
        }
      },
      "8": {
        "start": {
          "line": 14,
          "column": 36
        },
        "end": {
          "line": 14,
          "column": 51
        }
      },
      "9": {
        "start": {
          "line": 15,
          "column": 4
        },
        "end": {
          "line": 22,
          "column": 11
        }
      },
      "10": {
        "start": {
          "line": 16,
          "column": 29
        },
        "end": {
          "line": 19,
          "column": 9
        }
      },
      "11": {
        "start": {
          "line": 17,
          "column": 12
        },
        "end": {
          "line": 17,
          "column": 33
        }
      },
      "12": {
        "start": {
          "line": 18,
          "column": 12
        },
        "end": {
          "line": 18,
          "column": 30
        }
      },
      "13": {
        "start": {
          "line": 20,
          "column": 8
        },
        "end": {
          "line": 20,
          "column": 55
        }
      },
      "14": {
        "start": {
          "line": 21,
          "column": 8
        },
        "end": {
          "line": 21,
          "column": 69
        }
      },
      "15": {
        "start": {
          "line": 21,
          "column": 19
        },
        "end": {
          "line": 21,
          "column": 68
        }
      },
      "16": {
        "start": {
          "line": 23,
          "column": 4
        },
        "end": {
          "line": 32,
          "column": 22
        }
      },
      "17": {
        "start": {
          "line": 34,
          "column": 0
        },
        "end": {
          "line": 34,
          "column": 50
        }
      },
      "18": {
        "start": {
          "line": 35,
          "column": 0
        },
        "end": {
          "line": 35,
          "column": 19
        }
      },
      "19": {
        "start": {
          "line": 37,
          "column": 0
        },
        "end": {
          "line": 37,
          "column": 34
        }
      },
      "20": {
        "start": {
          "line": 40,
          "column": 0
        },
        "end": {
          "line": 40,
          "column": 37
        }
      },
      "21": {
        "start": {
          "line": 41,
          "column": 0
        },
        "end": {
          "line": 41,
          "column": 37
        }
      },
      "22": {
        "start": {
          "line": 42,
          "column": 0
        },
        "end": {
          "line": 49,
          "column": 3
        }
      },
      "23": {
        "start": {
          "line": 43,
          "column": 2
        },
        "end": {
          "line": 43,
          "column": 152
        }
      },
      "24": {
        "start": {
          "line": 44,
          "column": 2
        },
        "end": {
          "line": 48,
          "column": 5
        }
      },
      "25": {
        "start": {
          "line": 45,
          "column": 4
        },
        "end": {
          "line": 45,
          "column": 29
        }
      },
      "26": {
        "start": {
          "line": 45,
          "column": 22
        },
        "end": {
          "line": 45,
          "column": 29
        }
      },
      "27": {
        "start": {
          "line": 46,
          "column": 30
        },
        "end": {
          "line": 46,
          "column": 113
        }
      },
      "28": {
        "start": {
          "line": 47,
          "column": 4
        },
        "end": {
          "line": 47,
          "column": 73
        }
      },
      "29": {
        "start": {
          "line": 47,
          "column": 27
        },
        "end": {
          "line": 47,
          "column": 73
        }
      }
    },
    "fnMap": {
      "0": {
        "name": "ErrorBoundary",
        "decl": {
          "start": {
            "line": 12,
            "column": 16
          },
          "end": {
            "line": 12,
            "column": 29
          }
        },
        "loc": {
          "start": {
            "line": 12,
            "column": 45
          },
          "end": {
            "line": 33,
            "column": 1
          }
        },
        "line": 12
      },
      "1": {
        "name": "(anonymous_1)",
        "decl": {
          "start": {
            "line": 15,
            "column": 14
          },
          "end": {
            "line": 15,
            "column": 15
          }
        },
        "loc": {
          "start": {
            "line": 15,
            "column": 18
          },
          "end": {
            "line": 22,
            "column": 5
          }
        },
        "line": 15
      },
      "2": {
        "name": "(anonymous_2)",
        "decl": {
          "start": {
            "line": 16,
            "column": 29
          },
          "end": {
            "line": 16,
            "column": 30
          }
        },
        "loc": {
          "start": {
            "line": 16,
            "column": 38
          },
          "end": {
            "line": 19,
            "column": 9
          }
        },
        "line": 16
      },
      "3": {
        "name": "(anonymous_3)",
        "decl": {
          "start": {
            "line": 21,
            "column": 15
          },
          "end": {
            "line": 21,
            "column": 16
          }
        },
        "loc": {
          "start": {
            "line": 21,
            "column": 19
          },
          "end": {
            "line": 21,
            "column": 68
          }
        },
        "line": 21
      },
      "4": {
        "name": "(anonymous_4)",
        "decl": {
          "start": {
            "line": 42,
            "column": 50
          },
          "end": {
            "line": 42,
            "column": 51
          }
        },
        "loc": {
          "start": {
            "line": 42,
            "column": 70
          },
          "end": {
            "line": 49,
            "column": 1
          }
        },
        "line": 42
      },
      "5": {
        "name": "(anonymous_5)",
        "decl": {
          "start": {
            "line": 44,
            "column": 25
          },
          "end": {
            "line": 44,
            "column": 26
          }
        },
        "loc": {
          "start": {
            "line": 44,
            "column": 42
          },
          "end": {
            "line": 48,
            "column": 3
          }
        },
        "line": 44
      }
    },
    "branchMap": {
      "0": {
        "loc": {
          "start": {
            "line": 3,
            "column": 0
          },
          "end": {
            "line": 3,
            "column": 104
          }
        },
        "type": "if",
        "locations": [
          {
            "start": {
              "line": 3,
              "column": 0
            },
            "end": {
              "line": 3,
              "column": 104
            }
          },
          {
            "start": {},
            "end": {}
          }
        ],
        "line": 3
      },
      "1": {
        "loc": {
          "start": {
            "line": 23,
            "column": 11
          },
          "end": {
            "line": 32,
            "column": 21
          }
        },
        "type": "cond-expr",
        "locations": [
          {
            "start": {
              "line": 23,
              "column": 36
            },
            "end": {
              "line": 30,
              "column": 12
            }
          },
          {
            "start": {
              "line": 30,
              "column": 29
            },
            "end": {
              "line": 32,
              "column": 21
            }
          }
        ],
        "line": 23
      },
      "2": {
        "loc": {
          "start": {
            "line": 45,
            "column": 4
          },
          "end": {
            "line": 45,
            "column": 29
          }
        },
        "type": "if",
        "locations": [
          {
            "start": {
              "line": 45,
              "column": 4
            },
            "end": {
              "line": 45,
              "column": 29
            }
          },
          {
            "start": {},
            "end": {}
          }
        ],
        "line": 45
      },
      "3": {
        "loc": {
          "start": {
            "line": 47,
            "column": 4
          },
          "end": {
            "line": 47,
            "column": 73
          }
        },
        "type": "if",
        "locations": [
          {
            "start": {
              "line": 47,
              "column": 4
            },
            "end": {
              "line": 47,
              "column": 73
            }
          },
          {
            "start": {},
            "end": {}
          }
        ],
        "line": 47
      }
    },
    "s": {
      "0": 9,
      "1": 0,
      "2": 9,
      "3": 9,
      "4": 9,
      "5": 9,
      "6": 9,
      "7": 18,
      "8": 18,
      "9": 18,
      "10": 18,
      "11": 0,
      "12": 0,
      "13": 18,
      "14": 18,
      "15": 9,
      "16": 18,
      "17": 9,
      "18": 9,
      "19": 9,
      "20": 9,
      "21": 9,
      "22": 9,
      "23": 8,
      "24": 8,
      "25": 0,
      "26": 0,
      "27": 0,
      "28": 0,
      "29": 0
    },
    "f": {
      "0": 18,
      "1": 18,
      "2": 0,
      "3": 9,
      "4": 8,
      "5": 0
    },
    "b": {
      "0": [
        0,
        9
      ],
      "1": [
        0,
        18
      ],
      "2": [
        0,
        0
      ],
      "3": [
        0,
        0
      ]
    },
    "inputSourceMap": {
      "version": 3,
      "sources": [
        "/home/lucasbarque/projects/photolink/photolink-frontend/src/errors/ErrorBoundary.tsx"
      ],
      "names": [
        "React",
        "useEffect",
        "useState",
        "ErrorBoundary",
        "children",
        "hasError",
        "setHasError",
        "errorHandler",
        "error",
        "console",
        "window",
        "addEventListener",
        "removeEventListener",
        "div",
        "className"
      ],
      "mappings": ";;;;;;;;;;AAAA,OAAOA,SAASC,SAAS,EAAEC,QAAQ,QAAQ,QAAQ;AAMnD,OAAO,SAASC,cAAc,EAAEC,SAAQ,EAAsB;;IAC5D,MAAM,CAACC,UAAUC,YAAY,GAAGJ,SAAS;IAEzCD,UAAU;QACR,MAAMM,eAAe,CAACC;YACpBC,QAAQD,MAAMA;YACdF,YAAY;QACd;QACAI,OAAOC,iBAAiB,SAASJ;QACjC,OAAO,IAAMG,OAAOE,oBAAoB,SAASL;IACnD,GAAG,EAAE;IAEL,OAAOF,yBACL,QAACQ;QAAIC,WAAU;kBAAqD;;;;;6BAIpE;kBAAGV;;AAEP;GAnBgBD;KAAAA"
    },
    "_coverageSchema": "1a1c01bbd47fc00a2c39e90264f33305004495a9",
    "hash": "8c001be917b31517d12edfc8f35b5d73041af6e1"
  },
  "/home/lucasbarque/projects/photolink/photolink-frontend/src/model/storage/keys.ts": {
    "path": "/home/lucasbarque/projects/photolink/photolink-frontend/src/model/storage/keys.ts",
    "statementMap": {
      "0": {
        "start": {
          "line": 2,
          "column": 0
        },
        "end": {
          "line": 4,
          "column": 48
        }
      },
      "1": {
        "start": {
          "line": 3,
          "column": 4
        },
        "end": {
          "line": 3,
          "column": 55
        }
      },
      "2": {
        "start": {
          "line": 6,
          "column": 0
        },
        "end": {
          "line": 6,
          "column": 83
        }
      }
    },
    "fnMap": {
      "0": {
        "name": "(anonymous_0)",
        "decl": {
          "start": {
            "line": 2,
            "column": 1
          },
          "end": {
            "line": 2,
            "column": 2
          }
        },
        "loc": {
          "start": {
            "line": 2,
            "column": 28
          },
          "end": {
            "line": 4,
            "column": 1
          }
        },
        "line": 2
      },
      "1": {
        "name": "(anonymous_1)",
        "decl": {
          "start": {
            "line": 6,
            "column": 1
          },
          "end": {
            "line": 6,
            "column": 2
          }
        },
        "loc": {
          "start": {
            "line": 6,
            "column": 30
          },
          "end": {
            "line": 6,
            "column": 32
          }
        },
        "line": 6
      }
    },
    "branchMap": {
      "0": {
        "loc": {
          "start": {
            "line": 4,
            "column": 3
          },
          "end": {
            "line": 4,
            "column": 46
          }
        },
        "type": "binary-expr",
        "locations": [
          {
            "start": {
              "line": 4,
              "column": 3
            },
            "end": {
              "line": 4,
              "column": 19
            }
          },
          {
            "start": {
              "line": 4,
              "column": 24
            },
            "end": {
              "line": 4,
              "column": 45
            }
          }
        ],
        "line": 4
      },
      "1": {
        "loc": {
          "start": {
            "line": 6,
            "column": 34
          },
          "end": {
            "line": 6,
            "column": 81
          }
        },
        "type": "binary-expr",
        "locations": [
          {
            "start": {
              "line": 6,
              "column": 34
            },
            "end": {
              "line": 6,
              "column": 52
            }
          },
          {
            "start": {
              "line": 6,
              "column": 57
            },
            "end": {
              "line": 6,
              "column": 80
            }
          }
        ],
        "line": 6
      }
    },
    "s": {
      "0": 9,
      "1": 9,
      "2": 9
    },
    "f": {
      "0": 9,
      "1": 9
    },
    "b": {
      "0": [
        9,
        9
      ],
      "1": [
        9,
        9
      ]
    },
    "inputSourceMap": {
      "version": 3,
      "sources": [
        "/home/lucasbarque/projects/photolink/photolink-frontend/src/model/storage/keys.ts"
      ],
      "names": [
        "LocalStorageKeys",
        "token",
        "SessionStorageKeys"
      ],
      "mappings": "WAAO;UAAKA,gBAAgB;IAAhBA,iBACVC,WAAQ;GADED,qBAAAA;WAIL;UAAKE,kBAAkB,MAAlBA,uBAAAA"
    },
    "_coverageSchema": "1a1c01bbd47fc00a2c39e90264f33305004495a9",
    "hash": "21df6e01bf514569a312ddc258b71e0998a70492"
  },
  "/home/lucasbarque/projects/photolink/photolink-frontend/src/infrastructure/http/client/axios-http-client.ts": {
    "path": "/home/lucasbarque/projects/photolink/photolink-frontend/src/infrastructure/http/client/axios-http-client.ts",
    "statementMap": {
      "0": {
        "start": {
          "line": 2,
          "column": 4
        },
        "end": {
          "line": 11,
          "column": 5
        }
      },
      "1": {
        "start": {
          "line": 3,
          "column": 8
        },
        "end": {
          "line": 8,
          "column": 11
        }
      },
      "2": {
        "start": {
          "line": 10,
          "column": 8
        },
        "end": {
          "line": 10,
          "column": 25
        }
      },
      "3": {
        "start": {
          "line": 12,
          "column": 4
        },
        "end": {
          "line": 12,
          "column": 15
        }
      },
      "4": {
        "start": {
          "line": 16,
          "column": 30
        },
        "end": {
          "line": 16,
          "column": 45
        }
      },
      "5": {
        "start": {
          "line": 19,
          "column": 26
        },
        "end": {
          "line": 21,
          "column": 16
        }
      },
      "6": {
        "start": {
          "line": 22,
          "column": 8
        },
        "end": {
          "line": 26,
          "column": 10
        }
      },
      "7": {
        "start": {
          "line": 29,
          "column": 8
        },
        "end": {
          "line": 51,
          "column": 9
        }
      },
      "8": {
        "start": {
          "line": 30,
          "column": 29
        },
        "end": {
          "line": 41,
          "column": 14
        }
      },
      "9": {
        "start": {
          "line": 42,
          "column": 12
        },
        "end": {
          "line": 45,
          "column": 14
        }
      },
      "10": {
        "start": {
          "line": 47,
          "column": 12
        },
        "end": {
          "line": 50,
          "column": 14
        }
      },
      "11": {
        "start": {
          "line": 54,
          "column": 22
        },
        "end": {
          "line": 54,
          "column": 66
        }
      },
      "12": {
        "start": {
          "line": 55,
          "column": 8
        },
        "end": {
          "line": 59,
          "column": 9
        }
      },
      "13": {
        "start": {
          "line": 56,
          "column": 12
        },
        "end": {
          "line": 56,
          "column": 37
        }
      },
      "14": {
        "start": {
          "line": 58,
          "column": 12
        },
        "end": {
          "line": 58,
          "column": 24
        }
      },
      "15": {
        "start": {
          "line": 62,
          "column": 8
        },
        "end": {
          "line": 62,
          "column": 50
        }
      },
      "16": {
        "start": {
          "line": 63,
          "column": 8
        },
        "end": {
          "line": 63,
          "column": 40
        }
      }
    },
    "fnMap": {
      "0": {
        "name": "_define_property",
        "decl": {
          "start": {
            "line": 1,
            "column": 9
          },
          "end": {
            "line": 1,
            "column": 25
          }
        },
        "loc": {
          "start": {
            "line": 1,
            "column": 43
          },
          "end": {
            "line": 13,
            "column": 1
          }
        },
        "line": 1
      },
      "1": {
        "name": "(anonymous_1)",
        "decl": {
          "start": {
            "line": 18,
            "column": 4
          },
          "end": {
            "line": 18,
            "column": 5
          }
        },
        "loc": {
          "start": {
            "line": 18,
            "column": 40
          },
          "end": {
            "line": 27,
            "column": 5
          }
        },
        "line": 18
      },
      "2": {
        "name": "(anonymous_2)",
        "decl": {
          "start": {
            "line": 28,
            "column": 4
          },
          "end": {
            "line": 28,
            "column": 5
          }
        },
        "loc": {
          "start": {
            "line": 28,
            "column": 24
          },
          "end": {
            "line": 52,
            "column": 5
          }
        },
        "line": 28
      },
      "3": {
        "name": "(anonymous_3)",
        "decl": {
          "start": {
            "line": 53,
            "column": 4
          },
          "end": {
            "line": 53,
            "column": 5
          }
        },
        "loc": {
          "start": {
            "line": 53,
            "column": 21
          },
          "end": {
            "line": 60,
            "column": 5
          }
        },
        "line": 53
      },
      "4": {
        "name": "(anonymous_4)",
        "decl": {
          "start": {
            "line": 61,
            "column": 4
          },
          "end": {
            "line": 61,
            "column": 5
          }
        },
        "loc": {
          "start": {
            "line": 61,
            "column": 17
          },
          "end": {
            "line": 64,
            "column": 5
          }
        },
        "line": 61
      }
    },
    "branchMap": {
      "0": {
        "loc": {
          "start": {
            "line": 2,
            "column": 4
          },
          "end": {
            "line": 11,
            "column": 5
          }
        },
        "type": "if",
        "locations": [
          {
            "start": {
              "line": 2,
              "column": 4
            },
            "end": {
              "line": 11,
              "column": 5
            }
          },
          {
            "start": {
              "line": 9,
              "column": 11
            },
            "end": {
              "line": 11,
              "column": 5
            }
          }
        ],
        "line": 2
      },
      "1": {
        "loc": {
          "start": {
            "line": 19,
            "column": 26
          },
          "end": {
            "line": 21,
            "column": 16
          }
        },
        "type": "cond-expr",
        "locations": [
          {
            "start": {
              "line": 19,
              "column": 34
            },
            "end": {
              "line": 21,
              "column": 9
            }
          },
          {
            "start": {
              "line": 21,
              "column": 12
            },
            "end": {
              "line": 21,
              "column": 16
            }
          }
        ],
        "line": 19
      },
      "2": {
        "loc": {
          "start": {
            "line": 25,
            "column": 15
          },
          "end": {
            "line": 25,
            "column": 33
          }
        },
        "type": "binary-expr",
        "locations": [
          {
            "start": {
              "line": 25,
              "column": 15
            },
            "end": {
              "line": 25,
              "column": 22
            }
          },
          {
            "start": {
              "line": 25,
              "column": 26
            },
            "end": {
              "line": 25,
              "column": 33
            }
          }
        ],
        "line": 25
      },
      "3": {
        "loc": {
          "start": {
            "line": 55,
            "column": 8
          },
          "end": {
            "line": 59,
            "column": 9
          }
        },
        "type": "if",
        "locations": [
          {
            "start": {
              "line": 55,
              "column": 8
            },
            "end": {
              "line": 59,
              "column": 9
            }
          },
          {
            "start": {
              "line": 57,
              "column": 15
            },
            "end": {
              "line": 59,
              "column": 9
            }
          }
        ],
        "line": 55
      }
    },
    "s": {
      "0": 402,
      "1": 0,
      "2": 402,
      "3": 402,
      "4": 9,
      "5": 8,
      "6": 8,
      "7": 8,
      "8": 8,
      "9": 3,
      "10": 3,
      "11": 8,
      "12": 8,
      "13": 0,
      "14": 8,
      "15": 402,
      "16": 402
    },
    "f": {
      "0": 402,
      "1": 8,
      "2": 8,
      "3": 8,
      "4": 402
    },
    "b": {
      "0": [
        0,
        402
      ],
      "1": [
        0,
        8
      ],
      "2": [
        8,
        0
      ],
      "3": [
        0,
        8
      ]
    },
    "inputSourceMap": {
      "version": 3,
      "sources": [
        "/home/lucasbarque/projects/photolink/photolink-frontend/src/infrastructure/http/client/axios-http-client.ts"
      ],
      "names": [
        "axios",
        "LocalStorageKeys",
        "VITE_BACKEND_URL",
        "env",
        "AxiosHttpClient",
        "createHeaders",
        "token",
        "headers",
        "tokenAuth",
        "Authorization",
        "request",
        "data",
        "response",
        "baseURL",
        "baseUrl",
        "url",
        "method",
        "body",
        "params",
        "getToken",
        "timeoutErrorMessage",
        "statusCode",
        "status",
        "err",
        "localStorage",
        "getItem",
        "JSON",
        "parse",
        "constructor"
      ],
      "mappings": ";;;;;;;;;;;;;AAAA,OAAOA,WAAW,QAAQ;AAO1B,SAASC,gBAAgB,QAAQ,sBAAsB;AAEvD,MAAM,EAAEC,iBAAgB,EAAE,GAAG,YAAYC;AAOzC,OAAO,MAAMC;IAOHC,cAAc,EAAEC,MAAK,EAAEC,QAAO,EAAsB,EAAE;QAC5D,MAAMC,YAAYF,QAAQ;YAAEG,eAAe,CAAC,OAAO,EAAEH,MAAM,CAAC;QAAC,IAAI;QACjE,OAAO;YACL,gBAAgB;YAChB,GAAGE,SAAS;YACZ,GAAID,WAAWA,OAAO;QACxB;IACF;IAEA,MAAMG,QAAQC,IAAkB,EAAyB;QACvD,IAAI;YACF,MAAMC,WAAW,MAAMZ,MAAMU,QAAQ;gBACnCG,SAAS,IAAI,CAACC;gBACdC,KAAKJ,KAAKI;gBACVC,QAAQL,KAAKK;gBACbL,MAAMA,KAAKM;gBACXC,QAAQP,KAAKO;gBACbX,SAAS,IAAI,CAACF,cAAc;oBAC1BC,OAAO,MAAM,IAAI,CAACa;oBAClBZ,SAASI,KAAKJ;gBAChB;gBACAa,qBAAqB;YACvB;YAEA,OAAO;gBACLC,YAAYT,SAASU;gBACrBL,MAAML,SAASD;YACjB;QACF,EAAE,OAAOY,KAAU;YACjB,OAAO;gBACLF,YAAYE,KAAKX,UAAUU;gBAC3BL,MAAMM,KAAKX,UAAUD;YACvB;QACF;IACF;IAEA,MAAcQ,WAAmC;QAC/C,MAAMb,QAAQkB,aAAaC,QAAQxB,iBAAiBK;QAEpD,IAAIA,OAAO;YACT,OAAOoB,KAAKC,MAAMrB;QACpB,OAAO;YACL,OAAO;QACT;IACF;IAhDAsB,aAAc;QAFd,uBAAQd,WAAR,KAAA;QAGE,IAAI,CAACA,UAAUZ;IACjB;AAmDF"
    },
    "_coverageSchema": "1a1c01bbd47fc00a2c39e90264f33305004495a9",
    "hash": "e2171963bc9d44d7ed39fdec0ca3af4579160b86"
  },
  "/home/lucasbarque/projects/photolink/photolink-frontend/src/infrastructure/http/factories/ApiFactory.ts": {
    "path": "/home/lucasbarque/projects/photolink/photolink-frontend/src/infrastructure/http/factories/ApiFactory.ts",
    "statementMap": {
      "0": {
        "start": {
          "line": 2,
          "column": 19
        },
        "end": {
          "line": 4,
          "column": 1
        }
      },
      "1": {
        "start": {
          "line": 3,
          "column": 4
        },
        "end": {
          "line": 3,
          "column": 33
        }
      }
    },
    "fnMap": {
      "0": {
        "name": "(anonymous_0)",
        "decl": {
          "start": {
            "line": 2,
            "column": 19
          },
          "end": {
            "line": 2,
            "column": 20
          }
        },
        "loc": {
          "start": {
            "line": 2,
            "column": 23
          },
          "end": {
            "line": 4,
            "column": 1
          }
        },
        "line": 2
      }
    },
    "branchMap": {},
    "s": {
      "0": 9,
      "1": 402
    },
    "f": {
      "0": 402
    },
    "b": {},
    "inputSourceMap": {
      "version": 3,
      "sources": [
        "/home/lucasbarque/projects/photolink/photolink-frontend/src/infrastructure/http/factories/ApiFactory.ts"
      ],
      "names": [
        "AxiosHttpClient",
        "ApiFactory"
      ],
      "mappings": "AAAA,SAASA,eAAe,QAAQ,gDAAgD;AAIhF,MAAMC,aAAa;IACjB,OAAO,IAAID;AACb;AAEA,eAAeC,WAAW"
    },
    "_coverageSchema": "1a1c01bbd47fc00a2c39e90264f33305004495a9",
    "hash": "1f5a873106bd0365ff283e0b52ec451f90c65237"
  },
  "/home/lucasbarque/projects/photolink/photolink-frontend/src/infrastructure/services/auth/index.ts": {
    "path": "/home/lucasbarque/projects/photolink/photolink-frontend/src/infrastructure/services/auth/index.ts",
    "statementMap": {
      "0": {
        "start": {
          "line": 2,
          "column": 4
        },
        "end": {
          "line": 11,
          "column": 5
        }
      },
      "1": {
        "start": {
          "line": 3,
          "column": 8
        },
        "end": {
          "line": 8,
          "column": 11
        }
      },
      "2": {
        "start": {
          "line": 10,
          "column": 8
        },
        "end": {
          "line": 10,
          "column": 25
        }
      },
      "3": {
        "start": {
          "line": 12,
          "column": 4
        },
        "end": {
          "line": 12,
          "column": 15
        }
      },
      "4": {
        "start": {
          "line": 17,
          "column": 8
        },
        "end": {
          "line": 21,
          "column": 11
        }
      },
      "5": {
        "start": {
          "line": 24,
          "column": 8
        },
        "end": {
          "line": 27,
          "column": 11
        }
      },
      "6": {
        "start": {
          "line": 30,
          "column": 8
        },
        "end": {
          "line": 30,
          "column": 59
        }
      }
    },
    "fnMap": {
      "0": {
        "name": "_define_property",
        "decl": {
          "start": {
            "line": 1,
            "column": 9
          },
          "end": {
            "line": 1,
            "column": 25
          }
        },
        "loc": {
          "start": {
            "line": 1,
            "column": 43
          },
          "end": {
            "line": 13,
            "column": 1
          }
        },
        "line": 1
      },
      "1": {
        "name": "(anonymous_1)",
        "decl": {
          "start": {
            "line": 16,
            "column": 4
          },
          "end": {
            "line": 16,
            "column": 5
          }
        },
        "loc": {
          "start": {
            "line": 16,
            "column": 29
          },
          "end": {
            "line": 22,
            "column": 5
          }
        },
        "line": 16
      },
      "2": {
        "name": "(anonymous_2)",
        "decl": {
          "start": {
            "line": 23,
            "column": 4
          },
          "end": {
            "line": 23,
            "column": 5
          }
        },
        "loc": {
          "start": {
            "line": 23,
            "column": 23
          },
          "end": {
            "line": 28,
            "column": 5
          }
        },
        "line": 23
      },
      "3": {
        "name": "(anonymous_3)",
        "decl": {
          "start": {
            "line": 29,
            "column": 4
          },
          "end": {
            "line": 29,
            "column": 5
          }
        },
        "loc": {
          "start": {
            "line": 29,
            "column": 17
          },
          "end": {
            "line": 31,
            "column": 5
          }
        },
        "line": 29
      }
    },
    "branchMap": {
      "0": {
        "loc": {
          "start": {
            "line": 2,
            "column": 4
          },
          "end": {
            "line": 11,
            "column": 5
          }
        },
        "type": "if",
        "locations": [
          {
            "start": {
              "line": 2,
              "column": 4
            },
            "end": {
              "line": 11,
              "column": 5
            }
          },
          {
            "start": {
              "line": 9,
              "column": 11
            },
            "end": {
              "line": 11,
              "column": 5
            }
          }
        ],
        "line": 2
      }
    },
    "s": {
      "0": 72,
      "1": 0,
      "2": 72,
      "3": 72,
      "4": 0,
      "5": 0,
      "6": 72
    },
    "f": {
      "0": 72,
      "1": 0,
      "2": 0,
      "3": 72
    },
    "b": {
      "0": [
        0,
        72
      ]
    },
    "inputSourceMap": {
      "version": 3,
      "sources": [
        "/home/lucasbarque/projects/photolink/photolink-frontend/src/infrastructure/services/auth/index.ts"
      ],
      "names": [
        "ApiFactory",
        "AuthService",
        "authenticate",
        "data",
        "httpClient",
        "request",
        "method",
        "url",
        "body",
        "getSession"
      ],
      "mappings": ";;;;;;;;;;;;;AAAA,OAAOA,gBAAgB,4CAA4C;AAQpD,MAAMC;IAGnB,MAAaC,aACXC,IAA4B,EACoB;QAChD,OAAO,MAAM,IAAI,CAACC,WAAWC,QAAQ;YACnCC,QAAQ;YACRC,KAAK;YACLC,MAAML;QACR;IACF;IAEA,MAAaM,aAAmD;QAC9D,OAAO,MAAM,IAAI,CAACL,WAAWC,QAAQ;YACnCC,QAAQ;YACRC,KAAK;QACP;IACF;;QAjBAH,uBAAAA,cAAaJ;;AAkBf;AAnBA,SAAqBC,yBAmBpB"
    },
    "_coverageSchema": "1a1c01bbd47fc00a2c39e90264f33305004495a9",
    "hash": "3be64adac062811159a19f3f90804d5e5f533cbc"
  },
  "/home/lucasbarque/projects/photolink/photolink-frontend/src/hooks/useToast.tsx": {
    "path": "/home/lucasbarque/projects/photolink/photolink-frontend/src/hooks/useToast.tsx",
    "statementMap": {
      "0": {
        "start": {
          "line": 4,
          "column": 24
        },
        "end": {
          "line": 15,
          "column": 1
        }
      },
      "1": {
        "start": {
          "line": 5,
          "column": 18
        },
        "end": {
          "line": 11,
          "column": 5
        }
      },
      "2": {
        "start": {
          "line": 6,
          "column": 8
        },
        "end": {
          "line": 10,
          "column": 11
        }
      },
      "3": {
        "start": {
          "line": 12,
          "column": 4
        },
        "end": {
          "line": 14,
          "column": 6
        }
      }
    },
    "fnMap": {
      "0": {
        "name": "(anonymous_0)",
        "decl": {
          "start": {
            "line": 4,
            "column": 24
          },
          "end": {
            "line": 4,
            "column": 25
          }
        },
        "loc": {
          "start": {
            "line": 4,
            "column": 28
          },
          "end": {
            "line": 15,
            "column": 1
          }
        },
        "line": 4
      },
      "1": {
        "name": "(anonymous_1)",
        "decl": {
          "start": {
            "line": 5,
            "column": 18
          },
          "end": {
            "line": 5,
            "column": 19
          }
        },
        "loc": {
          "start": {
            "line": 5,
            "column": 66
          },
          "end": {
            "line": 11,
            "column": 5
          }
        },
        "line": 5
      }
    },
    "branchMap": {
      "0": {
        "loc": {
          "start": {
            "line": 5,
            "column": 31
          },
          "end": {
            "line": 5,
            "column": 44
          }
        },
        "type": "default-arg",
        "locations": [
          {
            "start": {
              "line": 5,
              "column": 37
            },
            "end": {
              "line": 5,
              "column": 44
            }
          }
        ],
        "line": 5
      },
      "1": {
        "loc": {
          "start": {
            "line": 5,
            "column": 47
          },
          "end": {
            "line": 5,
            "column": 60
          }
        },
        "type": "default-arg",
        "locations": [
          {
            "start": {
              "line": 5,
              "column": 56
            },
            "end": {
              "line": 5,
              "column": 60
            }
          }
        ],
        "line": 5
      }
    },
    "s": {
      "0": 9,
      "1": 664,
      "2": 1,
      "3": 664
    },
    "f": {
      "0": 664,
      "1": 1
    },
    "b": {
      "0": [
        0
      ],
      "1": [
        1
      ]
    },
    "inputSourceMap": {
      "version": 3,
      "sources": [
        "/home/lucasbarque/projects/photolink/photolink-frontend/src/hooks/useToast.tsx"
      ],
      "names": [
        "createToast",
        "useToast",
        "toast",
        "message",
        "type",
        "timeout",
        "cancel"
      ],
      "mappings": "AAAA,SAASA,WAAW,QAAQ,eAAe;AAC3C,OAAO,mBAAmB;AAE1B,OAAO,sBAAsB;AAS7B,OAAO,MAAMC,WAAW;IACtB,MAAMC,QAAQ,CAAC,EAAEC,QAAO,EAAEC,MAAO,QAAO,EAAEC,SAAU,KAAI,EAAc;QACpEL,YAAYG,SAAS;YACnBE;YACAD;YACAE,QAAQ;QACV;IACF;IACA,OAAO;QACLJ;IACF;AACF,EAAE"
    },
    "_coverageSchema": "1a1c01bbd47fc00a2c39e90264f33305004495a9",
    "hash": "adcaec12b7e978f60e85b135f000e56e3766e24e"
  },
  "/home/lucasbarque/projects/photolink/photolink-frontend/src/model/http/http-client.ts": {
    "path": "/home/lucasbarque/projects/photolink/photolink-frontend/src/model/http/http-client.ts",
    "statementMap": {
      "0": {
        "start": {
          "line": 2,
          "column": 0
        },
        "end": {
          "line": 16,
          "column": 44
        }
      },
      "1": {
        "start": {
          "line": 3,
          "column": 4
        },
        "end": {
          "line": 3,
          "column": 54
        }
      },
      "2": {
        "start": {
          "line": 4,
          "column": 4
        },
        "end": {
          "line": 4,
          "column": 64
        }
      },
      "3": {
        "start": {
          "line": 5,
          "column": 4
        },
        "end": {
          "line": 5,
          "column": 66
        }
      },
      "4": {
        "start": {
          "line": 6,
          "column": 4
        },
        "end": {
          "line": 6,
          "column": 68
        }
      },
      "5": {
        "start": {
          "line": 7,
          "column": 4
        },
        "end": {
          "line": 7,
          "column": 70
        }
      },
      "6": {
        "start": {
          "line": 8,
          "column": 4
        },
        "end": {
          "line": 8,
          "column": 74
        }
      },
      "7": {
        "start": {
          "line": 9,
          "column": 4
        },
        "end": {
          "line": 9,
          "column": 68
        }
      },
      "8": {
        "start": {
          "line": 10,
          "column": 4
        },
        "end": {
          "line": 10,
          "column": 66
        }
      },
      "9": {
        "start": {
          "line": 11,
          "column": 4
        },
        "end": {
          "line": 11,
          "column": 58
        }
      },
      "10": {
        "start": {
          "line": 12,
          "column": 4
        },
        "end": {
          "line": 12,
          "column": 66
        }
      },
      "11": {
        "start": {
          "line": 13,
          "column": 4
        },
        "end": {
          "line": 13,
          "column": 70
        }
      },
      "12": {
        "start": {
          "line": 14,
          "column": 4
        },
        "end": {
          "line": 14,
          "column": 72
        }
      },
      "13": {
        "start": {
          "line": 15,
          "column": 4
        },
        "end": {
          "line": 15,
          "column": 86
        }
      }
    },
    "fnMap": {
      "0": {
        "name": "(anonymous_0)",
        "decl": {
          "start": {
            "line": 2,
            "column": 1
          },
          "end": {
            "line": 2,
            "column": 2
          }
        },
        "loc": {
          "start": {
            "line": 2,
            "column": 26
          },
          "end": {
            "line": 16,
            "column": 1
          }
        },
        "line": 2
      }
    },
    "branchMap": {
      "0": {
        "loc": {
          "start": {
            "line": 16,
            "column": 3
          },
          "end": {
            "line": 16,
            "column": 42
          }
        },
        "type": "binary-expr",
        "locations": [
          {
            "start": {
              "line": 16,
              "column": 3
            },
            "end": {
              "line": 16,
              "column": 17
            }
          },
          {
            "start": {
              "line": 16,
              "column": 22
            },
            "end": {
              "line": 16,
              "column": 41
            }
          }
        ],
        "line": 16
      }
    },
    "s": {
      "0": 9,
      "1": 9,
      "2": 9,
      "3": 9,
      "4": 9,
      "5": 9,
      "6": 9,
      "7": 9,
      "8": 9,
      "9": 9,
      "10": 9,
      "11": 9,
      "12": 9,
      "13": 9
    },
    "f": {
      "0": 9
    },
    "b": {
      "0": [
        9,
        9
      ]
    },
    "inputSourceMap": {
      "version": 3,
      "sources": [
        "/home/lucasbarque/projects/photolink/photolink-frontend/src/model/http/http-client.ts"
      ],
      "names": [
        "HttpStatusCode",
        "ok",
        "created",
        "accepted",
        "noContent",
        "badRequest",
        "unauthorized",
        "forbidden",
        "notFound",
        "rule",
        "conflict",
        "validation",
        "serverError",
        "serviceUnavailable"
      ],
      "mappings": "WAmBO;UAAKA,cAAc;IAAdA,eAAAA,eACVC,QAAK,OAALA;IADUD,eAAAA,eAEVE,aAAU,OAAVA;IAFUF,eAAAA,eAGVG,cAAW,OAAXA;IAHUH,eAAAA,eAIVI,eAAY,OAAZA;IAJUJ,eAAAA,eAKVK,gBAAa,OAAbA;IALUL,eAAAA,eAMVM,kBAAe,OAAfA;IANUN,eAAAA,eAOVO,eAAY,OAAZA;IAPUP,eAAAA,eAQVQ,cAAW,OAAXA;IARUR,eAAAA,eASVS,UAAO,OAAPA;IATUT,eAAAA,eAUVU,cAAW,OAAXA;IAVUV,eAAAA,eAWVW,gBAAa,OAAbA;IAXUX,eAAAA,eAYVY,iBAAc,OAAdA;IAZUZ,eAAAA,eAaVa,wBAAqB,OAArBA;GAbUb,mBAAAA"
    },
    "_coverageSchema": "1a1c01bbd47fc00a2c39e90264f33305004495a9",
    "hash": "ed823b79eb13947264ab4d3c03b55ba6eaccb9dc"
  },
  "/home/lucasbarque/projects/photolink/photolink-frontend/src/model/loading/states.ts": {
    "path": "/home/lucasbarque/projects/photolink/photolink-frontend/src/model/loading/states.ts",
    "statementMap": {
      "0": {
        "start": {
          "line": 2,
          "column": 0
        },
        "end": {
          "line": 7,
          "column": 50
        }
      },
      "1": {
        "start": {
          "line": 3,
          "column": 4
        },
        "end": {
          "line": 3,
          "column": 39
        }
      },
      "2": {
        "start": {
          "line": 4,
          "column": 4
        },
        "end": {
          "line": 4,
          "column": 41
        }
      },
      "3": {
        "start": {
          "line": 5,
          "column": 4
        },
        "end": {
          "line": 5,
          "column": 47
        }
      },
      "4": {
        "start": {
          "line": 6,
          "column": 4
        },
        "end": {
          "line": 6,
          "column": 45
        }
      }
    },
    "fnMap": {
      "0": {
        "name": "(anonymous_0)",
        "decl": {
          "start": {
            "line": 2,
            "column": 1
          },
          "end": {
            "line": 2,
            "column": 2
          }
        },
        "loc": {
          "start": {
            "line": 2,
            "column": 29
          },
          "end": {
            "line": 7,
            "column": 1
          }
        },
        "line": 2
      }
    },
    "branchMap": {
      "0": {
        "loc": {
          "start": {
            "line": 7,
            "column": 3
          },
          "end": {
            "line": 7,
            "column": 48
          }
        },
        "type": "binary-expr",
        "locations": [
          {
            "start": {
              "line": 7,
              "column": 3
            },
            "end": {
              "line": 7,
              "column": 20
            }
          },
          {
            "start": {
              "line": 7,
              "column": 25
            },
            "end": {
              "line": 7,
              "column": 47
            }
          }
        ],
        "line": 7
      }
    },
    "s": {
      "0": 9,
      "1": 9,
      "2": 9,
      "3": 9,
      "4": 9
    },
    "f": {
      "0": 9
    },
    "b": {
      "0": [
        9,
        9
      ]
    },
    "inputSourceMap": {
      "version": 3,
      "sources": [
        "/home/lucasbarque/projects/photolink/photolink-frontend/src/model/loading/states.ts"
      ],
      "names": [
        "LoadingStatesEnum",
        "DONE",
        "ERROR",
        "STAND_BY",
        "PENDING"
      ],
      "mappings": "WAEO;UAAKA,iBAAiB;IAAjBA,kBACVC,UAAO;IADGD,kBAEVE,WAAQ;IAFEF,kBAGVG,cAAW;IAHDH,kBAIVI,aAAU;GAJAJ,sBAAAA"
    },
    "_coverageSchema": "1a1c01bbd47fc00a2c39e90264f33305004495a9",
    "hash": "838a8906ecdddd1a18284abb6ad3d1ac577c2e18"
  },
  "/home/lucasbarque/projects/photolink/photolink-frontend/src/hooks/network/useSession.tsx": {
    "path": "/home/lucasbarque/projects/photolink/photolink-frontend/src/hooks/network/useSession.tsx",
    "statementMap": {
      "0": {
        "start": {
          "line": 3,
          "column": 0
        },
        "end": {
          "line": 3,
          "column": 104
        }
      },
      "1": {
        "start": {
          "line": 3,
          "column": 26
        },
        "end": {
          "line": 3,
          "column": 104
        }
      },
      "2": {
        "start": {
          "line": 4,
          "column": 23
        },
        "end": {
          "line": 4,
          "column": 42
        }
      },
      "3": {
        "start": {
          "line": 5,
          "column": 23
        },
        "end": {
          "line": 5,
          "column": 42
        }
      },
      "4": {
        "start": {
          "line": 6,
          "column": 0
        },
        "end": {
          "line": 6,
          "column": 143
        }
      },
      "5": {
        "start": {
          "line": 7,
          "column": 0
        },
        "end": {
          "line": 7,
          "column": 73
        }
      },
      "6": {
        "start": {
          "line": 9,
          "column": 9
        },
        "end": {
          "line": 9,
          "column": 23
        }
      },
      "7": {
        "start": {
          "line": 15,
          "column": 26
        },
        "end": {
          "line": 81,
          "column": 1
        }
      },
      "8": {
        "start": {
          "line": 16,
          "column": 4
        },
        "end": {
          "line": 16,
          "column": 9
        }
      },
      "9": {
        "start": {
          "line": 17,
          "column": 40
        },
        "end": {
          "line": 17,
          "column": 50
        }
      },
      "10": {
        "start": {
          "line": 18,
          "column": 44
        },
        "end": {
          "line": 18,
          "column": 80
        }
      },
      "11": {
        "start": {
          "line": 19,
          "column": 23
        },
        "end": {
          "line": 19,
          "column": 33
        }
      },
      "12": {
        "start": {
          "line": 20,
          "column": 20
        },
        "end": {
          "line": 20,
          "column": 37
        }
      },
      "13": {
        "start": {
          "line": 21,
          "column": 25
        },
        "end": {
          "line": 52,
          "column": 5
        }
      },
      "14": {
        "start": {
          "line": 22,
          "column": 8
        },
        "end": {
          "line": 22,
          "column": 51
        }
      },
      "15": {
        "start": {
          "line": 23,
          "column": 25
        },
        "end": {
          "line": 26,
          "column": 10
        }
      },
      "16": {
        "start": {
          "line": 27,
          "column": 8
        },
        "end": {
          "line": 51,
          "column": 9
        }
      },
      "17": {
        "start": {
          "line": 29,
          "column": 16
        },
        "end": {
          "line": 29,
          "column": 32
        }
      },
      "18": {
        "start": {
          "line": 31,
          "column": 16
        },
        "end": {
          "line": 34,
          "column": 19
        }
      },
      "19": {
        "start": {
          "line": 35,
          "column": 16
        },
        "end": {
          "line": 35,
          "column": 57
        }
      },
      "20": {
        "start": {
          "line": 36,
          "column": 16
        },
        "end": {
          "line": 36,
          "column": 22
        }
      },
      "21": {
        "start": {
          "line": 38,
          "column": 16
        },
        "end": {
          "line": 41,
          "column": 19
        }
      },
      "22": {
        "start": {
          "line": 42,
          "column": 16
        },
        "end": {
          "line": 42,
          "column": 57
        }
      },
      "23": {
        "start": {
          "line": 43,
          "column": 16
        },
        "end": {
          "line": 43,
          "column": 22
        }
      },
      "24": {
        "start": {
          "line": 45,
          "column": 16
        },
        "end": {
          "line": 48,
          "column": 19
        }
      },
      "25": {
        "start": {
          "line": 49,
          "column": 16
        },
        "end": {
          "line": 49,
          "column": 57
        }
      },
      "26": {
        "start": {
          "line": 50,
          "column": 16
        },
        "end": {
          "line": 50,
          "column": 22
        }
      },
      "27": {
        "start": {
          "line": 53,
          "column": 23
        },
        "end": {
          "line": 68,
          "column": 5
        }
      },
      "28": {
        "start": {
          "line": 54,
          "column": 8
        },
        "end": {
          "line": 54,
          "column": 51
        }
      },
      "29": {
        "start": {
          "line": 55,
          "column": 25
        },
        "end": {
          "line": 55,
          "column": 51
        }
      },
      "30": {
        "start": {
          "line": 56,
          "column": 8
        },
        "end": {
          "line": 67,
          "column": 9
        }
      },
      "31": {
        "start": {
          "line": 58,
          "column": 16
        },
        "end": {
          "line": 58,
          "column": 56
        }
      },
      "32": {
        "start": {
          "line": 59,
          "column": 16
        },
        "end": {
          "line": 59,
          "column": 37
        }
      },
      "33": {
        "start": {
          "line": 61,
          "column": 16
        },
        "end": {
          "line": 61,
          "column": 57
        }
      },
      "34": {
        "start": {
          "line": 62,
          "column": 16
        },
        "end": {
          "line": 65,
          "column": 19
        }
      },
      "35": {
        "start": {
          "line": 66,
          "column": 16
        },
        "end": {
          "line": 66,
          "column": 22
        }
      },
      "36": {
        "start": {
          "line": 73,
          "column": 4
        },
        "end": {
          "line": 80,
          "column": 6
        }
      },
      "37": {
        "start": {
          "line": 82,
          "column": 0
        },
        "end": {
          "line": 86,
          "column": 3
        }
      },
      "38": {
        "start": {
          "line": 83,
          "column": 4
        },
        "end": {
          "line": 85,
          "column": 6
        }
      },
      "39": {
        "start": {
          "line": 89,
          "column": 0
        },
        "end": {
          "line": 89,
          "column": 37
        }
      },
      "40": {
        "start": {
          "line": 90,
          "column": 0
        },
        "end": {
          "line": 90,
          "column": 37
        }
      },
      "41": {
        "start": {
          "line": 91,
          "column": 0
        },
        "end": {
          "line": 98,
          "column": 3
        }
      },
      "42": {
        "start": {
          "line": 92,
          "column": 2
        },
        "end": {
          "line": 92,
          "column": 156
        }
      },
      "43": {
        "start": {
          "line": 93,
          "column": 2
        },
        "end": {
          "line": 97,
          "column": 5
        }
      },
      "44": {
        "start": {
          "line": 94,
          "column": 4
        },
        "end": {
          "line": 94,
          "column": 29
        }
      },
      "45": {
        "start": {
          "line": 94,
          "column": 22
        },
        "end": {
          "line": 94,
          "column": 29
        }
      },
      "46": {
        "start": {
          "line": 95,
          "column": 30
        },
        "end": {
          "line": 95,
          "column": 113
        }
      },
      "47": {
        "start": {
          "line": 96,
          "column": 4
        },
        "end": {
          "line": 96,
          "column": 73
        }
      },
      "48": {
        "start": {
          "line": 96,
          "column": 27
        },
        "end": {
          "line": 96,
          "column": 73
        }
      }
    },
    "fnMap": {
      "0": {
        "name": "(anonymous_0)",
        "decl": {
          "start": {
            "line": 15,
            "column": 26
          },
          "end": {
            "line": 15,
            "column": 27
          }
        },
        "loc": {
          "start": {
            "line": 15,
            "column": 30
          },
          "end": {
            "line": 81,
            "column": 1
          }
        },
        "line": 15
      },
      "1": {
        "name": "(anonymous_1)",
        "decl": {
          "start": {
            "line": 21,
            "column": 25
          },
          "end": {
            "line": 21,
            "column": 26
          }
        },
        "loc": {
          "start": {
            "line": 21,
            "column": 56
          },
          "end": {
            "line": 52,
            "column": 5
          }
        },
        "line": 21
      },
      "2": {
        "name": "(anonymous_2)",
        "decl": {
          "start": {
            "line": 53,
            "column": 23
          },
          "end": {
            "line": 53,
            "column": 24
          }
        },
        "loc": {
          "start": {
            "line": 53,
            "column": 33
          },
          "end": {
            "line": 68,
            "column": 5
          }
        },
        "line": 53
      },
      "3": {
        "name": "(anonymous_3)",
        "decl": {
          "start": {
            "line": 82,
            "column": 54
          },
          "end": {
            "line": 82,
            "column": 55
          }
        },
        "loc": {
          "start": {
            "line": 82,
            "column": 65
          },
          "end": {
            "line": 86,
            "column": 1
          }
        },
        "line": 82
      },
      "4": {
        "name": "(anonymous_4)",
        "decl": {
          "start": {
            "line": 91,
            "column": 50
          },
          "end": {
            "line": 91,
            "column": 51
          }
        },
        "loc": {
          "start": {
            "line": 91,
            "column": 70
          },
          "end": {
            "line": 98,
            "column": 1
          }
        },
        "line": 91
      },
      "5": {
        "name": "(anonymous_5)",
        "decl": {
          "start": {
            "line": 93,
            "column": 25
          },
          "end": {
            "line": 93,
            "column": 26
          }
        },
        "loc": {
          "start": {
            "line": 93,
            "column": 42
          },
          "end": {
            "line": 97,
            "column": 3
          }
        },
        "line": 93
      }
    },
    "branchMap": {
      "0": {
        "loc": {
          "start": {
            "line": 3,
            "column": 0
          },
          "end": {
            "line": 3,
            "column": 104
          }
        },
        "type": "if",
        "locations": [
          {
            "start": {
              "line": 3,
              "column": 0
            },
            "end": {
              "line": 3,
              "column": 104
            }
          },
          {
            "start": {},
            "end": {}
          }
        ],
        "line": 3
      },
      "1": {
        "loc": {
          "start": {
            "line": 27,
            "column": 8
          },
          "end": {
            "line": 51,
            "column": 9
          }
        },
        "type": "switch",
        "locations": [
          {
            "start": {
              "line": 28,
              "column": 12
            },
            "end": {
              "line": 29,
              "column": 32
            }
          },
          {
            "start": {
              "line": 30,
              "column": 12
            },
            "end": {
              "line": 36,
              "column": 22
            }
          },
          {
            "start": {
              "line": 37,
              "column": 12
            },
            "end": {
              "line": 43,
              "column": 22
            }
          },
          {
            "start": {
              "line": 44,
              "column": 12
            },
            "end": {
              "line": 50,
              "column": 22
            }
          }
        ],
        "line": 27
      },
      "2": {
        "loc": {
          "start": {
            "line": 56,
            "column": 8
          },
          "end": {
            "line": 67,
            "column": 9
          }
        },
        "type": "switch",
        "locations": [
          {
            "start": {
              "line": 57,
              "column": 12
            },
            "end": {
              "line": 59,
              "column": 37
            }
          },
          {
            "start": {
              "line": 60,
              "column": 12
            },
            "end": {
              "line": 66,
              "column": 22
            }
          }
        ],
        "line": 56
      },
      "3": {
        "loc": {
          "start": {
            "line": 94,
            "column": 4
          },
          "end": {
            "line": 94,
            "column": 29
          }
        },
        "type": "if",
        "locations": [
          {
            "start": {
              "line": 94,
              "column": 4
            },
            "end": {
              "line": 94,
              "column": 29
            }
          },
          {
            "start": {},
            "end": {}
          }
        ],
        "line": 94
      },
      "4": {
        "loc": {
          "start": {
            "line": 96,
            "column": 4
          },
          "end": {
            "line": 96,
            "column": 73
          }
        },
        "type": "if",
        "locations": [
          {
            "start": {
              "line": 96,
              "column": 4
            },
            "end": {
              "line": 96,
              "column": 73
            }
          },
          {
            "start": {},
            "end": {}
          }
        ],
        "line": 96
      }
    },
    "s": {
      "0": 9,
      "1": 0,
      "2": 9,
      "3": 9,
      "4": 9,
      "5": 9,
      "6": 9,
      "7": 9,
      "8": 36,
      "9": 36,
      "10": 36,
      "11": 36,
      "12": 36,
      "13": 36,
      "14": 0,
      "15": 0,
      "16": 0,
      "17": 0,
      "18": 0,
      "19": 0,
      "20": 0,
      "21": 0,
      "22": 0,
      "23": 0,
      "24": 0,
      "25": 0,
      "26": 0,
      "27": 36,
      "28": 0,
      "29": 0,
      "30": 0,
      "31": 0,
      "32": 0,
      "33": 0,
      "34": 0,
      "35": 0,
      "36": 36,
      "37": 9,
      "38": 9,
      "39": 9,
      "40": 9,
      "41": 9,
      "42": 8,
      "43": 8,
      "44": 0,
      "45": 0,
      "46": 0,
      "47": 0,
      "48": 0
    },
    "f": {
      "0": 36,
      "1": 0,
      "2": 0,
      "3": 9,
      "4": 8,
      "5": 0
    },
    "b": {
      "0": [
        0,
        9
      ],
      "1": [
        0,
        0,
        0,
        0
      ],
      "2": [
        0,
        0
      ],
      "3": [
        0,
        0
      ],
      "4": [
        0,
        0
      ]
    },
    "inputSourceMap": {
      "version": 3,
      "sources": [
        "/home/lucasbarque/projects/photolink/photolink-frontend/src/hooks/network/useSession.tsx"
      ],
      "names": [
        "useState",
        "AuthService",
        "useToast",
        "HttpStatusCode",
        "LoadingStatesEnum",
        "useSession",
        "errorState",
        "setErrorState",
        "requestState",
        "setRequestState",
        "STAND_BY",
        "toast",
        "service",
        "authenticate",
        "email",
        "password",
        "PENDING",
        "response",
        "statusCode",
        "ok",
        "unauthorized",
        "message",
        "type",
        "ERROR",
        "badRequest",
        "getSession",
        "DONE",
        "body"
      ],
      "mappings": ";;;;;;;;;AAAA,SAASA,QAAQ,QAAQ,QAAQ;AAEjC,OAAOC,iBAAiB,gCAAgC;AAGxD,SAASC,QAAQ,QAAQ,kBAAkB;AAE3C,SAASC,cAAc,QAAQ,0BAA0B;AACzD,SAASC,iBAAiB,QAAQ,wBAAwB;AAE1D,OAAO,MAAMC,aAAa;;IACxB,MAAM,CAACC,YAAYC,cAAc,GAAGP;IACpC,MAAM,CAACQ,cAAcC,gBAAgB,GAAGT,SAASI,kBAAkBM;IACnE,MAAM,EAAEC,MAAK,EAAE,GAAGT;IAElB,MAAMU,UAAU,IAAIX;IAEpB,MAAMY,eAAe,OAAO,EAAEC,MAAK,EAAEC,SAAQ,EAA0B;QACrEN,gBAAgBL,kBAAkBY;QAElC,MAAMC,WAAW,MAAML,QAAQC,aAAa;YAAEC;YAAOC;QAAS;QAE9D,OAAQE,SAASC;YACf,KAAKf,eAAegB;gBAClB,OAAOF;YAET,KAAKd,eAAeiB;gBAClBT,MAAM;oBAAEU,SAAS;oBAA8BC,MAAM;gBAAQ;gBAC7Db,gBAAgBL,kBAAkBmB;gBAClC;YAEF,KAAKpB,eAAeqB;gBAClBb,MAAM;oBAAEU,SAAS;oBAA8BC,MAAM;gBAAQ;gBAC7Db,gBAAgBL,kBAAkBmB;gBAClC;YAEF;gBACEZ,MAAM;oBACJU,SAAS;oBACTC,MAAM;gBACR;gBACAb,gBAAgBL,kBAAkBmB;gBAClC;QACJ;IACF;IAEA,MAAME,aAAa;QACjBhB,gBAAgBL,kBAAkBY;QAClC,MAAMC,WAAW,MAAML,QAAQa;QAE/B,OAAQR,SAASC;YACf,KAAKf,eAAegB;gBAClBV,gBAAgBL,kBAAkBsB;gBAClC,OAAOT,SAASU;YAElB;gBACElB,gBAAgBL,kBAAkBmB;gBAClCZ,MAAM;oBACJU,SACE;oBACFC,MAAM;gBACR;gBACA;QACJ;IACF;IAEA,gCAAgC;IAChC,gDAAgD;IAChD,6BAA6B;IAC7B,KAAK;IAEL,OAAO;QACLhB;QACAE;QACAD;QACAkB;QACA,WAAW;QACXZ;IACF;AACF,EAAE;GArEWR;;QAGOH"
    },
    "_coverageSchema": "1a1c01bbd47fc00a2c39e90264f33305004495a9",
    "hash": "4e262267935caa1298369e4b0be349acd8d79ddf"
  },
  "/home/lucasbarque/projects/photolink/photolink-frontend/src/contexts/AuthContext.tsx": {
    "path": "/home/lucasbarque/projects/photolink/photolink-frontend/src/contexts/AuthContext.tsx",
    "statementMap": {
      "0": {
        "start": {
          "line": 3,
          "column": 0
        },
        "end": {
          "line": 3,
          "column": 104
        }
      },
      "1": {
        "start": {
          "line": 3,
          "column": 26
        },
        "end": {
          "line": 3,
          "column": 104
        }
      },
      "2": {
        "start": {
          "line": 4,
          "column": 23
        },
        "end": {
          "line": 4,
          "column": 42
        }
      },
      "3": {
        "start": {
          "line": 5,
          "column": 23
        },
        "end": {
          "line": 5,
          "column": 42
        }
      },
      "4": {
        "start": {
          "line": 6,
          "column": 0
        },
        "end": {
          "line": 6,
          "column": 139
        }
      },
      "5": {
        "start": {
          "line": 7,
          "column": 0
        },
        "end": {
          "line": 7,
          "column": 73
        }
      },
      "6": {
        "start": {
          "line": 10,
          "column": 9
        },
        "end": {
          "line": 10,
          "column": 23
        }
      },
      "7": {
        "start": {
          "line": 17,
          "column": 41
        },
        "end": {
          "line": 17,
          "column": 58
        }
      },
      "8": {
        "start": {
          "line": 18,
          "column": 28
        },
        "end": {
          "line": 77,
          "column": 1
        }
      },
      "9": {
        "start": {
          "line": 19,
          "column": 4
        },
        "end": {
          "line": 19,
          "column": 9
        }
      },
      "10": {
        "start": {
          "line": 20,
          "column": 30
        },
        "end": {
          "line": 20,
          "column": 42
        }
      },
      "11": {
        "start": {
          "line": 21,
          "column": 20
        },
        "end": {
          "line": 21,
          "column": 37
        }
      },
      "12": {
        "start": {
          "line": 22,
          "column": 28
        },
        "end": {
          "line": 22,
          "column": 42
        }
      },
      "13": {
        "start": {
          "line": 23,
          "column": 50
        },
        "end": {
          "line": 23,
          "column": 65
        }
      },
      "14": {
        "start": {
          "line": 24,
          "column": 24
        },
        "end": {
          "line": 24,
          "column": 39
        }
      },
      "15": {
        "start": {
          "line": 25,
          "column": 44
        },
        "end": {
          "line": 25,
          "column": 80
        }
      },
      "16": {
        "start": {
          "line": 27,
          "column": 25
        },
        "end": {
          "line": 27,
          "column": 51
        }
      },
      "17": {
        "start": {
          "line": 28,
          "column": 8
        },
        "end": {
          "line": 32,
          "column": 9
        }
      },
      "18": {
        "start": {
          "line": 29,
          "column": 12
        },
        "end": {
          "line": 29,
          "column": 40
        }
      },
      "19": {
        "start": {
          "line": 31,
          "column": 12
        },
        "end": {
          "line": 31,
          "column": 22
        }
      },
      "20": {
        "start": {
          "line": 35,
          "column": 25
        },
        "end": {
          "line": 38,
          "column": 10
        }
      },
      "21": {
        "start": {
          "line": 39,
          "column": 8
        },
        "end": {
          "line": 43,
          "column": 9
        }
      },
      "22": {
        "start": {
          "line": 40,
          "column": 12
        },
        "end": {
          "line": 40,
          "column": 37
        }
      },
      "23": {
        "start": {
          "line": 41,
          "column": 12
        },
        "end": {
          "line": 41,
          "column": 94
        }
      },
      "24": {
        "start": {
          "line": 42,
          "column": 12
        },
        "end": {
          "line": 42,
          "column": 31
        }
      },
      "25": {
        "start": {
          "line": 46,
          "column": 8
        },
        "end": {
          "line": 46,
          "column": 22
        }
      },
      "26": {
        "start": {
          "line": 47,
          "column": 8
        },
        "end": {
          "line": 47,
          "column": 34
        }
      },
      "27": {
        "start": {
          "line": 48,
          "column": 8
        },
        "end": {
          "line": 48,
          "column": 56
        }
      },
      "28": {
        "start": {
          "line": 50,
          "column": 4
        },
        "end": {
          "line": 60,
          "column": 11
        }
      },
      "29": {
        "start": {
          "line": 51,
          "column": 22
        },
        "end": {
          "line": 51,
          "column": 66
        }
      },
      "30": {
        "start": {
          "line": 52,
          "column": 8
        },
        "end": {
          "line": 57,
          "column": 9
        }
      },
      "31": {
        "start": {
          "line": 53,
          "column": 12
        },
        "end": {
          "line": 53,
          "column": 37
        }
      },
      "32": {
        "start": {
          "line": 54,
          "column": 12
        },
        "end": {
          "line": 56,
          "column": 17
        }
      },
      "33": {
        "start": {
          "line": 55,
          "column": 16
        },
        "end": {
          "line": 55,
          "column": 35
        }
      },
      "34": {
        "start": {
          "line": 58,
          "column": 8
        },
        "end": {
          "line": 58,
          "column": 48
        }
      },
      "35": {
        "start": {
          "line": 61,
          "column": 4
        },
        "end": {
          "line": 76,
          "column": 13
        }
      },
      "36": {
        "start": {
          "line": 78,
          "column": 0
        },
        "end": {
          "line": 82,
          "column": 3
        }
      },
      "37": {
        "start": {
          "line": 79,
          "column": 4
        },
        "end": {
          "line": 81,
          "column": 6
        }
      },
      "38": {
        "start": {
          "line": 83,
          "column": 0
        },
        "end": {
          "line": 83,
          "column": 18
        }
      },
      "39": {
        "start": {
          "line": 85,
          "column": 0
        },
        "end": {
          "line": 85,
          "column": 33
        }
      },
      "40": {
        "start": {
          "line": 88,
          "column": 0
        },
        "end": {
          "line": 88,
          "column": 37
        }
      },
      "41": {
        "start": {
          "line": 89,
          "column": 0
        },
        "end": {
          "line": 89,
          "column": 37
        }
      },
      "42": {
        "start": {
          "line": 90,
          "column": 0
        },
        "end": {
          "line": 97,
          "column": 3
        }
      },
      "43": {
        "start": {
          "line": 91,
          "column": 2
        },
        "end": {
          "line": 91,
          "column": 152
        }
      },
      "44": {
        "start": {
          "line": 92,
          "column": 2
        },
        "end": {
          "line": 96,
          "column": 5
        }
      },
      "45": {
        "start": {
          "line": 93,
          "column": 4
        },
        "end": {
          "line": 93,
          "column": 29
        }
      },
      "46": {
        "start": {
          "line": 93,
          "column": 22
        },
        "end": {
          "line": 93,
          "column": 29
        }
      },
      "47": {
        "start": {
          "line": 94,
          "column": 30
        },
        "end": {
          "line": 94,
          "column": 113
        }
      },
      "48": {
        "start": {
          "line": 95,
          "column": 4
        },
        "end": {
          "line": 95,
          "column": 73
        }
      },
      "49": {
        "start": {
          "line": 95,
          "column": 27
        },
        "end": {
          "line": 95,
          "column": 73
        }
      }
    },
    "fnMap": {
      "0": {
        "name": "(anonymous_0)",
        "decl": {
          "start": {
            "line": 18,
            "column": 28
          },
          "end": {
            "line": 18,
            "column": 29
          }
        },
        "loc": {
          "start": {
            "line": 18,
            "column": 45
          },
          "end": {
            "line": 77,
            "column": 1
          }
        },
        "line": 18
      },
      "1": {
        "name": "getSession",
        "decl": {
          "start": {
            "line": 26,
            "column": 19
          },
          "end": {
            "line": 26,
            "column": 29
          }
        },
        "loc": {
          "start": {
            "line": 26,
            "column": 32
          },
          "end": {
            "line": 33,
            "column": 5
          }
        },
        "line": 26
      },
      "2": {
        "name": "signIn",
        "decl": {
          "start": {
            "line": 34,
            "column": 19
          },
          "end": {
            "line": 34,
            "column": 25
          }
        },
        "loc": {
          "start": {
            "line": 34,
            "column": 43
          },
          "end": {
            "line": 44,
            "column": 5
          }
        },
        "line": 34
      },
      "3": {
        "name": "signOut",
        "decl": {
          "start": {
            "line": 45,
            "column": 13
          },
          "end": {
            "line": 45,
            "column": 20
          }
        },
        "loc": {
          "start": {
            "line": 45,
            "column": 23
          },
          "end": {
            "line": 49,
            "column": 5
          }
        },
        "line": 45
      },
      "4": {
        "name": "(anonymous_4)",
        "decl": {
          "start": {
            "line": 50,
            "column": 14
          },
          "end": {
            "line": 50,
            "column": 15
          }
        },
        "loc": {
          "start": {
            "line": 50,
            "column": 18
          },
          "end": {
            "line": 60,
            "column": 5
          }
        },
        "line": 50
      },
      "5": {
        "name": "(anonymous_5)",
        "decl": {
          "start": {
            "line": 54,
            "column": 13
          },
          "end": {
            "line": 54,
            "column": 14
          }
        },
        "loc": {
          "start": {
            "line": 54,
            "column": 23
          },
          "end": {
            "line": 56,
            "column": 13
          }
        },
        "line": 54
      },
      "6": {
        "name": "(anonymous_6)",
        "decl": {
          "start": {
            "line": 78,
            "column": 56
          },
          "end": {
            "line": 78,
            "column": 57
          }
        },
        "loc": {
          "start": {
            "line": 78,
            "column": 67
          },
          "end": {
            "line": 82,
            "column": 1
          }
        },
        "line": 78
      },
      "7": {
        "name": "(anonymous_7)",
        "decl": {
          "start": {
            "line": 90,
            "column": 50
          },
          "end": {
            "line": 90,
            "column": 51
          }
        },
        "loc": {
          "start": {
            "line": 90,
            "column": 70
          },
          "end": {
            "line": 97,
            "column": 1
          }
        },
        "line": 90
      },
      "8": {
        "name": "(anonymous_8)",
        "decl": {
          "start": {
            "line": 92,
            "column": 25
          },
          "end": {
            "line": 92,
            "column": 26
          }
        },
        "loc": {
          "start": {
            "line": 92,
            "column": 42
          },
          "end": {
            "line": 96,
            "column": 3
          }
        },
        "line": 92
      }
    },
    "branchMap": {
      "0": {
        "loc": {
          "start": {
            "line": 3,
            "column": 0
          },
          "end": {
            "line": 3,
            "column": 104
          }
        },
        "type": "if",
        "locations": [
          {
            "start": {
              "line": 3,
              "column": 0
            },
            "end": {
              "line": 3,
              "column": 104
            }
          },
          {
            "start": {},
            "end": {}
          }
        ],
        "line": 3
      },
      "1": {
        "loc": {
          "start": {
            "line": 28,
            "column": 8
          },
          "end": {
            "line": 32,
            "column": 9
          }
        },
        "type": "if",
        "locations": [
          {
            "start": {
              "line": 28,
              "column": 8
            },
            "end": {
              "line": 32,
              "column": 9
            }
          },
          {
            "start": {
              "line": 30,
              "column": 15
            },
            "end": {
              "line": 32,
              "column": 9
            }
          }
        ],
        "line": 28
      },
      "2": {
        "loc": {
          "start": {
            "line": 39,
            "column": 8
          },
          "end": {
            "line": 43,
            "column": 9
          }
        },
        "type": "if",
        "locations": [
          {
            "start": {
              "line": 39,
              "column": 8
            },
            "end": {
              "line": 43,
              "column": 9
            }
          },
          {
            "start": {},
            "end": {}
          }
        ],
        "line": 39
      },
      "3": {
        "loc": {
          "start": {
            "line": 52,
            "column": 8
          },
          "end": {
            "line": 57,
            "column": 9
          }
        },
        "type": "if",
        "locations": [
          {
            "start": {
              "line": 52,
              "column": 8
            },
            "end": {
              "line": 57,
              "column": 9
            }
          },
          {
            "start": {},
            "end": {}
          }
        ],
        "line": 52
      },
      "4": {
        "loc": {
          "start": {
            "line": 93,
            "column": 4
          },
          "end": {
            "line": 93,
            "column": 29
          }
        },
        "type": "if",
        "locations": [
          {
            "start": {
              "line": 93,
              "column": 4
            },
            "end": {
              "line": 93,
              "column": 29
            }
          },
          {
            "start": {},
            "end": {}
          }
        ],
        "line": 93
      },
      "5": {
        "loc": {
          "start": {
            "line": 95,
            "column": 4
          },
          "end": {
            "line": 95,
            "column": 73
          }
        },
        "type": "if",
        "locations": [
          {
            "start": {
              "line": 95,
              "column": 4
            },
            "end": {
              "line": 95,
              "column": 73
            }
          },
          {
            "start": {},
            "end": {}
          }
        ],
        "line": 95
      }
    },
    "s": {
      "0": 9,
      "1": 0,
      "2": 9,
      "3": 9,
      "4": 9,
      "5": 9,
      "6": 9,
      "7": 9,
      "8": 9,
      "9": 36,
      "10": 36,
      "11": 36,
      "12": 36,
      "13": 36,
      "14": 36,
      "15": 36,
      "16": 0,
      "17": 0,
      "18": 0,
      "19": 0,
      "20": 0,
      "21": 0,
      "22": 0,
      "23": 0,
      "24": 0,
      "25": 0,
      "26": 0,
      "27": 0,
      "28": 36,
      "29": 18,
      "30": 18,
      "31": 0,
      "32": 0,
      "33": 0,
[...]
          "line": 165,
          "column": 0
        },
        "end": {
          "line": 165,
          "column": 37
        }
      },
      "20": {
        "start": {
          "line": 166,
          "column": 0
        },
        "end": {
          "line": 173,
          "column": 3
        }
      },
      "21": {
        "start": {
          "line": 167,
          "column": 2
        },
        "end": {
          "line": 167,
          "column": 144
        }
      },
      "22": {
        "start": {
          "line": 168,
          "column": 2
        },
        "end": {
          "line": 172,
          "column": 5
        }
      },
      "23": {
        "start": {
          "line": 169,
          "column": 4
        },
        "end": {
          "line": 169,
          "column": 29
        }
      },
      "24": {
        "start": {
          "line": 169,
          "column": 22
        },
        "end": {
          "line": 169,
          "column": 29
        }
      },
      "25": {
        "start": {
          "line": 170,
          "column": 30
        },
        "end": {
          "line": 170,
          "column": 113
        }
      },
      "26": {
        "start": {
          "line": 171,
          "column": 4
        },
        "end": {
          "line": 171,
          "column": 73
        }
      },
      "27": {
        "start": {
          "line": 171,
          "column": 27
        },
        "end": {
          "line": 171,
          "column": 73
        }
      }
    },
    "fnMap": {
      "0": {
        "name": "MainRoutes",
        "decl": {
          "start": {
            "line": 21,
            "column": 24
          },
          "end": {
            "line": 21,
            "column": 34
          }
        },
        "loc": {
          "start": {
            "line": 21,
            "column": 37
          },
          "end": {
            "line": 153,
            "column": 1
          }
        },
        "line": 21
      },
      "1": {
        "name": "ProtectedRoute",
        "decl": {
          "start": {
            "line": 24,
            "column": 13
          },
          "end": {
            "line": 24,
            "column": 27
          }
        },
        "loc": {
          "start": {
            "line": 24,
            "column": 30
          },
          "end": {
            "line": 36,
            "column": 5
          }
        },
        "line": 24
      },
      "2": {
        "name": "CheckLoggedUser",
        "decl": {
          "start": {
            "line": 37,
            "column": 13
          },
          "end": {
            "line": 37,
            "column": 28
          }
        },
        "loc": {
          "start": {
            "line": 37,
            "column": 31
          },
          "end": {
            "line": 49,
            "column": 5
          }
        },
        "line": 37
      },
      "3": {
        "name": "(anonymous_3)",
        "decl": {
          "start": {
            "line": 50,
            "column": 14
          },
          "end": {
            "line": 50,
            "column": 15
          }
        },
        "loc": {
          "start": {
            "line": 50,
            "column": 18
          },
          "end": {
            "line": 62,
            "column": 5
          }
        },
        "line": 50
      },
      "4": {
        "name": "(anonymous_4)",
        "decl": {
          "start": {
            "line": 154,
            "column": 54
          },
          "end": {
            "line": 154,
            "column": 55
          }
        },
        "loc": {
          "start": {
            "line": 154,
            "column": 65
          },
          "end": {
            "line": 158,
            "column": 1
          }
        },
        "line": 154
      },
      "5": {
        "name": "(anonymous_5)",
        "decl": {
          "start": {
            "line": 166,
            "column": 50
          },
          "end": {
            "line": 166,
            "column": 51
          }
        },
        "loc": {
          "start": {
            "line": 166,
            "column": 70
          },
          "end": {
            "line": 173,
            "column": 1
          }
        },
        "line": 166
      },
      "6": {
        "name": "(anonymous_6)",
        "decl": {
          "start": {
            "line": 168,
            "column": 25
          },
          "end": {
            "line": 168,
            "column": 26
          }
        },
        "loc": {
          "start": {
            "line": 168,
            "column": 42
          },
          "end": {
            "line": 172,
            "column": 3
          }
        },
        "line": 168
      }
    },
    "branchMap": {
      "0": {
        "loc": {
          "start": {
            "line": 3,
            "column": 0
          },
          "end": {
            "line": 3,
            "column": 104
          }
        },
        "type": "if",
        "locations": [
          {
            "start": {
              "line": 3,
              "column": 0
            },
            "end": {
              "line": 3,
              "column": 104
            }
          },
          {
            "start": {},
            "end": {}
          }
        ],
        "line": 3
      },
      "1": {
        "loc": {
          "start": {
            "line": 25,
            "column": 15
          },
          "end": {
            "line": 35,
            "column": 16
          }
        },
        "type": "cond-expr",
        "locations": [
          {
            "start": {
              "line": 25,
              "column": 47
            },
            "end": {
              "line": 29,
              "column": 16
            }
          },
          {
            "start": {
              "line": 29,
              "column": 33
            },
            "end": {
              "line": 35,
              "column": 16
            }
          }
        ],
        "line": 25
      },
      "2": {
        "loc": {
          "start": {
            "line": 38,
            "column": 15
          },
          "end": {
            "line": 48,
            "column": 16
          }
        },
        "type": "cond-expr",
        "locations": [
          {
            "start": {
              "line": 38,
              "column": 47
            },
            "end": {
              "line": 44,
              "column": 16
            }
          },
          {
            "start": {
              "line": 44,
              "column": 33
            },
            "end": {
              "line": 48,
              "column": 16
            }
          }
        ],
        "line": 38
      },
      "3": {
        "loc": {
          "start": {
            "line": 51,
            "column": 8
          },
          "end": {
            "line": 61,
            "column": 16
          }
        },
        "type": "cond-expr",
        "locations": [
          {
            "start": {
              "line": 51,
              "column": 40
            },
            "end": {
              "line": 57,
              "column": 16
            }
          },
          {
            "start": {
              "line": 57,
              "column": 33
            },
            "end": {
              "line": 61,
              "column": 16
            }
          }
        ],
        "line": 51
      },
      "4": {
        "loc": {
          "start": {
            "line": 169,
            "column": 4
          },
          "end": {
            "line": 169,
            "column": 29
          }
        },
        "type": "if",
        "locations": [
          {
            "start": {
              "line": 169,
              "column": 4
            },
            "end": {
              "line": 169,
              "column": 29
            }
          },
          {
            "start": {},
            "end": {}
          }
        ],
        "line": 169
      },
      "5": {
        "loc": {
          "start": {
            "line": 171,
            "column": 4
          },
          "end": {
            "line": 171,
            "column": 73
          }
        },
        "type": "if",
        "locations": [
          {
            "start": {
              "line": 171,
              "column": 4
            },
            "end": {
              "line": 171,
              "column": 73
            }
          },
          {
            "start": {},
            "end": {}
          }
        ],
        "line": 171
      }
    },
    "s": {
      "0": 9,
      "1": 0,
      "2": 9,
      "3": 9,
      "4": 9,
      "5": 9,
      "6": 9,
      "7": 42,
      "8": 42,
      "9": 0,
      "10": 42,
      "11": 36,
      "12": 18,
      "13": 36,
      "14": 9,
      "15": 9,
      "16": 9,
      "17": 9,
      "18": 9,
      "19": 9,
      "20": 9,
      "21": 8,
      "22": 8,
      "23": 0,
      "24": 0,
      "25": 0,
      "26": 0,
      "27": 0
    },
    "f": {
      "0": 42,
      "1": 0,
      "2": 42,
      "3": 18,
      "4": 9,
      "5": 8,
      "6": 0
    },
    "b": {
      "0": [
        0,
        9
      ],
      "1": [
        0,
        0
      ],
      "2": [
        0,
        42
      ],
      "3": [
        0,
        18
      ],
      "4": [
        0,
        0
      ],
      "5": [
        0,
        0
      ]
    },
    "inputSourceMap": {
      "version": 3,
      "sources": [
        "/home/lucasbarque/projects/photolink/photolink-frontend/src/routes/index.tsx"
      ],
      "names": [
        "useEffect",
        "BrowserRouter",
        "Navigate",
        "Outlet",
        "Route",
        "Routes",
        "useAuth",
        "ForgotPassword",
        "Galleries",
        "GalleriesEdit",
        "Login",
        "PasswordChange",
        "Register",
        "ResetPassword",
        "MainRoutes",
        "isAuthenticated",
        "ProtectedRoute",
        "to",
        "CheckLoggedUser",
        "element",
        "index",
        "path"
      ],
      "mappings": ";;;;;;;;;;AAAA,SAASA,SAAS,QAAQ,QAAQ;AAElC,SACEC,aAAa,EACbC,QAAQ,EACRC,MAAM,EACNC,KAAK,EACLC,MAAM,QACD,mBAAmB;AAE1B,SAASC,OAAO,QAAQ,iBAAiB;AAEzC,SAASC,cAAc,QAAQ,wBAAwB;AACvD,SAASC,SAAS,QAAQ,mBAAmB;AAC7C,SAASC,aAAa,QAAQ,uBAAuB;AACrD,SAASC,KAAK,QAAQ,eAAe;AACrC,SAASC,cAAc,QAAQ,wBAAwB;AACvD,SAASC,QAAQ,QAAQ,kBAAkB;AAC3C,SAASC,aAAa,QAAQ,uBAAuB;AAErD,eAAe,SAASC;;IACtB,MAAM,EAAEC,gBAAe,EAAE,GAAGT;IAE5B,SAASU;QACP,OAAOD,gCAAkB,QAACZ;;;;iCAAY,QAACD;YAASe,IAAG;;;;;;IACrD;IAEA,SAASC;QACP,OAAOH,gCAAkB,QAACb;YAASe,IAAG;;;;;iCAAkB,QAACd;;;;;IAC3D;IAEAH,UAAU;QACRe,gCAAkB,QAACb;YAASe,IAAG;;;;;iCAAkB,QAACd;;;;;IACpD,GAAG;QAACY;KAAgB;IAEpB,qBACE,QAACd;kBACC,cAAA,QAACI;;8BAEC,QAACD;oBAAMe,uBAAS,QAACD;;sCACf,QAACd;4BAAMgB,KAAK;4BAACD,uBAAS,QAACT;;;;;;sCACvB,QAACN;4BAAMiB,MAAK;4BAAYF,uBAAS,QAACP;;;;;;sCAClC,QAACR;4BAAMiB,MAAK;4BAAmBF,uBAAS,QAACZ;;;;;;sCACzC,QAACH;4BAAMiB,MAAK;4BAAyBF,uBAAS,QAACN;;;;;;sCAC/C,QAACT;4BAAMiB,MAAK;4BAAmBF,uBAAS,QAACR;;;;;;;;;;;;8BAI3C,QAACP;oBAAMe,uBAAS,QAACH;;sCACf,QAACZ;4BAAMiB,MAAK;4BAAaF,uBAAS,QAACX;;;;;;sCACnC,QAACJ;4BAAMiB,MAAK;4BAAiBF,uBAAS,QAACV;;;;;;;;;;;;;;;;;;;;;;;AAKjD;GAnCwBK;;QACMR;;;KADNQ"
    },
    "_coverageSchema": "1a1c01bbd47fc00a2c39e90264f33305004495a9",
    "hash": "bec349dd4e9b8897baf64a27040536c626a4b111"
  },
  "/home/lucasbarque/projects/photolink/photolink-frontend/src/App.tsx": {
    "path": "/home/lucasbarque/projects/photolink/photolink-frontend/src/App.tsx",
    "statementMap": {
      "0": {
        "start": {
          "line": 3,
          "column": 0
        },
        "end": {
          "line": 3,
          "column": 104
        }
      },
      "1": {
        "start": {
          "line": 3,
          "column": 26
        },
        "end": {
          "line": 3,
          "column": 104
        }
      },
      "2": {
        "start": {
          "line": 4,
          "column": 23
        },
        "end": {
          "line": 4,
          "column": 42
        }
      },
      "3": {
        "start": {
          "line": 5,
          "column": 23
        },
        "end": {
          "line": 5,
          "column": 42
        }
      },
      "4": {
        "start": {
          "line": 6,
          "column": 0
        },
        "end": {
          "line": 6,
          "column": 122
        }
      },
      "5": {
        "start": {
          "line": 7,
          "column": 0
        },
        "end": {
          "line": 7,
          "column": 73
        }
      },
      "6": {
        "start": {
          "line": 14,
          "column": 4
        },
        "end": {
          "line": 30,
          "column": 13
        }
      },
      "7": {
        "start": {
          "line": 32,
          "column": 0
        },
        "end": {
          "line": 32,
          "column": 9
        }
      },
      "8": {
        "start": {
          "line": 34,
          "column": 0
        },
        "end": {
          "line": 34,
          "column": 24
        }
      },
      "9": {
        "start": {
          "line": 37,
          "column": 0
        },
        "end": {
          "line": 37,
          "column": 37
        }
      },
      "10": {
        "start": {
          "line": 38,
          "column": 0
        },
        "end": {
          "line": 38,
          "column": 37
        }
      },
      "11": {
        "start": {
          "line": 39,
          "column": 0
        },
        "end": {
          "line": 46,
          "column": 3
        }
      },
      "12": {
        "start": {
          "line": 40,
          "column": 2
        },
        "end": {
          "line": 40,
          "column": 135
        }
      },
      "13": {
        "start": {
          "line": 41,
          "column": 2
        },
        "end": {
          "line": 45,
          "column": 5
        }
      },
      "14": {
        "start": {
          "line": 42,
          "column": 4
        },
        "end": {
          "line": 42,
          "column": 29
        }
      },
      "15": {
        "start": {
          "line": 42,
          "column": 22
        },
        "end": {
          "line": 42,
          "column": 29
        }
      },
      "16": {
        "start": {
          "line": 43,
          "column": 30
        },
        "end": {
          "line": 43,
          "column": 113
        }
      },
      "17": {
        "start": {
          "line": 44,
          "column": 4
        },
        "end": {
          "line": 44,
          "column": 73
        }
      },
      "18": {
        "start": {
          "line": 44,
          "column": 27
        },
        "end": {
          "line": 44,
          "column": 73
        }
      }
    },
    "fnMap": {
      "0": {
        "name": "App",
        "decl": {
          "start": {
            "line": 13,
            "column": 16
          },
          "end": {
            "line": 13,
            "column": 19
          }
        },
        "loc": {
          "start": {
            "line": 13,
            "column": 22
          },
          "end": {
            "line": 31,
            "column": 1
          }
        },
        "line": 13
      },
      "1": {
        "name": "(anonymous_1)",
        "decl": {
          "start": {
            "line": 39,
            "column": 50
          },
          "end": {
            "line": 39,
            "column": 51
          }
        },
        "loc": {
          "start": {
            "line": 39,
            "column": 70
          },
          "end": {
            "line": 46,
            "column": 1
          }
        },
        "line": 39
      },
      "2": {
        "name": "(anonymous_2)",
        "decl": {
          "start": {
            "line": 41,
            "column": 25
          },
          "end": {
            "line": 41,
            "column": 26
          }
        },
        "loc": {
          "start": {
            "line": 41,
            "column": 42
          },
          "end": {
            "line": 45,
            "column": 3
          }
        },
        "line": 41
      }
    },
    "branchMap": {
      "0": {
        "loc": {
          "start": {
            "line": 3,
            "column": 0
          },
          "end": {
            "line": 3,
            "column": 104
          }
        },
        "type": "if",
        "locations": [
          {
            "start": {
              "line": 3,
              "column": 0
            },
            "end": {
              "line": 3,
              "column": 104
            }
          },
          {
            "start": {},
            "end": {}
          }
        ],
        "line": 3
      },
      "1": {
        "loc": {
          "start": {
            "line": 42,
            "column": 4
          },
          "end": {
            "line": 42,
            "column": 29
          }
        },
        "type": "if",
        "locations": [
          {
            "start": {
              "line": 42,
              "column": 4
            },
            "end": {
              "line": 42,
              "column": 29
            }
          },
          {
            "start": {},
            "end": {}
          }
        ],
        "line": 42
      },
      "2": {
        "loc": {
          "start": {
            "line": 44,
            "column": 4
          },
          "end": {
            "line": 44,
            "column": 73
          }
        },
        "type": "if",
        "locations": [
          {
            "start": {
              "line": 44,
              "column": 4
            },
            "end": {
              "line": 44,
              "column": 73
            }
          },
          {
            "start": {},
            "end": {}
          }
        ],
        "line": 44
      }
    },
    "s": {
      "0": 9,
      "1": 0,
      "2": 9,
      "3": 9,
      "4": 9,
      "5": 9,
      "6": 24,
      "7": 9,
      "8": 9,
      "9": 9,
      "10": 9,
      "11": 9,
      "12": 8,
      "13": 8,
      "14": 0,
      "15": 0,
      "16": 0,
      "17": 0,
      "18": 0
    },
    "f": {
      "0": 24,
      "1": 8,
      "2": 0
    },
    "b": {
      "0": [
        0,
        9
      ],
      "1": [
        0,
        0
      ],
      "2": [
        0,
        0
      ]
    },
    "inputSourceMap": {
      "version": 3,
      "sources": [
        "/home/lucasbarque/projects/photolink/photolink-frontend/src/App.tsx"
      ],
      "names": [
        "ErrorBoundary",
        "Providers",
        "MainRoutes",
        "App"
      ],
      "mappings": ";;;;;;;;;AAAA,SAASA,aAAa,QAAQ,wBAAwB;AAEtD,SAASC,SAAS,QAAQ,cAAc;AACxC,OAAOC,gBAAgB,WAAW;AAElC,OAAO,SAASC;IACd,qBACE,QAACH;kBACC,cAAA,QAACC;sBACC,cAAA,QAACC;;;;;;;;;;;;;;;AAIT;KARgBC"
    },
    "_coverageSchema": "1a1c01bbd47fc00a2c39e90264f33305004495a9",
    "hash": "63bfd61cca3cc8ce3211c6e4c4898df7e0afca31"
  },
  "/home/lucasbarque/projects/photolink/photolink-frontend/src/main.tsx": {
    "path": "/home/lucasbarque/projects/photolink/photolink-frontend/src/main.tsx",
    "statementMap": {
      "0": {
        "start": {
          "line": 6,
          "column": 0
        },
        "end": {
          "line": 16,
          "column": 10
        }
      }
    },
    "fnMap": {},
    "branchMap": {},
    "s": {
      "0": 9
    },
    "f": {},
    "b": {},
    "inputSourceMap": {
      "version": 3,
      "sources": [
        "/home/lucasbarque/projects/photolink/photolink-frontend/src/main.tsx"
      ],
      "names": [
        "React",
        "ReactDOM",
        "App",
        "createRoot",
        "document",
        "getElementById",
        "render",
        "StrictMode"
      ],
      "mappings": ";AAAA,OAAOA,WAAW,QAAQ;AAE1B,OAAOC,cAAc,mBAAmB;AAExC,OAAO,qBAAqB;AAE5B,SAASC,GAAG,QAAQ,YAAY;AAEhCD,SAASE,WAAWC,SAASC,eAAe,SAAwBC,qBAClE,QAACN,MAAMO;cACL,cAAA,QAACL"
    },
    "_coverageSchema": "1a1c01bbd47fc00a2c39e90264f33305004495a9",
    "hash": "2256134d9be4638245d322f58d728b77ec9227fb"
  }
}