<?xml version="1.0" encoding="UTF-8"?>
<coverage generated="1690769965563" clover="3.2.0">
  <project timestamp="1690769965563" name="All files">
    <metrics statements="395" coveredstatements="161" conditionals="184" coveredconditionals="52" methods="114" coveredmethods="40" elements="693" coveredelements="253" complexity="0" loc="395" ncloc="395" packages="19" files="47" classes="47"/>
    <package name="src">
      <metrics statements="1" coveredstatements="1" conditionals="0" coveredconditionals="0" methods="1" coveredmethods="1"/>
      <file name="App.tsx" path="/home/lucasbarque/projects/photolink/photolink-frontend/src/App.tsx">
        <metrics statements="1" coveredstatements="1" conditionals="0" coveredconditionals="0" methods="1" coveredmethods="1"/>
        <line num="6" count="9" type="stmt"/>
      </file>
    </package>
    <package name="src.components">
      <metrics statements="53" coveredstatements="30" conditionals="86" coveredconditionals="30" methods="26" coveredmethods="5"/>
      <file name="Avatar.tsx" path="/home/lucasbarque/projects/photolink/photolink-frontend/src/components/Avatar.tsx">
        <metrics statements="2" coveredstatements="1" conditionals="2" coveredconditionals="0" methods="1" coveredmethods="0"/>
        <line num="8" count="9" type="stmt"/>
        <line num="9" count="0" type="cond" truecount="0" falsecount="2"/>
      </file>
      <file name="Button.tsx" path="/home/lucasbarque/projects/photolink/photolink-frontend/src/components/Button.tsx">
        <metrics statements="2" coveredstatements="2" conditionals="8" coveredconditionals="5" methods="1" coveredmethods="1"/>
        <line num="7" count="9" type="stmt"/>
        <line num="43" count="9" type="stmt"/>
      </file>
      <file name="ButtonIcon.tsx" path="/home/lucasbarque/projects/photolink/photolink-frontend/src/components/ButtonIcon.tsx">
        <metrics statements="2" coveredstatements="1" conditionals="8" coveredconditionals="0" methods="1" coveredmethods="0"/>
        <line num="14" count="9" type="stmt"/>
        <line num="20" count="0" type="stmt"/>
      </file>
      <file name="CopyLink.tsx" path="/home/lucasbarque/projects/photolink/photolink-frontend/src/components/CopyLink.tsx">
        <metrics statements="1" coveredstatements="1" conditionals="0" coveredconditionals="0" methods="1" coveredmethods="0"/>
        <line num="8" count="9" type="stmt"/>
      </file>
      <file name="DropdownMenu.tsx" path="/home/lucasbarque/projects/photolink/photolink-frontend/src/components/DropdownMenu.tsx">
        <metrics statements="6" coveredstatements="6" conditionals="1" coveredconditionals="0" methods="1" coveredmethods="0"/>
        <line num="12" count="9" type="stmt"/>
        <line num="52" count="9" type="stmt"/>
        <line num="96" count="9" type="stmt"/>
        <line num="97" count="9" type="stmt"/>
        <line num="98" count="9" type="stmt"/>
        <line num="99" count="9" type="stmt"/>
      </file>
      <file name="EmptyGallery.tsx" path="/home/lucasbarque/projects/photolink/photolink-frontend/src/components/EmptyGallery.tsx">
        <metrics statements="1" coveredstatements="1" conditionals="0" coveredconditionals="0" methods="1" coveredmethods="0"/>
        <line num="4" count="9" type="stmt"/>
      </file>
      <file name="FormCreateNewGallery.tsx" path="/home/lucasbarque/projects/photolink/photolink-frontend/src/components/FormCreateNewGallery.tsx">
        <metrics statements="14" coveredstatements="2" conditionals="4" coveredconditionals="0" methods="4" coveredmethods="0"/>
        <line num="20" count="9" type="stmt"/>
        <line num="28" count="9" type="stmt"/>
        <line num="36" count="0" type="stmt"/>
        <line num="39" count="0" type="stmt"/>
        <line num="40" count="0" type="stmt"/>
        <line num="41" count="0" type="stmt"/>
        <line num="43" count="0" type="stmt"/>
        <line num="45" count="0" type="stmt"/>
        <line num="46" count="0" type="cond" truecount="0" falsecount="3"/>
        <line num="47" count="0" type="stmt"/>
        <line num="49" count="0" type="cond" truecount="0" falsecount="1"/>
        <line num="50" count="0" type="stmt"/>
        <line num="56" count="0" type="stmt"/>
        <line num="65" count="0" type="stmt"/>
      </file>
      <file name="GalleryCard.tsx" path="/home/lucasbarque/projects/photolink/photolink-frontend/src/components/GalleryCard.tsx">
        <metrics statements="4" coveredstatements="1" conditionals="6" coveredconditionals="0" methods="2" coveredmethods="0"/>
        <line num="17" count="18" type="stmt"/>
        <line num="24" count="0" type="stmt"/>
        <line num="25" count="0" type="cond" truecount="0" falsecount="2"/>
        <line num="44" count="0" type="stmt"/>
      </file>
      <file name="Icon.tsx" path="/home/lucasbarque/projects/photolink/photolink-frontend/src/components/Icon.tsx">
        <metrics statements="2" coveredstatements="2" conditionals="0" coveredconditionals="0" methods="1" coveredmethods="1"/>
        <line num="4" count="9" type="stmt"/>
        <line num="5" count="12" type="stmt"/>
      </file>
      <file name="Input.tsx" path="/home/lucasbarque/projects/photolink/photolink-frontend/src/components/Input.tsx">
        <metrics statements="3" coveredstatements="2" conditionals="10" coveredconditionals="7" methods="2" coveredmethods="1"/>
        <line num="17" count="18" type="stmt"/>
        <line num="26" count="330" type="stmt"/>
        <line num="65" count="0" type="stmt"/>
      </file>
      <file name="Loading.tsx" path="/home/lucasbarque/projects/photolink/photolink-frontend/src/components/Loading.tsx">
        <metrics statements="2" coveredstatements="2" conditionals="2" coveredconditionals="0" methods="1" coveredmethods="1"/>
        <line num="9" count="9" type="stmt"/>
        <line num="14" count="16" type="stmt"/>
      </file>
      <file name="MasonryGallery.tsx" path="/home/lucasbarque/projects/photolink/photolink-frontend/src/components/MasonryGallery.tsx">
        <metrics statements="1" coveredstatements="1" conditionals="0" coveredconditionals="0" methods="1" coveredmethods="0"/>
        <line num="16" count="9" type="stmt"/>
      </file>
      <file name="MasonryItem.tsx" path="/home/lucasbarque/projects/photolink/photolink-frontend/src/components/MasonryItem.tsx">
        <metrics statements="4" coveredstatements="1" conditionals="5" coveredconditionals="0" methods="3" coveredmethods="0"/>
        <line num="18" count="18" type="cond" truecount="0" falsecount="1"/>
        <line num="19" count="0" type="stmt"/>
        <line num="33" count="0" type="stmt"/>
        <line num="53" count="0" type="stmt"/>
      </file>
      <file name="MenuItem.tsx" path="/home/lucasbarque/projects/photolink/photolink-frontend/src/components/MenuItem.tsx">
        <metrics statements="1" coveredstatements="1" conditionals="4" coveredconditionals="0" methods="1" coveredmethods="0"/>
        <line num="11" count="9" type="stmt"/>
      </file>
      <file name="Modal.tsx" path="/home/lucasbarque/projects/photolink/photolink-frontend/src/components/Modal.tsx">
        <metrics statements="2" coveredstatements="2" conditionals="9" coveredconditionals="8" methods="0" coveredmethods="0"/>
        <line num="12" count="9" type="cond" truecount="1" falsecount="0"/>
        <line num="112" count="9" type="stmt"/>
      </file>
      <file name="ModalDeleteGallery.tsx" path="/home/lucasbarque/projects/photolink/photolink-frontend/src/components/ModalDeleteGallery.tsx">
        <metrics statements="2" coveredstatements="1" conditionals="0" coveredconditionals="0" methods="2" coveredmethods="0"/>
        <line num="19" count="9" type="stmt"/>
        <line num="31" count="0" type="stmt"/>
      </file>
      <file name="NavButton.tsx" path="/home/lucasbarque/projects/photolink/photolink-frontend/src/components/NavButton.tsx">
        <metrics statements="1" coveredstatements="1" conditionals="16" coveredconditionals="10" methods="1" coveredmethods="1"/>
        <line num="12" count="9" type="stmt"/>
      </file>
      <file name="StatusBadge.tsx" path="/home/lucasbarque/projects/photolink/photolink-frontend/src/components/StatusBadge.tsx">
        <metrics statements="1" coveredstatements="1" conditionals="11" coveredconditionals="0" methods="1" coveredmethods="0"/>
        <line num="10" count="9" type="stmt"/>
      </file>
      <file name="TopBar.tsx" path="/home/lucasbarque/projects/photolink/photolink-frontend/src/components/TopBar.tsx">
        <metrics statements="2" coveredstatements="1" conditionals="0" coveredconditionals="0" methods="1" coveredmethods="0"/>
        <line num="9" count="9" type="stmt"/>
        <line num="10" count="0" type="stmt"/>
      </file>
    </package>
    <package name="src.contexts">
      <metrics statements="27" coveredstatements="12" conditionals="4" coveredconditionals="0" methods="6" coveredmethods="2"/>
      <file name="AuthContext.tsx" path="/home/lucasbarque/projects/photolink/photolink-frontend/src/contexts/AuthContext.tsx">
        <metrics statements="27" coveredstatements="12" conditionals="4" coveredconditionals="0" methods="6" coveredmethods="2"/>
        <line num="13" count="9" type="stmt"/>
        <line num="31" count="9" type="stmt"/>
        <line num="32" count="36" type="stmt"/>
        <line num="33" count="36" type="stmt"/>
        <line num="35" count="36" type="stmt"/>
        <line num="36" count="36" type="stmt"/>
        <line num="37" count="36" type="stmt"/>
        <line num="38" count="36" type="stmt"/>
        <line num="43" count="0" type="stmt"/>
        <line num="45" count="0" type="cond" truecount="0" falsecount="2"/>
        <line num="46" count="0" type="stmt"/>
        <line num="48" count="0" type="stmt"/>
        <line num="53" count="0" type="stmt"/>
        <line num="55" count="0" type="cond" truecount="0" falsecount="1"/>
        <line num="56" count="0" type="stmt"/>
        <line num="57" count="0" type="stmt"/>
        <line num="61" count="0" type="stmt"/>
        <line num="66" count="0" type="stmt"/>
        <line num="67" count="0" type="stmt"/>
        <line num="68" count="0" type="stmt"/>
        <line num="71" count="36" type="stmt"/>
        <line num="72" count="18" type="stmt"/>
        <line num="73" count="18" type="cond" truecount="0" falsecount="1"/>
        <line num="74" count="0" type="stmt"/>
        <line num="75" count="0" type="stmt"/>
        <line num="76" count="0" type="stmt"/>
        <line num="79" count="18" type="stmt"/>
      </file>
    </package>
    <package name="src.errors">
      <metrics statements="8" coveredstatements="6" conditionals="1" coveredconditionals="0" methods="4" coveredmethods="3"/>
      <file name="ErrorBoundary.tsx" path="/home/lucasbarque/projects/photolink/photolink-frontend/src/errors/ErrorBoundary.tsx">
        <metrics statements="8" coveredstatements="6" conditionals="1" coveredconditionals="0" methods="4" coveredmethods="3"/>
        <line num="7" count="18" type="stmt"/>
        <line num="8" count="18" type="stmt"/>
        <line num="10" count="18" type="stmt"/>
        <line num="11" count="18" type="stmt"/>
        <line num="12" count="0" type="stmt"/>
        <line num="13" count="0" type="stmt"/>
        <line num="15" count="18" type="stmt"/>
        <line num="16" count="18" type="stmt"/>
      </file>
    </package>
    <package name="src.hooks">
      <metrics statements="49" coveredstatements="29" conditionals="11" coveredconditionals="4" methods="7" coveredmethods="6"/>
      <file name="useAuth.tsx" path="/home/lucasbarque/projects/photolink/photolink-frontend/src/hooks/useAuth.tsx">
        <metrics statements="2" coveredstatements="2" conditionals="0" coveredconditionals="0" methods="1" coveredmethods="1"/>
        <line num="5" count="9" type="stmt"/>
        <line num="6" count="44" type="stmt"/>
      </file>
      <file name="useForgotPassword.tsx" path="/home/lucasbarque/projects/photolink/photolink-frontend/src/hooks/useForgotPassword.tsx">
        <metrics statements="43" coveredstatements="23" conditionals="9" coveredconditionals="3" methods="4" coveredmethods="3"/>
        <line num="14" count="9" type="stmt"/>
        <line num="15" count="330" type="stmt"/>
        <line num="16" count="330" type="stmt"/>
        <line num="17" count="330" type="stmt"/>
        <line num="18" count="330" type="stmt"/>
        <line num="20" count="330" type="stmt"/>
        <line num="22" count="330" type="stmt"/>
        <line num="23" count="5" type="stmt"/>
        <line num="24" count="5" type="stmt"/>
        <line num="26" count="3" type="cond" truecount="1" falsecount="1"/>
        <line num="28" count="3" type="stmt"/>
        <line num="29" count="3" type="stmt"/>
        <line num="31" count="0" type="stmt"/>
        <line num="32" count="0" type="stmt"/>
        <line num="36" count="0" type="stmt"/>
        <line num="40" count="330" type="stmt"/>
        <line num="41" count="3" type="stmt"/>
        <line num="42" count="3" type="stmt"/>
        <line num="44" count="3" type="cond" truecount="2" falsecount="2"/>
        <line num="46" count="0" type="stmt"/>
        <line num="47" count="0" type="stmt"/>
        <line num="49" count="2" type="stmt"/>
        <line num="50" count="2" type="stmt"/>
        <line num="52" count="1" type="stmt"/>
        <line num="53" count="1" type="stmt"/>
        <line num="57" count="1" type="stmt"/>
        <line num="59" count="0" type="stmt"/>
        <line num="60" count="0" type="stmt"/>
        <line num="64" count="0" type="stmt"/>
        <line num="68" count="330" type="stmt"/>
        <line num="69" count="0" type="stmt"/>
        <line num="70" count="0" type="stmt"/>
        <line num="72" count="0" type="cond" truecount="0" falsecount="3"/>
        <line num="74" count="0" type="stmt"/>
        <line num="75" count="0" type="stmt"/>
        <line num="79" count="0" type="stmt"/>
        <line num="80" count="0" type="stmt"/>
        <line num="82" count="0" type="stmt"/>
        <line num="83" count="0" type="stmt"/>
        <line num="85" count="0" type="stmt"/>
        <line num="86" count="0" type="stmt"/>
        <line num="90" count="0" type="stmt"/>
        <line num="94" count="330" type="stmt"/>
      </file>
      <file name="useToast.tsx" path="/home/lucasbarque/projects/photolink/photolink-frontend/src/hooks/useToast.tsx">
        <metrics statements="4" coveredstatements="4" conditionals="2" coveredconditionals="1" methods="2" coveredmethods="2"/>
        <line num="13" count="9" type="stmt"/>
        <line num="14" count="664" type="cond" truecount="1" falsecount="1"/>
        <line num="15" count="1" type="stmt"/>
        <line num="21" count="664" type="stmt"/>
      </file>
    </package>
    <package name="src.hooks.network">
      <metrics statements="72" coveredstatements="10" conditionals="14" coveredconditionals="0" methods="8" coveredmethods="1"/>
      <file name="useGallery.tsx" path="/home/lucasbarque/projects/photolink/photolink-frontend/src/hooks/network/useGallery.tsx">
        <metrics statements="25" coveredstatements="1" conditionals="5" coveredconditionals="0" methods="3" coveredmethods="0"/>
        <line num="12" count="9" type="stmt"/>
        <line num="13" count="0" type="stmt"/>
        <line num="14" count="0" type="stmt"/>
        <line num="15" count="0" type="stmt"/>
        <line num="17" count="0" type="stmt"/>
        <line num="19" count="0" type="stmt"/>
        <line num="20" count="0" type="stmt"/>
        <line num="22" count="0" type="stmt"/>
        <line num="24" count="0" type="cond" truecount="0" falsecount="2"/>
        <line num="26" count="0" type="stmt"/>
        <line num="29" count="0" type="stmt"/>
        <line num="33" count="0" type="stmt"/>
        <line num="34" count="0" type="stmt"/>
        <line num="38" count="0" type="stmt"/>
        <line num="39" count="0" type="stmt"/>
        <line num="41" count="0" type="stmt"/>
        <line num="43" count="0" type="cond" truecount="0" falsecount="3"/>
        <line num="45" count="0" type="stmt"/>
        <line num="48" count="0" type="stmt"/>
        <line num="53" count="0" type="stmt"/>
        <line num="54" count="0" type="stmt"/>
        <line num="57" count="0" type="stmt"/>
        <line num="61" count="0" type="stmt"/>
        <line num="62" count="0" type="stmt"/>
        <line num="66" count="0" type="stmt"/>
      </file>
      <file name="useRegister.tsx" path="/home/lucasbarque/projects/photolink/photolink-frontend/src/hooks/network/useRegister.tsx">
        <metrics statements="18" coveredstatements="1" conditionals="3" coveredconditionals="0" methods="2" coveredmethods="0"/>
        <line num="11" count="9" type="stmt"/>
        <line num="12" count="0" type="stmt"/>
        <line num="13" count="0" type="stmt"/>
        <line num="14" count="0" type="stmt"/>
        <line num="16" count="0" type="stmt"/>
        <line num="18" count="0" type="stmt"/>
        <line num="19" count="0" type="stmt"/>
        <line num="20" count="0" type="stmt"/>
        <line num="22" count="0" type="cond" truecount="0" falsecount="3"/>
        <line num="24" count="0" type="stmt"/>
        <line num="25" count="0" type="stmt"/>
        <line num="28" count="0" type="stmt"/>
        <line num="29" count="0" type="stmt"/>
        <line num="33" count="0" type="stmt"/>
        <line num="36" count="0" type="stmt"/>
        <line num="37" count="0" type="stmt"/>
        <line num="42" count="0" type="stmt"/>
        <line num="46" count="0" type="stmt"/>
      </file>
      <file name="useSession.tsx" path="/home/lucasbarque/projects/photolink/photolink-frontend/src/hooks/network/useSession.tsx">
        <metrics statements="29" coveredstatements="8" conditionals="6" coveredconditionals="0" methods="3" coveredmethods="1"/>
        <line num="11" count="9" type="stmt"/>
        <line num="12" count="36" type="stmt"/>
        <line num="13" count="36" type="stmt"/>
        <line num="14" count="36" type="stmt"/>
        <line num="16" count="36" type="stmt"/>
        <line num="18" count="36" type="stmt"/>
        <line num="19" count="0" type="stmt"/>
        <line num="21" count="0" type="stmt"/>
        <line num="23" count="0" type="cond" truecount="0" falsecount="4"/>
        <line num="25" count="0" type="stmt"/>
        <line num="28" count="0" type="stmt"/>
        <line num="29" count="0" type="stmt"/>
        <line num="30" count="0" type="stmt"/>
        <line num="33" count="0" type="stmt"/>
        <line num="34" count="0" type="stmt"/>
        <line num="35" count="0" type="stmt"/>
        <line num="38" count="0" type="stmt"/>
        <line num="42" count="0" type="stmt"/>
        <line num="43" count="0" type="stmt"/>
        <line num="47" count="36" type="stmt"/>
        <line num="48" count="0" type="stmt"/>
        <line num="49" count="0" type="stmt"/>
        <line num="51" count="0" type="cond" truecount="0" falsecount="2"/>
        <line num="53" count="0" type="stmt"/>
        <line num="54" count="0" type="stmt"/>
        <line num="57" count="0" type="stmt"/>
        <line num="58" count="0" type="stmt"/>
        <line num="63" count="0" type="stmt"/>
        <line num="72" count="36" type="stmt"/>
      </file>
    </package>
    <package name="src.infrastructure.http.client">
      <metrics statements="13" coveredstatements="12" conditionals="6" coveredconditionals="3" methods="4" coveredmethods="4"/>
      <file name="axios-http-client.ts" path="/home/lucasbarque/projects/photolink/photolink-frontend/src/infrastructure/http/client/axios-http-client.ts">
        <metrics statements="13" coveredstatements="12" conditionals="6" coveredconditionals="3" methods="4" coveredmethods="4"/>
        <line num="10" count="9" type="stmt"/>
        <line num="18" count="402" type="stmt"/>
        <line num="21" count="402" type="stmt"/>
        <line num="25" count="8" type="cond" truecount="1" falsecount="1"/>
        <line num="26" count="8" type="stmt"/>
        <line num="34" count="8" type="stmt"/>
        <line num="35" count="8" type="stmt"/>
        <line num="48" count="3" type="stmt"/>
        <line num="53" count="3" type="stmt"/>
        <line num="61" count="8" type="stmt"/>
        <line num="63" count="8" type="cond" truecount="1" falsecount="1"/>
        <line num="64" count="0" type="stmt"/>
        <line num="66" count="8" type="stmt"/>
      </file>
    </package>
    <package name="src.infrastructure.http.factories">
      <metrics statements="2" coveredstatements="2" conditionals="0" coveredconditionals="0" methods="1" coveredmethods="1"/>
      <file name="ApiFactory.ts" path="/home/lucasbarque/projects/photolink/photolink-frontend/src/infrastructure/http/factories/ApiFactory.ts">
        <metrics statements="2" coveredstatements="2" conditionals="0" coveredconditionals="0" methods="1" coveredmethods="1"/>
        <line num="5" count="9" type="stmt"/>
        <line num="6" count="402" type="stmt"/>
      </file>
    </package>
    <package name="src.infrastructure.services.auth">
      <metrics statements="3" coveredstatements="1" conditionals="0" coveredconditionals="0" methods="2" coveredmethods="0"/>
      <file name="index.ts" path="/home/lucasbarque/projects/photolink/photolink-frontend/src/infrastructure/services/auth/index.ts">
        <metrics statements="3" coveredstatements="1" conditionals="0" coveredconditionals="0" methods="2" coveredmethods="0"/>
        <line num="10" count="72" type="stmt"/>
        <line num="15" count="0" type="stmt"/>
        <line num="23" count="0" type="stmt"/>
      </file>
    </package>
    <package name="src.infrastructure.services.forgotPassword">
      <metrics statements="4" coveredstatements="3" conditionals="0" coveredconditionals="0" methods="3" coveredmethods="2"/>
      <file name="index.ts" path="/home/lucasbarque/projects/photolink/photolink-frontend/src/infrastructure/services/forgotPassword/index.ts">
        <metrics statements="4" coveredstatements="3" conditionals="0" coveredconditionals="0" methods="3" coveredmethods="2"/>
        <line num="13" count="330" type="stmt"/>
        <line num="18" count="5" type="stmt"/>
        <line num="28" count="3" type="stmt"/>
        <line num="38" count="0" type="stmt"/>
      </file>
    </package>
    <package name="src.infrastructure.services.gallery">
      <metrics statements="8" coveredstatements="0" conditionals="2" coveredconditionals="0" methods="2" coveredmethods="0"/>
      <file name="index.ts" path="/home/lucasbarque/projects/photolink/photolink-frontend/src/infrastructure/services/gallery/index.ts">
        <metrics statements="8" coveredstatements="0" conditionals="2" coveredconditionals="0" methods="2" coveredmethods="0"/>
        <line num="10" count="0" type="stmt"/>
        <line num="17" count="0" type="stmt"/>
        <line num="19" count="0" type="cond" truecount="0" falsecount="1"/>
        <line num="20" count="0" type="stmt"/>
        <line num="22" count="0" type="cond" truecount="0" falsecount="1"/>
        <line num="23" count="0" type="stmt"/>
        <line num="26" count="0" type="stmt"/>
        <line num="33" count="0" type="stmt"/>
      </file>
    </package>
    <package name="src.infrastructure.services.register">
      <metrics statements="2" coveredstatements="0" conditionals="0" coveredconditionals="0" methods="1" coveredmethods="0"/>
      <file name="index.ts" path="/home/lucasbarque/projects/photolink/photolink-frontend/src/infrastructure/services/register/index.ts">
        <metrics statements="2" coveredstatements="0" conditionals="0" coveredconditionals="0" methods="1" coveredmethods="0"/>
        <line num="8" count="0" type="stmt"/>
        <line num="11" count="0" type="stmt"/>
      </file>
    </package>
    <package name="src.model.http">
      <metrics statements="1" coveredstatements="1" conditionals="2" coveredconditionals="2" methods="1" coveredmethods="1"/>
      <file name="http-client.ts" path="/home/lucasbarque/projects/photolink/photolink-frontend/src/model/http/http-client.ts">
        <metrics statements="1" coveredstatements="1" conditionals="2" coveredconditionals="2" methods="1" coveredmethods="1"/>
        <line num="20" count="9" type="cond" truecount="2" falsecount="0"/>
      </file>
    </package>
    <package name="src.model.loading">
      <metrics statements="1" coveredstatements="1" conditionals="2" coveredconditionals="2" methods="1" coveredmethods="1"/>
      <file name="states.ts" path="/home/lucasbarque/projects/photolink/photolink-frontend/src/model/loading/states.ts">
        <metrics statements="1" coveredstatements="1" conditionals="2" coveredconditionals="2" methods="1" coveredmethods="1"/>
        <line num="3" count="9" type="cond" truecount="2" falsecount="0"/>
      </file>
    </package>
    <package name="src.model.storage">
      <metrics statements="2" coveredstatements="2" conditionals="4" coveredconditionals="4" methods="2" coveredmethods="2"/>
      <file name="keys.ts" path="/home/lucasbarque/projects/photolink/photolink-frontend/src/model/storage/keys.ts">
        <metrics statements="2" coveredstatements="2" conditionals="4" coveredconditionals="4" methods="2" coveredmethods="2"/>
        <line num="1" count="9" type="cond" truecount="2" falsecount="0"/>
        <line num="5" count="9" type="cond" truecount="2" falsecount="0"/>
      </file>
    </package>
    <package name="src.pages">
      <metrics statements="78" coveredstatements="46" conditionals="19" coveredconditionals="7" methods="26" coveredmethods="7"/>
      <file name="ForgotPassword.tsx" path="/home/lucasbarque/projects/photolink/photolink-frontend/src/pages/ForgotPassword.tsx">
        <metrics statements="18" coveredstatements="12" conditionals="2" coveredconditionals="1" methods="5" coveredmethods="2"/>
        <line num="17" count="9" type="stmt"/>
        <line num="28" count="9" type="stmt"/>
        <line num="34" count="303" type="stmt"/>
        <line num="37" count="298" type="stmt"/>
        <line num="38" count="298" type="stmt"/>
        <line num="39" count="298" type="stmt"/>
        <line num="40" count="298" type="stmt"/>
        <line num="42" count="298" type="stmt"/>
        <line num="45" count="5" type="stmt"/>
        <line num="47" count="3" type="cond" truecount="1" falsecount="0"/>
        <line num="48" count="3" type="stmt"/>
        <line num="51" count="298" type="stmt"/>
        <line num="54" count="0" type="stmt"/>
        <line num="55" count="0" type="cond" truecount="0" falsecount="1"/>
        <line num="56" count="0" type="stmt"/>
        <line num="57" count="0" type="stmt"/>
        <line num="66" count="0" type="stmt"/>
        <line num="83" count="0" type="stmt"/>
      </file>
      <file name="Galleries.tsx" path="/home/lucasbarque/projects/photolink/photolink-frontend/src/pages/Galleries.tsx">
        <metrics statements="13" coveredstatements="1" conditionals="6" coveredconditionals="0" methods="4" coveredmethods="0"/>
        <line num="15" count="9" type="stmt"/>
        <line num="16" count="0" type="stmt"/>
        <line num="17" count="0" type="stmt"/>
        <line num="18" count="0" type="stmt"/>
        <line num="20" count="0" type="stmt"/>
        <line num="21" count="0" type="stmt"/>
        <line num="23" count="0" type="stmt"/>
        <line num="24" count="0" type="stmt"/>
        <line num="25" count="0" type="cond" truecount="0" falsecount="3"/>
        <line num="26" count="0" type="stmt"/>
        <line num="28" count="0" type="cond" truecount="0" falsecount="1"/>
        <line num="29" count="0" type="stmt"/>
        <line num="52" count="0" type="stmt"/>
      </file>
      <file name="GalleriesEdit.tsx" path="/home/lucasbarque/projects/photolink/photolink-frontend/src/pages/GalleriesEdit.tsx">
        <metrics statements="1" coveredstatements="1" conditionals="0" coveredconditionals="0" methods="1" coveredmethods="0"/>
        <line num="8" count="9" type="stmt"/>
      </file>
      <file name="Login.tsx" path="/home/lucasbarque/projects/photolink/photolink-frontend/src/pages/Login.tsx">
        <metrics statements="7" coveredstatements="6" conditionals="2" coveredconditionals="1" methods="2" coveredmethods="1"/>
        <line num="13" count="9" type="stmt"/>
        <line num="29" count="9" type="stmt"/>
        <line num="34" count="2" type="stmt"/>
        <line num="37" count="2" type="stmt"/>
        <line num="39" count="2" type="stmt"/>
        <line num="41" count="2" type="stmt"/>
        <line num="45" count="0" type="stmt"/>
      </file>
      <file name="PasswordChange.tsx" path="/home/lucasbarque/projects/photolink/photolink-frontend/src/pages/PasswordChange.tsx">
        <metrics statements="6" coveredstatements="3" conditionals="2" coveredconditionals="0" methods="7" coveredmethods="0"/>
        <line num="8" count="9" type="stmt"/>
        <line num="24" count="9" type="stmt"/>
        <line num="29" count="0" type="stmt"/>
        <line num="32" count="0" type="stmt"/>
        <line num="33" count="0" type="stmt"/>
        <line num="83" count="9" type="cond" truecount="0" falsecount="2"/>
      </file>
      <file name="Register.tsx" path="/home/lucasbarque/projects/photolink/photolink-frontend/src/pages/Register.tsx">
        <metrics statements="10" coveredstatements="2" conditionals="1" coveredconditionals="0" methods="2" coveredmethods="0"/>
        <line num="16" count="9" type="stmt"/>
        <line num="44" count="9" type="stmt"/>
        <line num="49" count="0" type="stmt"/>
        <line num="52" count="0" type="stmt"/>
        <line num="53" count="0" type="stmt"/>
        <line num="55" count="0" type="stmt"/>
        <line num="56" count="0" type="stmt"/>
        <line num="58" count="0" type="cond" truecount="0" falsecount="1"/>
        <line num="59" count="0" type="stmt"/>
        <line num="63" count="0" type="stmt"/>
      </file>
      <file name="ResetPassword.tsx" path="/home/lucasbarque/projects/photolink/photolink-frontend/src/pages/ResetPassword.tsx">
        <metrics statements="23" coveredstatements="21" conditionals="6" coveredconditionals="5" methods="5" coveredmethods="4"/>
        <line num="15" count="9" type="stmt"/>
        <line num="26" count="9" type="stmt"/>
        <line num="31" count="34" type="stmt"/>
        <line num="35" count="32" type="stmt"/>
        <line num="36" count="32" type="stmt"/>
        <line num="37" count="32" type="stmt"/>
        <line num="39" count="32" type="stmt"/>
        <line num="40" count="32" type="stmt"/>
        <line num="42" count="32" type="stmt"/>
        <line num="44" count="32" type="stmt"/>
        <line num="47" count="0" type="cond" truecount="0" falsecount="1"/>
        <line num="48" count="0" type="stmt"/>
        <line num="55" count="32" type="stmt"/>
        <line num="56" count="14" type="stmt"/>
        <line num="59" count="32" type="stmt"/>
        <line num="60" count="17" type="stmt"/>
        <line num="61" count="17" type="cond" truecount="1" falsecount="0"/>
        <line num="62" count="3" type="cond" truecount="1" falsecount="0"/>
        <line num="63" count="3" type="stmt"/>
        <line num="64" count="3" type="cond" truecount="1" falsecount="0"/>
        <line num="65" count="1" type="stmt"/>
        <line num="67" count="3" type="cond" truecount="1" falsecount="0"/>
        <line num="68" count="2" type="stmt"/>
      </file>
    </package>
    <package name="src.providers">
      <metrics statements="1" coveredstatements="1" conditionals="0" coveredconditionals="0" methods="1" coveredmethods="1"/>
      <file name="index.tsx" path="/home/lucasbarque/projects/photolink/photolink-frontend/src/providers/index.tsx">
        <metrics statements="1" coveredstatements="1" conditionals="0" coveredconditionals="0" methods="1" coveredmethods="1"/>
        <line num="7" count="9" type="stmt"/>
      </file>
    </package>
    <package name="src.routes">
      <metrics statements="3" coveredstatements="3" conditionals="3" coveredconditionals="0" methods="4" coveredmethods="3"/>
      <file name="index.tsx" path="/home/lucasbarque/projects/photolink/photolink-frontend/src/routes/index.tsx">
        <metrics statements="3" coveredstatements="3" conditionals="3" coveredconditionals="0" methods="4" coveredmethods="3"/>
        <line num="21" count="9" type="stmt"/>
        <line num="22" count="42" type="stmt"/>
        <line num="32" count="36" type="stmt"/>
      </file>
    </package>
    <package name="src.utils">
      <metrics statements="67" coveredstatements="1" conditionals="30" coveredconditionals="0" methods="14" coveredmethods="0"/>
      <file name="mask.ts" path="/home/lucasbarque/projects/photolink/photolink-frontend/src/utils/mask.ts">
        <metrics statements="67" coveredstatements="1" conditionals="30" coveredconditionals="0" methods="14" coveredmethods="0"/>
        <line num="2" count="9" type="stmt"/>
        <line num="3" count="0" type="stmt"/>
        <line num="4" count="0" type="stmt"/>
        <line num="5" count="0" type="stmt"/>
        <line num="7" count="0" type="cond" truecount="0" falsecount="1"/>
        <line num="8" count="0" type="stmt"/>
        <line num="12" count="0" type="stmt"/>
        <line num="13" count="0" type="cond" truecount="0" falsecount="2"/>
        <line num="14" count="0" type="stmt"/>
        <line num="16" count="0" type="stmt"/>
        <line num="17" count="0" type="cond" truecount="0" falsecount="2"/>
        <line num="22" count="0" type="stmt"/>
        <line num="24" count="0" type="stmt"/>
        <line num="25" count="0" type="stmt"/>
        <line num="27" count="0" type="stmt"/>
        <line num="28" count="0" type="stmt"/>
        <line num="33" count="0" type="stmt"/>
        <line num="37" count="0" type="cond" truecount="0" falsecount="3"/>
        <line num="38" count="0" type="stmt"/>
        <line num="41" count="0" type="stmt"/>
        <line num="59" count="0" type="stmt"/>
        <line num="65" count="0" type="cond" truecount="0" falsecount="2"/>
        <line num="69" count="0" type="cond" truecount="0" falsecount="1"/>
        <line num="70" count="0" type="stmt"/>
        <line num="73" count="0" type="stmt"/>
        <line num="90" count="0" type="stmt"/>
        <line num="94" count="0" type="cond" truecount="0" falsecount="1"/>
        <line num="95" count="0" type="stmt"/>
        <line num="98" count="0" type="stmt"/>
        <line num="111" count="0" type="stmt"/>
        <line num="115" count="0" type="stmt"/>
        <line num="119" count="0" type="stmt"/>
        <line num="131" count="0" type="stmt"/>
        <line num="135" count="0" type="cond" truecount="0" falsecount="1"/>
        <line num="136" count="0" type="stmt"/>
        <line num="139" count="0" type="stmt"/>
        <line num="141" count="0" type="stmt"/>
        <line num="145" count="0" type="stmt"/>
        <line num="150" count="0" type="stmt"/>
        <line num="152" count="0" type="stmt"/>
        <line num="155" count="0" type="stmt"/>
        <line num="157" count="0" type="stmt"/>
        <line num="159" count="0" type="stmt"/>
        <line num="160" count="0" type="stmt"/>
        <line num="162" count="0" type="stmt"/>
        <line num="166" count="0" type="stmt"/>
        <line num="168" count="0" type="stmt"/>
        <line num="173" count="0" type="stmt"/>
        <line num="181" count="0" type="stmt"/>
        <line num="185" count="0" type="cond" truecount="0" falsecount="1"/>
        <line num="186" count="0" type="stmt"/>
        <line num="189" count="0" type="stmt"/>
        <line num="191" count="0" type="cond" truecount="0" falsecount="1"/>
        <line num="192" count="0" type="stmt"/>
        <line num="198" count="0" type="stmt"/>
        <line num="206" count="0" type="cond" truecount="0" falsecount="1"/>
        <line num="207" count="0" type="stmt"/>
        <line num="209" count="0" type="stmt"/>
        <line num="230" count="0" type="stmt"/>
        <line num="234" count="0" type="stmt"/>
        <line num="238" count="0" type="cond" truecount="0" falsecount="1"/>
        <line num="239" count="0" type="stmt"/>
        <line num="242" count="0" type="stmt"/>
        <line num="244" count="0" type="cond" truecount="0" falsecount="3"/>
        <line num="245" count="0" type="stmt"/>
        <line num="248" count="0" type="stmt"/>
        <line num="252" count="0" type="stmt"/>
      </file>
    </package>
  </project>
</coverage>
