<?xml version="1.0" encoding="UTF-8"?>
<coverage generated="1690301077632" clover="3.2.0">
  <project timestamp="1690301077632" name="All files">
    <metrics statements="247" coveredstatements="159" conditionals="174" coveredconditionals="85" methods="106" coveredmethods="48" elements="527" coveredelements="292" complexity="0" loc="247" ncloc="247" packages="17" files="41" classes="41"/>
    <package name="src">
      <metrics statements="1" coveredstatements="1" conditionals="0" coveredconditionals="0" methods="1" coveredmethods="1"/>
      <file name="App.tsx" path="/home/lucasbarque/projects/photolink/photolink-frontend/src/App.tsx">
        <metrics statements="1" coveredstatements="1" conditionals="0" coveredconditionals="0" methods="1" coveredmethods="1"/>
        <line num="6" count="4" type="stmt"/>
      </file>
    </package>
    <package name="src.components">
      <metrics statements="48" coveredstatements="35" conditionals="105" coveredconditionals="49" methods="39" coveredmethods="11"/>
      <file name="Avatar.tsx" path="/home/lucasbarque/projects/photolink/photolink-frontend/src/components/Avatar.tsx">
        <metrics statements="1" coveredstatements="1" conditionals="0" coveredconditionals="0" methods="1" coveredmethods="1"/>
        <line num="1" count="4" type="stmt"/>
      </file>
      <file name="Button.tsx" path="/home/lucasbarque/projects/photolink/photolink-frontend/src/components/Button.tsx">
        <metrics statements="1" coveredstatements="1" conditionals="31" coveredconditionals="21" methods="1" coveredmethods="1"/>
        <line num="16" count="4" type="stmt"/>
      </file>
      <file name="ButtonIcon.tsx" path="/home/lucasbarque/projects/photolink/photolink-frontend/src/components/ButtonIcon.tsx">
        <metrics statements="2" coveredstatements="2" conditionals="8" coveredconditionals="6" methods="1" coveredmethods="1"/>
        <line num="14" count="4" type="stmt"/>
        <line num="20" count="16" type="stmt"/>
      </file>
      <file name="CopyLink.tsx" path="/home/lucasbarque/projects/photolink/photolink-frontend/src/components/CopyLink.tsx">
        <metrics statements="1" coveredstatements="1" conditionals="0" coveredconditionals="0" methods="1" coveredmethods="0"/>
        <line num="8" count="4" type="stmt"/>
      </file>
      <file name="DropdownMenu.tsx" path="/home/lucasbarque/projects/photolink/photolink-frontend/src/components/DropdownMenu.tsx">
        <metrics statements="6" coveredstatements="6" conditionals="1" coveredconditionals="1" methods="1" coveredmethods="1"/>
        <line num="12" count="4" type="stmt"/>
        <line num="52" count="4" type="stmt"/>
        <line num="96" count="4" type="stmt"/>
        <line num="97" count="4" type="stmt"/>
        <line num="98" count="4" type="stmt"/>
        <line num="99" count="4" type="stmt"/>
      </file>
      <file name="EmptyGallery.tsx" path="/home/lucasbarque/projects/photolink/photolink-frontend/src/components/EmptyGallery.tsx">
        <metrics statements="1" coveredstatements="1" conditionals="0" coveredconditionals="0" methods="1" coveredmethods="0"/>
        <line num="4" count="4" type="stmt"/>
      </file>
      <file name="FormCreateNewGallery.tsx" path="/home/lucasbarque/projects/photolink/photolink-frontend/src/components/FormCreateNewGallery.tsx">
        <metrics statements="9" coveredstatements="5" conditionals="2" coveredconditionals="0" methods="10" coveredmethods="1"/>
        <line num="13" count="4" type="stmt"/>
        <line num="21" count="4" type="stmt"/>
        <line num="25" count="2" type="stmt"/>
        <line num="28" count="2" type="stmt"/>
        <line num="29" count="0" type="stmt"/>
        <line num="33" count="0" type="stmt"/>
        <line num="38" count="0" type="stmt"/>
        <line num="43" count="0" type="stmt"/>
        <line num="60" count="4" type="cond" truecount="0" falsecount="2"/>
      </file>
      <file name="GalleryCard.tsx" path="/home/lucasbarque/projects/photolink/photolink-frontend/src/components/GalleryCard.tsx">
        <metrics statements="3" coveredstatements="2" conditionals="4" coveredconditionals="4" methods="2" coveredmethods="1"/>
        <line num="15" count="8" type="stmt"/>
        <line num="16" count="8" type="stmt"/>
        <line num="30" count="0" type="stmt"/>
      </file>
      <file name="Icon.tsx" path="/home/lucasbarque/projects/photolink/photolink-frontend/src/components/Icon.tsx">
        <metrics statements="2" coveredstatements="2" conditionals="0" coveredconditionals="0" methods="1" coveredmethods="1"/>
        <line num="4" count="4" type="stmt"/>
        <line num="5" count="20" type="stmt"/>
      </file>
      <file name="Input.tsx" path="/home/lucasbarque/projects/photolink/photolink-frontend/src/components/Input.tsx">
        <metrics statements="3" coveredstatements="2" conditionals="10" coveredconditionals="8" methods="2" coveredmethods="1"/>
        <line num="17" count="8" type="stmt"/>
        <line num="26" count="134" type="stmt"/>
        <line num="65" count="0" type="stmt"/>
      </file>
      <file name="Loading.tsx" path="/home/lucasbarque/projects/photolink/photolink-frontend/src/components/Loading.tsx">
        <metrics statements="2" coveredstatements="1" conditionals="2" coveredconditionals="0" methods="1" coveredmethods="0"/>
        <line num="9" count="4" type="stmt"/>
        <line num="14" count="0" type="stmt"/>
      </file>
      <file name="MasonryGallery.tsx" path="/home/lucasbarque/projects/photolink/photolink-frontend/src/components/MasonryGallery.tsx">
        <metrics statements="1" coveredstatements="1" conditionals="0" coveredconditionals="0" methods="1" coveredmethods="0"/>
        <line num="16" count="4" type="stmt"/>
      </file>
      <file name="MasonryItem.tsx" path="/home/lucasbarque/projects/photolink/photolink-frontend/src/components/MasonryItem.tsx">
        <metrics statements="4" coveredstatements="1" conditionals="5" coveredconditionals="0" methods="3" coveredmethods="0"/>
        <line num="18" count="8" type="cond" truecount="0" falsecount="1"/>
        <line num="19" count="0" type="stmt"/>
        <line num="33" count="0" type="stmt"/>
        <line num="53" count="0" type="stmt"/>
      </file>
      <file name="MenuItem.tsx" path="/home/lucasbarque/projects/photolink/photolink-frontend/src/components/MenuItem.tsx">
        <metrics statements="1" coveredstatements="1" conditionals="4" coveredconditionals="0" methods="1" coveredmethods="0"/>
        <line num="11" count="4" type="stmt"/>
      </file>
      <file name="Modal.tsx" path="/home/lucasbarque/projects/photolink/photolink-frontend/src/components/Modal.tsx">
        <metrics statements="2" coveredstatements="2" conditionals="9" coveredconditionals="2" methods="0" coveredmethods="0"/>
        <line num="13" count="4" type="cond" truecount="1" falsecount="0"/>
        <line num="127" count="4" type="stmt"/>
      </file>
      <file name="ModalDeleteGallery.tsx" path="/home/lucasbarque/projects/photolink/photolink-frontend/src/components/ModalDeleteGallery.tsx">
        <metrics statements="5" coveredstatements="2" conditionals="2" coveredconditionals="0" methods="9" coveredmethods="1"/>
        <line num="19" count="4" type="stmt"/>
        <line num="31" count="0" type="stmt"/>
        <line num="51" count="0" type="stmt"/>
        <line num="56" count="0" type="stmt"/>
        <line num="64" count="4" type="cond" truecount="0" falsecount="2"/>
      </file>
      <file name="NavButton.tsx" path="/home/lucasbarque/projects/photolink/photolink-frontend/src/components/NavButton.tsx">
        <metrics statements="1" coveredstatements="1" conditionals="16" coveredconditionals="0" methods="1" coveredmethods="0"/>
        <line num="12" count="4" type="stmt"/>
      </file>
      <file name="StatusBadge.tsx" path="/home/lucasbarque/projects/photolink/photolink-frontend/src/components/StatusBadge.tsx">
        <metrics statements="1" coveredstatements="1" conditionals="11" coveredconditionals="7" methods="1" coveredmethods="1"/>
        <line num="10" count="4" type="stmt"/>
      </file>
      <file name="TopBar.tsx" path="/home/lucasbarque/projects/photolink/photolink-frontend/src/components/TopBar.tsx">
        <metrics statements="2" coveredstatements="2" conditionals="0" coveredconditionals="0" methods="1" coveredmethods="1"/>
        <line num="9" count="4" type="stmt"/>
        <line num="10" count="2" type="stmt"/>
      </file>
    </package>
    <package name="src.contexts">
      <metrics statements="36" coveredstatements="22" conditionals="6" coveredconditionals="1" methods="5" coveredmethods="4"/>
      <file name="AuthContext.tsx" path="/home/lucasbarque/projects/photolink/photolink-frontend/src/contexts/AuthContext.tsx">
        <metrics statements="36" coveredstatements="22" conditionals="6" coveredconditionals="1" methods="5" coveredmethods="4"/>
        <line num="13" count="4" type="stmt"/>
        <line num="31" count="4" type="stmt"/>
        <line num="32" count="20" type="stmt"/>
        <line num="34" count="20" type="stmt"/>
        <line num="35" count="20" type="stmt"/>
        <line num="36" count="20" type="stmt"/>
        <line num="37" count="20" type="stmt"/>
        <line num="40" count="20" type="stmt"/>
        <line num="43" count="1" type="stmt"/>
        <line num="45" count="1" type="cond" truecount="0" falsecount="1"/>
        <line num="46" count="0" type="stmt"/>
        <line num="51" count="1" type="stmt"/>
        <line num="53" count="1" type="stmt"/>
        <line num="55" count="1" type="cond" truecount="1" falsecount="3"/>
        <line num="57" count="1" type="stmt"/>
        <line num="58" count="1" type="stmt"/>
        <line num="59" count="1" type="stmt"/>
        <line num="60" count="1" type="stmt"/>
        <line num="64" count="1" type="stmt"/>
        <line num="66" count="0" type="stmt"/>
        <line num="67" count="0" type="stmt"/>
        <line num="68" count="0" type="stmt"/>
        <line num="71" count="0" type="stmt"/>
        <line num="72" count="0" type="stmt"/>
        <line num="73" count="0" type="stmt"/>
        <line num="76" count="0" type="stmt"/>
        <line num="80" count="0" type="stmt"/>
        <line num="81" count="0" type="stmt"/>
        <line num="86" count="0" type="stmt"/>
        <line num="87" count="0" type="stmt"/>
        <line num="88" count="0" type="stmt"/>
        <line num="91" count="20" type="stmt"/>
        <line num="92" count="8" type="stmt"/>
        <line num="94" count="8" type="cond" truecount="0" falsecount="1"/>
        <line num="95" count="0" type="stmt"/>
        <line num="98" count="8" type="stmt"/>
      </file>
    </package>
    <package name="src.errors">
      <metrics statements="8" coveredstatements="6" conditionals="1" coveredconditionals="0" methods="4" coveredmethods="3"/>
      <file name="ErrorBoundary.tsx" path="/home/lucasbarque/projects/photolink/photolink-frontend/src/errors/ErrorBoundary.tsx">
        <metrics statements="8" coveredstatements="6" conditionals="1" coveredconditionals="0" methods="4" coveredmethods="3"/>
        <line num="7" count="8" type="stmt"/>
        <line num="8" count="8" type="stmt"/>
        <line num="10" count="8" type="stmt"/>
        <line num="11" count="8" type="stmt"/>
        <line num="12" count="0" type="stmt"/>
        <line num="13" count="0" type="stmt"/>
        <line num="15" count="8" type="stmt"/>
        <line num="16" count="8" type="stmt"/>
      </file>
    </package>
    <package name="src.hooks">
      <metrics statements="6" coveredstatements="6" conditionals="2" coveredconditionals="1" methods="3" coveredmethods="3"/>
      <file name="useAuth.tsx" path="/home/lucasbarque/projects/photolink/photolink-frontend/src/hooks/useAuth.tsx">
        <metrics statements="2" coveredstatements="2" conditionals="0" coveredconditionals="0" methods="1" coveredmethods="1"/>
        <line num="5" count="4" type="stmt"/>
        <line num="6" count="52" type="stmt"/>
      </file>
      <file name="useToast.tsx" path="/home/lucasbarque/projects/photolink/photolink-frontend/src/hooks/useToast.tsx">
        <metrics statements="4" coveredstatements="4" conditionals="2" coveredconditionals="1" methods="2" coveredmethods="2"/>
        <line num="13" count="4" type="stmt"/>
        <line num="14" count="46" type="cond" truecount="1" falsecount="1"/>
        <line num="15" count="1" type="stmt"/>
        <line num="21" count="46" type="stmt"/>
      </file>
    </package>
    <package name="src.hooks.network">
      <metrics statements="18" coveredstatements="15" conditionals="3" coveredconditionals="2" methods="2" coveredmethods="2"/>
      <file name="useRegister.tsx" path="/home/lucasbarque/projects/photolink/photolink-frontend/src/hooks/network/useRegister.tsx">
        <metrics statements="18" coveredstatements="15" conditionals="3" coveredconditionals="2" methods="2" coveredmethods="2"/>
        <line num="12" count="4" type="stmt"/>
        <line num="13" count="26" type="stmt"/>
        <line num="14" count="26" type="stmt"/>
        <line num="15" count="26" type="stmt"/>
        <line num="17" count="26" type="stmt"/>
        <line num="19" count="26" type="stmt"/>
        <line num="20" count="2" type="stmt"/>
        <line num="21" count="2" type="stmt"/>
        <line num="23" count="2" type="cond" truecount="2" falsecount="1"/>
        <line num="25" count="1" type="stmt"/>
        <line num="26" count="1" type="stmt"/>
        <line num="29" count="1" type="stmt"/>
        <line num="30" count="1" type="stmt"/>
        <line num="34" count="1" type="stmt"/>
        <line num="37" count="0" type="stmt"/>
        <line num="38" count="0" type="stmt"/>
        <line num="43" count="0" type="stmt"/>
        <line num="47" count="26" type="stmt"/>
      </file>
    </package>
    <package name="src.infrastructure.http.client">
      <metrics statements="13" coveredstatements="12" conditionals="6" coveredconditionals="3" methods="4" coveredmethods="4"/>
      <file name="axios-http-client.ts" path="/home/lucasbarque/projects/photolink/photolink-frontend/src/infrastructure/http/client/axios-http-client.ts">
        <metrics statements="13" coveredstatements="12" conditionals="6" coveredconditionals="3" methods="4" coveredmethods="4"/>
        <line num="9" count="4" type="stmt"/>
        <line num="17" count="46" type="stmt"/>
        <line num="20" count="46" type="stmt"/>
        <line num="24" count="4" type="cond" truecount="1" falsecount="1"/>
        <line num="25" count="4" type="stmt"/>
        <line num="33" count="4" type="stmt"/>
        <line num="34" count="4" type="stmt"/>
        <line num="47" count="2" type="stmt"/>
        <line num="52" count="2" type="stmt"/>
        <line num="60" count="4" type="stmt"/>
        <line num="62" count="4" type="cond" truecount="1" falsecount="1"/>
        <line num="63" count="0" type="stmt"/>
        <line num="65" count="4" type="stmt"/>
      </file>
    </package>
    <package name="src.infrastructure.http.factories">
      <metrics statements="2" coveredstatements="2" conditionals="0" coveredconditionals="0" methods="1" coveredmethods="1"/>
      <file name="ApiFactory.ts" path="/home/lucasbarque/projects/photolink/photolink-frontend/src/infrastructure/http/factories/ApiFactory.ts">
        <metrics statements="2" coveredstatements="2" conditionals="0" coveredconditionals="0" methods="1" coveredmethods="1"/>
        <line num="4" count="4" type="stmt"/>
        <line num="5" count="46" type="stmt"/>
      </file>
    </package>
    <package name="src.infrastructure.services.auth">
      <metrics statements="3" coveredstatements="3" conditionals="0" coveredconditionals="0" methods="2" coveredmethods="2"/>
      <file name="index.ts" path="/home/lucasbarque/projects/photolink/photolink-frontend/src/infrastructure/services/auth/index.ts">
        <metrics statements="3" coveredstatements="3" conditionals="0" coveredconditionals="0" methods="2" coveredmethods="2"/>
        <line num="10" count="20" type="stmt"/>
        <line num="15" count="1" type="stmt"/>
        <line num="23" count="1" type="stmt"/>
      </file>
    </package>
    <package name="src.infrastructure.services.register">
      <metrics statements="2" coveredstatements="2" conditionals="0" coveredconditionals="0" methods="1" coveredmethods="1"/>
      <file name="index.ts" path="/home/lucasbarque/projects/photolink/photolink-frontend/src/infrastructure/services/register/index.ts">
        <metrics statements="2" coveredstatements="2" conditionals="0" coveredconditionals="0" methods="1" coveredmethods="1"/>
        <line num="7" count="26" type="stmt"/>
        <line num="10" count="2" type="stmt"/>
      </file>
    </package>
    <package name="src.model.http">
      <metrics statements="1" coveredstatements="1" conditionals="2" coveredconditionals="2" methods="1" coveredmethods="1"/>
      <file name="http-client.ts" path="/home/lucasbarque/projects/photolink/photolink-frontend/src/model/http/http-client.ts">
        <metrics statements="1" coveredstatements="1" conditionals="2" coveredconditionals="2" methods="1" coveredmethods="1"/>
        <line num="20" count="4" type="cond" truecount="2" falsecount="0"/>
      </file>
    </package>
    <package name="src.model.loading">
      <metrics statements="1" coveredstatements="1" conditionals="2" coveredconditionals="2" methods="1" coveredmethods="1"/>
      <file name="states.ts" path="/home/lucasbarque/projects/photolink/photolink-frontend/src/model/loading/states.ts">
        <metrics statements="1" coveredstatements="1" conditionals="2" coveredconditionals="2" methods="1" coveredmethods="1"/>
        <line num="3" count="4" type="cond" truecount="2" falsecount="0"/>
      </file>
    </package>
    <package name="src.model.storage">
      <metrics statements="2" coveredstatements="2" conditionals="4" coveredconditionals="4" methods="2" coveredmethods="2"/>
      <file name="keys.ts" path="/home/lucasbarque/projects/photolink/photolink-frontend/src/model/storage/keys.ts">
        <metrics statements="2" coveredstatements="2" conditionals="4" coveredconditionals="4" methods="2" coveredmethods="2"/>
        <line num="1" count="4" type="cond" truecount="2" falsecount="0"/>
        <line num="5" count="4" type="cond" truecount="2" falsecount="0"/>
      </file>
    </package>
    <package name="src.pages">
      <metrics statements="35" coveredstatements="27" conditionals="10" coveredconditionals="5" methods="21" coveredmethods="4"/>
      <file name="ForgotPassword.tsx" path="/home/lucasbarque/projects/photolink/photolink-frontend/src/pages/ForgotPassword.tsx">
        <metrics statements="6" coveredstatements="3" conditionals="2" coveredconditionals="0" methods="7" coveredmethods="0"/>
        <line num="9" count="4" type="stmt"/>
        <line num="20" count="4" type="stmt"/>
        <line num="25" count="0" type="stmt"/>
        <line num="28" count="0" type="stmt"/>
        <line num="29" count="0" type="stmt"/>
        <line num="83" count="4" type="cond" truecount="0" falsecount="2"/>
      </file>
      <file name="Galleries.tsx" path="/home/lucasbarque/projects/photolink/photolink-frontend/src/pages/Galleries.tsx">
        <metrics statements="5" coveredstatements="4" conditionals="3" coveredconditionals="3" methods="2" coveredmethods="1"/>
        <line num="18" count="8" type="stmt"/>
        <line num="19" count="2" type="stmt"/>
        <line num="20" count="2" type="stmt"/>
        <line num="21" count="2" type="stmt"/>
        <line num="71" count="0" type="stmt"/>
      </file>
      <file name="GalleriesEdit.tsx" path="/home/lucasbarque/projects/photolink/photolink-frontend/src/pages/GalleriesEdit.tsx">
        <metrics statements="1" coveredstatements="1" conditionals="0" coveredconditionals="0" methods="1" coveredmethods="0"/>
        <line num="8" count="4" type="stmt"/>
      </file>
      <file name="Login.tsx" path="/home/lucasbarque/projects/photolink/photolink-frontend/src/pages/Login.tsx">
        <metrics statements="7" coveredstatements="6" conditionals="2" coveredconditionals="1" methods="2" coveredmethods="1"/>
        <line num="13" count="4" type="stmt"/>
        <line num="29" count="4" type="stmt"/>
        <line num="34" count="2" type="stmt"/>
        <line num="37" count="2" type="stmt"/>
        <line num="39" count="2" type="stmt"/>
        <line num="41" count="2" type="stmt"/>
        <line num="45" count="0" type="stmt"/>
      </file>
      <file name="PasswordChange.tsx" path="/home/lucasbarque/projects/photolink/photolink-frontend/src/pages/PasswordChange.tsx">
        <metrics statements="6" coveredstatements="3" conditionals="2" coveredconditionals="0" methods="7" coveredmethods="0"/>
        <line num="8" count="4" type="stmt"/>
        <line num="24" count="4" type="stmt"/>
        <line num="29" count="0" type="stmt"/>
        <line num="32" count="0" type="stmt"/>
        <line num="33" count="0" type="stmt"/>
        <line num="83" count="4" type="cond" truecount="0" falsecount="2"/>
      </file>
      <file name="Register.tsx" path="/home/lucasbarque/projects/photolink/photolink-frontend/src/pages/Register.tsx">
        <metrics statements="10" coveredstatements="10" conditionals="1" coveredconditionals="1" methods="2" coveredmethods="2"/>
        <line num="16" count="4" type="stmt"/>
        <line num="44" count="4" type="stmt"/>
        <line num="49" count="28" type="stmt"/>
        <line num="52" count="26" type="stmt"/>
        <line num="53" count="26" type="stmt"/>
        <line num="55" count="26" type="stmt"/>
        <line num="56" count="2" type="stmt"/>
        <line num="58" count="2" type="cond" truecount="1" falsecount="0"/>
        <line num="59" count="1" type="stmt"/>
        <line num="63" count="26" type="stmt"/>
      </file>
    </package>
    <package name="src.providers">
      <metrics statements="1" coveredstatements="1" conditionals="0" coveredconditionals="0" methods="1" coveredmethods="1"/>
      <file name="index.tsx" path="/home/lucasbarque/projects/photolink/photolink-frontend/src/providers/index.tsx">
        <metrics statements="1" coveredstatements="1" conditionals="0" coveredconditionals="0" methods="1" coveredmethods="1"/>
        <line num="7" count="4" type="stmt"/>
      </file>
    </package>
    <package name="src.routes">
      <metrics statements="3" coveredstatements="3" conditionals="3" coveredconditionals="3" methods="4" coveredmethods="4"/>
      <file name="index.tsx" path="/home/lucasbarque/projects/photolink/photolink-frontend/src/routes/index.tsx">
        <metrics statements="3" coveredstatements="3" conditionals="3" coveredconditionals="3" methods="4" coveredmethods="4"/>
        <line num="20" count="4" type="stmt"/>
        <line num="21" count="22" type="stmt"/>
        <line num="31" count="20" type="stmt"/>
      </file>
    </package>
    <package name="src.utils">
      <metrics statements="67" coveredstatements="20" conditionals="30" coveredconditionals="13" methods="14" coveredmethods="3"/>
      <file name="mask.ts" path="/home/lucasbarque/projects/photolink/photolink-frontend/src/utils/mask.ts">
        <metrics statements="67" coveredstatements="20" conditionals="30" coveredconditionals="13" methods="14" coveredmethods="3"/>
        <line num="2" count="4" type="stmt"/>
        <line num="3" count="50" type="stmt"/>
        <line num="4" count="50" type="stmt"/>
        <line num="5" count="50" type="stmt"/>
        <line num="7" count="50" type="cond" truecount="1" falsecount="0"/>
        <line num="8" count="50" type="stmt"/>
        <line num="12" count="486" type="stmt"/>
        <line num="13" count="486" type="cond" truecount="2" falsecount="0"/>
        <line num="14" count="156" type="stmt"/>
        <line num="16" count="156" type="stmt"/>
        <line num="17" count="330" type="cond" truecount="1" falsecount="1"/>
        <line num="22" count="330" type="stmt"/>
        <line num="24" count="330" type="stmt"/>
        <line num="25" count="330" type="stmt"/>
        <line num="27" count="0" type="stmt"/>
        <line num="28" count="0" type="stmt"/>
        <line num="33" count="50" type="stmt"/>
        <line num="37" count="70" type="cond" truecount="3" falsecount="0"/>
        <line num="38" count="20" type="stmt"/>
        <line num="41" count="50" type="stmt"/>
        <line num="59" count="50" type="stmt"/>
        <line num="65" count="50" type="cond" truecount="1" falsecount="1"/>
        <line num="69" count="0" type="cond" truecount="0" falsecount="1"/>
        <line num="70" count="0" type="stmt"/>
        <line num="73" count="0" type="stmt"/>
        <line num="90" count="0" type="stmt"/>
        <line num="94" count="0" type="cond" truecount="0" falsecount="1"/>
        <line num="95" count="0" type="stmt"/>
        <line num="98" count="0" type="stmt"/>
        <line num="111" count="0" type="stmt"/>
        <line num="115" count="0" type="stmt"/>
        <line num="119" count="0" type="stmt"/>
        <line num="131" count="0" type="stmt"/>
        <line num="135" count="0" type="cond" truecount="0" falsecount="1"/>
        <line num="136" count="0" type="stmt"/>
        <line num="139" count="0" type="stmt"/>
        <line num="141" count="0" type="stmt"/>
        <line num="145" count="0" type="stmt"/>
        <line num="150" count="0" type="stmt"/>
        <line num="152" count="0" type="stmt"/>
        <line num="155" count="0" type="stmt"/>
        <line num="157" count="0" type="stmt"/>
        <line num="159" count="0" type="stmt"/>
        <line num="160" count="0" type="stmt"/>
        <line num="162" count="0" type="stmt"/>
        <line num="166" count="0" type="stmt"/>
        <line num="168" count="0" type="stmt"/>
        <line num="173" count="0" type="stmt"/>
        <line num="181" count="0" type="stmt"/>
        <line num="185" count="0" type="cond" truecount="0" falsecount="1"/>
        <line num="186" count="0" type="stmt"/>
        <line num="189" count="0" type="stmt"/>
        <line num="191" count="0" type="cond" truecount="0" falsecount="1"/>
        <line num="192" count="0" type="stmt"/>
        <line num="198" count="0" type="stmt"/>
        <line num="206" count="0" type="cond" truecount="0" falsecount="1"/>
        <line num="207" count="0" type="stmt"/>
        <line num="209" count="0" type="stmt"/>
        <line num="230" count="0" type="stmt"/>
        <line num="234" count="0" type="stmt"/>
        <line num="238" count="0" type="cond" truecount="0" falsecount="1"/>
        <line num="239" count="0" type="stmt"/>
        <line num="242" count="0" type="stmt"/>
        <line num="244" count="0" type="cond" truecount="0" falsecount="3"/>
        <line num="245" count="0" type="stmt"/>
        <line num="248" count="0" type="stmt"/>
        <line num="252" count="0" type="stmt"/>
      </file>
    </package>
  </project>
</coverage>
