{"total": {"lines":{"total":395,"covered":161,"skipped":0,"pct":40.75},"statements":{"total":438,"covered":192,"skipped":0,"pct":43.83},"functions":{"total":114,"covered":40,"skipped":0,"pct":35.08},"branches":{"total":184,"covered":52,"skipped":0,"pct":28.26},"branchesTrue":{"total":0,"covered":0,"skipped":0,"pct":100}}
,"/home/lucasbarque/projects/photolink/photolink-frontend/src/App.tsx": {"lines":{"total":1,"covered":1,"skipped":0,"pct":100},"functions":{"total":1,"covered":1,"skipped":0,"pct":100},"statements":{"total":1,"covered":1,"skipped":0,"pct":100},"branches":{"total":0,"covered":0,"skipped":0,"pct":100}}
,"/home/lucasbarque/projects/photolink/photolink-frontend/src/components/Avatar.tsx": {"lines":{"total":2,"covered":1,"skipped":0,"pct":50},"functions":{"total":1,"covered":0,"skipped":0,"pct":0},"statements":{"total":2,"covered":1,"skipped":0,"pct":50},"branches":{"total":2,"covered":0,"skipped":0,"pct":0}}
,"/home/lucasbarque/projects/photolink/photolink-frontend/src/components/Button.tsx": {"lines":{"total":2,"covered":2,"skipped":0,"pct":100},"functions":{"total":1,"covered":1,"skipped":0,"pct":100},"statements":{"total":3,"covered":3,"skipped":0,"pct":100},"branches":{"total":8,"covered":5,"skipped":0,"pct":62.5}}
,"/home/lucasbarque/projects/photolink/photolink-frontend/src/components/ButtonIcon.tsx": {"lines":{"total":2,"covered":1,"skipped":0,"pct":50},"functions":{"total":1,"covered":0,"skipped":0,"pct":0},"statements":{"total":2,"covered":1,"skipped":0,"pct":50},"branches":{"total":8,"covered":0,"skipped":0,"pct":0}}
,"/home/lucasbarque/projects/photolink/photolink-frontend/src/components/CopyLink.tsx": {"lines":{"total":1,"covered":1,"skipped":0,"pct":100},"functions":{"total":1,"covered":0,"skipped":0,"pct":0},"statements":{"total":1,"covered":1,"skipped":0,"pct":100},"branches":{"total":0,"covered":0,"skipped":0,"pct":100}}
,"/home/lucasbarque/projects/photolink/photolink-frontend/src/components/DropdownMenu.tsx": {"lines":{"total":6,"covered":6,"skipped":0,"pct":100},"functions":{"total":1,"covered":0,"skipped":0,"pct":0},"statements":{"total":7,"covered":7,"skipped":0,"pct":100},"branches":{"total":1,"covered":0,"skipped":0,"pct":0}}
,"/home/lucasbarque/projects/photolink/photolink-frontend/src/components/EmptyGallery.tsx": {"lines":{"total":1,"covered":1,"skipped":0,"pct":100},"functions":{"total":1,"covered":0,"skipped":0,"pct":0},"statements":{"total":1,"covered":1,"skipped":0,"pct":100},"branches":{"total":0,"covered":0,"skipped":0,"pct":100}}
,"/home/lucasbarque/projects/photolink/photolink-frontend/src/components/FormCreateNewGallery.tsx": {"lines":{"total":14,"covered":2,"skipped":0,"pct":14.28},"functions":{"total":4,"covered":0,"skipped":0,"pct":0},"statements":{"total":14,"covered":2,"skipped":0,"pct":14.28},"branches":{"total":4,"covered":0,"skipped":0,"pct":0}}
,"/home/lucasbarque/projects/photolink/photolink-frontend/src/components/GalleryCard.tsx": {"lines":{"total":4,"covered":1,"skipped":0,"pct":25},"functions":{"total":2,"covered":0,"skipped":0,"pct":0},"statements":{"total":4,"covered":1,"skipped":0,"pct":25},"branches":{"total":6,"covered":0,"skipped":0,"pct":0}}
,"/home/lucasbarque/projects/photolink/photolink-frontend/src/components/Icon.tsx": {"lines":{"total":2,"covered":2,"skipped":0,"pct":100},"functions":{"total":1,"covered":1,"skipped":0,"pct":100},"statements":{"total":3,"covered":3,"skipped":0,"pct":100},"branches":{"total":0,"covered":0,"skipped":0,"pct":100}}
,"/home/lucasbarque/projects/photolink/photolink-frontend/src/components/Input.tsx": {"lines":{"total":3,"covered":2,"skipped":0,"pct":66.66},"functions":{"total":2,"covered":1,"skipped":0,"pct":50},"statements":{"total":4,"covered":3,"skipped":0,"pct":75},"branches":{"total":10,"covered":7,"skipped":0,"pct":70}}
,"/home/lucasbarque/projects/photolink/photolink-frontend/src/components/Loading.tsx": {"lines":{"total":2,"covered":2,"skipped":0,"pct":100},"functions":{"total":1,"covered":1,"skipped":0,"pct":100},"statements":{"total":3,"covered":3,"skipped":0,"pct":100},"branches":{"total":2,"covered":0,"skipped":0,"pct":0}}
,"/home/lucasbarque/projects/photolink/photolink-frontend/src/components/MasonryGallery.tsx": {"lines":{"total":1,"covered":1,"skipped":0,"pct":100},"functions":{"total":1,"covered":0,"skipped":0,"pct":0},"statements":{"total":1,"covered":1,"skipped":0,"pct":100},"branches":{"total":0,"covered":0,"skipped":0,"pct":100}}
,"/home/lucasbarque/projects/photolink/photolink-frontend/src/components/MasonryItem.tsx": {"lines":{"total":4,"covered":1,"skipped":0,"pct":25},"functions":{"total":3,"covered":0,"skipped":0,"pct":0},"statements":{"total":4,"covered":1,"skipped":0,"pct":25},"branches":{"total":5,"covered":0,"skipped":0,"pct":0}}
,"/home/lucasbarque/projects/photolink/photolink-frontend/src/components/MenuItem.tsx": {"lines":{"total":1,"covered":1,"skipped":0,"pct":100},"functions":{"total":1,"covered":0,"skipped":0,"pct":0},"statements":{"total":1,"covered":1,"skipped":0,"pct":100},"branches":{"total":4,"covered":0,"skipped":0,"pct":0}}
,"/home/lucasbarque/projects/photolink/photolink-frontend/src/components/Modal.tsx": {"lines":{"total":2,"covered":2,"skipped":0,"pct":100},"functions":{"total":0,"covered":0,"skipped":0,"pct":100},"statements":{"total":2,"covered":2,"skipped":0,"pct":100},"branches":{"total":9,"covered":8,"skipped":0,"pct":88.88}}
,"/home/lucasbarque/projects/photolink/photolink-frontend/src/components/ModalDeleteGallery.tsx": {"lines":{"total":2,"covered":1,"skipped":0,"pct":50},"functions":{"total":2,"covered":0,"skipped":0,"pct":0},"statements":{"total":2,"covered":1,"skipped":0,"pct":50},"branches":{"total":0,"covered":0,"skipped":0,"pct":100}}
,"/home/lucasbarque/projects/photolink/photolink-frontend/src/components/NavButton.tsx": {"lines":{"total":1,"covered":1,"skipped":0,"pct":100},"functions":{"total":1,"covered":1,"skipped":0,"pct":100},"statements":{"total":2,"covered":2,"skipped":0,"pct":100},"branches":{"total":16,"covered":10,"skipped":0,"pct":62.5}}
,"/home/lucasbarque/projects/photolink/photolink-frontend/src/components/StatusBadge.tsx": {"lines":{"total":1,"covered":1,"skipped":0,"pct":100},"functions":{"total":1,"covered":0,"skipped":0,"pct":0},"statements":{"total":1,"covered":1,"skipped":0,"pct":100},"branches":{"total":11,"covered":0,"skipped":0,"pct":0}}
,"/home/lucasbarque/projects/photolink/photolink-frontend/src/components/TopBar.tsx": {"lines":{"total":2,"covered":1,"skipped":0,"pct":50},"functions":{"total":1,"covered":0,"skipped":0,"pct":0},"statements":{"total":2,"covered":1,"skipped":0,"pct":50},"branches":{"total":0,"covered":0,"skipped":0,"pct":100}}
,"/home/lucasbarque/projects/photolink/photolink-frontend/src/contexts/AuthContext.tsx": {"lines":{"total":27,"covered":12,"skipped":0,"pct":44.44},"functions":{"total":6,"covered":2,"skipped":0,"pct":33.33},"statements":{"total":28,"covered":13,"skipped":0,"pct":46.42},"branches":{"total":4,"covered":0,"skipped":0,"pct":0}}
,"/home/lucasbarque/projects/photolink/photolink-frontend/src/errors/ErrorBoundary.tsx": {"lines":{"total":8,"covered":6,"skipped":0,"pct":75},"functions":{"total":4,"covered":3,"skipped":0,"pct":75},"statements":{"total":9,"covered":7,"skipped":0,"pct":77.77},"branches":{"total":1,"covered":0,"skipped":0,"pct":0}}
,"/home/lucasbarque/projects/photolink/photolink-frontend/src/hooks/useAuth.tsx": {"lines":{"total":2,"covered":2,"skipped":0,"pct":100},"functions":{"total":1,"covered":1,"skipped":0,"pct":100},"statements":{"total":3,"covered":3,"skipped":0,"pct":100},"branches":{"total":0,"covered":0,"skipped":0,"pct":100}}
,"/home/lucasbarque/projects/photolink/photolink-frontend/src/hooks/useForgotPassword.tsx": {"lines":{"total":43,"covered":23,"skipped":0,"pct":53.48},"functions":{"total":4,"covered":3,"skipped":0,"pct":75},"statements":{"total":43,"covered":23,"skipped":0,"pct":53.48},"branches":{"total":9,"covered":3,"skipped":0,"pct":33.33}}
,"/home/lucasbarque/projects/photolink/photolink-frontend/src/hooks/useToast.tsx": {"lines":{"total":4,"covered":4,"skipped":0,"pct":100},"functions":{"total":2,"covered":2,"skipped":0,"pct":100},"statements":{"total":4,"covered":4,"skipped":0,"pct":100},"branches":{"total":2,"covered":1,"skipped":0,"pct":50}}
,"/home/lucasbarque/projects/photolink/photolink-frontend/src/hooks/network/useGallery.tsx": {"lines":{"total":25,"covered":1,"skipped":0,"pct":4},"functions":{"total":3,"covered":0,"skipped":0,"pct":0},"statements":{"total":25,"covered":1,"skipped":0,"pct":4},"branches":{"total":5,"covered":0,"skipped":0,"pct":0}}
,"/home/lucasbarque/projects/photolink/photolink-frontend/src/hooks/network/useRegister.tsx": {"lines":{"total":18,"covered":1,"skipped":0,"pct":5.55},"functions":{"total":2,"covered":0,"skipped":0,"pct":0},"statements":{"total":18,"covered":1,"skipped":0,"pct":5.55},"branches":{"total":3,"covered":0,"skipped":0,"pct":0}}
,"/home/lucasbarque/projects/photolink/photolink-frontend/src/hooks/network/useSession.tsx": {"lines":{"total":29,"covered":8,"skipped":0,"pct":27.58},"functions":{"total":3,"covered":1,"skipped":0,"pct":33.33},"statements":{"total":29,"covered":8,"skipped":0,"pct":27.58},"branches":{"total":6,"covered":0,"skipped":0,"pct":0}}
,"/home/lucasbarque/projects/photolink/photolink-frontend/src/infrastructure/http/client/axios-http-client.ts": {"lines":{"total":13,"covered":12,"skipped":0,"pct":92.3},"functions":{"total":4,"covered":4,"skipped":0,"pct":100},"statements":{"total":13,"covered":12,"skipped":0,"pct":92.3},"branches":{"total":6,"covered":3,"skipped":0,"pct":50}}
,"/home/lucasbarque/projects/photolink/photolink-frontend/src/infrastructure/http/factories/ApiFactory.ts": {"lines":{"total":2,"covered":2,"skipped":0,"pct":100},"functions":{"total":1,"covered":1,"skipped":0,"pct":100},"statements":{"total":2,"covered":2,"skipped":0,"pct":100},"branches":{"total":0,"covered":0,"skipped":0,"pct":100}}
,"/home/lucasbarque/projects/photolink/photolink-frontend/src/infrastructure/services/auth/index.ts": {"lines":{"total":3,"covered":1,"skipped":0,"pct":33.33},"functions":{"total":2,"covered":0,"skipped":0,"pct":0},"statements":{"total":3,"covered":1,"skipped":0,"pct":33.33},"branches":{"total":0,"covered":0,"skipped":0,"pct":100}}
,"/home/lucasbarque/projects/photolink/photolink-frontend/src/infrastructure/services/forgotPassword/index.ts": {"lines":{"total":4,"covered":3,"skipped":0,"pct":75},"functions":{"total":3,"covered":2,"skipped":0,"pct":66.66},"statements":{"total":4,"covered":3,"skipped":0,"pct":75},"branches":{"total":0,"covered":0,"skipped":0,"pct":100}}
,"/home/lucasbarque/projects/photolink/photolink-frontend/src/infrastructure/services/gallery/index.ts": {"lines":{"total":8,"covered":0,"skipped":0,"pct":0},"functions":{"total":2,"covered":0,"skipped":0,"pct":0},"statements":{"total":8,"covered":0,"skipped":0,"pct":0},"branches":{"total":2,"covered":0,"skipped":0,"pct":0}}
,"/home/lucasbarque/projects/photolink/photolink-frontend/src/infrastructure/services/register/index.ts": {"lines":{"total":2,"covered":0,"skipped":0,"pct":0},"functions":{"total":1,"covered":0,"skipped":0,"pct":0},"statements":{"total":2,"covered":0,"skipped":0,"pct":0},"branches":{"total":0,"covered":0,"skipped":0,"pct":100}}
,"/home/lucasbarque/projects/photolink/photolink-frontend/src/model/http/http-client.ts": {"lines":{"total":1,"covered":1,"skipped":0,"pct":100},"functions":{"total":1,"covered":1,"skipped":0,"pct":100},"statements":{"total":14,"covered":14,"skipped":0,"pct":100},"branches":{"total":2,"covered":2,"skipped":0,"pct":100}}
,"/home/lucasbarque/projects/photolink/photolink-frontend/src/model/loading/states.ts": {"lines":{"total":1,"covered":1,"skipped":0,"pct":100},"functions":{"total":1,"covered":1,"skipped":0,"pct":100},"statements":{"total":5,"covered":5,"skipped":0,"pct":100},"branches":{"total":2,"covered":2,"skipped":0,"pct":100}}
,"/home/lucasbarque/projects/photolink/photolink-frontend/src/model/storage/keys.ts": {"lines":{"total":2,"covered":2,"skipped":0,"pct":100},"functions":{"total":2,"covered":2,"skipped":0,"pct":100},"statements":{"total":3,"covered":3,"skipped":0,"pct":100},"branches":{"total":4,"covered":4,"skipped":0,"pct":100}}
,"/home/lucasbarque/projects/photolink/photolink-frontend/src/pages/ForgotPassword.tsx": {"lines":{"total":18,"covered":12,"skipped":0,"pct":66.66},"functions":{"total":5,"covered":2,"skipped":0,"pct":40},"statements":{"total":18,"covered":12,"skipped":0,"pct":66.66},"branches":{"total":2,"covered":1,"skipped":0,"pct":50}}
,"/home/lucasbarque/projects/photolink/photolink-frontend/src/pages/Galleries.tsx": {"lines":{"total":13,"covered":1,"skipped":0,"pct":7.69},"functions":{"total":4,"covered":0,"skipped":0,"pct":0},"statements":{"total":13,"covered":1,"skipped":0,"pct":7.69},"branches":{"total":6,"covered":0,"skipped":0,"pct":0}}
,"/home/lucasbarque/projects/photolink/photolink-frontend/src/pages/GalleriesEdit.tsx": {"lines":{"total":1,"covered":1,"skipped":0,"pct":100},"functions":{"total":1,"covered":0,"skipped":0,"pct":0},"statements":{"total":1,"covered":1,"skipped":0,"pct":100},"branches":{"total":0,"covered":0,"skipped":0,"pct":100}}
,"/home/lucasbarque/projects/photolink/photolink-frontend/src/pages/Login.tsx": {"lines":{"total":7,"covered":6,"skipped":0,"pct":85.71},"functions":{"total":2,"covered":1,"skipped":0,"pct":50},"statements":{"total":7,"covered":6,"skipped":0,"pct":85.71},"branches":{"total":2,"covered":1,"skipped":0,"pct":50}}
,"/home/lucasbarque/projects/photolink/photolink-frontend/src/pages/PasswordChange.tsx": {"lines":{"total":6,"covered":3,"skipped":0,"pct":50},"functions":{"total":7,"covered":0,"skipped":0,"pct":0},"statements":{"total":21,"covered":6,"skipped":0,"pct":28.57},"branches":{"total":2,"covered":0,"skipped":0,"pct":0}}
,"/home/lucasbarque/projects/photolink/photolink-frontend/src/pages/Register.tsx": {"lines":{"total":10,"covered":2,"skipped":0,"pct":20},"functions":{"total":2,"covered":0,"skipped":0,"pct":0},"statements":{"total":10,"covered":2,"skipped":0,"pct":20},"branches":{"total":1,"covered":0,"skipped":0,"pct":0}}
,"/home/lucasbarque/projects/photolink/photolink-frontend/src/pages/ResetPassword.tsx": {"lines":{"total":23,"covered":21,"skipped":0,"pct":91.3},"functions":{"total":5,"covered":4,"skipped":0,"pct":80},"statements":{"total":24,"covered":22,"skipped":0,"pct":91.66},"branches":{"total":6,"covered":5,"skipped":0,"pct":83.33}}
,"/home/lucasbarque/projects/photolink/photolink-frontend/src/providers/index.tsx": {"lines":{"total":1,"covered":1,"skipped":0,"pct":100},"functions":{"total":1,"covered":1,"skipped":0,"pct":100},"statements":{"total":1,"covered":1,"skipped":0,"pct":100},"branches":{"total":0,"covered":0,"skipped":0,"pct":100}}
,"/home/lucasbarque/projects/photolink/photolink-frontend/src/routes/index.tsx": {"lines":{"total":3,"covered":3,"skipped":0,"pct":100},"functions":{"total":4,"covered":3,"skipped":0,"pct":75},"statements":{"total":3,"covered":3,"skipped":0,"pct":100},"branches":{"total":3,"covered":0,"skipped":0,"pct":0}}
,"/home/lucasbarque/projects/photolink/photolink-frontend/src/utils/mask.ts": {"lines":{"total":67,"covered":1,"skipped":0,"pct":1.49},"functions":{"total":14,"covered":0,"skipped":0,"pct":0},"statements":{"total":67,"covered":1,"skipped":0,"pct":1.49},"branches":{"total":30,"covered":0,"skipped":0,"pct":0}}
}
