{"/home/lucasbarque/projects/photolink/photolink-frontend/src/App.tsx": {"path":"/home/lucasbarque/projects/photolink/photolink-frontend/src/App.tsx","statementMap":{"0":{"start":{"line":6,"column":16},"end":{"line":6,"column":null}}},"fnMap":{"0":{"name":"App","decl":{"start":{"line":6,"column":16},"end":{"line":6,"column":null}},"loc":{"start":{"line":6,"column":16},"end":{"line":14,"column":null}}}},"branchMap":{},"s":{"0":4},"f":{"0":10},"b":{}}
,"/home/lucasbarque/projects/photolink/photolink-frontend/src/components/Avatar.tsx": {"path":"/home/lucasbarque/projects/photolink/photolink-frontend/src/components/Avatar.tsx","statementMap":{"0":{"start":{"line":1,"column":16},"end":{"line":1,"column":null}}},"fnMap":{"0":{"name":"Avatar","decl":{"start":{"line":1,"column":16},"end":{"line":1,"column":null}},"loc":{"start":{"line":1,"column":16},"end":{"line":11,"column":null}}}},"branchMap":{},"s":{"0":4},"f":{"0":2},"b":{}}
,"/home/lucasbarque/projects/photolink/photolink-frontend/src/components/Button.tsx": {"path":"/home/lucasbarque/projects/photolink/photolink-frontend/src/components/Button.tsx","statementMap":{"0":{"start":{"line":16,"column":16},"end":{"line":16,"column":23}}},"fnMap":{"0":{"name":"Button","decl":{"start":{"line":16,"column":16},"end":{"line":16,"column":23}},"loc":{"start":{"line":24,"column":14},"end":{"line":61,"column":null}}}},"branchMap":{"0":{"loc":{"start":{"line":17,"column":2},"end":{"line":17,"column":13}},"type":"default-arg","locations":[{"start":{"line":17,"column":9},"end":{"line":17,"column":13}}]},"1":{"loc":{"start":{"line":18,"column":2},"end":{"line":18,"column":24}},"type":"default-arg","locations":[{"start":{"line":18,"column":15},"end":{"line":18,"column":24}}]},"2":{"loc":{"start":{"line":20,"column":2},"end":{"line":20,"column":18}},"type":"default-arg","locations":[{"start":{"line":20,"column":13},"end":{"line":20,"column":18}}]},"3":{"loc":{"start":{"line":22,"column":2},"end":{"line":22,"column":19}},"type":"default-arg","locations":[{"start":{"line":22,"column":14},"end":{"line":22,"column":19}}]},"4":{"loc":{"start":{"line":29,"column":8},"end":{"line":29,"column":null}},"type":"binary-expr","locations":[{"start":{"line":29,"column":8},"end":{"line":29,"column":20}},{"start":{"line":29,"column":20},"end":{"line":29,"column":null}}]},"5":{"loc":{"start":{"line":31,"column":8},"end":{"line":31,"column":null}},"type":"binary-expr","locations":[{"start":{"line":31,"column":8},"end":{"line":31,"column":25}},{"start":{"line":31,"column":25},"end":{"line":31,"column":null}}]},"6":{"loc":{"start":{"line":32,"column":8},"end":{"line":32,"column":null}},"type":"binary-expr","locations":[{"start":{"line":32,"column":8},"end":{"line":32,"column":25}},{"start":{"line":32,"column":25},"end":{"line":32,"column":null}}]},"7":{"loc":{"start":{"line":33,"column":8},"end":{"line":33,"column":null}},"type":"binary-expr","locations":[{"start":{"line":33,"column":8},"end":{"line":33,"column":25}},{"start":{"line":33,"column":25},"end":{"line":33,"column":null}}]},"8":{"loc":{"start":{"line":34,"column":8},"end":{"line":34,"column":null}},"type":"binary-expr","locations":[{"start":{"line":34,"column":8},"end":{"line":34,"column":25}},{"start":{"line":34,"column":25},"end":{"line":34,"column":null}}]},"9":{"loc":{"start":{"line":36,"column":8},"end":{"line":37,"column":null}},"type":"binary-expr","locations":[{"start":{"line":36,"column":8},"end":{"line":36,"column":null}},{"start":{"line":37,"column":10},"end":{"line":37,"column":null}}]},"10":{"loc":{"start":{"line":38,"column":8},"end":{"line":39,"column":null}},"type":"binary-expr","locations":[{"start":{"line":38,"column":8},"end":{"line":38,"column":null}},{"start":{"line":39,"column":10},"end":{"line":39,"column":null}}]},"11":{"loc":{"start":{"line":40,"column":8},"end":{"line":41,"column":null}},"type":"binary-expr","locations":[{"start":{"line":40,"column":8},"end":{"line":40,"column":null}},{"start":{"line":41,"column":10},"end":{"line":41,"column":null}}]},"12":{"loc":{"start":{"line":42,"column":8},"end":{"line":42,"column":null}},"type":"binary-expr","locations":[{"start":{"line":42,"column":8},"end":{"line":42,"column":39}},{"start":{"line":42,"column":39},"end":{"line":42,"column":null}}]},"13":{"loc":{"start":{"line":43,"column":8},"end":{"line":44,"column":null}},"type":"binary-expr","locations":[{"start":{"line":43,"column":8},"end":{"line":43,"column":null}},{"start":{"line":44,"column":10},"end":{"line":44,"column":null}}]},"14":{"loc":{"start":{"line":48,"column":7},"end":{"line":48,"column":null}},"type":"binary-expr","locations":[{"start":{"line":48,"column":7},"end":{"line":48,"column":19}},{"start":{"line":48,"column":19},"end":{"line":48,"column":null}}]},"15":{"loc":{"start":{"line":50,"column":7},"end":{"line":50,"column":null}},"type":"binary-expr","locations":[{"start":{"line":50,"column":7},"end":{"line":50,"column":null}}]},"16":{"loc":{"start":{"line":53,"column":21},"end":{"line":53,"column":null}},"type":"cond-expr","locations":[{"start":{"line":53,"column":48},"end":{"line":53,"column":58}},{"start":{"line":53,"column":58},"end":{"line":53,"column":null}}]},"17":{"loc":{"start":{"line":54,"column":23},"end":{"line":54,"column":null}},"type":"cond-expr","locations":[{"start":{"line":54,"column":50},"end":{"line":54,"column":62}},{"start":{"line":54,"column":62},"end":{"line":54,"column":null}}]}},"s":{"0":4},"f":{"0":30},"b":{"0":[28],"1":[30],"2":[2],"3":[28],"4":[30,28],"5":[30,28],"6":[30,2],"7":[30,0],"8":[30,0],"9":[30,30],"10":[30,0],"11":[30,0],"12":[30,0],"13":[30,0],"14":[30,2],"15":[30],"16":[0,0],"17":[0,0]}}
,"/home/lucasbarque/projects/photolink/photolink-frontend/src/components/ButtonIcon.tsx": {"path":"/home/lucasbarque/projects/photolink/photolink-frontend/src/components/ButtonIcon.tsx","statementMap":{"0":{"start":{"line":20,"column":20},"end":{"line":22,"column":null}},"1":{"start":{"line":14,"column":16},"end":{"line":14,"column":27}}},"fnMap":{"0":{"name":"ButtonIcon","decl":{"start":{"line":14,"column":16},"end":{"line":14,"column":27}},"loc":{"start":{"line":19,"column":13},"end":{"line":40,"column":null}}}},"branchMap":{"0":{"loc":{"start":{"line":15,"column":2},"end":{"line":15,"column":13}},"type":"default-arg","locations":[{"start":{"line":15,"column":9},"end":{"line":15,"column":13}}]},"1":{"loc":{"start":{"line":16,"column":2},"end":{"line":16,"column":24}},"type":"default-arg","locations":[{"start":{"line":16,"column":15},"end":{"line":16,"column":24}}]},"2":{"loc":{"start":{"line":28,"column":8},"end":{"line":28,"column":null}},"type":"binary-expr","locations":[{"start":{"line":28,"column":8},"end":{"line":28,"column":25}},{"start":{"line":28,"column":25},"end":{"line":28,"column":null}}]},"3":{"loc":{"start":{"line":30,"column":8},"end":{"line":31,"column":null}},"type":"binary-expr","locations":[{"start":{"line":30,"column":8},"end":{"line":30,"column":null}},{"start":{"line":31,"column":10},"end":{"line":31,"column":null}}]},"4":{"loc":{"start":{"line":32,"column":8},"end":{"line":33,"column":null}},"type":"binary-expr","locations":[{"start":{"line":32,"column":8},"end":{"line":32,"column":null}},{"start":{"line":33,"column":10},"end":{"line":33,"column":null}}]}},"s":{"0":16,"1":4},"f":{"0":16},"b":{"0":[16],"1":[0],"2":[16,16],"3":[16,0],"4":[16,16]}}
,"/home/lucasbarque/projects/photolink/photolink-frontend/src/components/CopyLink.tsx": {"path":"/home/lucasbarque/projects/photolink/photolink-frontend/src/components/CopyLink.tsx","statementMap":{"0":{"start":{"line":8,"column":16},"end":{"line":8,"column":25}}},"fnMap":{"0":{"name":"CopyLink","decl":{"start":{"line":8,"column":16},"end":{"line":8,"column":25}},"loc":{"start":{"line":8,"column":49},"end":{"line":28,"column":null}}}},"branchMap":{},"s":{"0":4},"f":{"0":0},"b":{}}
,"/home/lucasbarque/projects/photolink/photolink-frontend/src/components/DropdownMenu.tsx": {"path":"/home/lucasbarque/projects/photolink/photolink-frontend/src/components/DropdownMenu.tsx","statementMap":{"0":{"start":{"line":12,"column":21},"end":{"line":39,"column":null}},"1":{"start":{"line":12,"column":6},"end":{"line":12,"column":21}},"2":{"start":{"line":52,"column":6},"end":{"line":52,"column":24}},"3":{"start":{"line":96,"column":0},"end":{"line":96,"column":null}},"4":{"start":{"line":97,"column":0},"end":{"line":97,"column":null}},"5":{"start":{"line":98,"column":0},"end":{"line":98,"column":null}},"6":{"start":{"line":99,"column":0},"end":{"line":99,"column":null}}},"fnMap":{"0":{"name":"(anonymous_0)","decl":{"start":{"line":12,"column":21},"end":{"line":12,"column":22}},"loc":{"start":{"line":12,"column":62},"end":{"line":39,"column":null}}}},"branchMap":{"0":{"loc":{"start":{"line":75,"column":7},"end":{"line":75,"column":null}},"type":"binary-expr","locations":[{"start":{"line":75,"column":7},"end":{"line":75,"column":null}}]}},"s":{"0":4,"1":4,"2":4,"3":4,"4":4,"5":4,"6":4},"f":{"0":2},"b":{"0":[2]}}
,"/home/lucasbarque/projects/photolink/photolink-frontend/src/components/EmptyGallery.tsx": {"path":"/home/lucasbarque/projects/photolink/photolink-frontend/src/components/EmptyGallery.tsx","statementMap":{"0":{"start":{"line":4,"column":16},"end":{"line":4,"column":null}}},"fnMap":{"0":{"name":"EmptyGallery","decl":{"start":{"line":4,"column":16},"end":{"line":4,"column":null}},"loc":{"start":{"line":4,"column":16},"end":{"line":26,"column":null}}}},"branchMap":{},"s":{"0":4},"f":{"0":0},"b":{}}
,"/home/lucasbarque/projects/photolink/photolink-frontend/src/components/FormCreateNewGallery.tsx": {"path":"/home/lucasbarque/projects/photolink/photolink-frontend/src/components/FormCreateNewGallery.tsx","statementMap":{"0":{"start":{"line":13,"column":28},"end":{"line":15,"column":null}},"1":{"start":{"line":25,"column":36},"end":{"line":27,"column":null}},"2":{"start":{"line":28,"column":58},"end":{"line":30,"column":null}},"3":{"start":{"line":29,"column":24},"end":{"line":29,"column":null}},"4":{"start":{"line":33,"column":49},"end":{"line":33,"column":null}},"5":{"start":{"line":38,"column":40},"end":{"line":38,"column":null}},"6":{"start":{"line":43,"column":20},"end":{"line":43,"column":null}},"7":{"start":{"line":21,"column":16},"end":{"line":21,"column":37}},"8":{"start":{"line":60,"column":38},"end":{"line":60,"column":36686}},"9":{"start":{"line":60,"column":42},"end":{"line":60,"column":36675}},"10":{"start":{"line":60,"column":36724},"end":{"line":60,"column":36765}},"11":{"start":{"line":60,"column":36728},"end":{"line":60,"column":36753}},"12":{"start":{"line":60,"column":36765},"end":{"line":60,"column":36773}},"13":{"start":{"line":60,"column":36775},"end":{"line":60,"column":36781}},"14":{"start":{"line":60,"column":36817},"end":{"line":60,"column":36860}},"15":{"start":{"line":60,"column":36821},"end":{"line":60,"column":36848}},"16":{"start":{"line":60,"column":36860},"end":{"line":60,"column":36868}},"17":{"start":{"line":60,"column":36870},"end":{"line":60,"column":36876}},"18":{"start":{"line":60,"column":36893},"end":{"line":60,"column":36930}},"19":{"start":{"line":60,"column":36897},"end":{"line":60,"column":36919}},"20":{"start":{"line":60,"column":36932},"end":{"line":60,"column":36938}},"21":{"start":{"line":60,"column":36955},"end":{"line":60,"column":36995}},"22":{"start":{"line":60,"column":36959},"end":{"line":60,"column":36984}},"23":{"start":{"line":60,"column":36997},"end":{"line":60,"column":37003}}},"fnMap":{"0":{"name":"FormCreateNewGallery","decl":{"start":{"line":21,"column":16},"end":{"line":21,"column":37}},"loc":{"start":{"line":24,"column":28},"end":{"line":59,"column":null}}},"1":{"name":"(anonymous_1)","decl":{"start":{"line":28,"column":58},"end":{"line":28,"column":65}},"loc":{"start":{"line":28,"column":65},"end":{"line":30,"column":null}}},"2":{"name":"(anonymous_2)","decl":{"start":{"line":33,"column":39},"end":{"line":33,"column":40}},"loc":{"start":{"line":33,"column":49},"end":{"line":33,"column":null}}},"3":{"name":"(anonymous_3)","decl":{"start":{"line":38,"column":14},"end":{"line":38,"column":20}},"loc":{"start":{"line":38,"column":40},"end":{"line":38,"column":null}}},"4":{"name":"(anonymous_4)","decl":{"start":{"line":43,"column":14},"end":{"line":43,"column":20}},"loc":{"start":{"line":43,"column":20},"end":{"line":43,"column":null}}},"5":{"name":"oo_cm","decl":{"start":{"line":60,"column":30},"end":{"line":60,"column":38}},"loc":{"start":{"line":60,"column":30},"end":{"line":60,"column":36688}}},"6":{"name":"oo_oo","decl":{"start":{"line":60,"column":36697},"end":{"line":60,"column":36703}},"loc":{"start":{"line":60,"column":36722},"end":{"line":60,"column":36775}}},"7":{"name":"oo_tr","decl":{"start":{"line":60,"column":36790},"end":{"line":60,"column":36796}},"loc":{"start":{"line":60,"column":36815},"end":{"line":60,"column":36870}}},"8":{"name":"oo_ts","decl":{"start":{"line":60,"column":36885},"end":{"line":60,"column":36893}},"loc":{"start":{"line":60,"column":36885},"end":{"line":60,"column":36932}}},"9":{"name":"oo_te","decl":{"start":{"line":60,"column":36947},"end":{"line":60,"column":36955}},"loc":{"start":{"line":60,"column":36947},"end":{"line":60,"column":36997}}}},"branchMap":{"0":{"loc":{"start":{"line":60,"column":49},"end":{"line":60,"column":36675}},"type":"binary-expr","locations":[{"start":{"line":60,"column":49},"end":{"line":60,"column":90}},{"start":{"line":60,"column":90},"end":{"line":60,"column":36675}}]}},"s":{"0":4,"1":2,"2":2,"3":0,"4":0,"5":0,"6":0,"7":4,"8":0,"9":0,"10":0,"11":0,"12":0,"13":4,"14":0,"15":0,"16":0,"17":4,"18":0,"19":0,"20":4,"21":0,"22":0,"23":4},"f":{"0":2,"1":0,"2":0,"3":0,"4":0,"5":0,"6":0,"7":0,"8":0,"9":0},"b":{"0":[0,0]}}
,"/home/lucasbarque/projects/photolink/photolink-frontend/src/components/GalleryCard.tsx": {"path":"/home/lucasbarque/projects/photolink/photolink-frontend/src/components/GalleryCard.tsx","statementMap":{"0":{"start":{"line":16,"column":52},"end":{"line":16,"column":null}},"1":{"start":{"line":30,"column":27},"end":{"line":30,"column":null}},"2":{"start":{"line":15,"column":16},"end":{"line":15,"column":28}}},"fnMap":{"0":{"name":"GalleryCard","decl":{"start":{"line":15,"column":16},"end":{"line":15,"column":28}},"loc":{"start":{"line":15,"column":77},"end":{"line":59,"column":null}}},"1":{"name":"(anonymous_1)","decl":{"start":{"line":30,"column":21},"end":{"line":30,"column":27}},"loc":{"start":{"line":30,"column":27},"end":{"line":30,"column":null}}}},"branchMap":{"0":{"loc":{"start":{"line":45,"column":20},"end":{"line":45,"column":null}},"type":"cond-expr","locations":[{"start":{"line":45,"column":43},"end":{"line":45,"column":55}},{"start":{"line":45,"column":55},"end":{"line":45,"column":null}}]},"1":{"loc":{"start":{"line":48,"column":16},"end":{"line":48,"column":null}},"type":"cond-expr","locations":[{"start":{"line":48,"column":39},"end":{"line":48,"column":65}},{"start":{"line":48,"column":65},"end":{"line":48,"column":null}}]}},"s":{"0":8,"1":0,"2":8},"f":{"0":8,"1":0},"b":{"0":[2,6],"1":[2,6]}}
,"/home/lucasbarque/projects/photolink/photolink-frontend/src/components/Icon.tsx": {"path":"/home/lucasbarque/projects/photolink/photolink-frontend/src/components/Icon.tsx","statementMap":{"0":{"start":{"line":4,"column":41},"end":{"line":6,"column":null}},"1":{"start":{"line":5,"column":2},"end":{"line":6,"column":null}},"2":{"start":{"line":4,"column":13},"end":{"line":4,"column":41}}},"fnMap":{"0":{"name":"(anonymous_0)","decl":{"start":{"line":4,"column":41},"end":{"line":4,"column":42}},"loc":{"start":{"line":5,"column":2},"end":{"line":6,"column":null}}}},"branchMap":{},"s":{"0":4,"1":20,"2":4},"f":{"0":20},"b":{}}
,"/home/lucasbarque/projects/photolink/photolink-frontend/src/components/Input.tsx": {"path":"/home/lucasbarque/projects/photolink/photolink-frontend/src/components/Input.tsx","statementMap":{"0":{"start":{"line":17,"column":43},"end":{"line":88,"column":2}},"1":{"start":{"line":26,"column":42},"end":{"line":26,"column":null}},"2":{"start":{"line":65,"column":29},"end":{"line":65,"column":null}},"3":{"start":{"line":17,"column":13},"end":{"line":17,"column":43}}},"fnMap":{"0":{"name":"(anonymous_0)","decl":{"start":{"line":17,"column":43},"end":{"line":17,"column":44}},"loc":{"start":{"line":25,"column":1},"end":{"line":88,"column":2}}},"1":{"name":"(anonymous_2)","decl":{"start":{"line":65,"column":23},"end":{"line":65,"column":29}},"loc":{"start":{"line":65,"column":29},"end":{"line":65,"column":null}}}},"branchMap":{"0":{"loc":{"start":{"line":30,"column":7},"end":{"line":30,"column":null}},"type":"binary-expr","locations":[{"start":{"line":30,"column":7},"end":{"line":30,"column":null}}]},"1":{"loc":{"start":{"line":43,"column":16},"end":{"line":43,"column":null}},"type":"cond-expr","locations":[{"start":{"line":43,"column":30},"end":{"line":43,"column":68}},{"start":{"line":43,"column":68},"end":{"line":43,"column":null}}]},"2":{"loc":{"start":{"line":43,"column":30},"end":{"line":43,"column":68}},"type":"cond-expr","locations":[{"start":{"line":43,"column":45},"end":{"line":43,"column":54}},{"start":{"line":43,"column":54},"end":{"line":43,"column":68}}]},"3":{"loc":{"start":{"line":46,"column":21},"end":{"line":46,"column":null}},"type":"cond-expr","locations":[{"start":{"line":46,"column":28},"end":{"line":46,"column":48}},{"start":{"line":46,"column":48},"end":{"line":46,"column":null}}]},"4":{"loc":{"start":{"line":60,"column":9},"end":{"line":60,"column":null}},"type":"binary-expr","locations":[{"start":{"line":60,"column":9},"end":{"line":60,"column":null}}]},"5":{"loc":{"start":{"line":69,"column":16},"end":{"line":71,"column":17}},"type":"cond-expr","locations":[{"start":{"line":69,"column":16},"end":{"line":71,"column":17}}]},"6":{"loc":{"start":{"line":78,"column":7},"end":{"line":78,"column":null}},"type":"binary-expr","locations":[{"start":{"line":78,"column":7},"end":{"line":78,"column":null}}]}},"s":{"0":4,"1":134,"2":0,"3":8},"f":{"0":134,"1":0},"b":{"0":[134],"1":[102,246],"2":[0,102],"3":[70,278],"4":[134],"5":[0],"6":[134]}}
,"/home/lucasbarque/projects/photolink/photolink-frontend/src/components/Loading.tsx": {"path":"/home/lucasbarque/projects/photolink/photolink-frontend/src/components/Loading.tsx","statementMap":{"0":{"start":{"line":9,"column":47},"end":{"line":45,"column":2}},"1":{"start":{"line":14,"column":17},"end":{"line":25,"column":null}},"2":{"start":{"line":9,"column":13},"end":{"line":9,"column":47}}},"fnMap":{"0":{"name":"(anonymous_0)","decl":{"start":{"line":9,"column":47},"end":{"line":9,"column":48}},"loc":{"start":{"line":13,"column":1},"end":{"line":45,"column":2}}}},"branchMap":{"0":{"loc":{"start":{"line":11,"column":2},"end":{"line":11,"column":21}},"type":"default-arg","locations":[{"start":{"line":11,"column":14},"end":{"line":11,"column":21}}]},"1":{"loc":{"start":{"line":12,"column":2},"end":{"line":12,"column":22}},"type":"default-arg","locations":[{"start":{"line":12,"column":16},"end":{"line":12,"column":22}}]}},"s":{"0":4,"1":0,"2":4},"f":{"0":0},"b":{"0":[0],"1":[0]}}
,"/home/lucasbarque/projects/photolink/photolink-frontend/src/components/MasonryGallery.tsx": {"path":"/home/lucasbarque/projects/photolink/photolink-frontend/src/components/MasonryGallery.tsx","statementMap":{"0":{"start":{"line":16,"column":16},"end":{"line":16,"column":31}}},"fnMap":{"0":{"name":"MasonryGallery","decl":{"start":{"line":16,"column":16},"end":{"line":16,"column":31}},"loc":{"start":{"line":16,"column":62},"end":{"line":26,"column":null}}}},"branchMap":{},"s":{"0":4},"f":{"0":0},"b":{}}
,"/home/lucasbarque/projects/photolink/photolink-frontend/src/components/MasonryItem.tsx": {"path":"/home/lucasbarque/projects/photolink/photolink-frontend/src/components/MasonryItem.tsx","statementMap":{"0":{"start":{"line":19,"column":44},"end":{"line":19,"column":null}},"1":{"start":{"line":33,"column":25},"end":{"line":33,"column":null}},"2":{"start":{"line":53,"column":23},"end":{"line":53,"column":null}},"3":{"start":{"line":18,"column":16},"end":{"line":18,"column":28}}},"fnMap":{"0":{"name":"MasonryItem","decl":{"start":{"line":18,"column":16},"end":{"line":18,"column":28}},"loc":{"start":{"line":18,"column":75},"end":{"line":57,"column":null}}},"1":{"name":"(anonymous_1)","decl":{"start":{"line":33,"column":19},"end":{"line":33,"column":25}},"loc":{"start":{"line":33,"column":25},"end":{"line":33,"column":null}}},"2":{"name":"(anonymous_2)","decl":{"start":{"line":53,"column":17},"end":{"line":53,"column":23}},"loc":{"start":{"line":53,"column":23},"end":{"line":53,"column":null}}}},"branchMap":{"0":{"loc":{"start":{"line":18,"column":37},"end":{"line":18,"column":55}},"type":"default-arg","locations":[{"start":{"line":18,"column":50},"end":{"line":18,"column":55}}]},"1":{"loc":{"start":{"line":27,"column":8},"end":{"line":27,"column":null}},"type":"binary-expr","locations":[{"start":{"line":27,"column":8},"end":{"line":27,"column":25}},{"start":{"line":27,"column":25},"end":{"line":27,"column":null}}]},"2":{"loc":{"start":{"line":30,"column":7},"end":{"line":30,"column":null}},"type":"binary-expr","locations":[{"start":{"line":30,"column":7},"end":{"line":30,"column":null}}]},"3":{"loc":{"start":{"line":37,"column":7},"end":{"line":37,"column":null}},"type":"binary-expr","locations":[{"start":{"line":37,"column":7},"end":{"line":37,"column":null}}]}},"s":{"0":0,"1":0,"2":0,"3":8},"f":{"0":0,"1":0,"2":0},"b":{"0":[0],"1":[0,0],"2":[0],"3":[0]}}
,"/home/lucasbarque/projects/photolink/photolink-frontend/src/components/MenuItem.tsx": {"path":"/home/lucasbarque/projects/photolink/photolink-frontend/src/components/MenuItem.tsx","statementMap":{"0":{"start":{"line":11,"column":16},"end":{"line":11,"column":25}}},"fnMap":{"0":{"name":"MenuItem","decl":{"start":{"line":11,"column":16},"end":{"line":11,"column":25}},"loc":{"start":{"line":15,"column":16},"end":{"line":27,"column":null}}}},"branchMap":{"0":{"loc":{"start":{"line":12,"column":2},"end":{"line":12,"column":23}},"type":"default-arg","locations":[{"start":{"line":12,"column":14},"end":{"line":12,"column":23}}]},"1":{"loc":{"start":{"line":20,"column":8},"end":{"line":20,"column":null}},"type":"binary-expr","locations":[{"start":{"line":20,"column":8},"end":{"line":20,"column":38}},{"start":{"line":20,"column":38},"end":{"line":20,"column":null}}]},"2":{"loc":{"start":{"line":23,"column":7},"end":{"line":23,"column":15}},"type":"binary-expr","locations":[{"start":{"line":23,"column":7},"end":{"line":23,"column":15}}]}},"s":{"0":4},"f":{"0":0},"b":{"0":[0],"1":[0,0],"2":[0]}}
,"/home/lucasbarque/projects/photolink/photolink-frontend/src/components/Modal.tsx": {"path":"/home/lucasbarque/projects/photolink/photolink-frontend/src/components/Modal.tsx","statementMap":{"0":{"start":{"line":13,"column":6},"end":{"line":13,"column":14}},"1":{"start":{"line":127,"column":0},"end":{"line":127,"column":null}}},"fnMap":{},"branchMap":{"0":{"loc":{"start":{"line":13,"column":27},"end":{"line":13,"column":41}},"type":"default-arg","locations":[{"start":{"line":13,"column":37},"end":{"line":13,"column":41}}]},"1":{"loc":{"start":{"line":16,"column":7},"end":{"line":16,"column":null}},"type":"binary-expr","locations":[{"start":{"line":16,"column":7},"end":{"line":16,"column":null}}]},"2":{"loc":{"start":{"line":48,"column":6},"end":{"line":48,"column":28}},"type":"default-arg","locations":[{"start":{"line":48,"column":23},"end":{"line":48,"column":28}}]},"3":{"loc":{"start":{"line":51,"column":6},"end":{"line":51,"column":17}},"type":"default-arg","locations":[{"start":{"line":51,"column":13},"end":{"line":51,"column":17}}]},"4":{"loc":{"start":{"line":71,"column":7},"end":{"line":71,"column":null}},"type":"binary-expr","locations":[{"start":{"line":71,"column":7},"end":{"line":71,"column":null}}]},"5":{"loc":{"start":{"line":83,"column":7},"end":{"line":83,"column":null}},"type":"binary-expr","locations":[{"start":{"line":83,"column":7},"end":{"line":83,"column":null}}]},"6":{"loc":{"start":{"line":90,"column":7},"end":{"line":90,"column":null}},"type":"binary-expr","locations":[{"start":{"line":90,"column":7},"end":{"line":90,"column":null}}]},"7":{"loc":{"start":{"line":97,"column":9},"end":{"line":97,"column":null}},"type":"binary-expr","locations":[{"start":{"line":97,"column":9},"end":{"line":97,"column":null}}]},"8":{"loc":{"start":{"line":110,"column":9},"end":{"line":110,"column":null}},"type":"binary-expr","locations":[{"start":{"line":110,"column":9},"end":{"line":110,"column":null}}]}},"s":{"0":4,"1":4},"f":{},"b":{"0":[10],"1":[10],"2":[0],"3":[0],"4":[0],"5":[0],"6":[0],"7":[0],"8":[0]}}
,"/home/lucasbarque/projects/photolink/photolink-frontend/src/components/ModalDeleteGallery.tsx": {"path":"/home/lucasbarque/projects/photolink/photolink-frontend/src/components/ModalDeleteGallery.tsx","statementMap":{"0":{"start":{"line":31,"column":49},"end":{"line":31,"column":null}},"1":{"start":{"line":51,"column":20},"end":{"line":51,"column":null}},"2":{"start":{"line":56,"column":40},"end":{"line":56,"column":null}},"3":{"start":{"line":19,"column":16},"end":{"line":19,"column":35}},"4":{"start":{"line":64,"column":38},"end":{"line":64,"column":36686}},"5":{"start":{"line":64,"column":42},"end":{"line":64,"column":36675}},"6":{"start":{"line":64,"column":36724},"end":{"line":64,"column":36765}},"7":{"start":{"line":64,"column":36728},"end":{"line":64,"column":36753}},"8":{"start":{"line":64,"column":36765},"end":{"line":64,"column":36773}},"9":{"start":{"line":64,"column":36775},"end":{"line":64,"column":36781}},"10":{"start":{"line":64,"column":36817},"end":{"line":64,"column":36860}},"11":{"start":{"line":64,"column":36821},"end":{"line":64,"column":36848}},"12":{"start":{"line":64,"column":36860},"end":{"line":64,"column":36868}},"13":{"start":{"line":64,"column":36870},"end":{"line":64,"column":36876}},"14":{"start":{"line":64,"column":36893},"end":{"line":64,"column":36930}},"15":{"start":{"line":64,"column":36897},"end":{"line":64,"column":36919}},"16":{"start":{"line":64,"column":36932},"end":{"line":64,"column":36938}},"17":{"start":{"line":64,"column":36955},"end":{"line":64,"column":36995}},"18":{"start":{"line":64,"column":36959},"end":{"line":64,"column":36984}},"19":{"start":{"line":64,"column":36997},"end":{"line":64,"column":37003}}},"fnMap":{"0":{"name":"ModalDeleteGallery","decl":{"start":{"line":19,"column":16},"end":{"line":19,"column":35}},"loc":{"start":{"line":22,"column":28},"end":{"line":63,"column":null}}},"1":{"name":"(anonymous_1)","decl":{"start":{"line":31,"column":39},"end":{"line":31,"column":40}},"loc":{"start":{"line":31,"column":49},"end":{"line":31,"column":null}}},"2":{"name":"(anonymous_2)","decl":{"start":{"line":51,"column":14},"end":{"line":51,"column":20}},"loc":{"start":{"line":51,"column":20},"end":{"line":51,"column":null}}},"3":{"name":"(anonymous_3)","decl":{"start":{"line":56,"column":14},"end":{"line":56,"column":20}},"loc":{"start":{"line":56,"column":40},"end":{"line":56,"column":null}}},"4":{"name":"oo_cm","decl":{"start":{"line":64,"column":30},"end":{"line":64,"column":38}},"loc":{"start":{"line":64,"column":30},"end":{"line":64,"column":36688}}},"5":{"name":"oo_oo","decl":{"start":{"line":64,"column":36697},"end":{"line":64,"column":36703}},"loc":{"start":{"line":64,"column":36722},"end":{"line":64,"column":36775}}},"6":{"name":"oo_tr","decl":{"start":{"line":64,"column":36790},"end":{"line":64,"column":36796}},"loc":{"start":{"line":64,"column":36815},"end":{"line":64,"column":36870}}},"7":{"name":"oo_ts","decl":{"start":{"line":64,"column":36885},"end":{"line":64,"column":36893}},"loc":{"start":{"line":64,"column":36885},"end":{"line":64,"column":36932}}},"8":{"name":"oo_te","decl":{"start":{"line":64,"column":36947},"end":{"line":64,"column":36955}},"loc":{"start":{"line":64,"column":36947},"end":{"line":64,"column":36997}}}},"branchMap":{"0":{"loc":{"start":{"line":64,"column":49},"end":{"line":64,"column":36675}},"type":"binary-expr","locations":[{"start":{"line":64,"column":49},"end":{"line":64,"column":90}},{"start":{"line":64,"column":90},"end":{"line":64,"column":36675}}]}},"s":{"0":0,"1":0,"2":0,"3":4,"4":0,"5":0,"6":0,"7":0,"8":0,"9":4,"10":0,"11":0,"12":0,"13":4,"14":0,"15":0,"16":4,"17":0,"18":0,"19":4},"f":{"0":8,"1":0,"2":0,"3":0,"4":0,"5":0,"6":0,"7":0,"8":0},"b":{"0":[0,0]}}
,"/home/lucasbarque/projects/photolink/photolink-frontend/src/components/NavButton.tsx": {"path":"/home/lucasbarque/projects/photolink/photolink-frontend/src/components/NavButton.tsx","statementMap":{"0":{"start":{"line":12,"column":51},"end":{"line":77,"column":2}},"1":{"start":{"line":12,"column":13},"end":{"line":12,"column":51}}},"fnMap":{"0":{"name":"(anonymous_0)","decl":{"start":{"line":12,"column":51},"end":{"line":12,"column":52}},"loc":{"start":{"line":16,"column":1},"end":{"line":77,"column":2}}}},"branchMap":{"0":{"loc":{"start":{"line":13,"column":2},"end":{"line":13,"column":20}},"type":"default-arg","locations":[{"start":{"line":13,"column":9},"end":{"line":13,"column":20}}]},"1":{"loc":{"start":{"line":14,"column":2},"end":{"line":14,"column":13}},"type":"default-arg","locations":[{"start":{"line":14,"column":9},"end":{"line":14,"column":13}}]},"2":{"loc":{"start":{"line":33,"column":10},"end":{"line":34,"column":null}},"type":"binary-expr","locations":[{"start":{"line":33,"column":10},"end":{"line":33,"column":null}},{"start":{"line":34,"column":10},"end":{"line":34,"column":null}}]},"3":{"loc":{"start":{"line":36,"column":10},"end":{"line":37,"column":null}},"type":"binary-expr","locations":[{"start":{"line":36,"column":10},"end":{"line":36,"column":null}},{"start":{"line":37,"column":10},"end":{"line":37,"column":null}}]},"4":{"loc":{"start":{"line":41,"column":7},"end":{"line":41,"column":null}},"type":"binary-expr","locations":[{"start":{"line":41,"column":7},"end":{"line":41,"column":null}}]},"5":{"loc":{"start":{"line":52,"column":7},"end":{"line":52,"column":null}},"type":"binary-expr","locations":[{"start":{"line":52,"column":7},"end":{"line":52,"column":null}}]},"6":{"loc":{"start":{"line":55,"column":16},"end":{"line":55,"column":null}},"type":"cond-expr","locations":[{"start":{"line":55,"column":32},"end":{"line":55,"column":37}},{"start":{"line":55,"column":37},"end":{"line":55,"column":null}}]},"7":{"loc":{"start":{"line":60,"column":7},"end":{"line":60,"column":null}},"type":"binary-expr","locations":[{"start":{"line":60,"column":7},"end":{"line":60,"column":null}}]},"8":{"loc":{"start":{"line":64,"column":16},"end":{"line":64,"column":null}},"type":"cond-expr","locations":[{"start":{"line":64,"column":32},"end":{"line":64,"column":37}},{"start":{"line":64,"column":37},"end":{"line":64,"column":null}}]},"9":{"loc":{"start":{"line":68,"column":7},"end":{"line":68,"column":null}},"type":"binary-expr","locations":[{"start":{"line":68,"column":7},"end":{"line":68,"column":null}}]},"10":{"loc":{"start":{"line":72,"column":16},"end":{"line":72,"column":null}},"type":"cond-expr","locations":[{"start":{"line":72,"column":32},"end":{"line":72,"column":37}},{"start":{"line":72,"column":37},"end":{"line":72,"column":null}}]}},"s":{"0":4,"1":4},"f":{"0":0},"b":{"0":[0],"1":[0],"2":[0,0],"3":[0,0],"4":[0],"5":[0],"6":[0,0],"7":[0],"8":[0,0],"9":[0],"10":[0,0]}}
,"/home/lucasbarque/projects/photolink/photolink-frontend/src/components/StatusBadge.tsx": {"path":"/home/lucasbarque/projects/photolink/photolink-frontend/src/components/StatusBadge.tsx","statementMap":{"0":{"start":{"line":10,"column":16},"end":{"line":10,"column":28}}},"fnMap":{"0":{"name":"StatusBadge","decl":{"start":{"line":10,"column":16},"end":{"line":10,"column":28}},"loc":{"start":{"line":15,"column":19},"end":{"line":41,"column":null}}}},"branchMap":{"0":{"loc":{"start":{"line":11,"column":2},"end":{"line":11,"column":18}},"type":"default-arg","locations":[{"start":{"line":11,"column":9},"end":{"line":11,"column":18}}]},"1":{"loc":{"start":{"line":12,"column":2},"end":{"line":12,"column":19}},"type":"default-arg","locations":[{"start":{"line":12,"column":14},"end":{"line":12,"column":19}}]},"2":{"loc":{"start":{"line":13,"column":2},"end":{"line":13,"column":13}},"type":"default-arg","locations":[{"start":{"line":13,"column":9},"end":{"line":13,"column":13}}]},"3":{"loc":{"start":{"line":30,"column":10},"end":{"line":30,"column":null}},"type":"binary-expr","locations":[{"start":{"line":30,"column":10},"end":{"line":30,"column":32}},{"start":{"line":30,"column":32},"end":{"line":30,"column":null}}]},"4":{"loc":{"start":{"line":31,"column":10},"end":{"line":31,"column":null}},"type":"binary-expr","locations":[{"start":{"line":31,"column":10},"end":{"line":31,"column":32}},{"start":{"line":31,"column":32},"end":{"line":31,"column":null}}]},"5":{"loc":{"start":{"line":32,"column":10},"end":{"line":32,"column":null}},"type":"binary-expr","locations":[{"start":{"line":32,"column":10},"end":{"line":32,"column":31}},{"start":{"line":32,"column":31},"end":{"line":32,"column":null}}]},"6":{"loc":{"start":{"line":33,"column":10},"end":{"line":33,"column":null}},"type":"binary-expr","locations":[{"start":{"line":33,"column":10},"end":{"line":33,"column":32}},{"start":{"line":33,"column":32},"end":{"line":33,"column":null}}]}},"s":{"0":4},"f":{"0":8},"b":{"0":[0],"1":[8],"2":[0],"3":[8,6],"4":[8,2],"5":[8,0],"6":[8,0]}}
,"/home/lucasbarque/projects/photolink/photolink-frontend/src/components/TopBar.tsx": {"path":"/home/lucasbarque/projects/photolink/photolink-frontend/src/components/TopBar.tsx","statementMap":{"0":{"start":{"line":10,"column":22},"end":{"line":10,"column":null}},"1":{"start":{"line":9,"column":16},"end":{"line":9,"column":null}}},"fnMap":{"0":{"name":"TopBar","decl":{"start":{"line":9,"column":16},"end":{"line":9,"column":null}},"loc":{"start":{"line":9,"column":16},"end":{"line":59,"column":null}}}},"branchMap":{},"s":{"0":2,"1":4},"f":{"0":2},"b":{}}
,"/home/lucasbarque/projects/photolink/photolink-frontend/src/contexts/AuthContext.tsx": {"path":"/home/lucasbarque/projects/photolink/photolink-frontend/src/contexts/AuthContext.tsx","statementMap":{"0":{"start":{"line":13,"column":27},"end":{"line":13,"column":67}},"1":{"start":{"line":31,"column":28},"end":{"line":116,"column":2}},"2":{"start":{"line":32,"column":18},"end":{"line":32,"column":null}},"3":{"start":{"line":34,"column":26},"end":{"line":34,"column":null}},"4":{"start":{"line":35,"column":48},"end":{"line":35,"column":null}},"5":{"start":{"line":36,"column":22},"end":{"line":36,"column":null}},"6":{"start":{"line":37,"column":42},"end":{"line":38,"column":null}},"7":{"start":{"line":40,"column":20},"end":{"line":40,"column":null}},"8":{"start":{"line":43,"column":21},"end":{"line":43,"column":null}},"9":{"start":{"line":45,"column":4},"end":{"line":47,"column":null}},"10":{"start":{"line":46,"column":6},"end":{"line":46,"column":null}},"11":{"start":{"line":51,"column":4},"end":{"line":51,"column":null}},"12":{"start":{"line":53,"column":18},"end":{"line":53,"column":null}},"13":{"start":{"line":55,"column":4},"end":{"line":82,"column":null}},"14":{"start":{"line":57,"column":8},"end":{"line":57,"column":null}},"15":{"start":{"line":58,"column":8},"end":{"line":58,"column":null}},"16":{"start":{"line":59,"column":8},"end":{"line":59,"column":null}},"17":{"start":{"line":60,"column":8},"end":{"line":62,"column":null}},"18":{"start":{"line":64,"column":8},"end":{"line":64,"column":null}},"19":{"start":{"line":66,"column":8},"end":{"line":66,"column":null}},"20":{"start":{"line":67,"column":8},"end":{"line":67,"column":null}},"21":{"start":{"line":68,"column":8},"end":{"line":68,"column":null}},"22":{"start":{"line":71,"column":8},"end":{"line":71,"column":null}},"23":{"start":{"line":72,"column":8},"end":{"line":72,"column":null}},"24":{"start":{"line":73,"column":8},"end":{"line":73,"column":null}},"25":{"start":{"line":76,"column":8},"end":{"line":79,"column":null}},"26":{"start":{"line":80,"column":8},"end":{"line":80,"column":null}},"27":{"start":{"line":81,"column":8},"end":{"line":81,"column":null}},"28":{"start":{"line":86,"column":4},"end":{"line":86,"column":null}},"29":{"start":{"line":87,"column":4},"end":{"line":87,"column":null}},"30":{"start":{"line":88,"column":4},"end":{"line":88,"column":null}},"31":{"start":{"line":91,"column":2},"end":{"line":99,"column":null}},"32":{"start":{"line":92,"column":18},"end":{"line":92,"column":null}},"33":{"start":{"line":94,"column":4},"end":{"line":96,"column":null}},"34":{"start":{"line":95,"column":6},"end":{"line":95,"column":null}},"35":{"start":{"line":98,"column":4},"end":{"line":98,"column":null}},"36":{"start":{"line":31,"column":13},"end":{"line":31,"column":28}}},"fnMap":{"0":{"name":"(anonymous_0)","decl":{"start":{"line":31,"column":28},"end":{"line":31,"column":29}},"loc":{"start":{"line":31,"column":56},"end":{"line":116,"column":2}}},"1":{"name":"getUser","decl":{"start":{"line":42,"column":17},"end":{"line":42,"column":null}},"loc":{"start":{"line":42,"column":17},"end":{"line":48,"column":null}}},"2":{"name":"signIn","decl":{"start":{"line":50,"column":17},"end":{"line":50,"column":24}},"loc":{"start":{"line":50,"column":55},"end":{"line":83,"column":null}}},"3":{"name":"signOut","decl":{"start":{"line":85,"column":11},"end":{"line":85,"column":null}},"loc":{"start":{"line":85,"column":11},"end":{"line":89,"column":null}}},"4":{"name":"(anonymous_4)","decl":{"start":{"line":91,"column":12},"end":{"line":91,"column":null}},"loc":{"start":{"line":91,"column":12},"end":{"line":99,"column":5}}}},"branchMap":{"0":{"loc":{"start":{"line":45,"column":4},"end":{"line":47,"column":null}},"type":"if","locations":[{"start":{"line":45,"column":4},"end":{"line":47,"column":null}}]},"1":{"loc":{"start":{"line":55,"column":4},"end":{"line":82,"column":null}},"type":"switch","locations":[{"start":{"line":56,"column":6},"end":{"line":64,"column":null}},{"start":{"line":65,"column":6},"end":{"line":68,"column":null}},{"start":{"line":70,"column":6},"end":{"line":73,"column":null}},{"start":{"line":75,"column":6},"end":{"line":81,"column":null}}]},"2":{"loc":{"start":{"line":94,"column":4},"end":{"line":96,"column":null}},"type":"if","locations":[{"start":{"line":94,"column":4},"end":{"line":96,"column":null}}]}},"s":{"0":4,"1":4,"2":20,"3":20,"4":20,"5":20,"6":20,"7":20,"8":1,"9":1,"10":0,"11":1,"12":1,"13":1,"14":1,"15":1,"16":1,"17":1,"18":1,"19":0,"20":0,"21":0,"22":0,"23":0,"24":0,"25":0,"26":0,"27":0,"28":0,"29":0,"30":0,"31":20,"32":8,"33":8,"34":0,"35":8,"36":4},"f":{"0":20,"1":1,"2":1,"3":0,"4":8},"b":{"0":[0],"1":[1,0,0,0],"2":[0]}}
,"/home/lucasbarque/projects/photolink/photolink-frontend/src/errors/ErrorBoundary.tsx": {"path":"/home/lucasbarque/projects/photolink/photolink-frontend/src/errors/ErrorBoundary.tsx","statementMap":{"0":{"start":{"line":8,"column":34},"end":{"line":8,"column":null}},"1":{"start":{"line":10,"column":2},"end":{"line":17,"column":null}},"2":{"start":{"line":11,"column":25},"end":{"line":14,"column":null}},"3":{"start":{"line":12,"column":6},"end":{"line":12,"column":null}},"4":{"start":{"line":13,"column":6},"end":{"line":13,"column":null}},"5":{"start":{"line":15,"column":4},"end":{"line":15,"column":null}},"6":{"start":{"line":16,"column":4},"end":{"line":16,"column":null}},"7":{"start":{"line":16,"column":17},"end":{"line":16,"column":null}},"8":{"start":{"line":7,"column":16},"end":{"line":7,"column":30}}},"fnMap":{"0":{"name":"ErrorBoundary","decl":{"start":{"line":7,"column":16},"end":{"line":7,"column":30}},"loc":{"start":{"line":7,"column":62},"end":{"line":26,"column":null}}},"1":{"name":"(anonymous_1)","decl":{"start":{"line":10,"column":12},"end":{"line":10,"column":null}},"loc":{"start":{"line":10,"column":12},"end":{"line":17,"column":5}}},"2":{"name":"(anonymous_2)","decl":{"start":{"line":11,"column":25},"end":{"line":11,"column":26}},"loc":{"start":{"line":11,"column":26},"end":{"line":14,"column":null}}},"3":{"name":"(anonymous_3)","decl":{"start":{"line":16,"column":11},"end":{"line":16,"column":17}},"loc":{"start":{"line":16,"column":17},"end":{"line":16,"column":null}}}},"branchMap":{"0":{"loc":{"start":{"line":20,"column":4},"end":{"line":24,"column":7}},"type":"cond-expr","locations":[{"start":{"line":20,"column":4},"end":{"line":24,"column":7}}]}},"s":{"0":8,"1":8,"2":8,"3":0,"4":0,"5":8,"6":8,"7":4,"8":8},"f":{"0":8,"1":8,"2":0,"3":4},"b":{"0":[0]}}
,"/home/lucasbarque/projects/photolink/photolink-frontend/src/hooks/useAuth.tsx": {"path":"/home/lucasbarque/projects/photolink/photolink-frontend/src/hooks/useAuth.tsx","statementMap":{"0":{"start":{"line":5,"column":23},"end":{"line":7,"column":2}},"1":{"start":{"line":6,"column":2},"end":{"line":6,"column":null}},"2":{"start":{"line":5,"column":13},"end":{"line":5,"column":23}}},"fnMap":{"0":{"name":"(anonymous_0)","decl":{"start":{"line":5,"column":23},"end":{"line":5,"column":null}},"loc":{"start":{"line":5,"column":23},"end":{"line":7,"column":2}}}},"branchMap":{},"s":{"0":4,"1":52,"2":4},"f":{"0":52},"b":{}}
,"/home/lucasbarque/projects/photolink/photolink-frontend/src/hooks/useToast.tsx": {"path":"/home/lucasbarque/projects/photolink/photolink-frontend/src/hooks/useToast.tsx","statementMap":{"0":{"start":{"line":13,"column":24},"end":{"line":24,"column":2}},"1":{"start":{"line":14,"column":16},"end":{"line":20,"column":null}},"2":{"start":{"line":15,"column":4},"end":{"line":19,"column":null}},"3":{"start":{"line":21,"column":2},"end":{"line":23,"column":null}}},"fnMap":{"0":{"name":"(anonymous_0)","decl":{"start":{"line":13,"column":24},"end":{"line":13,"column":null}},"loc":{"start":{"line":13,"column":24},"end":{"line":24,"column":2}}},"1":{"name":"(anonymous_1)","decl":{"start":{"line":14,"column":16},"end":{"line":14,"column":17}},"loc":{"start":{"line":14,"column":72},"end":{"line":20,"column":null}}}},"branchMap":{"0":{"loc":{"start":{"line":14,"column":28},"end":{"line":14,"column":42}},"type":"default-arg","locations":[{"start":{"line":14,"column":35},"end":{"line":14,"column":42}}]},"1":{"loc":{"start":{"line":14,"column":44},"end":{"line":14,"column":58}},"type":"default-arg","locations":[{"start":{"line":14,"column":54},"end":{"line":14,"column":58}}]}},"s":{"0":4,"1":46,"2":1,"3":46},"f":{"0":46,"1":1},"b":{"0":[0],"1":[1]}}
,"/home/lucasbarque/projects/photolink/photolink-frontend/src/hooks/network/useRegister.tsx": {"path":"/home/lucasbarque/projects/photolink/photolink-frontend/src/hooks/network/useRegister.tsx","statementMap":{"0":{"start":{"line":12,"column":27},"end":{"line":53,"column":2}},"1":{"start":{"line":13,"column":38},"end":{"line":13,"column":null}},"2":{"start":{"line":14,"column":42},"end":{"line":14,"column":null}},"3":{"start":{"line":15,"column":20},"end":{"line":15,"column":null}},"4":{"start":{"line":17,"column":18},"end":{"line":17,"column":null}},"5":{"start":{"line":19,"column":19},"end":{"line":45,"column":null}},"6":{"start":{"line":20,"column":4},"end":{"line":20,"column":null}},"7":{"start":{"line":21,"column":21},"end":{"line":21,"column":null}},"8":{"start":{"line":23,"column":4},"end":{"line":44,"column":null}},"9":{"start":{"line":25,"column":8},"end":{"line":25,"column":null}},"10":{"start":{"line":26,"column":8},"end":{"line":26,"column":null}},"11":{"start":{"line":29,"column":8},"end":{"line":29,"column":null}},"12":{"start":{"line":30,"column":8},"end":{"line":33,"column":null}},"13":{"start":{"line":34,"column":8},"end":{"line":34,"column":null}},"14":{"start":{"line":37,"column":8},"end":{"line":37,"column":null}},"15":{"start":{"line":38,"column":8},"end":{"line":42,"column":null}},"16":{"start":{"line":43,"column":8},"end":{"line":43,"column":null}},"17":{"start":{"line":47,"column":2},"end":{"line":52,"column":null}}},"fnMap":{"0":{"name":"(anonymous_0)","decl":{"start":{"line":12,"column":27},"end":{"line":12,"column":null}},"loc":{"start":{"line":12,"column":27},"end":{"line":53,"column":2}}},"1":{"name":"(anonymous_1)","decl":{"start":{"line":19,"column":19},"end":{"line":19,"column":26}},"loc":{"start":{"line":19,"column":26},"end":{"line":45,"column":null}}}},"branchMap":{"0":{"loc":{"start":{"line":23,"column":4},"end":{"line":44,"column":null}},"type":"switch","locations":[{"start":{"line":24,"column":6},"end":{"line":26,"column":null}},{"start":{"line":28,"column":6},"end":{"line":34,"column":null}},{"start":{"line":36,"column":6},"end":{"line":43,"column":null}}]}},"s":{"0":4,"1":26,"2":26,"3":26,"4":26,"5":26,"6":2,"7":2,"8":2,"9":1,"10":1,"11":1,"12":1,"13":1,"14":0,"15":0,"16":0,"17":26},"f":{"0":26,"1":2},"b":{"0":[1,1,0]}}
,"/home/lucasbarque/projects/photolink/photolink-frontend/src/infrastructure/http/client/axios-http-client.ts": {"path":"/home/lucasbarque/projects/photolink/photolink-frontend/src/infrastructure/http/client/axios-http-client.ts","statementMap":{"0":{"start":{"line":9,"column":29},"end":{"line":9,"column":null}},"1":{"start":{"line":24,"column":22},"end":{"line":24,"column":null}},"2":{"start":{"line":25,"column":4},"end":{"line":29,"column":null}},"3":{"start":{"line":33,"column":4},"end":{"line":56,"column":null}},"4":{"start":{"line":34,"column":23},"end":{"line":45,"column":null}},"5":{"start":{"line":47,"column":6},"end":{"line":50,"column":null}},"6":{"start":{"line":52,"column":6},"end":{"line":55,"column":null}},"7":{"start":{"line":60,"column":18},"end":{"line":60,"column":null}},"8":{"start":{"line":62,"column":4},"end":{"line":66,"column":null}},"9":{"start":{"line":63,"column":6},"end":{"line":63,"column":null}},"10":{"start":{"line":65,"column":6},"end":{"line":65,"column":null}},"11":{"start":{"line":17,"column":2},"end":{"line":17,"column":10}},"12":{"start":{"line":20,"column":4},"end":{"line":20,"column":null}}},"fnMap":{"0":{"name":"(anonymous_1)","decl":{"start":{"line":23,"column":10},"end":{"line":23,"column":24}},"loc":{"start":{"line":23,"column":64},"end":{"line":30,"column":null}}},"1":{"name":"(anonymous_2)","decl":{"start":{"line":32,"column":2},"end":{"line":32,"column":8}},"loc":{"start":{"line":32,"column":59},"end":{"line":57,"column":null}}},"2":{"name":"(anonymous_3)","decl":{"start":{"line":59,"column":2},"end":{"line":59,"column":16}},"loc":{"start":{"line":59,"column":51},"end":{"line":67,"column":null}}},"3":{"name":"(anonymous_4)","decl":{"start":{"line":19,"column":2},"end":{"line":19,"column":16}},"loc":{"start":{"line":19,"column":16},"end":{"line":21,"column":null}}}},"branchMap":{"0":{"loc":{"start":{"line":24,"column":22},"end":{"line":24,"column":null}},"type":"cond-expr","locations":[{"start":{"line":24,"column":30},"end":{"line":24,"column":69}},{"start":{"line":24,"column":69},"end":{"line":24,"column":null}}]},"1":{"loc":{"start":{"line":28,"column":10},"end":{"line":28,"column":28}},"type":"binary-expr","locations":[{"start":{"line":28,"column":10},"end":{"line":28,"column":21}},{"start":{"line":28,"column":21},"end":{"line":28,"column":28}}]},"2":{"loc":{"start":{"line":62,"column":4},"end":{"line":66,"column":null}},"type":"if","locations":[{"start":{"line":62,"column":4},"end":{"line":66,"column":null}},{"start":{"line":64,"column":11},"end":{"line":66,"column":null}}]}},"s":{"0":4,"1":4,"2":4,"3":4,"4":4,"5":2,"6":2,"7":4,"8":4,"9":0,"10":4,"11":46,"12":46},"f":{"0":4,"1":4,"2":4,"3":46},"b":{"0":[0,4],"1":[4,0],"2":[0,4]}}
,"/home/lucasbarque/projects/photolink/photolink-frontend/src/infrastructure/http/factories/ApiFactory.ts": {"path":"/home/lucasbarque/projects/photolink/photolink-frontend/src/infrastructure/http/factories/ApiFactory.ts","statementMap":{"0":{"start":{"line":4,"column":19},"end":{"line":6,"column":null}},"1":{"start":{"line":5,"column":2},"end":{"line":5,"column":null}}},"fnMap":{"0":{"name":"(anonymous_0)","decl":{"start":{"line":4,"column":19},"end":{"line":4,"column":null}},"loc":{"start":{"line":4,"column":19},"end":{"line":6,"column":null}}}},"branchMap":{},"s":{"0":4,"1":46},"f":{"0":46},"b":{}}
,"/home/lucasbarque/projects/photolink/photolink-frontend/src/infrastructure/services/auth/index.ts": {"path":"/home/lucasbarque/projects/photolink/photolink-frontend/src/infrastructure/services/auth/index.ts","statementMap":{"0":{"start":{"line":15,"column":4},"end":{"line":19,"column":null}},"1":{"start":{"line":23,"column":4},"end":{"line":26,"column":null}},"2":{"start":{"line":10,"column":2},"end":{"line":10,"column":null}}},"fnMap":{"0":{"name":"(anonymous_1)","decl":{"start":{"line":12,"column":2},"end":{"line":12,"column":15}},"loc":{"start":{"line":14,"column":52},"end":{"line":20,"column":null}}},"1":{"name":"(anonymous_2)","decl":{"start":{"line":22,"column":2},"end":{"line":22,"column":15}},"loc":{"start":{"line":22,"column":58},"end":{"line":27,"column":null}}}},"branchMap":{},"s":{"0":1,"1":1,"2":20},"f":{"0":1,"1":1},"b":{}}
,"/home/lucasbarque/projects/photolink/photolink-frontend/src/infrastructure/services/register/index.ts": {"path":"/home/lucasbarque/projects/photolink/photolink-frontend/src/infrastructure/services/register/index.ts","statementMap":{"0":{"start":{"line":10,"column":4},"end":{"line":14,"column":null}},"1":{"start":{"line":7,"column":2},"end":{"line":7,"column":null}}},"fnMap":{"0":{"name":"(anonymous_1)","decl":{"start":{"line":9,"column":2},"end":{"line":9,"column":15}},"loc":{"start":{"line":9,"column":73},"end":{"line":15,"column":null}}}},"branchMap":{},"s":{"0":2,"1":26},"f":{"0":2},"b":{}}
,"/home/lucasbarque/projects/photolink/photolink-frontend/src/model/http/http-client.ts": {"path":"/home/lucasbarque/projects/photolink/photolink-frontend/src/model/http/http-client.ts","statementMap":{"0":{"start":{"line":20,"column":12},"end":{"line":20,"column":26}},"1":{"start":{"line":20,"column":12},"end":{"line":21,"column":7}},"2":{"start":{"line":20,"column":12},"end":{"line":22,"column":12}},"3":{"start":{"line":20,"column":12},"end":{"line":23,"column":13}},"4":{"start":{"line":20,"column":12},"end":{"line":24,"column":14}},"5":{"start":{"line":20,"column":12},"end":{"line":25,"column":15}},"6":{"start":{"line":20,"column":12},"end":{"line":26,"column":17}},"7":{"start":{"line":20,"column":12},"end":{"line":27,"column":14}},"8":{"start":{"line":20,"column":12},"end":{"line":28,"column":13}},"9":{"start":{"line":20,"column":12},"end":{"line":29,"column":9}},"10":{"start":{"line":20,"column":12},"end":{"line":30,"column":13}},"11":{"start":{"line":20,"column":12},"end":{"line":31,"column":15}},"12":{"start":{"line":20,"column":12},"end":{"line":32,"column":16}},"13":{"start":{"line":20,"column":12},"end":{"line":33,"column":23}}},"fnMap":{"0":{"name":"(anonymous_0)","decl":{"start":{"line":20,"column":12},"end":{"line":20,"column":26}},"loc":{"start":{"line":20,"column":26},"end":{"line":20,"column":11}}}},"branchMap":{"0":{"loc":{"start":{"line":20,"column":12},"end":{"line":20,"column":26}},"type":"binary-expr","locations":[{"start":{"line":20,"column":12},"end":{"line":20,"column":26}},{"start":{"line":20,"column":12},"end":{"line":20,"column":26}}]}},"s":{"0":4,"1":4,"2":4,"3":4,"4":4,"5":4,"6":4,"7":4,"8":4,"9":4,"10":4,"11":4,"12":4,"13":4},"f":{"0":4},"b":{"0":[4,4]}}
,"/home/lucasbarque/projects/photolink/photolink-frontend/src/model/loading/states.ts": {"path":"/home/lucasbarque/projects/photolink/photolink-frontend/src/model/loading/states.ts","statementMap":{"0":{"start":{"line":3,"column":12},"end":{"line":3,"column":29}},"1":{"start":{"line":3,"column":12},"end":{"line":4,"column":null}},"2":{"start":{"line":3,"column":12},"end":{"line":5,"column":null}},"3":{"start":{"line":3,"column":12},"end":{"line":6,"column":null}},"4":{"start":{"line":3,"column":12},"end":{"line":7,"column":null}}},"fnMap":{"0":{"name":"(anonymous_0)","decl":{"start":{"line":3,"column":12},"end":{"line":3,"column":29}},"loc":{"start":{"line":3,"column":29},"end":{"line":3,"column":11}}}},"branchMap":{"0":{"loc":{"start":{"line":3,"column":12},"end":{"line":3,"column":29}},"type":"binary-expr","locations":[{"start":{"line":3,"column":12},"end":{"line":3,"column":29}},{"start":{"line":3,"column":12},"end":{"line":3,"column":29}}]}},"s":{"0":4,"1":4,"2":4,"3":4,"4":4},"f":{"0":4},"b":{"0":[4,4]}}
,"/home/lucasbarque/projects/photolink/photolink-frontend/src/model/storage/keys.ts": {"path":"/home/lucasbarque/projects/photolink/photolink-frontend/src/model/storage/keys.ts","statementMap":{"0":{"start":{"line":1,"column":12},"end":{"line":1,"column":28}},"1":{"start":{"line":1,"column":12},"end":{"line":2,"column":null}},"2":{"start":{"line":5,"column":12},"end":{"line":5,"column":30}}},"fnMap":{"0":{"name":"(anonymous_0)","decl":{"start":{"line":1,"column":12},"end":{"line":1,"column":28}},"loc":{"start":{"line":1,"column":28},"end":{"line":1,"column":11}}},"1":{"name":"(anonymous_1)","decl":{"start":{"line":5,"column":12},"end":{"line":5,"column":30}},"loc":{"start":{"line":5,"column":30},"end":{"line":5,"column":null}}}},"branchMap":{"0":{"loc":{"start":{"line":1,"column":12},"end":{"line":1,"column":28}},"type":"binary-expr","locations":[{"start":{"line":1,"column":12},"end":{"line":1,"column":28}},{"start":{"line":1,"column":12},"end":{"line":1,"column":28}}]},"1":{"loc":{"start":{"line":5,"column":12},"end":{"line":5,"column":30}},"type":"binary-expr","locations":[{"start":{"line":5,"column":12},"end":{"line":5,"column":30}},{"start":{"line":5,"column":12},"end":{"line":5,"column":30}}]}},"s":{"0":4,"1":4,"2":4},"f":{"0":4,"1":4},"b":{"0":[4,4],"1":[4,4]}}
,"/home/lucasbarque/projects/photolink/photolink-frontend/src/pages/ForgotPassword.tsx": {"path":"/home/lucasbarque/projects/photolink/photolink-frontend/src/pages/ForgotPassword.tsx","statementMap":{"0":{"start":{"line":9,"column":29},"end":{"line":14,"column":null}},"1":{"start":{"line":25,"column":6},"end":{"line":27,"column":null}},"2":{"start":{"line":28,"column":59},"end":{"line":30,"column":null}},"3":{"start":{"line":29,"column":24},"end":{"line":29,"column":null}},"4":{"start":{"line":20,"column":16},"end":{"line":20,"column":null}},"5":{"start":{"line":83,"column":38},"end":{"line":83,"column":36686}},"6":{"start":{"line":83,"column":42},"end":{"line":83,"column":36675}},"7":{"start":{"line":83,"column":36724},"end":{"line":83,"column":36765}},"8":{"start":{"line":83,"column":36728},"end":{"line":83,"column":36753}},"9":{"start":{"line":83,"column":36765},"end":{"line":83,"column":36773}},"10":{"start":{"line":83,"column":36775},"end":{"line":83,"column":36781}},"11":{"start":{"line":83,"column":36817},"end":{"line":83,"column":36860}},"12":{"start":{"line":83,"column":36821},"end":{"line":83,"column":36848}},"13":{"start":{"line":83,"column":36860},"end":{"line":83,"column":36868}},"14":{"start":{"line":83,"column":36870},"end":{"line":83,"column":36876}},"15":{"start":{"line":83,"column":36893},"end":{"line":83,"column":36930}},"16":{"start":{"line":83,"column":36897},"end":{"line":83,"column":36919}},"17":{"start":{"line":83,"column":36932},"end":{"line":83,"column":36938}},"18":{"start":{"line":83,"column":36955},"end":{"line":83,"column":36995}},"19":{"start":{"line":83,"column":36959},"end":{"line":83,"column":36984}},"20":{"start":{"line":83,"column":36997},"end":{"line":83,"column":37003}}},"fnMap":{"0":{"name":"ForgotPassword","decl":{"start":{"line":20,"column":16},"end":{"line":20,"column":null}},"loc":{"start":{"line":20,"column":16},"end":{"line":82,"column":null}}},"1":{"name":"(anonymous_1)","decl":{"start":{"line":28,"column":59},"end":{"line":28,"column":66}},"loc":{"start":{"line":28,"column":66},"end":{"line":30,"column":null}}},"2":{"name":"oo_cm","decl":{"start":{"line":83,"column":30},"end":{"line":83,"column":38}},"loc":{"start":{"line":83,"column":30},"end":{"line":83,"column":36688}}},"3":{"name":"oo_oo","decl":{"start":{"line":83,"column":36697},"end":{"line":83,"column":36703}},"loc":{"start":{"line":83,"column":36722},"end":{"line":83,"column":36775}}},"4":{"name":"oo_tr","decl":{"start":{"line":83,"column":36790},"end":{"line":83,"column":36796}},"loc":{"start":{"line":83,"column":36815},"end":{"line":83,"column":36870}}},"5":{"name":"oo_ts","decl":{"start":{"line":83,"column":36885},"end":{"line":83,"column":36893}},"loc":{"start":{"line":83,"column":36885},"end":{"line":83,"column":36932}}},"6":{"name":"oo_te","decl":{"start":{"line":83,"column":36947},"end":{"line":83,"column":36955}},"loc":{"start":{"line":83,"column":36947},"end":{"line":83,"column":36997}}}},"branchMap":{"0":{"loc":{"start":{"line":83,"column":49},"end":{"line":83,"column":36675}},"type":"binary-expr","locations":[{"start":{"line":83,"column":49},"end":{"line":83,"column":90}},{"start":{"line":83,"column":90},"end":{"line":83,"column":36675}}]}},"s":{"0":4,"1":0,"2":0,"3":0,"4":4,"5":0,"6":0,"7":0,"8":0,"9":0,"10":4,"11":0,"12":0,"13":0,"14":4,"15":0,"16":0,"17":4,"18":0,"19":0,"20":4},"f":{"0":0,"1":0,"2":0,"3":0,"4":0,"5":0,"6":0},"b":{"0":[0,0]}}
,"/home/lucasbarque/projects/photolink/photolink-frontend/src/pages/Galleries.tsx": {"path":"/home/lucasbarque/projects/photolink/photolink-frontend/src/pages/Galleries.tsx","statementMap":{"0":{"start":{"line":19,"column":40},"end":{"line":19,"column":null}},"1":{"start":{"line":20,"column":27},"end":{"line":20,"column":null}},"2":{"start":{"line":21,"column":22},"end":{"line":54,"column":null}},"3":{"start":{"line":71,"column":29},"end":{"line":71,"column":null}},"4":{"start":{"line":18,"column":16},"end":{"line":18,"column":null}}},"fnMap":{"0":{"name":"Galleries","decl":{"start":{"line":18,"column":16},"end":{"line":18,"column":null}},"loc":{"start":{"line":18,"column":16},"end":{"line":91,"column":null}}},"1":{"name":"(anonymous_1)","decl":{"start":{"line":71,"column":23},"end":{"line":71,"column":29}},"loc":{"start":{"line":71,"column":29},"end":{"line":71,"column":null}}}},"branchMap":{"0":{"loc":{"start":{"line":67,"column":11},"end":{"line":67,"column":null}},"type":"binary-expr","locations":[{"start":{"line":67,"column":11},"end":{"line":67,"column":null}}]},"1":{"loc":{"start":{"line":78,"column":11},"end":{"line":78,"column":29}},"type":"binary-expr","locations":[{"start":{"line":78,"column":11},"end":{"line":78,"column":29}}]},"2":{"loc":{"start":{"line":80,"column":11},"end":{"line":80,"column":null}},"type":"binary-expr","locations":[{"start":{"line":80,"column":11},"end":{"line":80,"column":null}}]}},"s":{"0":2,"1":2,"2":2,"3":0,"4":8},"f":{"0":2,"1":0},"b":{"0":[2],"1":[2],"2":[2]}}
,"/home/lucasbarque/projects/photolink/photolink-frontend/src/pages/GalleriesEdit.tsx": {"path":"/home/lucasbarque/projects/photolink/photolink-frontend/src/pages/GalleriesEdit.tsx","statementMap":{"0":{"start":{"line":8,"column":16},"end":{"line":8,"column":null}}},"fnMap":{"0":{"name":"GalleriesEdit","decl":{"start":{"line":8,"column":16},"end":{"line":8,"column":null}},"loc":{"start":{"line":8,"column":16},"end":{"line":102,"column":null}}}},"branchMap":{},"s":{"0":4},"f":{"0":0},"b":{}}
,"/home/lucasbarque/projects/photolink/photolink-frontend/src/pages/Login.tsx": {"path":"/home/lucasbarque/projects/photolink/photolink-frontend/src/pages/Login.tsx","statementMap":{"0":{"start":{"line":13,"column":20},"end":{"line":22,"column":null}},"1":{"start":{"line":34,"column":6},"end":{"line":36,"column":null}},"2":{"start":{"line":37,"column":35},"end":{"line":37,"column":null}},"3":{"start":{"line":39,"column":18},"end":{"line":39,"column":null}},"4":{"start":{"line":41,"column":50},"end":{"line":46,"column":null}},"5":{"start":{"line":45,"column":4},"end":{"line":45,"column":null}},"6":{"start":{"line":29,"column":16},"end":{"line":29,"column":null}}},"fnMap":{"0":{"name":"Login","decl":{"start":{"line":29,"column":16},"end":{"line":29,"column":null}},"loc":{"start":{"line":29,"column":16},"end":{"line":139,"column":null}}},"1":{"name":"(anonymous_1)","decl":{"start":{"line":41,"column":50},"end":{"line":41,"column":57}},"loc":{"start":{"line":44,"column":3},"end":{"line":46,"column":null}}}},"branchMap":{"0":{"loc":{"start":{"line":93,"column":15},"end":{"line":93,"column":null}},"type":"cond-expr","locations":[{"start":{"line":93,"column":25},"end":{"line":93,"column":40}},{"start":{"line":93,"column":40},"end":{"line":93,"column":null}}]}},"s":{"0":4,"1":2,"2":2,"3":2,"4":2,"5":0,"6":4},"f":{"0":2,"1":0},"b":{"0":[0,2]}}
,"/home/lucasbarque/projects/photolink/photolink-frontend/src/pages/PasswordChange.tsx": {"path":"/home/lucasbarque/projects/photolink/photolink-frontend/src/pages/PasswordChange.tsx","statementMap":{"0":{"start":{"line":8,"column":29},"end":{"line":17,"column":null}},"1":{"start":{"line":29,"column":6},"end":{"line":31,"column":null}},"2":{"start":{"line":32,"column":59},"end":{"line":34,"column":null}},"3":{"start":{"line":33,"column":24},"end":{"line":33,"column":null}},"4":{"start":{"line":24,"column":16},"end":{"line":24,"column":null}},"5":{"start":{"line":83,"column":38},"end":{"line":83,"column":36686}},"6":{"start":{"line":83,"column":42},"end":{"line":83,"column":36675}},"7":{"start":{"line":83,"column":36724},"end":{"line":83,"column":36765}},"8":{"start":{"line":83,"column":36728},"end":{"line":83,"column":36753}},"9":{"start":{"line":83,"column":36765},"end":{"line":83,"column":36773}},"10":{"start":{"line":83,"column":36775},"end":{"line":83,"column":36781}},"11":{"start":{"line":83,"column":36817},"end":{"line":83,"column":36860}},"12":{"start":{"line":83,"column":36821},"end":{"line":83,"column":36848}},"13":{"start":{"line":83,"column":36860},"end":{"line":83,"column":36868}},"14":{"start":{"line":83,"column":36870},"end":{"line":83,"column":36876}},"15":{"start":{"line":83,"column":36893},"end":{"line":83,"column":36930}},"16":{"start":{"line":83,"column":36897},"end":{"line":83,"column":36919}},"17":{"start":{"line":83,"column":36932},"end":{"line":83,"column":36938}},"18":{"start":{"line":83,"column":36955},"end":{"line":83,"column":36995}},"19":{"start":{"line":83,"column":36959},"end":{"line":83,"column":36984}},"20":{"start":{"line":83,"column":36997},"end":{"line":83,"column":37003}}},"fnMap":{"0":{"name":"PasswordChange","decl":{"start":{"line":24,"column":16},"end":{"line":24,"column":null}},"loc":{"start":{"line":24,"column":16},"end":{"line":82,"column":null}}},"1":{"name":"(anonymous_1)","decl":{"start":{"line":32,"column":59},"end":{"line":32,"column":66}},"loc":{"start":{"line":32,"column":66},"end":{"line":34,"column":null}}},"2":{"name":"oo_cm","decl":{"start":{"line":83,"column":30},"end":{"line":83,"column":38}},"loc":{"start":{"line":83,"column":30},"end":{"line":83,"column":36688}}},"3":{"name":"oo_oo","decl":{"start":{"line":83,"column":36697},"end":{"line":83,"column":36703}},"loc":{"start":{"line":83,"column":36722},"end":{"line":83,"column":36775}}},"4":{"name":"oo_tr","decl":{"start":{"line":83,"column":36790},"end":{"line":83,"column":36796}},"loc":{"start":{"line":83,"column":36815},"end":{"line":83,"column":36870}}},"5":{"name":"oo_ts","decl":{"start":{"line":83,"column":36885},"end":{"line":83,"column":36893}},"loc":{"start":{"line":83,"column":36885},"end":{"line":83,"column":36932}}},"6":{"name":"oo_te","decl":{"start":{"line":83,"column":36947},"end":{"line":83,"column":36955}},"loc":{"start":{"line":83,"column":36947},"end":{"line":83,"column":36997}}}},"branchMap":{"0":{"loc":{"start":{"line":83,"column":49},"end":{"line":83,"column":36675}},"type":"binary-expr","locations":[{"start":{"line":83,"column":49},"end":{"line":83,"column":90}},{"start":{"line":83,"column":90},"end":{"line":83,"column":36675}}]}},"s":{"0":4,"1":0,"2":0,"3":0,"4":4,"5":0,"6":0,"7":0,"8":0,"9":0,"10":4,"11":0,"12":0,"13":0,"14":4,"15":0,"16":0,"17":4,"18":0,"19":0,"20":4},"f":{"0":0,"1":0,"2":0,"3":0,"4":0,"5":0,"6":0},"b":{"0":[0,0]}}
,"/home/lucasbarque/projects/photolink/photolink-frontend/src/pages/Register.tsx": {"path":"/home/lucasbarque/projects/photolink/photolink-frontend/src/pages/Register.tsx","statementMap":{"0":{"start":{"line":16,"column":23},"end":{"line":34,"column":null}},"1":{"start":{"line":49,"column":6},"end":{"line":51,"column":null}},"2":{"start":{"line":52,"column":37},"end":{"line":52,"column":null}},"3":{"start":{"line":53,"column":21},"end":{"line":53,"column":null}},"4":{"start":{"line":55,"column":53},"end":{"line":61,"column":null}},"5":{"start":{"line":56,"column":21},"end":{"line":56,"column":null}},"6":{"start":{"line":58,"column":4},"end":{"line":60,"column":null}},"7":{"start":{"line":59,"column":6},"end":{"line":59,"column":null}},"8":{"start":{"line":63,"column":18},"end":{"line":63,"column":null}},"9":{"start":{"line":44,"column":16},"end":{"line":44,"column":null}}},"fnMap":{"0":{"name":"Register","decl":{"start":{"line":44,"column":16},"end":{"line":44,"column":null}},"loc":{"start":{"line":44,"column":16},"end":{"line":149,"column":null}}},"1":{"name":"(anonymous_1)","decl":{"start":{"line":55,"column":53},"end":{"line":55,"column":60}},"loc":{"start":{"line":55,"column":60},"end":{"line":61,"column":null}}}},"branchMap":{"0":{"loc":{"start":{"line":58,"column":4},"end":{"line":60,"column":null}},"type":"if","locations":[{"start":{"line":58,"column":4},"end":{"line":60,"column":null}}]}},"s":{"0":4,"1":28,"2":26,"3":26,"4":26,"5":2,"6":2,"7":1,"8":26,"9":4},"f":{"0":28,"1":2},"b":{"0":[1]}}
,"/home/lucasbarque/projects/photolink/photolink-frontend/src/providers/index.tsx": {"path":"/home/lucasbarque/projects/photolink/photolink-frontend/src/providers/index.tsx","statementMap":{"0":{"start":{"line":7,"column":16},"end":{"line":7,"column":26}}},"fnMap":{"0":{"name":"Providers","decl":{"start":{"line":7,"column":16},"end":{"line":7,"column":26}},"loc":{"start":{"line":7,"column":54},"end":{"line":9,"column":null}}}},"branchMap":{},"s":{"0":4},"f":{"0":8},"b":{}}
,"/home/lucasbarque/projects/photolink/photolink-frontend/src/routes/index.tsx": {"path":"/home/lucasbarque/projects/photolink/photolink-frontend/src/routes/index.tsx","statementMap":{"0":{"start":{"line":21,"column":30},"end":{"line":21,"column":null}},"1":{"start":{"line":31,"column":2},"end":{"line":33,"column":null}},"2":{"start":{"line":20,"column":24},"end":{"line":20,"column":null}}},"fnMap":{"0":{"name":"MainRoutes","decl":{"start":{"line":20,"column":24},"end":{"line":20,"column":null}},"loc":{"start":{"line":20,"column":24},"end":{"line":54,"column":null}}},"1":{"name":"ProtectedRoute","decl":{"start":{"line":23,"column":11},"end":{"line":23,"column":null}},"loc":{"start":{"line":23,"column":11},"end":{"line":25,"column":null}}},"2":{"name":"CheckLoggedUser","decl":{"start":{"line":27,"column":11},"end":{"line":27,"column":null}},"loc":{"start":{"line":27,"column":11},"end":{"line":29,"column":null}}},"3":{"name":"(anonymous_3)","decl":{"start":{"line":31,"column":12},"end":{"line":31,"column":null}},"loc":{"start":{"line":31,"column":12},"end":{"line":33,"column":5}}}},"branchMap":{"0":{"loc":{"start":{"line":24,"column":29},"end":{"line":24,"column":43}},"type":"cond-expr","locations":[{"start":{"line":24,"column":29},"end":{"line":24,"column":43}}]},"1":{"loc":{"start":{"line":28,"column":29},"end":{"line":28,"column":61}},"type":"cond-expr","locations":[{"start":{"line":28,"column":29},"end":{"line":28,"column":61}}]},"2":{"loc":{"start":{"line":32,"column":22},"end":{"line":32,"column":54}},"type":"cond-expr","locations":[{"start":{"line":32,"column":22},"end":{"line":32,"column":54}}]}},"s":{"0":22,"1":20,"2":4},"f":{"0":22,"1":2,"2":22,"3":9},"b":{"0":[2],"1":[2],"2":[1]}}
,"/home/lucasbarque/projects/photolink/photolink-frontend/src/utils/mask.ts": {"path":"/home/lucasbarque/projects/photolink/photolink-frontend/src/utils/mask.ts","statementMap":{"0":{"start":{"line":37,"column":4},"end":{"line":39,"column":null}},"1":{"start":{"line":38,"column":6},"end":{"line":38,"column":null}},"2":{"start":{"line":41,"column":22},"end":{"line":57,"column":null}},"3":{"start":{"line":59,"column":4},"end":{"line":59,"column":null}},"4":{"start":{"line":65,"column":4},"end":{"line":65,"column":null}},"5":{"start":{"line":69,"column":4},"end":{"line":71,"column":null}},"6":{"start":{"line":70,"column":6},"end":{"line":70,"column":null}},"7":{"start":{"line":73,"column":20},"end":{"line":88,"column":null}},"8":{"start":{"line":90,"column":4},"end":{"line":90,"column":null}},"9":{"start":{"line":94,"column":4},"end":{"line":96,"column":null}},"10":{"start":{"line":95,"column":6},"end":{"line":95,"column":null}},"11":{"start":{"line":98,"column":21},"end":{"line":109,"column":null}},"12":{"start":{"line":111,"column":4},"end":{"line":111,"column":null}},"13":{"start":{"line":115,"column":4},"end":{"line":115,"column":null}},"14":{"start":{"line":119,"column":17},"end":{"line":129,"column":null}},"15":{"start":{"line":131,"column":4},"end":{"line":131,"column":null}},"16":{"start":{"line":135,"column":4},"end":{"line":137,"column":null}},"17":{"start":{"line":136,"column":6},"end":{"line":136,"column":null}},"18":{"start":{"line":139,"column":36},"end":{"line":139,"column":null}},"19":{"start":{"line":141,"column":28},"end":{"line":153,"column":null}},"20":{"start":{"line":145,"column":27},"end":{"line":147,"column":null}},"21":{"start":{"line":150,"column":19},"end":{"line":150,"column":null}},"22":{"start":{"line":152,"column":6},"end":{"line":152,"column":null}},"23":{"start":{"line":155,"column":24},"end":{"line":155,"column":null}},"24":{"start":{"line":157,"column":22},"end":{"line":157,"column":36}},"25":{"start":{"line":159,"column":23},"end":{"line":159,"column":null}},"26":{"start":{"line":160,"column":26},"end":{"line":160,"column":39}},"27":{"start":{"line":162,"column":24},"end":{"line":164,"column":49}},"28":{"start":{"line":166,"column":38},"end":{"line":166,"column":null}},"29":{"start":{"line":168,"column":21},"end":{"line":171,"column":61}},"30":{"start":{"line":173,"column":20},"end":{"line":179,"column":7}},"31":{"start":{"line":181,"column":4},"end":{"line":181,"column":null}},"32":{"start":{"line":185,"column":4},"end":{"line":187,"column":null}},"33":{"start":{"line":186,"column":6},"end":{"line":186,"column":null}},"34":{"start":{"line":189,"column":24},"end":{"line":189,"column":null}},"35":{"start":{"line":191,"column":4},"end":{"line":197,"column":null}},"36":{"start":{"line":192,"column":6},"end":{"line":196,"column":null}},"37":{"start":{"line":198,"column":4},"end":{"line":202,"column":null}},"38":{"start":{"line":206,"column":4},"end":{"line":208,"column":null}},"39":{"start":{"line":207,"column":6},"end":{"line":207,"column":null}},"40":{"start":{"line":209,"column":17},"end":{"line":228,"column":null}},"41":{"start":{"line":230,"column":4},"end":{"line":230,"column":null}},"42":{"start":{"line":234,"column":4},"end":{"line":234,"column":null}},"43":{"start":{"line":238,"column":4},"end":{"line":240,"column":null}},"44":{"start":{"line":239,"column":6},"end":{"line":239,"column":null}},"45":{"start":{"line":242,"column":21},"end":{"line":242,"column":null}},"46":{"start":{"line":244,"column":4},"end":{"line":246,"column":null}},"47":{"start":{"line":245,"column":6},"end":{"line":245,"column":null}},"48":{"start":{"line":248,"column":4},"end":{"line":248,"column":null}},"49":{"start":{"line":252,"column":4},"end":{"line":252,"column":null}},"50":{"start":{"line":2,"column":2},"end":{"line":34,"column":null}},"51":{"start":{"line":3,"column":23},"end":{"line":3,"column":25}},"52":{"start":{"line":4,"column":19},"end":{"line":4,"column":null}},"53":{"start":{"line":5,"column":19},"end":{"line":5,"column":null}},"54":{"start":{"line":7,"column":4},"end":{"line":31,"column":null}},"55":{"start":{"line":8,"column":6},"end":{"line":30,"column":null}},"56":{"start":{"line":12,"column":28},"end":{"line":12,"column":42}},"57":{"start":{"line":13,"column":8},"end":{"line":29,"column":null}},"58":{"start":{"line":14,"column":10},"end":{"line":14,"column":null}},"59":{"start":{"line":16,"column":10},"end":{"line":16,"column":null}},"60":{"start":{"line":17,"column":15},"end":{"line":29,"column":null}},"61":{"start":{"line":22,"column":10},"end":{"line":22,"column":null}},"62":{"start":{"line":24,"column":10},"end":{"line":24,"column":null}},"63":{"start":{"line":25,"column":10},"end":{"line":25,"column":null}},"64":{"start":{"line":27,"column":10},"end":{"line":27,"column":null}},"65":{"start":{"line":28,"column":10},"end":{"line":28,"column":null}},"66":{"start":{"line":33,"column":4},"end":{"line":33,"column":null}}},"fnMap":{"0":{"name":"(anonymous_1)","decl":{"start":{"line":36,"column":2},"end":{"line":36,"column":9}},"loc":{"start":{"line":36,"column":29},"end":{"line":62,"column":null}}},"1":{"name":"(anonymous_2)","decl":{"start":{"line":64,"column":2},"end":{"line":64,"column":9}},"loc":{"start":{"line":64,"column":31},"end":{"line":66,"column":null}}},"2":{"name":"(anonymous_3)","decl":{"start":{"line":68,"column":2},"end":{"line":68,"column":9}},"loc":{"start":{"line":68,"column":28},"end":{"line":91,"column":null}}},"3":{"name":"(anonymous_4)","decl":{"start":{"line":93,"column":2},"end":{"line":93,"column":9}},"loc":{"start":{"line":93,"column":28},"end":{"line":112,"column":null}}},"4":{"name":"(anonymous_5)","decl":{"start":{"line":114,"column":2},"end":{"line":114,"column":9}},"loc":{"start":{"line":114,"column":32},"end":{"line":116,"column":null}}},"5":{"name":"(anonymous_6)","decl":{"start":{"line":118,"column":2},"end":{"line":118,"column":9}},"loc":{"start":{"line":118,"column":27},"end":{"line":132,"column":null}}},"6":{"name":"(anonymous_7)","decl":{"start":{"line":134,"column":2},"end":{"line":134,"column":9}},"loc":{"start":{"line":134,"column":42},"end":{"line":182,"column":null}}},"7":{"name":"(anonymous_8)","decl":{"start":{"line":141,"column":28},"end":{"line":141,"column":null}},"loc":{"start":{"line":143,"column":6},"end":{"line":153,"column":null}}},"8":{"name":"(anonymous_9)","decl":{"start":{"line":184,"column":2},"end":{"line":184,"column":9}},"loc":{"start":{"line":184,"column":42},"end":{"line":203,"column":null}}},"9":{"name":"(anonymous_10)","decl":{"start":{"line":205,"column":2},"end":{"line":205,"column":9}},"loc":{"start":{"line":205,"column":28},"end":{"line":231,"column":null}}},"10":{"name":"(anonymous_11)","decl":{"start":{"line":233,"column":2},"end":{"line":233,"column":9}},"loc":{"start":{"line":233,"column":38},"end":{"line":235,"column":null}}},"11":{"name":"(anonymous_12)","decl":{"start":{"line":237,"column":2},"end":{"line":237,"column":9}},"loc":{"start":{"line":237,"column":31},"end":{"line":249,"column":null}}},"12":{"name":"(anonymous_13)","decl":{"start":{"line":251,"column":2},"end":{"line":251,"column":9}},"loc":{"start":{"line":251,"column":31},"end":{"line":253,"column":null}}},"13":{"name":"(anonymous_14)","decl":{"start":{"line":2,"column":18},"end":{"line":2,"column":19}},"loc":{"start":{"line":2,"column":33},"end":{"line":34,"column":null}}}},"branchMap":{"0":{"loc":{"start":{"line":37,"column":4},"end":{"line":39,"column":null}},"type":"if","locations":[{"start":{"line":37,"column":4},"end":{"line":39,"column":null}}]},"1":{"loc":{"start":{"line":37,"column":8},"end":{"line":37,"column":36}},"type":"binary-expr","locations":[{"start":{"line":37,"column":8},"end":{"line":37,"column":17}},{"start":{"line":37,"column":17},"end":{"line":37,"column":36}}]},"2":{"loc":{"start":{"line":65,"column":12},"end":{"line":65,"column":38}},"type":"cond-expr","locations":[{"start":{"line":65,"column":19},"end":{"line":65,"column":37}},{"start":{"line":65,"column":37},"end":{"line":65,"column":38}}]},"3":{"loc":{"start":{"line":69,"column":4},"end":{"line":71,"column":null}},"type":"if","locations":[{"start":{"line":69,"column":4},"end":{"line":71,"column":null}}]},"4":{"loc":{"start":{"line":94,"column":4},"end":{"line":96,"column":null}},"type":"if","locations":[{"start":{"line":94,"column":4},"end":{"line":96,"column":null}}]},"5":{"loc":{"start":{"line":135,"column":4},"end":{"line":137,"column":null}},"type":"if","locations":[{"start":{"line":135,"column":4},"end":{"line":137,"column":null}}]},"6":{"loc":{"start":{"line":163,"column":6},"end":{"line":163,"column":null}},"type":"cond-expr","locations":[{"start":{"line":163,"column":22},"end":{"line":163,"column":41}},{"start":{"line":163,"column":44},"end":{"line":163,"column":null}}]},"7":{"loc":{"start":{"line":164,"column":7},"end":{"line":164,"column":48}},"type":"cond-expr","locations":[{"start":{"line":164,"column":23},"end":{"line":164,"column":42}},{"start":{"line":164,"column":45},"end":{"line":164,"column":48}}]},"8":{"loc":{"start":{"line":185,"column":4},"end":{"line":187,"column":null}},"type":"if","locations":[{"start":{"line":185,"column":4},"end":{"line":187,"column":null}}]},"9":{"loc":{"start":{"line":191,"column":4},"end":{"line":197,"column":null}},"type":"if","locations":[{"start":{"line":191,"column":4},"end":{"line":197,"column":null}}]},"10":{"loc":{"start":{"line":206,"column":4},"end":{"line":208,"column":null}},"type":"if","locations":[{"start":{"line":206,"column":4},"end":{"line":208,"column":null}}]},"11":{"loc":{"start":{"line":238,"column":4},"end":{"line":240,"column":null}},"type":"if","locations":[{"start":{"line":238,"column":4},"end":{"line":240,"column":null}}]},"12":{"loc":{"start":{"line":244,"column":4},"end":{"line":246,"column":null}},"type":"if","locations":[{"start":{"line":244,"column":4},"end":{"line":246,"column":null}}]},"13":{"loc":{"start":{"line":244,"column":8},"end":{"line":244,"column":43}},"type":"binary-expr","locations":[{"start":{"line":244,"column":8},"end":{"line":244,"column":20}},{"start":{"line":244,"column":20},"end":{"line":244,"column":43}}]},"14":{"loc":{"start":{"line":7,"column":4},"end":{"line":31,"column":null}},"type":"if","locations":[{"start":{"line":7,"column":4},"end":{"line":31,"column":null}}]},"15":{"loc":{"start":{"line":9,"column":8},"end":{"line":10,"column":null}},"type":"binary-expr","locations":[{"start":{"line":9,"column":8},"end":{"line":9,"column":null}},{"start":{"line":10,"column":9},"end":{"line":10,"column":38}},{"start":{"line":10,"column":38},"end":{"line":10,"column":null}}]},"16":{"loc":{"start":{"line":13,"column":8},"end":{"line":29,"column":null}},"type":"if","locations":[{"start":{"line":13,"column":8},"end":{"line":29,"column":null}},{"start":{"line":17,"column":15},"end":{"line":29,"column":null}}]},"17":{"loc":{"start":{"line":17,"column":15},"end":{"line":29,"column":null}},"type":"if","locations":[{"start":{"line":17,"column":15},"end":{"line":29,"column":null}},{"start":{"line":26,"column":15},"end":{"line":29,"column":null}}]},"18":{"loc":{"start":{"line":18,"column":10},"end":{"line":20,"column":null}},"type":"binary-expr","locations":[{"start":{"line":18,"column":10},"end":{"line":18,"column":null}},{"start":{"line":19,"column":10},"end":{"line":19,"column":null}},{"start":{"line":20,"column":10},"end":{"line":20,"column":null}}]}},"s":{"0":70,"1":20,"2":50,"3":50,"4":50,"5":0,"6":0,"7":0,"8":0,"9":0,"10":0,"11":0,"12":0,"13":0,"14":0,"15":0,"16":0,"17":0,"18":0,"19":0,"20":0,"21":0,"22":0,"23":0,"24":0,"25":0,"26":0,"27":0,"28":0,"29":0,"30":0,"31":0,"32":0,"33":0,"34":0,"35":0,"36":0,"37":0,"38":0,"39":0,"40":0,"41":0,"42":0,"43":0,"44":0,"45":0,"46":0,"47":0,"48":0,"49":0,"50":4,"51":50,"52":50,"53":50,"54":50,"55":50,"56":486,"57":486,"58":156,"59":156,"60":330,"61":330,"62":330,"63":330,"64":0,"65":0,"66":50},"f":{"0":70,"1":50,"2":0,"3":0,"4":0,"5":0,"6":0,"7":0,"8":0,"9":0,"10":0,"11":0,"12":0,"13":50},"b":{"0":[20],"1":[70,50],"2":[50,0],"3":[0],"4":[0],"5":[0],"6":[0,0],"7":[0,0],"8":[0],"9":[0],"10":[0],"11":[0],"12":[0],"13":[0,0],"14":[50],"15":[536,50,0],"16":[156,330],"17":[330,0],"18":[330,330,330]}}
}
