TN:
SF:src/App.tsx
FN:6,App
FNF:1
FNH:1
FNDA:10,App
DA:6,4
LF:1
LH:1
BRF:0
BRH:0
end_of_record
TN:
SF:src/components/Avatar.tsx
FN:1,Avatar
FNF:1
FNH:1
FNDA:2,Avatar
DA:1,4
LF:1
LH:1
BRF:0
BRH:0
end_of_record
TN:
SF:src/components/Button.tsx
FN:16,Button
FNF:1
FNH:1
FNDA:30,Button
DA:16,4
LF:1
LH:1
BRDA:17,0,0,28
BRDA:18,1,0,30
BRDA:20,2,0,2
BRDA:22,3,0,28
BRDA:29,4,0,30
BRDA:29,4,1,28
BRDA:31,5,0,30
BRDA:31,5,1,28
BRDA:32,6,0,30
BRDA:32,6,1,2
BRDA:33,7,0,30
BRDA:33,7,1,0
BRDA:34,8,0,30
BRDA:34,8,1,0
BRDA:36,9,0,30
BRDA:36,9,1,30
BRDA:38,10,0,30
BRDA:38,10,1,0
BRDA:40,11,0,30
BRDA:40,11,1,0
BRDA:42,12,0,30
BRDA:42,12,1,0
BRDA:43,13,0,30
BRDA:43,13,1,0
BRDA:48,14,0,30
BRDA:48,14,1,2
BRDA:50,15,0,30
BRDA:53,16,0,0
BRDA:53,16,1,0
BRDA:54,17,0,0
BRDA:54,17,1,0
BRF:31
BRH:21
end_of_record
TN:
SF:src/components/ButtonIcon.tsx
FN:14,ButtonIcon
FNF:1
FNH:1
FNDA:16,ButtonIcon
DA:14,4
DA:20,16
LF:2
LH:2
BRDA:15,0,0,16
BRDA:16,1,0,0
BRDA:28,2,0,16
BRDA:28,2,1,16
BRDA:30,3,0,16
BRDA:30,3,1,0
BRDA:32,4,0,16
BRDA:32,4,1,16
BRF:8
BRH:6
end_of_record
TN:
SF:src/components/CopyLink.tsx
FN:8,CopyLink
FNF:1
FNH:0
FNDA:0,CopyLink
DA:8,4
LF:1
LH:1
BRF:0
BRH:0
end_of_record
TN:
SF:src/components/DropdownMenu.tsx
FN:12,(anonymous_0)
FNF:1
FNH:1
FNDA:2,(anonymous_0)
DA:12,4
DA:52,4
DA:96,4
DA:97,4
DA:98,4
DA:99,4
LF:6
LH:6
BRDA:75,0,0,2
BRF:1
BRH:1
end_of_record
TN:
SF:src/components/EmptyGallery.tsx
FN:4,EmptyGallery
FNF:1
FNH:0
FNDA:0,EmptyGallery
DA:4,4
LF:1
LH:1
BRF:0
BRH:0
end_of_record
TN:
SF:src/components/FormCreateNewGallery.tsx
FN:21,FormCreateNewGallery
FN:28,(anonymous_1)
FN:33,(anonymous_2)
FN:38,(anonymous_3)
FN:43,(anonymous_4)
FN:60,oo_cm
FN:60,oo_oo
FN:60,oo_tr
FN:60,oo_ts
FN:60,oo_te
FNF:10
FNH:1
FNDA:2,FormCreateNewGallery
FNDA:0,(anonymous_1)
FNDA:0,(anonymous_2)
FNDA:0,(anonymous_3)
FNDA:0,(anonymous_4)
FNDA:0,oo_cm
FNDA:0,oo_oo
FNDA:0,oo_tr
FNDA:0,oo_ts
FNDA:0,oo_te
DA:13,4
DA:21,4
DA:25,2
DA:28,2
DA:29,0
DA:33,0
DA:38,0
DA:43,0
DA:60,4
LF:9
LH:5
BRDA:60,0,0,0
BRDA:60,0,1,0
BRF:2
BRH:0
end_of_record
TN:
SF:src/components/GalleryCard.tsx
FN:15,GalleryCard
FN:30,(anonymous_1)
FNF:2
FNH:1
FNDA:8,GalleryCard
FNDA:0,(anonymous_1)
DA:15,8
DA:16,8
DA:30,0
LF:3
LH:2
BRDA:45,0,0,2
BRDA:45,0,1,6
BRDA:48,1,0,2
BRDA:48,1,1,6
BRF:4
BRH:4
end_of_record
TN:
SF:src/components/Icon.tsx
FN:4,(anonymous_0)
FNF:1
FNH:1
FNDA:20,(anonymous_0)
DA:4,4
DA:5,20
LF:2
LH:2
BRF:0
BRH:0
end_of_record
TN:
SF:src/components/Input.tsx
FN:17,(anonymous_0)
FN:65,(anonymous_2)
FNF:2
FNH:1
FNDA:134,(anonymous_0)
FNDA:0,(anonymous_2)
DA:17,8
DA:26,134
DA:65,0
LF:3
LH:2
BRDA:30,0,0,134
BRDA:43,1,0,102
BRDA:43,1,1,246
BRDA:43,2,0,0
BRDA:43,2,1,102
BRDA:46,3,0,70
BRDA:46,3,1,278
BRDA:60,4,0,134
BRDA:69,5,0,0
BRDA:78,6,0,134
BRF:10
BRH:8
end_of_record
TN:
SF:src/components/Loading.tsx
FN:9,(anonymous_0)
FNF:1
FNH:0
FNDA:0,(anonymous_0)
DA:9,4
DA:14,0
LF:2
LH:1
BRDA:11,0,0,0
BRDA:12,1,0,0
BRF:2
BRH:0
end_of_record
TN:
SF:src/components/MasonryGallery.tsx
FN:16,MasonryGallery
FNF:1
FNH:0
FNDA:0,MasonryGallery
DA:16,4
LF:1
LH:1
BRF:0
BRH:0
end_of_record
TN:
SF:src/components/MasonryItem.tsx
FN:18,MasonryItem
FN:33,(anonymous_1)
FN:53,(anonymous_2)
FNF:3
FNH:0
FNDA:0,MasonryItem
FNDA:0,(anonymous_1)
FNDA:0,(anonymous_2)
DA:18,8
DA:19,0
DA:33,0
DA:53,0
LF:4
LH:1
BRDA:18,0,0,0
BRDA:27,1,0,0
BRDA:27,1,1,0
BRDA:30,2,0,0
BRDA:37,3,0,0
BRF:5
BRH:0
end_of_record
TN:
SF:src/components/MenuItem.tsx
FN:11,MenuItem
FNF:1
FNH:0
FNDA:0,MenuItem
DA:11,4
LF:1
LH:1
BRDA:12,0,0,0
BRDA:20,1,0,0
BRDA:20,1,1,0
BRDA:23,2,0,0
BRF:4
BRH:0
end_of_record
TN:
SF:src/components/Modal.tsx
FNF:0
FNH:0
DA:13,4
DA:127,4
LF:2
LH:2
BRDA:13,0,0,10
BRDA:16,1,0,10
BRDA:48,2,0,0
BRDA:51,3,0,0
BRDA:71,4,0,0
BRDA:83,5,0,0
BRDA:90,6,0,0
BRDA:97,7,0,0
BRDA:110,8,0,0
BRF:9
BRH:2
end_of_record
TN:
SF:src/components/ModalDeleteGallery.tsx
FN:19,ModalDeleteGallery
FN:31,(anonymous_1)
FN:51,(anonymous_2)
FN:56,(anonymous_3)
FN:64,oo_cm
FN:64,oo_oo
FN:64,oo_tr
FN:64,oo_ts
FN:64,oo_te
FNF:9
FNH:1
FNDA:8,ModalDeleteGallery
FNDA:0,(anonymous_1)
FNDA:0,(anonymous_2)
FNDA:0,(anonymous_3)
FNDA:0,oo_cm
FNDA:0,oo_oo
FNDA:0,oo_tr
FNDA:0,oo_ts
FNDA:0,oo_te
DA:19,4
DA:31,0
DA:51,0
DA:56,0
DA:64,4
LF:5
LH:2
BRDA:64,0,0,0
BRDA:64,0,1,0
BRF:2
BRH:0
end_of_record
TN:
SF:src/components/NavButton.tsx
FN:12,(anonymous_0)
FNF:1
FNH:0
FNDA:0,(anonymous_0)
DA:12,4
LF:1
LH:1
BRDA:13,0,0,0
BRDA:14,1,0,0
BRDA:33,2,0,0
BRDA:33,2,1,0
BRDA:36,3,0,0
BRDA:36,3,1,0
BRDA:41,4,0,0
BRDA:52,5,0,0
BRDA:55,6,0,0
BRDA:55,6,1,0
BRDA:60,7,0,0
BRDA:64,8,0,0
BRDA:64,8,1,0
BRDA:68,9,0,0
BRDA:72,10,0,0
BRDA:72,10,1,0
BRF:16
BRH:0
end_of_record
TN:
SF:src/components/StatusBadge.tsx
FN:10,StatusBadge
FNF:1
FNH:1
FNDA:8,StatusBadge
DA:10,4
LF:1
LH:1
BRDA:11,0,0,0
BRDA:12,1,0,8
BRDA:13,2,0,0
BRDA:30,3,0,8
BRDA:30,3,1,6
BRDA:31,4,0,8
BRDA:31,4,1,2
BRDA:32,5,0,8
BRDA:32,5,1,0
BRDA:33,6,0,8
BRDA:33,6,1,0
BRF:11
BRH:7
end_of_record
TN:
SF:src/components/TopBar.tsx
FN:9,TopBar
FNF:1
FNH:1
FNDA:2,TopBar
DA:9,4
DA:10,2
LF:2
LH:2
BRF:0
BRH:0
end_of_record
TN:
SF:src/contexts/AuthContext.tsx
FN:31,(anonymous_0)
FN:42,getUser
FN:50,signIn
FN:85,signOut
FN:91,(anonymous_4)
FNF:5
FNH:4
FNDA:20,(anonymous_0)
FNDA:1,getUser
FNDA:1,signIn
FNDA:0,signOut
FNDA:8,(anonymous_4)
DA:13,4
DA:31,4
DA:32,20
DA:34,20
DA:35,20
DA:36,20
DA:37,20
DA:40,20
DA:43,1
DA:45,1
DA:46,0
DA:51,1
DA:53,1
DA:55,1
DA:57,1
DA:58,1
DA:59,1
DA:60,1
DA:64,1
DA:66,0
DA:67,0
DA:68,0
DA:71,0
DA:72,0
DA:73,0
DA:76,0
DA:80,0
DA:81,0
DA:86,0
DA:87,0
DA:88,0
DA:91,20
DA:92,8
DA:94,8
DA:95,0
DA:98,8
LF:36
LH:22
BRDA:45,0,0,0
BRDA:55,1,0,1
BRDA:55,1,1,0
BRDA:55,1,2,0
BRDA:55,1,3,0
BRDA:94,2,0,0
BRF:6
BRH:1
end_of_record
TN:
SF:src/errors/ErrorBoundary.tsx
FN:7,ErrorBoundary
FN:10,(anonymous_1)
FN:11,(anonymous_2)
FN:16,(anonymous_3)
FNF:4
FNH:3
FNDA:8,ErrorBoundary
FNDA:8,(anonymous_1)
FNDA:0,(anonymous_2)
FNDA:4,(anonymous_3)
DA:7,8
DA:8,8
DA:10,8
DA:11,8
DA:12,0
DA:13,0
DA:15,8
DA:16,8
LF:8
LH:6
BRDA:20,0,0,0
BRF:1
BRH:0
end_of_record
TN:
SF:src/hooks/useAuth.tsx
FN:5,(anonymous_0)
FNF:1
FNH:1
FNDA:52,(anonymous_0)
DA:5,4
DA:6,52
LF:2
LH:2
BRF:0
BRH:0
end_of_record
TN:
SF:src/hooks/useToast.tsx
FN:13,(anonymous_0)
FN:14,(anonymous_1)
FNF:2
FNH:2
FNDA:46,(anonymous_0)
FNDA:1,(anonymous_1)
DA:13,4
DA:14,46
DA:15,1
DA:21,46
LF:4
LH:4
BRDA:14,0,0,0
BRDA:14,1,0,1
BRF:2
BRH:1
end_of_record
TN:
SF:src/hooks/network/useRegister.tsx
FN:12,(anonymous_0)
FN:19,(anonymous_1)
FNF:2
FNH:2
FNDA:26,(anonymous_0)
FNDA:2,(anonymous_1)
DA:12,4
DA:13,26
DA:14,26
DA:15,26
DA:17,26
DA:19,26
DA:20,2
DA:21,2
DA:23,2
DA:25,1
DA:26,1
DA:29,1
DA:30,1
DA:34,1
DA:37,0
DA:38,0
DA:43,0
DA:47,26
LF:18
LH:15
BRDA:23,0,0,1
BRDA:23,0,1,1
BRDA:23,0,2,0
BRF:3
BRH:2
end_of_record
TN:
SF:src/infrastructure/http/client/axios-http-client.ts
FN:23,(anonymous_1)
FN:32,(anonymous_2)
FN:59,(anonymous_3)
FN:19,(anonymous_4)
FNF:4
FNH:4
FNDA:4,(anonymous_1)
FNDA:4,(anonymous_2)
FNDA:4,(anonymous_3)
FNDA:46,(anonymous_4)
DA:9,4
DA:17,46
DA:20,46
DA:24,4
DA:25,4
DA:33,4
DA:34,4
DA:47,2
DA:52,2
DA:60,4
DA:62,4
DA:63,0
DA:65,4
LF:13
LH:12
BRDA:24,0,0,0
BRDA:24,0,1,4
BRDA:28,1,0,4
BRDA:28,1,1,0
BRDA:62,2,0,0
BRDA:62,2,1,4
BRF:6
BRH:3
end_of_record
TN:
SF:src/infrastructure/http/factories/ApiFactory.ts
FN:4,(anonymous_0)
FNF:1
FNH:1
FNDA:46,(anonymous_0)
DA:4,4
DA:5,46
LF:2
LH:2
BRF:0
BRH:0
end_of_record
TN:
SF:src/infrastructure/services/auth/index.ts
FN:12,(anonymous_1)
FN:22,(anonymous_2)
FNF:2
FNH:2
FNDA:1,(anonymous_1)
FNDA:1,(anonymous_2)
DA:10,20
DA:15,1
DA:23,1
LF:3
LH:3
BRF:0
BRH:0
end_of_record
TN:
SF:src/infrastructure/services/register/index.ts
FN:9,(anonymous_1)
FNF:1
FNH:1
FNDA:2,(anonymous_1)
DA:7,26
DA:10,2
LF:2
LH:2
BRF:0
BRH:0
end_of_record
TN:
SF:src/model/http/http-client.ts
FN:20,(anonymous_0)
FNF:1
FNH:1
FNDA:4,(anonymous_0)
DA:20,4
LF:1
LH:1
BRDA:20,0,0,4
BRDA:20,0,1,4
BRF:2
BRH:2
end_of_record
TN:
SF:src/model/loading/states.ts
FN:3,(anonymous_0)
FNF:1
FNH:1
FNDA:4,(anonymous_0)
DA:3,4
LF:1
LH:1
BRDA:3,0,0,4
BRDA:3,0,1,4
BRF:2
BRH:2
end_of_record
TN:
SF:src/model/storage/keys.ts
FN:1,(anonymous_0)
FN:5,(anonymous_1)
FNF:2
FNH:2
FNDA:4,(anonymous_0)
FNDA:4,(anonymous_1)
DA:1,4
DA:5,4
LF:2
LH:2
BRDA:1,0,0,4
BRDA:1,0,1,4
BRDA:5,1,0,4
BRDA:5,1,1,4
BRF:4
BRH:4
end_of_record
TN:
SF:src/pages/ForgotPassword.tsx
FN:20,ForgotPassword
FN:28,(anonymous_1)
FN:83,oo_cm
FN:83,oo_oo
FN:83,oo_tr
FN:83,oo_ts
FN:83,oo_te
FNF:7
FNH:0
FNDA:0,ForgotPassword
FNDA:0,(anonymous_1)
FNDA:0,oo_cm
FNDA:0,oo_oo
FNDA:0,oo_tr
FNDA:0,oo_ts
FNDA:0,oo_te
DA:9,4
DA:20,4
DA:25,0
DA:28,0
DA:29,0
DA:83,4
LF:6
LH:3
BRDA:83,0,0,0
BRDA:83,0,1,0
BRF:2
BRH:0
end_of_record
TN:
SF:src/pages/Galleries.tsx
FN:18,Galleries
FN:71,(anonymous_1)
FNF:2
FNH:1
FNDA:2,Galleries
FNDA:0,(anonymous_1)
DA:18,8
DA:19,2
DA:20,2
DA:21,2
DA:71,0
LF:5
LH:4
BRDA:67,0,0,2
BRDA:78,1,0,2
BRDA:80,2,0,2
BRF:3
BRH:3
end_of_record
TN:
SF:src/pages/GalleriesEdit.tsx
FN:8,GalleriesEdit
FNF:1
FNH:0
FNDA:0,GalleriesEdit
DA:8,4
LF:1
LH:1
BRF:0
BRH:0
end_of_record
TN:
SF:src/pages/Login.tsx
FN:29,Login
FN:41,(anonymous_1)
FNF:2
FNH:1
FNDA:2,Login
FNDA:0,(anonymous_1)
DA:13,4
DA:29,4
DA:34,2
DA:37,2
DA:39,2
DA:41,2
DA:45,0
LF:7
LH:6
BRDA:93,0,0,0
BRDA:93,0,1,2
BRF:2
BRH:1
end_of_record
TN:
SF:src/pages/PasswordChange.tsx
FN:24,PasswordChange
FN:32,(anonymous_1)
FN:83,oo_cm
FN:83,oo_oo
FN:83,oo_tr
FN:83,oo_ts
FN:83,oo_te
FNF:7
FNH:0
FNDA:0,PasswordChange
FNDA:0,(anonymous_1)
FNDA:0,oo_cm
FNDA:0,oo_oo
FNDA:0,oo_tr
FNDA:0,oo_ts
FNDA:0,oo_te
DA:8,4
DA:24,4
DA:29,0
DA:32,0
DA:33,0
DA:83,4
LF:6
LH:3
BRDA:83,0,0,0
BRDA:83,0,1,0
BRF:2
BRH:0
end_of_record
TN:
SF:src/pages/Register.tsx
FN:44,Register
FN:55,(anonymous_1)
FNF:2
FNH:2
FNDA:28,Register
FNDA:2,(anonymous_1)
DA:16,4
DA:44,4
DA:49,28
DA:52,26
DA:53,26
DA:55,26
DA:56,2
DA:58,2
DA:59,1
DA:63,26
LF:10
LH:10
BRDA:58,0,0,1
BRF:1
BRH:1
end_of_record
TN:
SF:src/providers/index.tsx
FN:7,Providers
FNF:1
FNH:1
FNDA:8,Providers
DA:7,4
LF:1
LH:1
BRF:0
BRH:0
end_of_record
TN:
SF:src/routes/index.tsx
FN:20,MainRoutes
FN:23,ProtectedRoute
FN:27,CheckLoggedUser
FN:31,(anonymous_3)
FNF:4
FNH:4
FNDA:22,MainRoutes
FNDA:2,ProtectedRoute
FNDA:22,CheckLoggedUser
FNDA:9,(anonymous_3)
DA:20,4
DA:21,22
DA:31,20
LF:3
LH:3
BRDA:24,0,0,2
BRDA:28,1,0,2
BRDA:32,2,0,1
BRF:3
BRH:3
end_of_record
TN:
SF:src/utils/mask.ts
FN:36,(anonymous_1)
FN:64,(anonymous_2)
FN:68,(anonymous_3)
FN:93,(anonymous_4)
FN:114,(anonymous_5)
FN:118,(anonymous_6)
FN:134,(anonymous_7)
FN:141,(anonymous_8)
FN:184,(anonymous_9)
FN:205,(anonymous_10)
FN:233,(anonymous_11)
FN:237,(anonymous_12)
FN:251,(anonymous_13)
FN:2,(anonymous_14)
FNF:14
FNH:3
FNDA:70,(anonymous_1)
FNDA:50,(anonymous_2)
FNDA:0,(anonymous_3)
FNDA:0,(anonymous_4)
FNDA:0,(anonymous_5)
FNDA:0,(anonymous_6)
FNDA:0,(anonymous_7)
FNDA:0,(anonymous_8)
FNDA:0,(anonymous_9)
FNDA:0,(anonymous_10)
FNDA:0,(anonymous_11)
FNDA:0,(anonymous_12)
FNDA:0,(anonymous_13)
FNDA:50,(anonymous_14)
DA:2,4
DA:3,50
DA:4,50
DA:5,50
DA:7,50
DA:8,50
DA:12,486
DA:13,486
DA:14,156
DA:16,156
DA:17,330
DA:22,330
DA:24,330
DA:25,330
DA:27,0
DA:28,0
DA:33,50
DA:37,70
DA:38,20
DA:41,50
DA:59,50
DA:65,50
DA:69,0
DA:70,0
DA:73,0
DA:90,0
DA:94,0
DA:95,0
DA:98,0
DA:111,0
DA:115,0
DA:119,0
DA:131,0
DA:135,0
DA:136,0
DA:139,0
DA:141,0
DA:145,0
DA:150,0
DA:152,0
DA:155,0
DA:157,0
DA:159,0
DA:160,0
DA:162,0
DA:166,0
DA:168,0
DA:173,0
DA:181,0
DA:185,0
DA:186,0
DA:189,0
DA:191,0
DA:192,0
DA:198,0
DA:206,0
DA:207,0
DA:209,0
DA:230,0
DA:234,0
DA:238,0
DA:239,0
DA:242,0
DA:244,0
DA:245,0
DA:248,0
DA:252,0
LF:67
LH:20
BRDA:37,0,0,20
BRDA:37,1,0,70
BRDA:37,1,1,50
BRDA:65,2,0,50
BRDA:65,2,1,0
BRDA:69,3,0,0
BRDA:94,4,0,0
BRDA:135,5,0,0
BRDA:163,6,0,0
BRDA:163,6,1,0
BRDA:164,7,0,0
BRDA:164,7,1,0
BRDA:185,8,0,0
BRDA:191,9,0,0
BRDA:206,10,0,0
BRDA:238,11,0,0
BRDA:244,12,0,0
BRDA:244,13,0,0
BRDA:244,13,1,0
BRDA:7,14,0,50
BRDA:9,15,0,536
BRDA:9,15,1,50
BRDA:9,15,2,0
BRDA:13,16,0,156
BRDA:13,16,1,330
BRDA:17,17,0,330
BRDA:17,17,1,0
BRDA:18,18,0,330
BRDA:18,18,1,330
BRDA:18,18,2,330
BRF:30
BRH:13
end_of_record
