TN:
SF:src/App.tsx
FN:6,App
FNF:1
FNH:1
FNDA:24,App
DA:6,9
LF:1
LH:1
BRF:0
BRH:0
end_of_record
TN:
SF:src/components/Avatar.tsx
FN:8,Avatar
FNF:1
FNH:0
FNDA:0,Avatar
DA:8,9
DA:9,0
LF:2
LH:1
BRDA:9,0,0,0
BRDA:9,0,1,0
BRF:2
BRH:0
end_of_record
TN:
SF:src/components/Button.tsx
FN:43,Button
FNF:1
FNH:1
FNDA:344,Button
DA:7,9
DA:43,9
LF:2
LH:2
BRDA:50,0,0,16
BRDA:58,1,0,344
BRDA:58,1,1,0
BRDA:60,2,0,344
BRDA:63,3,0,0
BRDA:63,3,1,16
BRDA:64,4,0,0
BRDA:64,4,1,16
BRF:8
BRH:5
end_of_record
TN:
SF:src/components/ButtonIcon.tsx
FN:14,ButtonIcon
FNF:1
FNH:0
FNDA:0,ButtonIcon
DA:14,9
DA:20,0
LF:2
LH:1
BRDA:15,0,0,0
BRDA:16,1,0,0
BRDA:28,2,0,0
BRDA:28,2,1,0
BRDA:30,3,0,0
BRDA:30,3,1,0
BRDA:32,4,0,0
BRDA:32,4,1,0
BRF:8
BRH:0
end_of_record
TN:
SF:src/components/CopyLink.tsx
FN:8,CopyLink
FNF:1
FNH:0
FNDA:0,CopyLink
DA:8,9
LF:1
LH:1
BRF:0
BRH:0
end_of_record
TN:
SF:src/components/DropdownMenu.tsx
FN:12,(anonymous_0)
FNF:1
FNH:0
FNDA:0,(anonymous_0)
DA:12,9
DA:52,9
DA:96,9
DA:97,9
DA:98,9
DA:99,9
LF:6
LH:6
BRDA:75,0,0,0
BRF:1
BRH:0
end_of_record
TN:
SF:src/components/EmptyGallery.tsx
FN:4,EmptyGallery
FNF:1
FNH:0
FNDA:0,EmptyGallery
DA:4,9
LF:1
LH:1
BRF:0
BRH:0
end_of_record
TN:
SF:src/components/FormCreateNewGallery.tsx
FN:28,FormCreateNewGallery
FN:45,(anonymous_1)
FN:56,(anonymous_2)
FN:65,(anonymous_3)
FNF:4
FNH:0
FNDA:0,FormCreateNewGallery
FNDA:0,(anonymous_1)
FNDA:0,(anonymous_2)
FNDA:0,(anonymous_3)
DA:20,9
DA:28,9
DA:36,0
DA:39,0
DA:40,0
DA:41,0
DA:43,0
DA:45,0
DA:46,0
DA:47,0
DA:49,0
DA:50,0
DA:56,0
DA:65,0
LF:14
LH:2
BRDA:46,0,0,0
BRDA:46,1,0,0
BRDA:46,1,1,0
BRDA:49,2,0,0
BRF:4
BRH:0
end_of_record
TN:
SF:src/components/GalleryCard.tsx
FN:17,GalleryCard
FN:44,(anonymous_1)
FNF:2
FNH:0
FNDA:0,GalleryCard
FNDA:0,(anonymous_1)
DA:17,18
DA:24,0
DA:25,0
DA:44,0
LF:4
LH:1
BRDA:25,0,0,0
BRDA:25,0,1,0
BRDA:60,1,0,0
BRDA:60,1,1,0
BRDA:63,2,0,0
BRDA:63,2,1,0
BRF:6
BRH:0
end_of_record
TN:
SF:src/components/Icon.tsx
FN:4,(anonymous_0)
FNF:1
FNH:1
FNDA:12,(anonymous_0)
DA:4,9
DA:5,12
LF:2
LH:2
BRF:0
BRH:0
end_of_record
TN:
SF:src/components/Input.tsx
FN:17,(anonymous_0)
FN:65,(anonymous_2)
FNF:2
FNH:1
FNDA:330,(anonymous_0)
FNDA:0,(anonymous_2)
DA:17,18
DA:26,330
DA:65,0
LF:3
LH:2
BRDA:30,0,0,330
BRDA:43,1,0,30
BRDA:43,1,1,300
BRDA:43,2,0,0
BRDA:43,2,1,30
BRDA:46,3,0,0
BRDA:46,3,1,330
BRDA:60,4,0,330
BRDA:69,5,0,0
BRDA:78,6,0,330
BRF:10
BRH:7
end_of_record
TN:
SF:src/components/Loading.tsx
FN:9,(anonymous_0)
FNF:1
FNH:1
FNDA:16,(anonymous_0)
DA:9,9
DA:14,16
LF:2
LH:2
BRDA:11,0,0,0
BRDA:12,1,0,0
BRF:2
BRH:0
end_of_record
TN:
SF:src/components/MasonryGallery.tsx
FN:16,MasonryGallery
FNF:1
FNH:0
FNDA:0,MasonryGallery
DA:16,9
LF:1
LH:1
BRF:0
BRH:0
end_of_record
TN:
SF:src/components/MasonryItem.tsx
FN:18,MasonryItem
FN:33,(anonymous_1)
FN:53,(anonymous_2)
FNF:3
FNH:0
FNDA:0,MasonryItem
FNDA:0,(anonymous_1)
FNDA:0,(anonymous_2)
DA:18,18
DA:19,0
DA:33,0
DA:53,0
LF:4
LH:1
BRDA:18,0,0,0
BRDA:27,1,0,0
BRDA:27,1,1,0
BRDA:30,2,0,0
BRDA:37,3,0,0
BRF:5
BRH:0
end_of_record
TN:
SF:src/components/MenuItem.tsx
FN:11,MenuItem
FNF:1
FNH:0
FNDA:0,MenuItem
DA:11,9
LF:1
LH:1
BRDA:12,0,0,0
BRDA:20,1,0,0
BRDA:20,1,1,0
BRDA:23,2,0,0
BRF:4
BRH:0
end_of_record
TN:
SF:src/components/Modal.tsx
FNF:0
FNH:0
DA:12,9
DA:112,9
LF:2
LH:2
BRDA:12,0,0,298
BRDA:15,1,0,298
BRDA:36,2,0,12
BRDA:39,3,0,0
BRDA:59,4,0,12
BRDA:71,5,0,12
BRDA:78,6,0,12
BRDA:88,7,0,12
BRDA:98,8,0,12
BRF:9
BRH:8
end_of_record
TN:
SF:src/components/ModalDeleteGallery.tsx
FN:19,ModalDeleteGallery
FN:31,(anonymous_1)
FNF:2
FNH:0
FNDA:0,ModalDeleteGallery
FNDA:0,(anonymous_1)
DA:19,9
DA:31,0
LF:2
LH:1
BRF:0
BRH:0
end_of_record
TN:
SF:src/components/NavButton.tsx
FN:12,(anonymous_0)
FNF:1
FNH:1
FNDA:12,(anonymous_0)
DA:12,9
LF:1
LH:1
BRDA:13,0,0,0
BRDA:14,1,0,12
BRDA:33,2,0,12
BRDA:33,2,1,12
BRDA:36,3,0,12
BRDA:36,3,1,12
BRDA:41,4,0,12
BRDA:52,5,0,12
BRDA:55,6,0,0
BRDA:55,6,1,0
BRDA:60,7,0,12
BRDA:64,8,0,0
BRDA:64,8,1,0
BRDA:68,9,0,12
BRDA:72,10,0,12
BRDA:72,10,1,0
BRF:16
BRH:10
end_of_record
TN:
SF:src/components/StatusBadge.tsx
FN:10,StatusBadge
FNF:1
FNH:0
FNDA:0,StatusBadge
DA:10,9
LF:1
LH:1
BRDA:11,0,0,0
BRDA:12,1,0,0
BRDA:13,2,0,0
BRDA:30,3,0,0
BRDA:30,3,1,0
BRDA:31,4,0,0
BRDA:31,4,1,0
BRDA:32,5,0,0
BRDA:32,5,1,0
BRDA:33,6,0,0
BRDA:33,6,1,0
BRF:11
BRH:0
end_of_record
TN:
SF:src/components/TopBar.tsx
FN:9,TopBar
FNF:1
FNH:0
FNDA:0,TopBar
DA:9,9
DA:10,0
LF:2
LH:1
BRF:0
BRH:0
end_of_record
TN:
SF:src/contexts/AuthContext.tsx
FN:31,(anonymous_0)
FN:42,getSession
FN:52,signIn
FN:65,signOut
FN:71,(anonymous_4)
FN:75,(anonymous_5)
FNF:6
FNH:2
FNDA:36,(anonymous_0)
FNDA:0,getSession
FNDA:0,signIn
FNDA:0,signOut
FNDA:18,(anonymous_4)
FNDA:0,(anonymous_5)
DA:13,9
DA:31,9
DA:32,36
DA:33,36
DA:35,36
DA:36,36
DA:37,36
DA:38,36
DA:43,0
DA:45,0
DA:46,0
DA:48,0
DA:53,0
DA:55,0
DA:56,0
DA:57,0
DA:61,0
DA:66,0
DA:67,0
DA:68,0
DA:71,36
DA:72,18
DA:73,18
DA:74,0
DA:75,0
DA:76,0
DA:79,18
LF:27
LH:12
BRDA:45,0,0,0
BRDA:45,0,1,0
BRDA:55,1,0,0
BRDA:73,2,0,0
BRF:4
BRH:0
end_of_record
TN:
SF:src/errors/ErrorBoundary.tsx
FN:7,ErrorBoundary
FN:10,(anonymous_1)
FN:11,(anonymous_2)
FN:16,(anonymous_3)
FNF:4
FNH:3
FNDA:18,ErrorBoundary
FNDA:18,(anonymous_1)
FNDA:0,(anonymous_2)
FNDA:9,(anonymous_3)
DA:7,18
DA:8,18
DA:10,18
DA:11,18
DA:12,0
DA:13,0
DA:15,18
DA:16,18
LF:8
LH:6
BRDA:20,0,0,0
BRF:1
BRH:0
end_of_record
TN:
SF:src/hooks/useAuth.tsx
FN:5,(anonymous_0)
FNF:1
FNH:1
FNDA:44,(anonymous_0)
DA:5,9
DA:6,44
LF:2
LH:2
BRF:0
BRH:0
end_of_record
TN:
SF:src/hooks/useForgotPassword.tsx
FN:14,(anonymous_0)
FN:22,(anonymous_1)
FN:40,(anonymous_2)
FN:68,(anonymous_3)
FNF:4
FNH:3
FNDA:330,(anonymous_0)
FNDA:5,(anonymous_1)
FNDA:3,(anonymous_2)
FNDA:0,(anonymous_3)
DA:14,9
DA:15,330
DA:16,330
DA:17,330
DA:18,330
DA:20,330
DA:22,330
DA:23,5
DA:24,5
DA:26,3
DA:28,3
DA:29,3
DA:31,0
DA:32,0
DA:36,0
DA:40,330
DA:41,3
DA:42,3
DA:44,3
DA:46,0
DA:47,0
DA:49,2
DA:50,2
DA:52,1
DA:53,1
DA:57,1
DA:59,0
DA:60,0
DA:64,0
DA:68,330
DA:69,0
DA:70,0
DA:72,0
DA:74,0
DA:75,0
DA:79,0
DA:80,0
DA:82,0
DA:83,0
DA:85,0
DA:86,0
DA:90,0
DA:94,330
LF:43
LH:23
BRDA:26,0,0,3
BRDA:26,0,1,0
BRDA:44,1,0,0
BRDA:44,1,1,2
BRDA:44,1,2,1
BRDA:44,1,3,0
BRDA:72,2,0,0
BRDA:72,2,1,0
BRDA:72,2,2,0
BRF:9
BRH:3
end_of_record
TN:
SF:src/hooks/useToast.tsx
FN:13,(anonymous_0)
FN:14,(anonymous_1)
FNF:2
FNH:2
FNDA:664,(anonymous_0)
FNDA:1,(anonymous_1)
DA:13,9
DA:14,664
DA:15,1
DA:21,664
LF:4
LH:4
BRDA:14,0,0,0
BRDA:14,1,0,1
BRF:2
BRH:1
end_of_record
TN:
SF:src/hooks/network/useGallery.tsx
FN:12,(anonymous_0)
FN:19,(anonymous_1)
FN:38,(anonymous_2)
FNF:3
FNH:0
FNDA:0,(anonymous_0)
FNDA:0,(anonymous_1)
FNDA:0,(anonymous_2)
DA:12,9
DA:13,0
DA:14,0
DA:15,0
DA:17,0
DA:19,0
DA:20,0
DA:22,0
DA:24,0
DA:26,0
DA:29,0
DA:33,0
DA:34,0
DA:38,0
DA:39,0
DA:41,0
DA:43,0
DA:45,0
DA:48,0
DA:53,0
DA:54,0
DA:57,0
DA:61,0
DA:62,0
DA:66,0
LF:25
LH:1
BRDA:24,0,0,0
BRDA:24,0,1,0
BRDA:43,1,0,0
BRDA:43,1,1,0
BRDA:43,1,2,0
BRF:5
BRH:0
end_of_record
TN:
SF:src/hooks/network/useRegister.tsx
FN:11,(anonymous_0)
FN:18,(anonymous_1)
FNF:2
FNH:0
FNDA:0,(anonymous_0)
FNDA:0,(anonymous_1)
DA:11,9
DA:12,0
DA:13,0
DA:14,0
DA:16,0
DA:18,0
DA:19,0
DA:20,0
DA:22,0
DA:24,0
DA:25,0
DA:28,0
DA:29,0
DA:33,0
DA:36,0
DA:37,0
DA:42,0
DA:46,0
LF:18
LH:1
BRDA:22,0,0,0
BRDA:22,0,1,0
BRDA:22,0,2,0
BRF:3
BRH:0
end_of_record
TN:
SF:src/hooks/network/useSession.tsx
FN:11,(anonymous_0)
FN:18,(anonymous_1)
FN:47,(anonymous_2)
FNF:3
FNH:1
FNDA:36,(anonymous_0)
FNDA:0,(anonymous_1)
FNDA:0,(anonymous_2)
DA:11,9
DA:12,36
DA:13,36
DA:14,36
DA:16,36
DA:18,36
DA:19,0
DA:21,0
DA:23,0
DA:25,0
DA:28,0
DA:29,0
DA:30,0
DA:33,0
DA:34,0
DA:35,0
DA:38,0
DA:42,0
DA:43,0
DA:47,36
DA:48,0
DA:49,0
DA:51,0
DA:53,0
DA:54,0
DA:57,0
DA:58,0
DA:63,0
DA:72,36
LF:29
LH:8
BRDA:23,0,0,0
BRDA:23,0,1,0
BRDA:23,0,2,0
BRDA:23,0,3,0
BRDA:51,1,0,0
BRDA:51,1,1,0
BRF:6
BRH:0
end_of_record
TN:
SF:src/infrastructure/http/client/axios-http-client.ts
FN:24,(anonymous_1)
FN:33,(anonymous_2)
FN:60,(anonymous_3)
FN:20,(anonymous_4)
FNF:4
FNH:4
FNDA:8,(anonymous_1)
FNDA:8,(anonymous_2)
FNDA:8,(anonymous_3)
FNDA:402,(anonymous_4)
DA:10,9
DA:18,402
DA:21,402
DA:25,8
DA:26,8
DA:34,8
DA:35,8
DA:48,3
DA:53,3
DA:61,8
DA:63,8
DA:64,0
DA:66,8
LF:13
LH:12
BRDA:25,0,0,0
BRDA:25,0,1,8
BRDA:29,1,0,8
BRDA:29,1,1,0
BRDA:63,2,0,0
BRDA:63,2,1,8
BRF:6
BRH:3
end_of_record
TN:
SF:src/infrastructure/http/factories/ApiFactory.ts
FN:5,(anonymous_0)
FNF:1
FNH:1
FNDA:402,(anonymous_0)
DA:5,9
DA:6,402
LF:2
LH:2
BRF:0
BRH:0
end_of_record
TN:
SF:src/infrastructure/services/auth/index.ts
FN:12,(anonymous_1)
FN:22,(anonymous_2)
FNF:2
FNH:0
FNDA:0,(anonymous_1)
FNDA:0,(anonymous_2)
DA:10,72
DA:15,0
DA:23,0
LF:3
LH:1
BRF:0
BRH:0
end_of_record
TN:
SF:src/infrastructure/services/forgotPassword/index.ts
FN:15,(anonymous_1)
FN:25,(anonymous_2)
FN:35,(anonymous_3)
FNF:3
FNH:2
FNDA:5,(anonymous_1)
FNDA:3,(anonymous_2)
FNDA:0,(anonymous_3)
DA:13,330
DA:18,5
DA:28,3
DA:38,0
LF:4
LH:3
BRF:0
BRH:0
end_of_record
TN:
SF:src/infrastructure/services/gallery/index.ts
FN:12,(anonymous_1)
FN:32,(anonymous_2)
FNF:2
FNH:0
FNDA:0,(anonymous_1)
FNDA:0,(anonymous_2)
DA:10,0
DA:17,0
DA:19,0
DA:20,0
DA:22,0
DA:23,0
DA:26,0
DA:33,0
LF:8
LH:0
BRDA:19,0,0,0
BRDA:22,1,0,0
BRF:2
BRH:0
end_of_record
TN:
SF:src/infrastructure/services/register/index.ts
FN:10,(anonymous_1)
FNF:1
FNH:0
FNDA:0,(anonymous_1)
DA:8,0
DA:11,0
LF:2
LH:0
BRF:0
BRH:0
end_of_record
TN:
SF:src/model/http/http-client.ts
FN:20,(anonymous_0)
FNF:1
FNH:1
FNDA:9,(anonymous_0)
DA:20,9
LF:1
LH:1
BRDA:20,0,0,9
BRDA:20,0,1,9
BRF:2
BRH:2
end_of_record
TN:
SF:src/model/loading/states.ts
FN:3,(anonymous_0)
FNF:1
FNH:1
FNDA:9,(anonymous_0)
DA:3,9
LF:1
LH:1
BRDA:3,0,0,9
BRDA:3,0,1,9
BRF:2
BRH:2
end_of_record
TN:
SF:src/model/storage/keys.ts
FN:1,(anonymous_0)
FN:5,(anonymous_1)
FNF:2
FNH:2
FNDA:9,(anonymous_0)
FNDA:9,(anonymous_1)
DA:1,9
DA:5,9
LF:2
LH:2
BRDA:1,0,0,9
BRDA:1,0,1,9
BRDA:5,1,0,9
BRDA:5,1,1,9
BRF:4
BRH:4
end_of_record
TN:
SF:src/pages/ForgotPassword.tsx
FN:28,ForgotPassword
FN:42,(anonymous_1)
FN:53,handleRetrieveSendEmail
FN:66,(anonymous_3)
FN:83,(anonymous_4)
FNF:5
FNH:2
FNDA:303,ForgotPassword
FNDA:5,(anonymous_1)
FNDA:0,handleRetrieveSendEmail
FNDA:0,(anonymous_3)
FNDA:0,(anonymous_4)
DA:17,9
DA:28,9
DA:34,303
DA:37,298
DA:38,298
DA:39,298
DA:40,298
DA:42,298
DA:45,5
DA:47,3
DA:48,3
DA:51,298
DA:54,0
DA:55,0
DA:56,0
DA:57,0
DA:66,0
DA:83,0
LF:18
LH:12
BRDA:47,0,0,3
BRDA:55,1,0,0
BRF:2
BRH:1
end_of_record
TN:
SF:src/pages/Galleries.tsx
FN:15,Galleries
FN:23,(anonymous_1)
FN:24,(anonymous_2)
FN:52,(anonymous_3)
FNF:4
FNH:0
FNDA:0,Galleries
FNDA:0,(anonymous_1)
FNDA:0,(anonymous_2)
FNDA:0,(anonymous_3)
DA:15,9
DA:16,0
DA:17,0
DA:18,0
DA:20,0
DA:21,0
DA:23,0
DA:24,0
DA:25,0
DA:26,0
DA:28,0
DA:29,0
DA:52,0
LF:13
LH:1
BRDA:25,0,0,0
BRDA:25,1,0,0
BRDA:25,1,1,0
BRDA:28,2,0,0
BRDA:47,3,0,0
BRDA:60,4,0,0
BRF:6
BRH:0
end_of_record
TN:
SF:src/pages/GalleriesEdit.tsx
FN:8,GalleriesEdit
FNF:1
FNH:0
FNDA:0,GalleriesEdit
DA:8,9
LF:1
LH:1
BRF:0
BRH:0
end_of_record
TN:
SF:src/pages/Login.tsx
FN:29,Login
FN:41,(anonymous_1)
FNF:2
FNH:1
FNDA:2,Login
FNDA:0,(anonymous_1)
DA:13,9
DA:29,9
DA:34,2
DA:37,2
DA:39,2
DA:41,2
DA:45,0
LF:7
LH:6
BRDA:93,0,0,0
BRDA:93,0,1,2
BRF:2
BRH:1
end_of_record
TN:
SF:src/pages/PasswordChange.tsx
FN:24,PasswordChange
FN:32,(anonymous_1)
FN:83,oo_cm
FN:83,oo_oo
FN:83,oo_tr
FN:83,oo_ts
FN:83,oo_te
FNF:7
FNH:0
FNDA:0,PasswordChange
FNDA:0,(anonymous_1)
FNDA:0,oo_cm
FNDA:0,oo_oo
FNDA:0,oo_tr
FNDA:0,oo_ts
FNDA:0,oo_te
DA:8,9
DA:24,9
DA:29,0
DA:32,0
DA:33,0
DA:83,9
LF:6
LH:3
BRDA:83,0,0,0
BRDA:83,0,1,0
BRF:2
BRH:0
end_of_record
TN:
SF:src/pages/Register.tsx
FN:44,Register
FN:55,(anonymous_1)
FNF:2
FNH:0
FNDA:0,Register
FNDA:0,(anonymous_1)
DA:16,9
DA:44,9
DA:49,0
DA:52,0
DA:53,0
DA:55,0
DA:56,0
DA:58,0
DA:59,0
DA:63,0
LF:10
LH:2
BRDA:58,0,0,0
BRF:1
BRH:0
end_of_record
TN:
SF:src/pages/ResetPassword.tsx
FN:26,ResetPassword
FN:44,(anonymous_1)
FN:55,(anonymous_2)
FN:59,(anonymous_3)
FN:60,(anonymous_4)
FNF:5
FNH:4
FNDA:34,ResetPassword
FNDA:0,(anonymous_1)
FNDA:14,(anonymous_2)
FNDA:17,(anonymous_3)
FNDA:17,(anonymous_4)
DA:15,9
DA:26,9
DA:31,34
DA:35,32
DA:36,32
DA:37,32
DA:39,32
DA:40,32
DA:42,32
DA:44,32
DA:47,0
DA:48,0
DA:55,32
DA:56,14
DA:59,32
DA:60,17
DA:61,17
DA:62,3
DA:63,3
DA:64,3
DA:65,1
DA:67,3
DA:68,2
LF:23
LH:21
BRDA:47,0,0,0
BRDA:61,1,0,14
BRDA:62,2,0,3
BRDA:64,3,0,1
BRDA:67,4,0,2
BRDA:88,5,0,28
BRF:6
BRH:5
end_of_record
TN:
SF:src/providers/index.tsx
FN:7,Providers
FNF:1
FNH:1
FNDA:18,Providers
DA:7,9
LF:1
LH:1
BRF:0
BRH:0
end_of_record
TN:
SF:src/routes/index.tsx
FN:21,MainRoutes
FN:24,ProtectedRoute
FN:28,CheckLoggedUser
FN:32,(anonymous_3)
FNF:4
FNH:3
FNDA:42,MainRoutes
FNDA:0,ProtectedRoute
FNDA:42,CheckLoggedUser
FNDA:18,(anonymous_3)
DA:21,9
DA:22,42
DA:32,36
LF:3
LH:3
BRDA:25,0,0,0
BRDA:29,1,0,0
BRDA:33,2,0,0
BRF:3
BRH:0
end_of_record
TN:
SF:src/utils/mask.ts
FN:36,(anonymous_1)
FN:64,(anonymous_2)
FN:68,(anonymous_3)
FN:93,(anonymous_4)
FN:114,(anonymous_5)
FN:118,(anonymous_6)
FN:134,(anonymous_7)
FN:141,(anonymous_8)
FN:184,(anonymous_9)
FN:205,(anonymous_10)
FN:233,(anonymous_11)
FN:237,(anonymous_12)
FN:251,(anonymous_13)
FN:2,(anonymous_14)
FNF:14
FNH:0
FNDA:0,(anonymous_1)
FNDA:0,(anonymous_2)
FNDA:0,(anonymous_3)
FNDA:0,(anonymous_4)
FNDA:0,(anonymous_5)
FNDA:0,(anonymous_6)
FNDA:0,(anonymous_7)
FNDA:0,(anonymous_8)
FNDA:0,(anonymous_9)
FNDA:0,(anonymous_10)
FNDA:0,(anonymous_11)
FNDA:0,(anonymous_12)
FNDA:0,(anonymous_13)
FNDA:0,(anonymous_14)
DA:2,9
DA:3,0
DA:4,0
DA:5,0
DA:7,0
DA:8,0
DA:12,0
DA:13,0
DA:14,0
DA:16,0
DA:17,0
DA:22,0
DA:24,0
DA:25,0
DA:27,0
DA:28,0
DA:33,0
DA:37,0
DA:38,0
DA:41,0
DA:59,0
DA:65,0
DA:69,0
DA:70,0
DA:73,0
DA:90,0
DA:94,0
DA:95,0
DA:98,0
DA:111,0
DA:115,0
DA:119,0
DA:131,0
DA:135,0
DA:136,0
DA:139,0
DA:141,0
DA:145,0
DA:150,0
DA:152,0
DA:155,0
DA:157,0
DA:159,0
DA:160,0
DA:162,0
DA:166,0
DA:168,0
DA:173,0
DA:181,0
DA:185,0
DA:186,0
DA:189,0
DA:191,0
DA:192,0
DA:198,0
DA:206,0
DA:207,0
DA:209,0
DA:230,0
DA:234,0
DA:238,0
DA:239,0
DA:242,0
DA:244,0
DA:245,0
DA:248,0
DA:252,0
LF:67
LH:1
BRDA:37,0,0,0
BRDA:37,1,0,0
BRDA:37,1,1,0
BRDA:65,2,0,0
BRDA:65,2,1,0
BRDA:69,3,0,0
BRDA:94,4,0,0
BRDA:135,5,0,0
BRDA:163,6,0,0
BRDA:163,6,1,0
BRDA:164,7,0,0
BRDA:164,7,1,0
BRDA:185,8,0,0
BRDA:191,9,0,0
BRDA:206,10,0,0
BRDA:238,11,0,0
BRDA:244,12,0,0
BRDA:244,13,0,0
BRDA:244,13,1,0
BRDA:7,14,0,0
BRDA:9,15,0,0
BRDA:9,15,1,0
BRDA:9,15,2,0
BRDA:13,16,0,0
BRDA:13,16,1,0
BRDA:17,17,0,0
BRDA:17,17,1,0
BRDA:18,18,0,0
BRDA:18,18,1,0
BRDA:18,18,2,0
BRF:30
BRH:0
end_of_record
